<html>
<head>
<title>TestNG:  SwaggerTest</title>
<link href="../testng.css" rel="stylesheet" type="text/css" />
<link href="../my-testng.css" rel="stylesheet" type="text/css" />

<style type="text/css">
.log { display: none;} 
.stack-trace { display: none;} 
</style>
<script type="text/javascript">
<!--
function flip(e) {
  current = e.style.display;
  if (current == 'block') {
    e.style.display = 'none';
    return 0;
  }
  else {
    e.style.display = 'block';
    return 1;
  }
}

function toggleBox(szDivId, elem, msg1, msg2)
{
  var res = -1;  if (document.getElementById) {
    res = flip(document.getElementById(szDivId));
  }
  else if (document.all) {
    // this is the way old msie versions work
    res = flip(document.all[szDivId]);
  }
  if(elem) {
    if(res == 0) elem.innerHTML = msg1; else elem.innerHTML = msg2;
  }

}

function toggleAllBoxes() {
  if (document.getElementsByTagName) {
    d = document.getElementsByTagName('div');
    for (i = 0; i < d.length; i++) {
      if (d[i].className == 'log') {
        flip(d[i]);
      }
    }
  }
}

// -->
</script>

</head>
<body>
<h2 align='center'>SwaggerTest</h2><table border='1' align="center">
<tr>
<td>Tests passed/Failed/Skipped:</td><td>5/16/0</td>
</tr><tr>
<td>Started on:</td><td>Fri Oct 13 13:06:58 EDT 2017</td>
</tr>
<tr><td>Total time:</td><td>1 seconds (1694 ms)</td>
</tr><tr>
<td>Included groups:</td><td></td>
</tr><tr>
<td>Excluded groups:</td><td></td>
</tr>
</table><p/>
<small><i>(Hover the method name to see the test class name)</i></small><p/>
<table width='100%' border='1' class='invocation-failed'>
<tr><td colspan='4' align='center'><b>FAILED TESTS</b></td></tr>
<tr><td><b>Test method</b></td>
<td width="30%"><b>Exception</b></td>
<td width="10%"><b>Time (seconds)</b></td>
<td><b>Instance</b></td>
</tr>
<tr>
<td title='com.ibmwatsonhealth.devopsservices.swaggertestasset.swaggerParserUtility.TestNGTestSuite.executeRestfulTest()'><b>executeRestfulTest</b><br>Test class: com.ibmwatsonhealth.devopsservices.swaggertestasset.swaggerParserUtility.TestNGTestSuite (swaggerTestServiceConfigurationStatus)<br>Parameters: /pet/{petId},post, {hasMandatoryParameterResolved=false, pathParameters={}, external=false, queryParameters={}, response={405=io.swagger.models.Response@ce3cc860}, baseURI=http://petstore.swagger.io/v2, definition={Order=io.swagger.models.ModelImpl@42fe8e87, Category=io.swagger.models.ModelImpl@b616536a, User=io.swagger.models.ModelImpl@47191636, Tag=io.swagger.models.ModelImpl@99c7ebc6, Pet=io.swagger.models.ModelImpl@d9fea4dd, ApiResponse=io.swagger.models.ModelImpl@b94d6109}, skip=false}</td>
<td><div><pre>java.lang.AssertionError: Mandatory Parameters not resolved successfully in Swagger Specification file for path: /pet/{petId} operation: post
	at org.testng.Assert.fail(Assert.java:94)
	at com.ibmwatsonhealth.devopsservices.swaggertestasset.swaggerParserUtility.TestNGTestSuite.executeRestfulTest(TestNGTestSuite.java:205)
	at sun.reflect.NativeMethodAccessorImpl.invoke0(Native Method)
	at sun.reflect.NativeMethodAccessorImpl.invoke(NativeMethodAccessorImpl.java:62)
	at sun.reflect.DelegatingMethodAccessorImpl.invoke(DelegatingMethodAccessorImpl.java:43)
	at java.lang.reflect.Method.invoke(Method.java:498)
	at org.testng.internal.MethodInvocationHelper.invokeMethod(MethodInvocationHelper.java:86)
	at org.testng.internal.Invoker.invokeMethod(Invoker.java:643)
	at org.testng.internal.Invoker.invokeTestMethod(Invoker.java:820)
	at org.testng.internal.Invoker.invokeTestMethods(Invoker.java:1128)
	at org.testng.internal.TestMethodWorker.invokeTestMethods(TestMethodWorker.java:129)
	at org.testng.internal.TestMethodWorker.run(TestMethodWorker.java:112)
	at org.testng.TestRunner.privateRun(TestRunner.java:782)
	at org.testng.TestRunner.run(TestRunner.java:632)
	at org.testng.SuiteRunner.runTest(SuiteRunner.java:366)
	at org.testng.SuiteRunner.runSequentially(SuiteRunner.java:361)
	at org.testng.SuiteRunner.privateRun(SuiteRunner.java:319)
	at org.testng.SuiteRunner.run(SuiteRunner.java:268)
	at org.testng.SuiteRunnerWorker.runSuite(SuiteRunnerWorker.java:52)
	at org.testng.SuiteRunnerWorker.run(SuiteRunnerWorker.java:86)
	at org.testng.TestNG.runSuitesSequentially(TestNG.java:1244)
	at org.testng.TestNG.runSuitesLocally(TestNG.java:1169)
	at org.testng.TestNG.run(TestNG.java:1064)
	at com.ibmwatsonhealth.devopsservices.swaggertestasset.swaggerParserUtility.SwaggerExecutionEngine.executeTestFramework(SwaggerExecutionEngine.java:36)
	at com.ibmwatsonhealth.devopsservices.swaggertestasset.swaggerParserUtility.SwaggerUtility.executeTestFramework(SwaggerUtility.java:2259)
	at com.ibmwatsonhealth.devopsservices.swaggertestasset.swaggerParserUtility.TestController.main(TestController.java:25)
</pre></div><a href='#' onClick='toggleBox("stack-trace16373883", this, "Click to show all stack frames", "Click to hide stack frames")'>Click to show all stack frames</a>
<div class='stack-trace' id='stack-trace16373883'><pre>java.lang.AssertionError: Mandatory Parameters not resolved successfully in Swagger Specification file for path: /pet/{petId} operation: post
	at org.testng.Assert.fail(Assert.java:94)
	at com.ibmwatsonhealth.devopsservices.swaggertestasset.swaggerParserUtility.TestNGTestSuite.executeRestfulTest(TestNGTestSuite.java:205)
	at sun.reflect.NativeMethodAccessorImpl.invoke0(Native Method)
	at sun.reflect.NativeMethodAccessorImpl.invoke(NativeMethodAccessorImpl.java:62)
	at sun.reflect.DelegatingMethodAccessorImpl.invoke(DelegatingMethodAccessorImpl.java:43)
	at java.lang.reflect.Method.invoke(Method.java:498)
	at org.testng.internal.MethodInvocationHelper.invokeMethod(MethodInvocationHelper.java:86)
	at org.testng.internal.Invoker.invokeMethod(Invoker.java:643)
	at org.testng.internal.Invoker.invokeTestMethod(Invoker.java:820)
	at org.testng.internal.Invoker.invokeTestMethods(Invoker.java:1128)
	at org.testng.internal.TestMethodWorker.invokeTestMethods(TestMethodWorker.java:129)
	at org.testng.internal.TestMethodWorker.run(TestMethodWorker.java:112)
	at org.testng.TestRunner.privateRun(TestRunner.java:782)
	at org.testng.TestRunner.run(TestRunner.java:632)
	at org.testng.SuiteRunner.runTest(SuiteRunner.java:366)
	at org.testng.SuiteRunner.runSequentially(SuiteRunner.java:361)
	at org.testng.SuiteRunner.privateRun(SuiteRunner.java:319)
	at org.testng.SuiteRunner.run(SuiteRunner.java:268)
	at org.testng.SuiteRunnerWorker.runSuite(SuiteRunnerWorker.java:52)
	at org.testng.SuiteRunnerWorker.run(SuiteRunnerWorker.java:86)
	at org.testng.TestNG.runSuitesSequentially(TestNG.java:1244)
	at org.testng.TestNG.runSuitesLocally(TestNG.java:1169)
	at org.testng.TestNG.run(TestNG.java:1064)
	at com.ibmwatsonhealth.devopsservices.swaggertestasset.swaggerParserUtility.SwaggerExecutionEngine.executeTestFramework(SwaggerExecutionEngine.java:36)
	at com.ibmwatsonhealth.devopsservices.swaggertestasset.swaggerParserUtility.SwaggerUtility.executeTestFramework(SwaggerUtility.java:2259)
	at com.ibmwatsonhealth.devopsservices.swaggertestasset.swaggerParserUtility.TestController.main(TestController.java:25)
</pre></div></td>
<td>0</td>
<td>com.ibmwatsonhealth.devopsservices.swaggertestasset.swaggerParserUtility.TestNGTestSuite@e73f9ac</td></tr>
<tr>
<td title='com.ibmwatsonhealth.devopsservices.swaggertestasset.swaggerParserUtility.TestNGTestSuite.executeRestfulTest()'><b>executeRestfulTest</b><br>Test class: com.ibmwatsonhealth.devopsservices.swaggertestasset.swaggerParserUtility.TestNGTestSuite (swaggerTestServiceConfigurationStatus)<br>Parameters: /pet/{petId}/uploadImage,post, {hasMandatoryParameterResolved=false, pathParameters={}, external=false, queryParameters={}, response={200=io.swagger.models.Response@107a79cf}, baseURI=http://petstore.swagger.io/v2, definition={Order=io.swagger.models.ModelImpl@42fe8e87, Category=io.swagger.models.ModelImpl@b616536a, User=io.swagger.models.ModelImpl@47191636, Tag=io.swagger.models.ModelImpl@99c7ebc6, Pet=io.swagger.models.ModelImpl@d9fea4dd, ApiResponse=io.swagger.models.ModelImpl@b94d6109}, skip=false}</td>
<td><div><pre>java.lang.AssertionError: Mandatory Parameters not resolved successfully in Swagger Specification file for path: /pet/{petId}/uploadImage operation: post
	at org.testng.Assert.fail(Assert.java:94)
	at com.ibmwatsonhealth.devopsservices.swaggertestasset.swaggerParserUtility.TestNGTestSuite.executeRestfulTest(TestNGTestSuite.java:205)
	at sun.reflect.NativeMethodAccessorImpl.invoke0(Native Method)
	at sun.reflect.NativeMethodAccessorImpl.invoke(NativeMethodAccessorImpl.java:62)
	at sun.reflect.DelegatingMethodAccessorImpl.invoke(DelegatingMethodAccessorImpl.java:43)
	at java.lang.reflect.Method.invoke(Method.java:498)
	at org.testng.internal.MethodInvocationHelper.invokeMethod(MethodInvocationHelper.java:86)
	at org.testng.internal.Invoker.invokeMethod(Invoker.java:643)
	at org.testng.internal.Invoker.invokeTestMethod(Invoker.java:820)
	at org.testng.internal.Invoker.invokeTestMethods(Invoker.java:1128)
	at org.testng.internal.TestMethodWorker.invokeTestMethods(TestMethodWorker.java:129)
	at org.testng.internal.TestMethodWorker.run(TestMethodWorker.java:112)
	at org.testng.TestRunner.privateRun(TestRunner.java:782)
	at org.testng.TestRunner.run(TestRunner.java:632)
	at org.testng.SuiteRunner.runTest(SuiteRunner.java:366)
	at org.testng.SuiteRunner.runSequentially(SuiteRunner.java:361)
	at org.testng.SuiteRunner.privateRun(SuiteRunner.java:319)
	at org.testng.SuiteRunner.run(SuiteRunner.java:268)
	at org.testng.SuiteRunnerWorker.runSuite(SuiteRunnerWorker.java:52)
	at org.testng.SuiteRunnerWorker.run(SuiteRunnerWorker.java:86)
	at org.testng.TestNG.runSuitesSequentially(TestNG.java:1244)
	at org.testng.TestNG.runSuitesLocally(TestNG.java:1169)
	at org.testng.TestNG.run(TestNG.java:1064)
	at com.ibmwatsonhealth.devopsservices.swaggertestasset.swaggerParserUtility.SwaggerExecutionEngine.executeTestFramework(SwaggerExecutionEngine.java:36)
	at com.ibmwatsonhealth.devopsservices.swaggertestasset.swaggerParserUtility.SwaggerUtility.executeTestFramework(SwaggerUtility.java:2259)
	at com.ibmwatsonhealth.devopsservices.swaggertestasset.swaggerParserUtility.TestController.main(TestController.java:25)
</pre></div><a href='#' onClick='toggleBox("stack-trace40875560", this, "Click to show all stack frames", "Click to hide stack frames")'>Click to show all stack frames</a>
<div class='stack-trace' id='stack-trace40875560'><pre>java.lang.AssertionError: Mandatory Parameters not resolved successfully in Swagger Specification file for path: /pet/{petId}/uploadImage operation: post
	at org.testng.Assert.fail(Assert.java:94)
	at com.ibmwatsonhealth.devopsservices.swaggertestasset.swaggerParserUtility.TestNGTestSuite.executeRestfulTest(TestNGTestSuite.java:205)
	at sun.reflect.NativeMethodAccessorImpl.invoke0(Native Method)
	at sun.reflect.NativeMethodAccessorImpl.invoke(NativeMethodAccessorImpl.java:62)
	at sun.reflect.DelegatingMethodAccessorImpl.invoke(DelegatingMethodAccessorImpl.java:43)
	at java.lang.reflect.Method.invoke(Method.java:498)
	at org.testng.internal.MethodInvocationHelper.invokeMethod(MethodInvocationHelper.java:86)
	at org.testng.internal.Invoker.invokeMethod(Invoker.java:643)
	at org.testng.internal.Invoker.invokeTestMethod(Invoker.java:820)
	at org.testng.internal.Invoker.invokeTestMethods(Invoker.java:1128)
	at org.testng.internal.TestMethodWorker.invokeTestMethods(TestMethodWorker.java:129)
	at org.testng.internal.TestMethodWorker.run(TestMethodWorker.java:112)
	at org.testng.TestRunner.privateRun(TestRunner.java:782)
	at org.testng.TestRunner.run(TestRunner.java:632)
	at org.testng.SuiteRunner.runTest(SuiteRunner.java:366)
	at org.testng.SuiteRunner.runSequentially(SuiteRunner.java:361)
	at org.testng.SuiteRunner.privateRun(SuiteRunner.java:319)
	at org.testng.SuiteRunner.run(SuiteRunner.java:268)
	at org.testng.SuiteRunnerWorker.runSuite(SuiteRunnerWorker.java:52)
	at org.testng.SuiteRunnerWorker.run(SuiteRunnerWorker.java:86)
	at org.testng.TestNG.runSuitesSequentially(TestNG.java:1244)
	at org.testng.TestNG.runSuitesLocally(TestNG.java:1169)
	at org.testng.TestNG.run(TestNG.java:1064)
	at com.ibmwatsonhealth.devopsservices.swaggertestasset.swaggerParserUtility.SwaggerExecutionEngine.executeTestFramework(SwaggerExecutionEngine.java:36)
	at com.ibmwatsonhealth.devopsservices.swaggertestasset.swaggerParserUtility.SwaggerUtility.executeTestFramework(SwaggerUtility.java:2259)
	at com.ibmwatsonhealth.devopsservices.swaggertestasset.swaggerParserUtility.TestController.main(TestController.java:25)
</pre></div></td>
<td>0</td>
<td>com.ibmwatsonhealth.devopsservices.swaggertestasset.swaggerParserUtility.TestNGTestSuite@e73f9ac</td></tr>
<tr>
<td title='com.ibmwatsonhealth.devopsservices.swaggertestasset.swaggerParserUtility.TestNGTestSuite.executeRestfulTest()'><b>executeRestfulTest</b><br>Test class: com.ibmwatsonhealth.devopsservices.swaggertestasset.swaggerParserUtility.TestNGTestSuite (swaggerTestServiceConfigurationStatus)<br>Parameters: /store/order,post, {hasMandatoryParameterResolved=true, pathParameters={}, external=false, queryParameters={}, response={200=io.swagger.models.Response@a6f0a32f, 400=io.swagger.models.Response@c899b5c4}, baseURI=http://petstore.swagger.io/v2, definition={Order=io.swagger.models.ModelImpl@42fe8e87, Category=io.swagger.models.ModelImpl@b616536a, User=io.swagger.models.ModelImpl@47191636, Tag=io.swagger.models.ModelImpl@99c7ebc6, Pet=io.swagger.models.ModelImpl@d9fea4dd, ApiResponse=io.swagger.models.ModelImpl@b94d6109}, skip=false, validdata=null}</td>
<td><div><pre>java.lang.AssertionError: DOCUMENTATION FAILURE: Swagger specification is missing data format consumed by request
	at org.testng.Assert.fail(Assert.java:94)
	at com.ibmwatsonhealth.devopsservices.swaggertestasset.swaggerParserUtility.TestNGTestSuite.executeRestfulTest(TestNGTestSuite.java:331)
	at sun.reflect.NativeMethodAccessorImpl.invoke0(Native Method)
	at sun.reflect.NativeMethodAccessorImpl.invoke(NativeMethodAccessorImpl.java:62)
	at sun.reflect.DelegatingMethodAccessorImpl.invoke(DelegatingMethodAccessorImpl.java:43)
	at java.lang.reflect.Method.invoke(Method.java:498)
	at org.testng.internal.MethodInvocationHelper.invokeMethod(MethodInvocationHelper.java:86)
	at org.testng.internal.Invoker.invokeMethod(Invoker.java:643)
	at org.testng.internal.Invoker.invokeTestMethod(Invoker.java:820)
	at org.testng.internal.Invoker.invokeTestMethods(Invoker.java:1128)
	at org.testng.internal.TestMethodWorker.invokeTestMethods(TestMethodWorker.java:129)
	at org.testng.internal.TestMethodWorker.run(TestMethodWorker.java:112)
	at org.testng.TestRunner.privateRun(TestRunner.java:782)
	at org.testng.TestRunner.run(TestRunner.java:632)
	at org.testng.SuiteRunner.runTest(SuiteRunner.java:366)
	at org.testng.SuiteRunner.runSequentially(SuiteRunner.java:361)
	at org.testng.SuiteRunner.privateRun(SuiteRunner.java:319)
	at org.testng.SuiteRunner.run(SuiteRunner.java:268)
	at org.testng.SuiteRunnerWorker.runSuite(SuiteRunnerWorker.java:52)
	at org.testng.SuiteRunnerWorker.run(SuiteRunnerWorker.java:86)
	at org.testng.TestNG.runSuitesSequentially(TestNG.java:1244)
	at org.testng.TestNG.runSuitesLocally(TestNG.java:1169)
	at org.testng.TestNG.run(TestNG.java:1064)
	at com.ibmwatsonhealth.devopsservices.swaggertestasset.swaggerParserUtility.SwaggerExecutionEngine.executeTestFramework(SwaggerExecutionEngine.java:36)
	at com.ibmwatsonhealth.devopsservices.swaggertestasset.swaggerParserUtility.SwaggerUtility.executeTestFramework(SwaggerUtility.java:2259)
	at com.ibmwatsonhealth.devopsservices.swaggertestasset.swaggerParserUtility.TestController.main(TestController.java:25)
</pre></div><a href='#' onClick='toggleBox("stack-trace1251967187", this, "Click to show all stack frames", "Click to hide stack frames")'>Click to show all stack frames</a>
<div class='stack-trace' id='stack-trace1251967187'><pre>java.lang.AssertionError: DOCUMENTATION FAILURE: Swagger specification is missing data format consumed by request
	at org.testng.Assert.fail(Assert.java:94)
	at com.ibmwatsonhealth.devopsservices.swaggertestasset.swaggerParserUtility.TestNGTestSuite.executeRestfulTest(TestNGTestSuite.java:331)
	at sun.reflect.NativeMethodAccessorImpl.invoke0(Native Method)
	at sun.reflect.NativeMethodAccessorImpl.invoke(NativeMethodAccessorImpl.java:62)
	at sun.reflect.DelegatingMethodAccessorImpl.invoke(DelegatingMethodAccessorImpl.java:43)
	at java.lang.reflect.Method.invoke(Method.java:498)
	at org.testng.internal.MethodInvocationHelper.invokeMethod(MethodInvocationHelper.java:86)
	at org.testng.internal.Invoker.invokeMethod(Invoker.java:643)
	at org.testng.internal.Invoker.invokeTestMethod(Invoker.java:820)
	at org.testng.internal.Invoker.invokeTestMethods(Invoker.java:1128)
	at org.testng.internal.TestMethodWorker.invokeTestMethods(TestMethodWorker.java:129)
	at org.testng.internal.TestMethodWorker.run(TestMethodWorker.java:112)
	at org.testng.TestRunner.privateRun(TestRunner.java:782)
	at org.testng.TestRunner.run(TestRunner.java:632)
	at org.testng.SuiteRunner.runTest(SuiteRunner.java:366)
	at org.testng.SuiteRunner.runSequentially(SuiteRunner.java:361)
	at org.testng.SuiteRunner.privateRun(SuiteRunner.java:319)
	at org.testng.SuiteRunner.run(SuiteRunner.java:268)
	at org.testng.SuiteRunnerWorker.runSuite(SuiteRunnerWorker.java:52)
	at org.testng.SuiteRunnerWorker.run(SuiteRunnerWorker.java:86)
	at org.testng.TestNG.runSuitesSequentially(TestNG.java:1244)
	at org.testng.TestNG.runSuitesLocally(TestNG.java:1169)
	at org.testng.TestNG.run(TestNG.java:1064)
	at com.ibmwatsonhealth.devopsservices.swaggertestasset.swaggerParserUtility.SwaggerExecutionEngine.executeTestFramework(SwaggerExecutionEngine.java:36)
	at com.ibmwatsonhealth.devopsservices.swaggertestasset.swaggerParserUtility.SwaggerUtility.executeTestFramework(SwaggerUtility.java:2259)
	at com.ibmwatsonhealth.devopsservices.swaggertestasset.swaggerParserUtility.TestController.main(TestController.java:25)
</pre></div></td>
<td>0</td>
<td>com.ibmwatsonhealth.devopsservices.swaggertestasset.swaggerParserUtility.TestNGTestSuite@e73f9ac</td></tr>
<tr>
<td title='com.ibmwatsonhealth.devopsservices.swaggertestasset.swaggerParserUtility.TestNGTestSuite.executeRestfulTest()'><b>executeRestfulTest</b><br>Test class: com.ibmwatsonhealth.devopsservices.swaggertestasset.swaggerParserUtility.TestNGTestSuite (swaggerTestServiceConfigurationStatus)<br>Parameters: /user,post, {hasMandatoryParameterResolved=true, pathParameters={}, external=false, queryParameters={}, response={default=io.swagger.models.Response@7cd3eb80}, baseURI=http://petstore.swagger.io/v2, definition={Order=io.swagger.models.ModelImpl@42fe8e87, Category=io.swagger.models.ModelImpl@b616536a, User=io.swagger.models.ModelImpl@47191636, Tag=io.swagger.models.ModelImpl@99c7ebc6, Pet=io.swagger.models.ModelImpl@d9fea4dd, ApiResponse=io.swagger.models.ModelImpl@b94d6109}, skip=false, validdata=null}</td>
<td><div><pre>java.lang.AssertionError: DOCUMENTATION FAILURE: Swagger specification is missing data format consumed by request
	at org.testng.Assert.fail(Assert.java:94)
	at com.ibmwatsonhealth.devopsservices.swaggertestasset.swaggerParserUtility.TestNGTestSuite.executeRestfulTest(TestNGTestSuite.java:331)
	at sun.reflect.NativeMethodAccessorImpl.invoke0(Native Method)
	at sun.reflect.NativeMethodAccessorImpl.invoke(NativeMethodAccessorImpl.java:62)
	at sun.reflect.DelegatingMethodAccessorImpl.invoke(DelegatingMethodAccessorImpl.java:43)
	at java.lang.reflect.Method.invoke(Method.java:498)
	at org.testng.internal.MethodInvocationHelper.invokeMethod(MethodInvocationHelper.java:86)
	at org.testng.internal.Invoker.invokeMethod(Invoker.java:643)
	at org.testng.internal.Invoker.invokeTestMethod(Invoker.java:820)
	at org.testng.internal.Invoker.invokeTestMethods(Invoker.java:1128)
	at org.testng.internal.TestMethodWorker.invokeTestMethods(TestMethodWorker.java:129)
	at org.testng.internal.TestMethodWorker.run(TestMethodWorker.java:112)
	at org.testng.TestRunner.privateRun(TestRunner.java:782)
	at org.testng.TestRunner.run(TestRunner.java:632)
	at org.testng.SuiteRunner.runTest(SuiteRunner.java:366)
	at org.testng.SuiteRunner.runSequentially(SuiteRunner.java:361)
	at org.testng.SuiteRunner.privateRun(SuiteRunner.java:319)
	at org.testng.SuiteRunner.run(SuiteRunner.java:268)
	at org.testng.SuiteRunnerWorker.runSuite(SuiteRunnerWorker.java:52)
	at org.testng.SuiteRunnerWorker.run(SuiteRunnerWorker.java:86)
	at org.testng.TestNG.runSuitesSequentially(TestNG.java:1244)
	at org.testng.TestNG.runSuitesLocally(TestNG.java:1169)
	at org.testng.TestNG.run(TestNG.java:1064)
	at com.ibmwatsonhealth.devopsservices.swaggertestasset.swaggerParserUtility.SwaggerExecutionEngine.executeTestFramework(SwaggerExecutionEngine.java:36)
	at com.ibmwatsonhealth.devopsservices.swaggertestasset.swaggerParserUtility.SwaggerUtility.executeTestFramework(SwaggerUtility.java:2259)
	at com.ibmwatsonhealth.devopsservices.swaggertestasset.swaggerParserUtility.TestController.main(TestController.java:25)
</pre></div><a href='#' onClick='toggleBox("stack-trace1523084197", this, "Click to show all stack frames", "Click to hide stack frames")'>Click to show all stack frames</a>
<div class='stack-trace' id='stack-trace1523084197'><pre>java.lang.AssertionError: DOCUMENTATION FAILURE: Swagger specification is missing data format consumed by request
	at org.testng.Assert.fail(Assert.java:94)
	at com.ibmwatsonhealth.devopsservices.swaggertestasset.swaggerParserUtility.TestNGTestSuite.executeRestfulTest(TestNGTestSuite.java:331)
	at sun.reflect.NativeMethodAccessorImpl.invoke0(Native Method)
	at sun.reflect.NativeMethodAccessorImpl.invoke(NativeMethodAccessorImpl.java:62)
	at sun.reflect.DelegatingMethodAccessorImpl.invoke(DelegatingMethodAccessorImpl.java:43)
	at java.lang.reflect.Method.invoke(Method.java:498)
	at org.testng.internal.MethodInvocationHelper.invokeMethod(MethodInvocationHelper.java:86)
	at org.testng.internal.Invoker.invokeMethod(Invoker.java:643)
	at org.testng.internal.Invoker.invokeTestMethod(Invoker.java:820)
	at org.testng.internal.Invoker.invokeTestMethods(Invoker.java:1128)
	at org.testng.internal.TestMethodWorker.invokeTestMethods(TestMethodWorker.java:129)
	at org.testng.internal.TestMethodWorker.run(TestMethodWorker.java:112)
	at org.testng.TestRunner.privateRun(TestRunner.java:782)
	at org.testng.TestRunner.run(TestRunner.java:632)
	at org.testng.SuiteRunner.runTest(SuiteRunner.java:366)
	at org.testng.SuiteRunner.runSequentially(SuiteRunner.java:361)
	at org.testng.SuiteRunner.privateRun(SuiteRunner.java:319)
	at org.testng.SuiteRunner.run(SuiteRunner.java:268)
	at org.testng.SuiteRunnerWorker.runSuite(SuiteRunnerWorker.java:52)
	at org.testng.SuiteRunnerWorker.run(SuiteRunnerWorker.java:86)
	at org.testng.TestNG.runSuitesSequentially(TestNG.java:1244)
	at org.testng.TestNG.runSuitesLocally(TestNG.java:1169)
	at org.testng.TestNG.run(TestNG.java:1064)
	at com.ibmwatsonhealth.devopsservices.swaggertestasset.swaggerParserUtility.SwaggerExecutionEngine.executeTestFramework(SwaggerExecutionEngine.java:36)
	at com.ibmwatsonhealth.devopsservices.swaggertestasset.swaggerParserUtility.SwaggerUtility.executeTestFramework(SwaggerUtility.java:2259)
	at com.ibmwatsonhealth.devopsservices.swaggertestasset.swaggerParserUtility.TestController.main(TestController.java:25)
</pre></div></td>
<td>0</td>
<td>com.ibmwatsonhealth.devopsservices.swaggertestasset.swaggerParserUtility.TestNGTestSuite@e73f9ac</td></tr>
<tr>
<td title='com.ibmwatsonhealth.devopsservices.swaggertestasset.swaggerParserUtility.TestNGTestSuite.executeRestfulTest()'><b>executeRestfulTest</b><br>Test class: com.ibmwatsonhealth.devopsservices.swaggertestasset.swaggerParserUtility.TestNGTestSuite (swaggerTestServiceConfigurationStatus)<br>Parameters: /user/createWithArray,post, {hasMandatoryParameterResolved=true, pathParameters={}, external=false, queryParameters={}, response={default=io.swagger.models.Response@7cd3eb80}, baseURI=http://petstore.swagger.io/v2, definition={Order=io.swagger.models.ModelImpl@42fe8e87, Category=io.swagger.models.ModelImpl@b616536a, User=io.swagger.models.ModelImpl@47191636, Tag=io.swagger.models.ModelImpl@99c7ebc6, Pet=io.swagger.models.ModelImpl@d9fea4dd, ApiResponse=io.swagger.models.ModelImpl@b94d6109}, skip=false, validdata=null}</td>
<td><div><pre>java.lang.AssertionError: DOCUMENTATION FAILURE: Swagger specification is missing data format consumed by request
	at org.testng.Assert.fail(Assert.java:94)
	at com.ibmwatsonhealth.devopsservices.swaggertestasset.swaggerParserUtility.TestNGTestSuite.executeRestfulTest(TestNGTestSuite.java:331)
	at sun.reflect.NativeMethodAccessorImpl.invoke0(Native Method)
	at sun.reflect.NativeMethodAccessorImpl.invoke(NativeMethodAccessorImpl.java:62)
	at sun.reflect.DelegatingMethodAccessorImpl.invoke(DelegatingMethodAccessorImpl.java:43)
	at java.lang.reflect.Method.invoke(Method.java:498)
	at org.testng.internal.MethodInvocationHelper.invokeMethod(MethodInvocationHelper.java:86)
	at org.testng.internal.Invoker.invokeMethod(Invoker.java:643)
	at org.testng.internal.Invoker.invokeTestMethod(Invoker.java:820)
	at org.testng.internal.Invoker.invokeTestMethods(Invoker.java:1128)
	at org.testng.internal.TestMethodWorker.invokeTestMethods(TestMethodWorker.java:129)
	at org.testng.internal.TestMethodWorker.run(TestMethodWorker.java:112)
	at org.testng.TestRunner.privateRun(TestRunner.java:782)
	at org.testng.TestRunner.run(TestRunner.java:632)
	at org.testng.SuiteRunner.runTest(SuiteRunner.java:366)
	at org.testng.SuiteRunner.runSequentially(SuiteRunner.java:361)
	at org.testng.SuiteRunner.privateRun(SuiteRunner.java:319)
	at org.testng.SuiteRunner.run(SuiteRunner.java:268)
	at org.testng.SuiteRunnerWorker.runSuite(SuiteRunnerWorker.java:52)
	at org.testng.SuiteRunnerWorker.run(SuiteRunnerWorker.java:86)
	at org.testng.TestNG.runSuitesSequentially(TestNG.java:1244)
	at org.testng.TestNG.runSuitesLocally(TestNG.java:1169)
	at org.testng.TestNG.run(TestNG.java:1064)
	at com.ibmwatsonhealth.devopsservices.swaggertestasset.swaggerParserUtility.SwaggerExecutionEngine.executeTestFramework(SwaggerExecutionEngine.java:36)
	at com.ibmwatsonhealth.devopsservices.swaggertestasset.swaggerParserUtility.SwaggerUtility.executeTestFramework(SwaggerUtility.java:2259)
	at com.ibmwatsonhealth.devopsservices.swaggertestasset.swaggerParserUtility.TestController.main(TestController.java:25)
</pre></div><a href='#' onClick='toggleBox("stack-trace9844218", this, "Click to show all stack frames", "Click to hide stack frames")'>Click to show all stack frames</a>
<div class='stack-trace' id='stack-trace9844218'><pre>java.lang.AssertionError: DOCUMENTATION FAILURE: Swagger specification is missing data format consumed by request
	at org.testng.Assert.fail(Assert.java:94)
	at com.ibmwatsonhealth.devopsservices.swaggertestasset.swaggerParserUtility.TestNGTestSuite.executeRestfulTest(TestNGTestSuite.java:331)
	at sun.reflect.NativeMethodAccessorImpl.invoke0(Native Method)
	at sun.reflect.NativeMethodAccessorImpl.invoke(NativeMethodAccessorImpl.java:62)
	at sun.reflect.DelegatingMethodAccessorImpl.invoke(DelegatingMethodAccessorImpl.java:43)
	at java.lang.reflect.Method.invoke(Method.java:498)
	at org.testng.internal.MethodInvocationHelper.invokeMethod(MethodInvocationHelper.java:86)
	at org.testng.internal.Invoker.invokeMethod(Invoker.java:643)
	at org.testng.internal.Invoker.invokeTestMethod(Invoker.java:820)
	at org.testng.internal.Invoker.invokeTestMethods(Invoker.java:1128)
	at org.testng.internal.TestMethodWorker.invokeTestMethods(TestMethodWorker.java:129)
	at org.testng.internal.TestMethodWorker.run(TestMethodWorker.java:112)
	at org.testng.TestRunner.privateRun(TestRunner.java:782)
	at org.testng.TestRunner.run(TestRunner.java:632)
	at org.testng.SuiteRunner.runTest(SuiteRunner.java:366)
	at org.testng.SuiteRunner.runSequentially(SuiteRunner.java:361)
	at org.testng.SuiteRunner.privateRun(SuiteRunner.java:319)
	at org.testng.SuiteRunner.run(SuiteRunner.java:268)
	at org.testng.SuiteRunnerWorker.runSuite(SuiteRunnerWorker.java:52)
	at org.testng.SuiteRunnerWorker.run(SuiteRunnerWorker.java:86)
	at org.testng.TestNG.runSuitesSequentially(TestNG.java:1244)
	at org.testng.TestNG.runSuitesLocally(TestNG.java:1169)
	at org.testng.TestNG.run(TestNG.java:1064)
	at com.ibmwatsonhealth.devopsservices.swaggertestasset.swaggerParserUtility.SwaggerExecutionEngine.executeTestFramework(SwaggerExecutionEngine.java:36)
	at com.ibmwatsonhealth.devopsservices.swaggertestasset.swaggerParserUtility.SwaggerUtility.executeTestFramework(SwaggerUtility.java:2259)
	at com.ibmwatsonhealth.devopsservices.swaggertestasset.swaggerParserUtility.TestController.main(TestController.java:25)
</pre></div></td>
<td>0</td>
<td>com.ibmwatsonhealth.devopsservices.swaggertestasset.swaggerParserUtility.TestNGTestSuite@e73f9ac</td></tr>
<tr>
<td title='com.ibmwatsonhealth.devopsservices.swaggertestasset.swaggerParserUtility.TestNGTestSuite.executeRestfulTest()'><b>executeRestfulTest</b><br>Test class: com.ibmwatsonhealth.devopsservices.swaggertestasset.swaggerParserUtility.TestNGTestSuite (swaggerTestServiceConfigurationStatus)<br>Parameters: /user/createWithList,post, {hasMandatoryParameterResolved=true, pathParameters={}, external=false, queryParameters={}, response={default=io.swagger.models.Response@7cd3eb80}, baseURI=http://petstore.swagger.io/v2, definition={Order=io.swagger.models.ModelImpl@42fe8e87, Category=io.swagger.models.ModelImpl@b616536a, User=io.swagger.models.ModelImpl@47191636, Tag=io.swagger.models.ModelImpl@99c7ebc6, Pet=io.swagger.models.ModelImpl@d9fea4dd, ApiResponse=io.swagger.models.ModelImpl@b94d6109}, skip=false, validdata=null}</td>
<td><div><pre>java.lang.AssertionError: DOCUMENTATION FAILURE: Swagger specification is missing data format consumed by request
	at org.testng.Assert.fail(Assert.java:94)
	at com.ibmwatsonhealth.devopsservices.swaggertestasset.swaggerParserUtility.TestNGTestSuite.executeRestfulTest(TestNGTestSuite.java:331)
	at sun.reflect.NativeMethodAccessorImpl.invoke0(Native Method)
	at sun.reflect.NativeMethodAccessorImpl.invoke(NativeMethodAccessorImpl.java:62)
	at sun.reflect.DelegatingMethodAccessorImpl.invoke(DelegatingMethodAccessorImpl.java:43)
	at java.lang.reflect.Method.invoke(Method.java:498)
	at org.testng.internal.MethodInvocationHelper.invokeMethod(MethodInvocationHelper.java:86)
	at org.testng.internal.Invoker.invokeMethod(Invoker.java:643)
	at org.testng.internal.Invoker.invokeTestMethod(Invoker.java:820)
	at org.testng.internal.Invoker.invokeTestMethods(Invoker.java:1128)
	at org.testng.internal.TestMethodWorker.invokeTestMethods(TestMethodWorker.java:129)
	at org.testng.internal.TestMethodWorker.run(TestMethodWorker.java:112)
	at org.testng.TestRunner.privateRun(TestRunner.java:782)
	at org.testng.TestRunner.run(TestRunner.java:632)
	at org.testng.SuiteRunner.runTest(SuiteRunner.java:366)
	at org.testng.SuiteRunner.runSequentially(SuiteRunner.java:361)
	at org.testng.SuiteRunner.privateRun(SuiteRunner.java:319)
	at org.testng.SuiteRunner.run(SuiteRunner.java:268)
	at org.testng.SuiteRunnerWorker.runSuite(SuiteRunnerWorker.java:52)
	at org.testng.SuiteRunnerWorker.run(SuiteRunnerWorker.java:86)
	at org.testng.TestNG.runSuitesSequentially(TestNG.java:1244)
	at org.testng.TestNG.runSuitesLocally(TestNG.java:1169)
	at org.testng.TestNG.run(TestNG.java:1064)
	at com.ibmwatsonhealth.devopsservices.swaggertestasset.swaggerParserUtility.SwaggerExecutionEngine.executeTestFramework(SwaggerExecutionEngine.java:36)
	at com.ibmwatsonhealth.devopsservices.swaggertestasset.swaggerParserUtility.SwaggerUtility.executeTestFramework(SwaggerUtility.java:2259)
	at com.ibmwatsonhealth.devopsservices.swaggertestasset.swaggerParserUtility.TestController.main(TestController.java:25)
</pre></div><a href='#' onClick='toggleBox("stack-trace756080817", this, "Click to show all stack frames", "Click to hide stack frames")'>Click to show all stack frames</a>
<div class='stack-trace' id='stack-trace756080817'><pre>java.lang.AssertionError: DOCUMENTATION FAILURE: Swagger specification is missing data format consumed by request
	at org.testng.Assert.fail(Assert.java:94)
	at com.ibmwatsonhealth.devopsservices.swaggertestasset.swaggerParserUtility.TestNGTestSuite.executeRestfulTest(TestNGTestSuite.java:331)
	at sun.reflect.NativeMethodAccessorImpl.invoke0(Native Method)
	at sun.reflect.NativeMethodAccessorImpl.invoke(NativeMethodAccessorImpl.java:62)
	at sun.reflect.DelegatingMethodAccessorImpl.invoke(DelegatingMethodAccessorImpl.java:43)
	at java.lang.reflect.Method.invoke(Method.java:498)
	at org.testng.internal.MethodInvocationHelper.invokeMethod(MethodInvocationHelper.java:86)
	at org.testng.internal.Invoker.invokeMethod(Invoker.java:643)
	at org.testng.internal.Invoker.invokeTestMethod(Invoker.java:820)
	at org.testng.internal.Invoker.invokeTestMethods(Invoker.java:1128)
	at org.testng.internal.TestMethodWorker.invokeTestMethods(TestMethodWorker.java:129)
	at org.testng.internal.TestMethodWorker.run(TestMethodWorker.java:112)
	at org.testng.TestRunner.privateRun(TestRunner.java:782)
	at org.testng.TestRunner.run(TestRunner.java:632)
	at org.testng.SuiteRunner.runTest(SuiteRunner.java:366)
	at org.testng.SuiteRunner.runSequentially(SuiteRunner.java:361)
	at org.testng.SuiteRunner.privateRun(SuiteRunner.java:319)
	at org.testng.SuiteRunner.run(SuiteRunner.java:268)
	at org.testng.SuiteRunnerWorker.runSuite(SuiteRunnerWorker.java:52)
	at org.testng.SuiteRunnerWorker.run(SuiteRunnerWorker.java:86)
	at org.testng.TestNG.runSuitesSequentially(TestNG.java:1244)
	at org.testng.TestNG.runSuitesLocally(TestNG.java:1169)
	at org.testng.TestNG.run(TestNG.java:1064)
	at com.ibmwatsonhealth.devopsservices.swaggertestasset.swaggerParserUtility.SwaggerExecutionEngine.executeTestFramework(SwaggerExecutionEngine.java:36)
	at com.ibmwatsonhealth.devopsservices.swaggertestasset.swaggerParserUtility.SwaggerUtility.executeTestFramework(SwaggerUtility.java:2259)
	at com.ibmwatsonhealth.devopsservices.swaggertestasset.swaggerParserUtility.TestController.main(TestController.java:25)
</pre></div></td>
<td>0</td>
<td>com.ibmwatsonhealth.devopsservices.swaggertestasset.swaggerParserUtility.TestNGTestSuite@e73f9ac</td></tr>
<tr>
<td title='com.ibmwatsonhealth.devopsservices.swaggertestasset.swaggerParserUtility.TestNGTestSuite.executeRestfulTest()'><b>executeRestfulTest</b><br>Test class: com.ibmwatsonhealth.devopsservices.swaggertestasset.swaggerParserUtility.TestNGTestSuite (swaggerTestServiceConfigurationStatus)<br>Parameters: /user/{username},put, {hasMandatoryParameterResolved=false, pathParameters={}, external=false, queryParameters={}, response={400=io.swagger.models.Response@e3ed0f89, 404=io.swagger.models.Response@9fe75e9f}, baseURI=http://petstore.swagger.io/v2, definition={Order=io.swagger.models.ModelImpl@42fe8e87, Category=io.swagger.models.ModelImpl@b616536a, User=io.swagger.models.ModelImpl@47191636, Tag=io.swagger.models.ModelImpl@99c7ebc6, Pet=io.swagger.models.ModelImpl@d9fea4dd, ApiResponse=io.swagger.models.ModelImpl@b94d6109}, skip=false, validdata=null}</td>
<td><div><pre>java.lang.AssertionError: Mandatory Parameters not resolved successfully in Swagger Specification file for path: /user/{username} operation: put
	at org.testng.Assert.fail(Assert.java:94)
	at com.ibmwatsonhealth.devopsservices.swaggertestasset.swaggerParserUtility.TestNGTestSuite.executeRestfulTest(TestNGTestSuite.java:274)
	at sun.reflect.NativeMethodAccessorImpl.invoke0(Native Method)
	at sun.reflect.NativeMethodAccessorImpl.invoke(NativeMethodAccessorImpl.java:62)
	at sun.reflect.DelegatingMethodAccessorImpl.invoke(DelegatingMethodAccessorImpl.java:43)
	at java.lang.reflect.Method.invoke(Method.java:498)
	at org.testng.internal.MethodInvocationHelper.invokeMethod(MethodInvocationHelper.java:86)
	at org.testng.internal.Invoker.invokeMethod(Invoker.java:643)
	at org.testng.internal.Invoker.invokeTestMethod(Invoker.java:820)
	at org.testng.internal.Invoker.invokeTestMethods(Invoker.java:1128)
	at org.testng.internal.TestMethodWorker.invokeTestMethods(TestMethodWorker.java:129)
	at org.testng.internal.TestMethodWorker.run(TestMethodWorker.java:112)
	at org.testng.TestRunner.privateRun(TestRunner.java:782)
	at org.testng.TestRunner.run(TestRunner.java:632)
	at org.testng.SuiteRunner.runTest(SuiteRunner.java:366)
	at org.testng.SuiteRunner.runSequentially(SuiteRunner.java:361)
	at org.testng.SuiteRunner.privateRun(SuiteRunner.java:319)
	at org.testng.SuiteRunner.run(SuiteRunner.java:268)
	at org.testng.SuiteRunnerWorker.runSuite(SuiteRunnerWorker.java:52)
	at org.testng.SuiteRunnerWorker.run(SuiteRunnerWorker.java:86)
	at org.testng.TestNG.runSuitesSequentially(TestNG.java:1244)
	at org.testng.TestNG.runSuitesLocally(TestNG.java:1169)
	at org.testng.TestNG.run(TestNG.java:1064)
	at com.ibmwatsonhealth.devopsservices.swaggertestasset.swaggerParserUtility.SwaggerExecutionEngine.executeTestFramework(SwaggerExecutionEngine.java:36)
	at com.ibmwatsonhealth.devopsservices.swaggertestasset.swaggerParserUtility.SwaggerUtility.executeTestFramework(SwaggerUtility.java:2259)
	at com.ibmwatsonhealth.devopsservices.swaggertestasset.swaggerParserUtility.TestController.main(TestController.java:25)
</pre></div><a href='#' onClick='toggleBox("stack-trace727860268", this, "Click to show all stack frames", "Click to hide stack frames")'>Click to show all stack frames</a>
<div class='stack-trace' id='stack-trace727860268'><pre>java.lang.AssertionError: Mandatory Parameters not resolved successfully in Swagger Specification file for path: /user/{username} operation: put
	at org.testng.Assert.fail(Assert.java:94)
	at com.ibmwatsonhealth.devopsservices.swaggertestasset.swaggerParserUtility.TestNGTestSuite.executeRestfulTest(TestNGTestSuite.java:274)
	at sun.reflect.NativeMethodAccessorImpl.invoke0(Native Method)
	at sun.reflect.NativeMethodAccessorImpl.invoke(NativeMethodAccessorImpl.java:62)
	at sun.reflect.DelegatingMethodAccessorImpl.invoke(DelegatingMethodAccessorImpl.java:43)
	at java.lang.reflect.Method.invoke(Method.java:498)
	at org.testng.internal.MethodInvocationHelper.invokeMethod(MethodInvocationHelper.java:86)
	at org.testng.internal.Invoker.invokeMethod(Invoker.java:643)
	at org.testng.internal.Invoker.invokeTestMethod(Invoker.java:820)
	at org.testng.internal.Invoker.invokeTestMethods(Invoker.java:1128)
	at org.testng.internal.TestMethodWorker.invokeTestMethods(TestMethodWorker.java:129)
	at org.testng.internal.TestMethodWorker.run(TestMethodWorker.java:112)
	at org.testng.TestRunner.privateRun(TestRunner.java:782)
	at org.testng.TestRunner.run(TestRunner.java:632)
	at org.testng.SuiteRunner.runTest(SuiteRunner.java:366)
	at org.testng.SuiteRunner.runSequentially(SuiteRunner.java:361)
	at org.testng.SuiteRunner.privateRun(SuiteRunner.java:319)
	at org.testng.SuiteRunner.run(SuiteRunner.java:268)
	at org.testng.SuiteRunnerWorker.runSuite(SuiteRunnerWorker.java:52)
	at org.testng.SuiteRunnerWorker.run(SuiteRunnerWorker.java:86)
	at org.testng.TestNG.runSuitesSequentially(TestNG.java:1244)
	at org.testng.TestNG.runSuitesLocally(TestNG.java:1169)
	at org.testng.TestNG.run(TestNG.java:1064)
	at com.ibmwatsonhealth.devopsservices.swaggertestasset.swaggerParserUtility.SwaggerExecutionEngine.executeTestFramework(SwaggerExecutionEngine.java:36)
	at com.ibmwatsonhealth.devopsservices.swaggertestasset.swaggerParserUtility.SwaggerUtility.executeTestFramework(SwaggerUtility.java:2259)
	at com.ibmwatsonhealth.devopsservices.swaggertestasset.swaggerParserUtility.TestController.main(TestController.java:25)
</pre></div></td>
<td>0</td>
<td>com.ibmwatsonhealth.devopsservices.swaggertestasset.swaggerParserUtility.TestNGTestSuite@e73f9ac</td></tr>
<tr>
<td title='com.ibmwatsonhealth.devopsservices.swaggertestasset.swaggerParserUtility.TestNGTestSuite.executeRestfulTest()'><b>executeRestfulTest</b><br>Test class: com.ibmwatsonhealth.devopsservices.swaggertestasset.swaggerParserUtility.TestNGTestSuite (swaggerTestServiceConfigurationStatus)<br>Parameters: /pet/findByStatus,get, {hasMandatoryParameterResolved=false, pathParameters={}, external=false, queryParameters={}, response={200=io.swagger.models.Response@d02f0ac2, 400=io.swagger.models.Response@ef1ab60b}, baseURI=http://petstore.swagger.io/v2, definition={Order=io.swagger.models.ModelImpl@42fe8e87, Category=io.swagger.models.ModelImpl@b616536a, User=io.swagger.models.ModelImpl@47191636, Tag=io.swagger.models.ModelImpl@99c7ebc6, Pet=io.swagger.models.ModelImpl@d9fea4dd, ApiResponse=io.swagger.models.ModelImpl@b94d6109}, skip=false}</td>
<td><div><pre>java.lang.AssertionError: Mandatory Parameters not resolved successfully in Swagger Specification file for path: /pet/findByStatus operation: get
	at org.testng.Assert.fail(Assert.java:94)
	at com.ibmwatsonhealth.devopsservices.swaggertestasset.swaggerParserUtility.TestNGTestSuite.executeRestfulTest(TestNGTestSuite.java:126)
	at sun.reflect.NativeMethodAccessorImpl.invoke0(Native Method)
	at sun.reflect.NativeMethodAccessorImpl.invoke(NativeMethodAccessorImpl.java:62)
	at sun.reflect.DelegatingMethodAccessorImpl.invoke(DelegatingMethodAccessorImpl.java:43)
	at java.lang.reflect.Method.invoke(Method.java:498)
	at org.testng.internal.MethodInvocationHelper.invokeMethod(MethodInvocationHelper.java:86)
	at org.testng.internal.Invoker.invokeMethod(Invoker.java:643)
	at org.testng.internal.Invoker.invokeTestMethod(Invoker.java:820)
	at org.testng.internal.Invoker.invokeTestMethods(Invoker.java:1128)
	at org.testng.internal.TestMethodWorker.invokeTestMethods(TestMethodWorker.java:129)
	at org.testng.internal.TestMethodWorker.run(TestMethodWorker.java:112)
	at org.testng.TestRunner.privateRun(TestRunner.java:782)
	at org.testng.TestRunner.run(TestRunner.java:632)
	at org.testng.SuiteRunner.runTest(SuiteRunner.java:366)
	at org.testng.SuiteRunner.runSequentially(SuiteRunner.java:361)
	at org.testng.SuiteRunner.privateRun(SuiteRunner.java:319)
	at org.testng.SuiteRunner.run(SuiteRunner.java:268)
	at org.testng.SuiteRunnerWorker.runSuite(SuiteRunnerWorker.java:52)
	at org.testng.SuiteRunnerWorker.run(SuiteRunnerWorker.java:86)
	at org.testng.TestNG.runSuitesSequentially(TestNG.java:1244)
	at org.testng.TestNG.runSuitesLocally(TestNG.java:1169)
	at org.testng.TestNG.run(TestNG.java:1064)
	at com.ibmwatsonhealth.devopsservices.swaggertestasset.swaggerParserUtility.SwaggerExecutionEngine.executeTestFramework(SwaggerExecutionEngine.java:36)
	at com.ibmwatsonhealth.devopsservices.swaggertestasset.swaggerParserUtility.SwaggerUtility.executeTestFramework(SwaggerUtility.java:2259)
	at com.ibmwatsonhealth.devopsservices.swaggertestasset.swaggerParserUtility.TestController.main(TestController.java:25)
</pre></div><a href='#' onClick='toggleBox("stack-trace138536309", this, "Click to show all stack frames", "Click to hide stack frames")'>Click to show all stack frames</a>
<div class='stack-trace' id='stack-trace138536309'><pre>java.lang.AssertionError: Mandatory Parameters not resolved successfully in Swagger Specification file for path: /pet/findByStatus operation: get
	at org.testng.Assert.fail(Assert.java:94)
	at com.ibmwatsonhealth.devopsservices.swaggertestasset.swaggerParserUtility.TestNGTestSuite.executeRestfulTest(TestNGTestSuite.java:126)
	at sun.reflect.NativeMethodAccessorImpl.invoke0(Native Method)
	at sun.reflect.NativeMethodAccessorImpl.invoke(NativeMethodAccessorImpl.java:62)
	at sun.reflect.DelegatingMethodAccessorImpl.invoke(DelegatingMethodAccessorImpl.java:43)
	at java.lang.reflect.Method.invoke(Method.java:498)
	at org.testng.internal.MethodInvocationHelper.invokeMethod(MethodInvocationHelper.java:86)
	at org.testng.internal.Invoker.invokeMethod(Invoker.java:643)
	at org.testng.internal.Invoker.invokeTestMethod(Invoker.java:820)
	at org.testng.internal.Invoker.invokeTestMethods(Invoker.java:1128)
	at org.testng.internal.TestMethodWorker.invokeTestMethods(TestMethodWorker.java:129)
	at org.testng.internal.TestMethodWorker.run(TestMethodWorker.java:112)
	at org.testng.TestRunner.privateRun(TestRunner.java:782)
	at org.testng.TestRunner.run(TestRunner.java:632)
	at org.testng.SuiteRunner.runTest(SuiteRunner.java:366)
	at org.testng.SuiteRunner.runSequentially(SuiteRunner.java:361)
	at org.testng.SuiteRunner.privateRun(SuiteRunner.java:319)
	at org.testng.SuiteRunner.run(SuiteRunner.java:268)
	at org.testng.SuiteRunnerWorker.runSuite(SuiteRunnerWorker.java:52)
	at org.testng.SuiteRunnerWorker.run(SuiteRunnerWorker.java:86)
	at org.testng.TestNG.runSuitesSequentially(TestNG.java:1244)
	at org.testng.TestNG.runSuitesLocally(TestNG.java:1169)
	at org.testng.TestNG.run(TestNG.java:1064)
	at com.ibmwatsonhealth.devopsservices.swaggertestasset.swaggerParserUtility.SwaggerExecutionEngine.executeTestFramework(SwaggerExecutionEngine.java:36)
	at com.ibmwatsonhealth.devopsservices.swaggertestasset.swaggerParserUtility.SwaggerUtility.executeTestFramework(SwaggerUtility.java:2259)
	at com.ibmwatsonhealth.devopsservices.swaggertestasset.swaggerParserUtility.TestController.main(TestController.java:25)
</pre></div></td>
<td>0</td>
<td>com.ibmwatsonhealth.devopsservices.swaggertestasset.swaggerParserUtility.TestNGTestSuite@e73f9ac</td></tr>
<tr>
<td title='com.ibmwatsonhealth.devopsservices.swaggertestasset.swaggerParserUtility.TestNGTestSuite.executeRestfulTest()'><b>executeRestfulTest</b><br>Test class: com.ibmwatsonhealth.devopsservices.swaggertestasset.swaggerParserUtility.TestNGTestSuite (swaggerTestServiceConfigurationStatus)<br>Parameters: /pet/findByTags,get, {hasMandatoryParameterResolved=false, pathParameters={}, external=false, queryParameters={}, response={200=io.swagger.models.Response@d02f0ac2, 400=io.swagger.models.Response@8bae2e01}, baseURI=http://petstore.swagger.io/v2, definition={Order=io.swagger.models.ModelImpl@42fe8e87, Category=io.swagger.models.ModelImpl@b616536a, User=io.swagger.models.ModelImpl@47191636, Tag=io.swagger.models.ModelImpl@99c7ebc6, Pet=io.swagger.models.ModelImpl@d9fea4dd, ApiResponse=io.swagger.models.ModelImpl@b94d6109}, skip=false}</td>
<td><div><pre>java.lang.AssertionError: Mandatory Parameters not resolved successfully in Swagger Specification file for path: /pet/findByTags operation: get
	at org.testng.Assert.fail(Assert.java:94)
	at com.ibmwatsonhealth.devopsservices.swaggertestasset.swaggerParserUtility.TestNGTestSuite.executeRestfulTest(TestNGTestSuite.java:126)
	at sun.reflect.NativeMethodAccessorImpl.invoke0(Native Method)
	at sun.reflect.NativeMethodAccessorImpl.invoke(NativeMethodAccessorImpl.java:62)
	at sun.reflect.DelegatingMethodAccessorImpl.invoke(DelegatingMethodAccessorImpl.java:43)
	at java.lang.reflect.Method.invoke(Method.java:498)
	at org.testng.internal.MethodInvocationHelper.invokeMethod(MethodInvocationHelper.java:86)
	at org.testng.internal.Invoker.invokeMethod(Invoker.java:643)
	at org.testng.internal.Invoker.invokeTestMethod(Invoker.java:820)
	at org.testng.internal.Invoker.invokeTestMethods(Invoker.java:1128)
	at org.testng.internal.TestMethodWorker.invokeTestMethods(TestMethodWorker.java:129)
	at org.testng.internal.TestMethodWorker.run(TestMethodWorker.java:112)
	at org.testng.TestRunner.privateRun(TestRunner.java:782)
	at org.testng.TestRunner.run(TestRunner.java:632)
	at org.testng.SuiteRunner.runTest(SuiteRunner.java:366)
	at org.testng.SuiteRunner.runSequentially(SuiteRunner.java:361)
	at org.testng.SuiteRunner.privateRun(SuiteRunner.java:319)
	at org.testng.SuiteRunner.run(SuiteRunner.java:268)
	at org.testng.SuiteRunnerWorker.runSuite(SuiteRunnerWorker.java:52)
	at org.testng.SuiteRunnerWorker.run(SuiteRunnerWorker.java:86)
	at org.testng.TestNG.runSuitesSequentially(TestNG.java:1244)
	at org.testng.TestNG.runSuitesLocally(TestNG.java:1169)
	at org.testng.TestNG.run(TestNG.java:1064)
	at com.ibmwatsonhealth.devopsservices.swaggertestasset.swaggerParserUtility.SwaggerExecutionEngine.executeTestFramework(SwaggerExecutionEngine.java:36)
	at com.ibmwatsonhealth.devopsservices.swaggertestasset.swaggerParserUtility.SwaggerUtility.executeTestFramework(SwaggerUtility.java:2259)
	at com.ibmwatsonhealth.devopsservices.swaggertestasset.swaggerParserUtility.TestController.main(TestController.java:25)
</pre></div><a href='#' onClick='toggleBox("stack-trace509559152", this, "Click to show all stack frames", "Click to hide stack frames")'>Click to show all stack frames</a>
<div class='stack-trace' id='stack-trace509559152'><pre>java.lang.AssertionError: Mandatory Parameters not resolved successfully in Swagger Specification file for path: /pet/findByTags operation: get
	at org.testng.Assert.fail(Assert.java:94)
	at com.ibmwatsonhealth.devopsservices.swaggertestasset.swaggerParserUtility.TestNGTestSuite.executeRestfulTest(TestNGTestSuite.java:126)
	at sun.reflect.NativeMethodAccessorImpl.invoke0(Native Method)
	at sun.reflect.NativeMethodAccessorImpl.invoke(NativeMethodAccessorImpl.java:62)
	at sun.reflect.DelegatingMethodAccessorImpl.invoke(DelegatingMethodAccessorImpl.java:43)
	at java.lang.reflect.Method.invoke(Method.java:498)
	at org.testng.internal.MethodInvocationHelper.invokeMethod(MethodInvocationHelper.java:86)
	at org.testng.internal.Invoker.invokeMethod(Invoker.java:643)
	at org.testng.internal.Invoker.invokeTestMethod(Invoker.java:820)
	at org.testng.internal.Invoker.invokeTestMethods(Invoker.java:1128)
	at org.testng.internal.TestMethodWorker.invokeTestMethods(TestMethodWorker.java:129)
	at org.testng.internal.TestMethodWorker.run(TestMethodWorker.java:112)
	at org.testng.TestRunner.privateRun(TestRunner.java:782)
	at org.testng.TestRunner.run(TestRunner.java:632)
	at org.testng.SuiteRunner.runTest(SuiteRunner.java:366)
	at org.testng.SuiteRunner.runSequentially(SuiteRunner.java:361)
	at org.testng.SuiteRunner.privateRun(SuiteRunner.java:319)
	at org.testng.SuiteRunner.run(SuiteRunner.java:268)
	at org.testng.SuiteRunnerWorker.runSuite(SuiteRunnerWorker.java:52)
	at org.testng.SuiteRunnerWorker.run(SuiteRunnerWorker.java:86)
	at org.testng.TestNG.runSuitesSequentially(TestNG.java:1244)
	at org.testng.TestNG.runSuitesLocally(TestNG.java:1169)
	at org.testng.TestNG.run(TestNG.java:1064)
	at com.ibmwatsonhealth.devopsservices.swaggertestasset.swaggerParserUtility.SwaggerExecutionEngine.executeTestFramework(SwaggerExecutionEngine.java:36)
	at com.ibmwatsonhealth.devopsservices.swaggertestasset.swaggerParserUtility.SwaggerUtility.executeTestFramework(SwaggerUtility.java:2259)
	at com.ibmwatsonhealth.devopsservices.swaggertestasset.swaggerParserUtility.TestController.main(TestController.java:25)
</pre></div></td>
<td>0</td>
<td>com.ibmwatsonhealth.devopsservices.swaggertestasset.swaggerParserUtility.TestNGTestSuite@e73f9ac</td></tr>
<tr>
<td title='com.ibmwatsonhealth.devopsservices.swaggertestasset.swaggerParserUtility.TestNGTestSuite.executeRestfulTest()'><b>executeRestfulTest</b><br>Test class: com.ibmwatsonhealth.devopsservices.swaggertestasset.swaggerParserUtility.TestNGTestSuite (swaggerTestServiceConfigurationStatus)<br>Parameters: /pet/{petId},get, {hasMandatoryParameterResolved=false, pathParameters={}, external=false, queryParameters={}, response={200=io.swagger.models.Response@fcf38a4f, 400=io.swagger.models.Response@87f925f9, 404=io.swagger.models.Response@7f4c4b3}, baseURI=http://petstore.swagger.io/v2, definition={Order=io.swagger.models.ModelImpl@42fe8e87, Category=io.swagger.models.ModelImpl@b616536a, User=io.swagger.models.ModelImpl@47191636, Tag=io.swagger.models.ModelImpl@99c7ebc6, Pet=io.swagger.models.ModelImpl@d9fea4dd, ApiResponse=io.swagger.models.ModelImpl@b94d6109}, skip=false}</td>
<td><div><pre>java.lang.AssertionError: Mandatory Parameters not resolved successfully in Swagger Specification file for path: /pet/{petId} operation: get
	at org.testng.Assert.fail(Assert.java:94)
	at com.ibmwatsonhealth.devopsservices.swaggertestasset.swaggerParserUtility.TestNGTestSuite.executeRestfulTest(TestNGTestSuite.java:126)
	at sun.reflect.NativeMethodAccessorImpl.invoke0(Native Method)
	at sun.reflect.NativeMethodAccessorImpl.invoke(NativeMethodAccessorImpl.java:62)
	at sun.reflect.DelegatingMethodAccessorImpl.invoke(DelegatingMethodAccessorImpl.java:43)
	at java.lang.reflect.Method.invoke(Method.java:498)
	at org.testng.internal.MethodInvocationHelper.invokeMethod(MethodInvocationHelper.java:86)
	at org.testng.internal.Invoker.invokeMethod(Invoker.java:643)
	at org.testng.internal.Invoker.invokeTestMethod(Invoker.java:820)
	at org.testng.internal.Invoker.invokeTestMethods(Invoker.java:1128)
	at org.testng.internal.TestMethodWorker.invokeTestMethods(TestMethodWorker.java:129)
	at org.testng.internal.TestMethodWorker.run(TestMethodWorker.java:112)
	at org.testng.TestRunner.privateRun(TestRunner.java:782)
	at org.testng.TestRunner.run(TestRunner.java:632)
	at org.testng.SuiteRunner.runTest(SuiteRunner.java:366)
	at org.testng.SuiteRunner.runSequentially(SuiteRunner.java:361)
	at org.testng.SuiteRunner.privateRun(SuiteRunner.java:319)
	at org.testng.SuiteRunner.run(SuiteRunner.java:268)
	at org.testng.SuiteRunnerWorker.runSuite(SuiteRunnerWorker.java:52)
	at org.testng.SuiteRunnerWorker.run(SuiteRunnerWorker.java:86)
	at org.testng.TestNG.runSuitesSequentially(TestNG.java:1244)
	at org.testng.TestNG.runSuitesLocally(TestNG.java:1169)
	at org.testng.TestNG.run(TestNG.java:1064)
	at com.ibmwatsonhealth.devopsservices.swaggertestasset.swaggerParserUtility.SwaggerExecutionEngine.executeTestFramework(SwaggerExecutionEngine.java:36)
	at com.ibmwatsonhealth.devopsservices.swaggertestasset.swaggerParserUtility.SwaggerUtility.executeTestFramework(SwaggerUtility.java:2259)
	at com.ibmwatsonhealth.devopsservices.swaggertestasset.swaggerParserUtility.TestController.main(TestController.java:25)
</pre></div><a href='#' onClick='toggleBox("stack-trace1801021153", this, "Click to show all stack frames", "Click to hide stack frames")'>Click to show all stack frames</a>
<div class='stack-trace' id='stack-trace1801021153'><pre>java.lang.AssertionError: Mandatory Parameters not resolved successfully in Swagger Specification file for path: /pet/{petId} operation: get
	at org.testng.Assert.fail(Assert.java:94)
	at com.ibmwatsonhealth.devopsservices.swaggertestasset.swaggerParserUtility.TestNGTestSuite.executeRestfulTest(TestNGTestSuite.java:126)
	at sun.reflect.NativeMethodAccessorImpl.invoke0(Native Method)
	at sun.reflect.NativeMethodAccessorImpl.invoke(NativeMethodAccessorImpl.java:62)
	at sun.reflect.DelegatingMethodAccessorImpl.invoke(DelegatingMethodAccessorImpl.java:43)
	at java.lang.reflect.Method.invoke(Method.java:498)
	at org.testng.internal.MethodInvocationHelper.invokeMethod(MethodInvocationHelper.java:86)
	at org.testng.internal.Invoker.invokeMethod(Invoker.java:643)
	at org.testng.internal.Invoker.invokeTestMethod(Invoker.java:820)
	at org.testng.internal.Invoker.invokeTestMethods(Invoker.java:1128)
	at org.testng.internal.TestMethodWorker.invokeTestMethods(TestMethodWorker.java:129)
	at org.testng.internal.TestMethodWorker.run(TestMethodWorker.java:112)
	at org.testng.TestRunner.privateRun(TestRunner.java:782)
	at org.testng.TestRunner.run(TestRunner.java:632)
	at org.testng.SuiteRunner.runTest(SuiteRunner.java:366)
	at org.testng.SuiteRunner.runSequentially(SuiteRunner.java:361)
	at org.testng.SuiteRunner.privateRun(SuiteRunner.java:319)
	at org.testng.SuiteRunner.run(SuiteRunner.java:268)
	at org.testng.SuiteRunnerWorker.runSuite(SuiteRunnerWorker.java:52)
	at org.testng.SuiteRunnerWorker.run(SuiteRunnerWorker.java:86)
	at org.testng.TestNG.runSuitesSequentially(TestNG.java:1244)
	at org.testng.TestNG.runSuitesLocally(TestNG.java:1169)
	at org.testng.TestNG.run(TestNG.java:1064)
	at com.ibmwatsonhealth.devopsservices.swaggertestasset.swaggerParserUtility.SwaggerExecutionEngine.executeTestFramework(SwaggerExecutionEngine.java:36)
	at com.ibmwatsonhealth.devopsservices.swaggertestasset.swaggerParserUtility.SwaggerUtility.executeTestFramework(SwaggerUtility.java:2259)
	at com.ibmwatsonhealth.devopsservices.swaggertestasset.swaggerParserUtility.TestController.main(TestController.java:25)
</pre></div></td>
<td>0</td>
<td>com.ibmwatsonhealth.devopsservices.swaggertestasset.swaggerParserUtility.TestNGTestSuite@e73f9ac</td></tr>
<tr>
<td title='com.ibmwatsonhealth.devopsservices.swaggertestasset.swaggerParserUtility.TestNGTestSuite.executeRestfulTest()'><b>executeRestfulTest</b><br>Test class: com.ibmwatsonhealth.devopsservices.swaggertestasset.swaggerParserUtility.TestNGTestSuite (swaggerTestServiceConfigurationStatus)<br>Parameters: /store/order/{orderId},get, {hasMandatoryParameterResolved=false, pathParameters={}, external=false, queryParameters={}, response={200=io.swagger.models.Response@a6f0a32f, 400=io.swagger.models.Response@87f925f9, 404=io.swagger.models.Response@a20e24a2}, baseURI=http://petstore.swagger.io/v2, definition={Order=io.swagger.models.ModelImpl@42fe8e87, Category=io.swagger.models.ModelImpl@b616536a, User=io.swagger.models.ModelImpl@47191636, Tag=io.swagger.models.ModelImpl@99c7ebc6, Pet=io.swagger.models.ModelImpl@d9fea4dd, ApiResponse=io.swagger.models.ModelImpl@b94d6109}, skip=false}</td>
<td><div><pre>java.lang.AssertionError: Mandatory Parameters not resolved successfully in Swagger Specification file for path: /store/order/{orderId} operation: get
	at org.testng.Assert.fail(Assert.java:94)
	at com.ibmwatsonhealth.devopsservices.swaggertestasset.swaggerParserUtility.TestNGTestSuite.executeRestfulTest(TestNGTestSuite.java:126)
	at sun.reflect.NativeMethodAccessorImpl.invoke0(Native Method)
	at sun.reflect.NativeMethodAccessorImpl.invoke(NativeMethodAccessorImpl.java:62)
	at sun.reflect.DelegatingMethodAccessorImpl.invoke(DelegatingMethodAccessorImpl.java:43)
	at java.lang.reflect.Method.invoke(Method.java:498)
	at org.testng.internal.MethodInvocationHelper.invokeMethod(MethodInvocationHelper.java:86)
	at org.testng.internal.Invoker.invokeMethod(Invoker.java:643)
	at org.testng.internal.Invoker.invokeTestMethod(Invoker.java:820)
	at org.testng.internal.Invoker.invokeTestMethods(Invoker.java:1128)
	at org.testng.internal.TestMethodWorker.invokeTestMethods(TestMethodWorker.java:129)
	at org.testng.internal.TestMethodWorker.run(TestMethodWorker.java:112)
	at org.testng.TestRunner.privateRun(TestRunner.java:782)
	at org.testng.TestRunner.run(TestRunner.java:632)
	at org.testng.SuiteRunner.runTest(SuiteRunner.java:366)
	at org.testng.SuiteRunner.runSequentially(SuiteRunner.java:361)
	at org.testng.SuiteRunner.privateRun(SuiteRunner.java:319)
	at org.testng.SuiteRunner.run(SuiteRunner.java:268)
	at org.testng.SuiteRunnerWorker.runSuite(SuiteRunnerWorker.java:52)
	at org.testng.SuiteRunnerWorker.run(SuiteRunnerWorker.java:86)
	at org.testng.TestNG.runSuitesSequentially(TestNG.java:1244)
	at org.testng.TestNG.runSuitesLocally(TestNG.java:1169)
	at org.testng.TestNG.run(TestNG.java:1064)
	at com.ibmwatsonhealth.devopsservices.swaggertestasset.swaggerParserUtility.SwaggerExecutionEngine.executeTestFramework(SwaggerExecutionEngine.java:36)
	at com.ibmwatsonhealth.devopsservices.swaggertestasset.swaggerParserUtility.SwaggerUtility.executeTestFramework(SwaggerUtility.java:2259)
	at com.ibmwatsonhealth.devopsservices.swaggertestasset.swaggerParserUtility.TestController.main(TestController.java:25)
</pre></div><a href='#' onClick='toggleBox("stack-trace809383315", this, "Click to show all stack frames", "Click to hide stack frames")'>Click to show all stack frames</a>
<div class='stack-trace' id='stack-trace809383315'><pre>java.lang.AssertionError: Mandatory Parameters not resolved successfully in Swagger Specification file for path: /store/order/{orderId} operation: get
	at org.testng.Assert.fail(Assert.java:94)
	at com.ibmwatsonhealth.devopsservices.swaggertestasset.swaggerParserUtility.TestNGTestSuite.executeRestfulTest(TestNGTestSuite.java:126)
	at sun.reflect.NativeMethodAccessorImpl.invoke0(Native Method)
	at sun.reflect.NativeMethodAccessorImpl.invoke(NativeMethodAccessorImpl.java:62)
	at sun.reflect.DelegatingMethodAccessorImpl.invoke(DelegatingMethodAccessorImpl.java:43)
	at java.lang.reflect.Method.invoke(Method.java:498)
	at org.testng.internal.MethodInvocationHelper.invokeMethod(MethodInvocationHelper.java:86)
	at org.testng.internal.Invoker.invokeMethod(Invoker.java:643)
	at org.testng.internal.Invoker.invokeTestMethod(Invoker.java:820)
	at org.testng.internal.Invoker.invokeTestMethods(Invoker.java:1128)
	at org.testng.internal.TestMethodWorker.invokeTestMethods(TestMethodWorker.java:129)
	at org.testng.internal.TestMethodWorker.run(TestMethodWorker.java:112)
	at org.testng.TestRunner.privateRun(TestRunner.java:782)
	at org.testng.TestRunner.run(TestRunner.java:632)
	at org.testng.SuiteRunner.runTest(SuiteRunner.java:366)
	at org.testng.SuiteRunner.runSequentially(SuiteRunner.java:361)
	at org.testng.SuiteRunner.privateRun(SuiteRunner.java:319)
	at org.testng.SuiteRunner.run(SuiteRunner.java:268)
	at org.testng.SuiteRunnerWorker.runSuite(SuiteRunnerWorker.java:52)
	at org.testng.SuiteRunnerWorker.run(SuiteRunnerWorker.java:86)
	at org.testng.TestNG.runSuitesSequentially(TestNG.java:1244)
	at org.testng.TestNG.runSuitesLocally(TestNG.java:1169)
	at org.testng.TestNG.run(TestNG.java:1064)
	at com.ibmwatsonhealth.devopsservices.swaggertestasset.swaggerParserUtility.SwaggerExecutionEngine.executeTestFramework(SwaggerExecutionEngine.java:36)
	at com.ibmwatsonhealth.devopsservices.swaggertestasset.swaggerParserUtility.SwaggerUtility.executeTestFramework(SwaggerUtility.java:2259)
	at com.ibmwatsonhealth.devopsservices.swaggertestasset.swaggerParserUtility.TestController.main(TestController.java:25)
</pre></div></td>
<td>0</td>
<td>com.ibmwatsonhealth.devopsservices.swaggertestasset.swaggerParserUtility.TestNGTestSuite@e73f9ac</td></tr>
<tr>
<td title='com.ibmwatsonhealth.devopsservices.swaggertestasset.swaggerParserUtility.TestNGTestSuite.executeRestfulTest()'><b>executeRestfulTest</b><br>Test class: com.ibmwatsonhealth.devopsservices.swaggertestasset.swaggerParserUtility.TestNGTestSuite (swaggerTestServiceConfigurationStatus)<br>Parameters: /user/login,get, {hasMandatoryParameterResolved=false, pathParameters={}, external=false, queryParameters={}, response={200=io.swagger.models.Response@d8e751ba, 400=io.swagger.models.Response@503c17b2}, baseURI=http://petstore.swagger.io/v2, definition={Order=io.swagger.models.ModelImpl@42fe8e87, Category=io.swagger.models.ModelImpl@b616536a, User=io.swagger.models.ModelImpl@47191636, Tag=io.swagger.models.ModelImpl@99c7ebc6, Pet=io.swagger.models.ModelImpl@d9fea4dd, ApiResponse=io.swagger.models.ModelImpl@b94d6109}, skip=false}</td>
<td><div><pre>java.lang.AssertionError: Mandatory Parameters not resolved successfully in Swagger Specification file for path: /user/login operation: get
	at org.testng.Assert.fail(Assert.java:94)
	at com.ibmwatsonhealth.devopsservices.swaggertestasset.swaggerParserUtility.TestNGTestSuite.executeRestfulTest(TestNGTestSuite.java:126)
	at sun.reflect.NativeMethodAccessorImpl.invoke0(Native Method)
	at sun.reflect.NativeMethodAccessorImpl.invoke(NativeMethodAccessorImpl.java:62)
	at sun.reflect.DelegatingMethodAccessorImpl.invoke(DelegatingMethodAccessorImpl.java:43)
	at java.lang.reflect.Method.invoke(Method.java:498)
	at org.testng.internal.MethodInvocationHelper.invokeMethod(MethodInvocationHelper.java:86)
	at org.testng.internal.Invoker.invokeMethod(Invoker.java:643)
	at org.testng.internal.Invoker.invokeTestMethod(Invoker.java:820)
	at org.testng.internal.Invoker.invokeTestMethods(Invoker.java:1128)
	at org.testng.internal.TestMethodWorker.invokeTestMethods(TestMethodWorker.java:129)
	at org.testng.internal.TestMethodWorker.run(TestMethodWorker.java:112)
	at org.testng.TestRunner.privateRun(TestRunner.java:782)
	at org.testng.TestRunner.run(TestRunner.java:632)
	at org.testng.SuiteRunner.runTest(SuiteRunner.java:366)
	at org.testng.SuiteRunner.runSequentially(SuiteRunner.java:361)
	at org.testng.SuiteRunner.privateRun(SuiteRunner.java:319)
	at org.testng.SuiteRunner.run(SuiteRunner.java:268)
	at org.testng.SuiteRunnerWorker.runSuite(SuiteRunnerWorker.java:52)
	at org.testng.SuiteRunnerWorker.run(SuiteRunnerWorker.java:86)
	at org.testng.TestNG.runSuitesSequentially(TestNG.java:1244)
	at org.testng.TestNG.runSuitesLocally(TestNG.java:1169)
	at org.testng.TestNG.run(TestNG.java:1064)
	at com.ibmwatsonhealth.devopsservices.swaggertestasset.swaggerParserUtility.SwaggerExecutionEngine.executeTestFramework(SwaggerExecutionEngine.java:36)
	at com.ibmwatsonhealth.devopsservices.swaggertestasset.swaggerParserUtility.SwaggerUtility.executeTestFramework(SwaggerUtility.java:2259)
	at com.ibmwatsonhealth.devopsservices.swaggertestasset.swaggerParserUtility.TestController.main(TestController.java:25)
</pre></div><a href='#' onClick='toggleBox("stack-trace908722588", this, "Click to show all stack frames", "Click to hide stack frames")'>Click to show all stack frames</a>
<div class='stack-trace' id='stack-trace908722588'><pre>java.lang.AssertionError: Mandatory Parameters not resolved successfully in Swagger Specification file for path: /user/login operation: get
	at org.testng.Assert.fail(Assert.java:94)
	at com.ibmwatsonhealth.devopsservices.swaggertestasset.swaggerParserUtility.TestNGTestSuite.executeRestfulTest(TestNGTestSuite.java:126)
	at sun.reflect.NativeMethodAccessorImpl.invoke0(Native Method)
	at sun.reflect.NativeMethodAccessorImpl.invoke(NativeMethodAccessorImpl.java:62)
	at sun.reflect.DelegatingMethodAccessorImpl.invoke(DelegatingMethodAccessorImpl.java:43)
	at java.lang.reflect.Method.invoke(Method.java:498)
	at org.testng.internal.MethodInvocationHelper.invokeMethod(MethodInvocationHelper.java:86)
	at org.testng.internal.Invoker.invokeMethod(Invoker.java:643)
	at org.testng.internal.Invoker.invokeTestMethod(Invoker.java:820)
	at org.testng.internal.Invoker.invokeTestMethods(Invoker.java:1128)
	at org.testng.internal.TestMethodWorker.invokeTestMethods(TestMethodWorker.java:129)
	at org.testng.internal.TestMethodWorker.run(TestMethodWorker.java:112)
	at org.testng.TestRunner.privateRun(TestRunner.java:782)
	at org.testng.TestRunner.run(TestRunner.java:632)
	at org.testng.SuiteRunner.runTest(SuiteRunner.java:366)
	at org.testng.SuiteRunner.runSequentially(SuiteRunner.java:361)
	at org.testng.SuiteRunner.privateRun(SuiteRunner.java:319)
	at org.testng.SuiteRunner.run(SuiteRunner.java:268)
	at org.testng.SuiteRunnerWorker.runSuite(SuiteRunnerWorker.java:52)
	at org.testng.SuiteRunnerWorker.run(SuiteRunnerWorker.java:86)
	at org.testng.TestNG.runSuitesSequentially(TestNG.java:1244)
	at org.testng.TestNG.runSuitesLocally(TestNG.java:1169)
	at org.testng.TestNG.run(TestNG.java:1064)
	at com.ibmwatsonhealth.devopsservices.swaggertestasset.swaggerParserUtility.SwaggerExecutionEngine.executeTestFramework(SwaggerExecutionEngine.java:36)
	at com.ibmwatsonhealth.devopsservices.swaggertestasset.swaggerParserUtility.SwaggerUtility.executeTestFramework(SwaggerUtility.java:2259)
	at com.ibmwatsonhealth.devopsservices.swaggertestasset.swaggerParserUtility.TestController.main(TestController.java:25)
</pre></div></td>
<td>0</td>
<td>com.ibmwatsonhealth.devopsservices.swaggertestasset.swaggerParserUtility.TestNGTestSuite@e73f9ac</td></tr>
<tr>
<td title='com.ibmwatsonhealth.devopsservices.swaggertestasset.swaggerParserUtility.TestNGTestSuite.executeRestfulTest()'><b>executeRestfulTest</b><br>Test class: com.ibmwatsonhealth.devopsservices.swaggertestasset.swaggerParserUtility.TestNGTestSuite (swaggerTestServiceConfigurationStatus)<br>Parameters: /user/{username},get, {hasMandatoryParameterResolved=false, pathParameters={}, external=false, queryParameters={}, response={200=io.swagger.models.Response@54dbdde5, 400=io.swagger.models.Response@932768de, 404=io.swagger.models.Response@9fe75e9f}, baseURI=http://petstore.swagger.io/v2, definition={Order=io.swagger.models.ModelImpl@42fe8e87, Category=io.swagger.models.ModelImpl@b616536a, User=io.swagger.models.ModelImpl@47191636, Tag=io.swagger.models.ModelImpl@99c7ebc6, Pet=io.swagger.models.ModelImpl@d9fea4dd, ApiResponse=io.swagger.models.ModelImpl@b94d6109}, skip=false}</td>
<td><div><pre>java.lang.AssertionError: Mandatory Parameters not resolved successfully in Swagger Specification file for path: /user/{username} operation: get
	at org.testng.Assert.fail(Assert.java:94)
	at com.ibmwatsonhealth.devopsservices.swaggertestasset.swaggerParserUtility.TestNGTestSuite.executeRestfulTest(TestNGTestSuite.java:126)
	at sun.reflect.GeneratedMethodAccessor43.invoke(Unknown Source)
	at sun.reflect.DelegatingMethodAccessorImpl.invoke(DelegatingMethodAccessorImpl.java:43)
	at java.lang.reflect.Method.invoke(Method.java:498)
	at org.testng.internal.MethodInvocationHelper.invokeMethod(MethodInvocationHelper.java:86)
	at org.testng.internal.Invoker.invokeMethod(Invoker.java:643)
	at org.testng.internal.Invoker.invokeTestMethod(Invoker.java:820)
	at org.testng.internal.Invoker.invokeTestMethods(Invoker.java:1128)
	at org.testng.internal.TestMethodWorker.invokeTestMethods(TestMethodWorker.java:129)
	at org.testng.internal.TestMethodWorker.run(TestMethodWorker.java:112)
	at org.testng.TestRunner.privateRun(TestRunner.java:782)
	at org.testng.TestRunner.run(TestRunner.java:632)
	at org.testng.SuiteRunner.runTest(SuiteRunner.java:366)
	at org.testng.SuiteRunner.runSequentially(SuiteRunner.java:361)
	at org.testng.SuiteRunner.privateRun(SuiteRunner.java:319)
	at org.testng.SuiteRunner.run(SuiteRunner.java:268)
	at org.testng.SuiteRunnerWorker.runSuite(SuiteRunnerWorker.java:52)
	at org.testng.SuiteRunnerWorker.run(SuiteRunnerWorker.java:86)
	at org.testng.TestNG.runSuitesSequentially(TestNG.java:1244)
	at org.testng.TestNG.runSuitesLocally(TestNG.java:1169)
	at org.testng.TestNG.run(TestNG.java:1064)
	at com.ibmwatsonhealth.devopsservices.swaggertestasset.swaggerParserUtility.SwaggerExecutionEngine.executeTestFramework(SwaggerExecutionEngine.java:36)
	at com.ibmwatsonhealth.devopsservices.swaggertestasset.swaggerParserUtility.SwaggerUtility.executeTestFramework(SwaggerUtility.java:2259)
	at com.ibmwatsonhealth.devopsservices.swaggertestasset.swaggerParserUtility.TestController.main(TestController.java:25)
</pre></div><a href='#' onClick='toggleBox("stack-trace1495161082", this, "Click to show all stack frames", "Click to hide stack frames")'>Click to show all stack frames</a>
<div class='stack-trace' id='stack-trace1495161082'><pre>java.lang.AssertionError: Mandatory Parameters not resolved successfully in Swagger Specification file for path: /user/{username} operation: get
	at org.testng.Assert.fail(Assert.java:94)
	at com.ibmwatsonhealth.devopsservices.swaggertestasset.swaggerParserUtility.TestNGTestSuite.executeRestfulTest(TestNGTestSuite.java:126)
	at sun.reflect.GeneratedMethodAccessor43.invoke(Unknown Source)
	at sun.reflect.DelegatingMethodAccessorImpl.invoke(DelegatingMethodAccessorImpl.java:43)
	at java.lang.reflect.Method.invoke(Method.java:498)
	at org.testng.internal.MethodInvocationHelper.invokeMethod(MethodInvocationHelper.java:86)
	at org.testng.internal.Invoker.invokeMethod(Invoker.java:643)
	at org.testng.internal.Invoker.invokeTestMethod(Invoker.java:820)
	at org.testng.internal.Invoker.invokeTestMethods(Invoker.java:1128)
	at org.testng.internal.TestMethodWorker.invokeTestMethods(TestMethodWorker.java:129)
	at org.testng.internal.TestMethodWorker.run(TestMethodWorker.java:112)
	at org.testng.TestRunner.privateRun(TestRunner.java:782)
	at org.testng.TestRunner.run(TestRunner.java:632)
	at org.testng.SuiteRunner.runTest(SuiteRunner.java:366)
	at org.testng.SuiteRunner.runSequentially(SuiteRunner.java:361)
	at org.testng.SuiteRunner.privateRun(SuiteRunner.java:319)
	at org.testng.SuiteRunner.run(SuiteRunner.java:268)
	at org.testng.SuiteRunnerWorker.runSuite(SuiteRunnerWorker.java:52)
	at org.testng.SuiteRunnerWorker.run(SuiteRunnerWorker.java:86)
	at org.testng.TestNG.runSuitesSequentially(TestNG.java:1244)
	at org.testng.TestNG.runSuitesLocally(TestNG.java:1169)
	at org.testng.TestNG.run(TestNG.java:1064)
	at com.ibmwatsonhealth.devopsservices.swaggertestasset.swaggerParserUtility.SwaggerExecutionEngine.executeTestFramework(SwaggerExecutionEngine.java:36)
	at com.ibmwatsonhealth.devopsservices.swaggertestasset.swaggerParserUtility.SwaggerUtility.executeTestFramework(SwaggerUtility.java:2259)
	at com.ibmwatsonhealth.devopsservices.swaggertestasset.swaggerParserUtility.TestController.main(TestController.java:25)
</pre></div></td>
<td>0</td>
<td>com.ibmwatsonhealth.devopsservices.swaggertestasset.swaggerParserUtility.TestNGTestSuite@e73f9ac</td></tr>
<tr>
<td title='com.ibmwatsonhealth.devopsservices.swaggertestasset.swaggerParserUtility.TestNGTestSuite.executeRestfulTest()'><b>executeRestfulTest</b><br>Test class: com.ibmwatsonhealth.devopsservices.swaggertestasset.swaggerParserUtility.TestNGTestSuite (swaggerTestServiceConfigurationStatus)<br>Parameters: /pet/{petId},delete, {hasMandatoryParameterResolved=false, pathParameters={}, external=false, queryParameters={}, response={400=io.swagger.models.Response@87f925f9, 404=io.swagger.models.Response@7f4c4b3}, baseURI=http://petstore.swagger.io/v2, definition={Order=io.swagger.models.ModelImpl@42fe8e87, Category=io.swagger.models.ModelImpl@b616536a, User=io.swagger.models.ModelImpl@47191636, Tag=io.swagger.models.ModelImpl@99c7ebc6, Pet=io.swagger.models.ModelImpl@d9fea4dd, ApiResponse=io.swagger.models.ModelImpl@b94d6109}, skip=false}</td>
<td><div><pre>java.lang.AssertionError: Mandatory Parameters not resolved successfully in Swagger Specification file for path: /pet/{petId} operation: delete
	at org.testng.Assert.fail(Assert.java:94)
	at com.ibmwatsonhealth.devopsservices.swaggertestasset.swaggerParserUtility.TestNGTestSuite.executeRestfulTest(TestNGTestSuite.java:317)
	at sun.reflect.GeneratedMethodAccessor43.invoke(Unknown Source)
	at sun.reflect.DelegatingMethodAccessorImpl.invoke(DelegatingMethodAccessorImpl.java:43)
	at java.lang.reflect.Method.invoke(Method.java:498)
	at org.testng.internal.MethodInvocationHelper.invokeMethod(MethodInvocationHelper.java:86)
	at org.testng.internal.Invoker.invokeMethod(Invoker.java:643)
	at org.testng.internal.Invoker.invokeTestMethod(Invoker.java:820)
	at org.testng.internal.Invoker.invokeTestMethods(Invoker.java:1128)
	at org.testng.internal.TestMethodWorker.invokeTestMethods(TestMethodWorker.java:129)
	at org.testng.internal.TestMethodWorker.run(TestMethodWorker.java:112)
	at org.testng.TestRunner.privateRun(TestRunner.java:782)
	at org.testng.TestRunner.run(TestRunner.java:632)
	at org.testng.SuiteRunner.runTest(SuiteRunner.java:366)
	at org.testng.SuiteRunner.runSequentially(SuiteRunner.java:361)
	at org.testng.SuiteRunner.privateRun(SuiteRunner.java:319)
	at org.testng.SuiteRunner.run(SuiteRunner.java:268)
	at org.testng.SuiteRunnerWorker.runSuite(SuiteRunnerWorker.java:52)
	at org.testng.SuiteRunnerWorker.run(SuiteRunnerWorker.java:86)
	at org.testng.TestNG.runSuitesSequentially(TestNG.java:1244)
	at org.testng.TestNG.runSuitesLocally(TestNG.java:1169)
	at org.testng.TestNG.run(TestNG.java:1064)
	at com.ibmwatsonhealth.devopsservices.swaggertestasset.swaggerParserUtility.SwaggerExecutionEngine.executeTestFramework(SwaggerExecutionEngine.java:36)
	at com.ibmwatsonhealth.devopsservices.swaggertestasset.swaggerParserUtility.SwaggerUtility.executeTestFramework(SwaggerUtility.java:2259)
	at com.ibmwatsonhealth.devopsservices.swaggertestasset.swaggerParserUtility.TestController.main(TestController.java:25)
</pre></div><a href='#' onClick='toggleBox("stack-trace798278875", this, "Click to show all stack frames", "Click to hide stack frames")'>Click to show all stack frames</a>
<div class='stack-trace' id='stack-trace798278875'><pre>java.lang.AssertionError: Mandatory Parameters not resolved successfully in Swagger Specification file for path: /pet/{petId} operation: delete
	at org.testng.Assert.fail(Assert.java:94)
	at com.ibmwatsonhealth.devopsservices.swaggertestasset.swaggerParserUtility.TestNGTestSuite.executeRestfulTest(TestNGTestSuite.java:317)
	at sun.reflect.GeneratedMethodAccessor43.invoke(Unknown Source)
	at sun.reflect.DelegatingMethodAccessorImpl.invoke(DelegatingMethodAccessorImpl.java:43)
	at java.lang.reflect.Method.invoke(Method.java:498)
	at org.testng.internal.MethodInvocationHelper.invokeMethod(MethodInvocationHelper.java:86)
	at org.testng.internal.Invoker.invokeMethod(Invoker.java:643)
	at org.testng.internal.Invoker.invokeTestMethod(Invoker.java:820)
	at org.testng.internal.Invoker.invokeTestMethods(Invoker.java:1128)
	at org.testng.internal.TestMethodWorker.invokeTestMethods(TestMethodWorker.java:129)
	at org.testng.internal.TestMethodWorker.run(TestMethodWorker.java:112)
	at org.testng.TestRunner.privateRun(TestRunner.java:782)
	at org.testng.TestRunner.run(TestRunner.java:632)
	at org.testng.SuiteRunner.runTest(SuiteRunner.java:366)
	at org.testng.SuiteRunner.runSequentially(SuiteRunner.java:361)
	at org.testng.SuiteRunner.privateRun(SuiteRunner.java:319)
	at org.testng.SuiteRunner.run(SuiteRunner.java:268)
	at org.testng.SuiteRunnerWorker.runSuite(SuiteRunnerWorker.java:52)
	at org.testng.SuiteRunnerWorker.run(SuiteRunnerWorker.java:86)
	at org.testng.TestNG.runSuitesSequentially(TestNG.java:1244)
	at org.testng.TestNG.runSuitesLocally(TestNG.java:1169)
	at org.testng.TestNG.run(TestNG.java:1064)
	at com.ibmwatsonhealth.devopsservices.swaggertestasset.swaggerParserUtility.SwaggerExecutionEngine.executeTestFramework(SwaggerExecutionEngine.java:36)
	at com.ibmwatsonhealth.devopsservices.swaggertestasset.swaggerParserUtility.SwaggerUtility.executeTestFramework(SwaggerUtility.java:2259)
	at com.ibmwatsonhealth.devopsservices.swaggertestasset.swaggerParserUtility.TestController.main(TestController.java:25)
</pre></div></td>
<td>0</td>
<td>com.ibmwatsonhealth.devopsservices.swaggertestasset.swaggerParserUtility.TestNGTestSuite@e73f9ac</td></tr>
<tr>
<td title='com.ibmwatsonhealth.devopsservices.swaggertestasset.swaggerParserUtility.TestNGTestSuite.executeRestfulTest()'><b>executeRestfulTest</b><br>Test class: com.ibmwatsonhealth.devopsservices.swaggertestasset.swaggerParserUtility.TestNGTestSuite (swaggerTestServiceConfigurationStatus)<br>Parameters: /store/order/{orderId},delete, {hasMandatoryParameterResolved=false, pathParameters={}, external=false, queryParameters={}, response={400=io.swagger.models.Response@87f925f9, 404=io.swagger.models.Response@a20e24a2}, baseURI=http://petstore.swagger.io/v2, definition={Order=io.swagger.models.ModelImpl@42fe8e87, Category=io.swagger.models.ModelImpl@b616536a, User=io.swagger.models.ModelImpl@47191636, Tag=io.swagger.models.ModelImpl@99c7ebc6, Pet=io.swagger.models.ModelImpl@d9fea4dd, ApiResponse=io.swagger.models.ModelImpl@b94d6109}, skip=false}</td>
<td><div><pre>java.lang.AssertionError: Mandatory Parameters not resolved successfully in Swagger Specification file for path: /store/order/{orderId} operation: delete
	at org.testng.Assert.fail(Assert.java:94)
	at com.ibmwatsonhealth.devopsservices.swaggertestasset.swaggerParserUtility.TestNGTestSuite.executeRestfulTest(TestNGTestSuite.java:317)
	at sun.reflect.GeneratedMethodAccessor43.invoke(Unknown Source)
	at sun.reflect.DelegatingMethodAccessorImpl.invoke(DelegatingMethodAccessorImpl.java:43)
	at java.lang.reflect.Method.invoke(Method.java:498)
	at org.testng.internal.MethodInvocationHelper.invokeMethod(MethodInvocationHelper.java:86)
	at org.testng.internal.Invoker.invokeMethod(Invoker.java:643)
	at org.testng.internal.Invoker.invokeTestMethod(Invoker.java:820)
	at org.testng.internal.Invoker.invokeTestMethods(Invoker.java:1128)
	at org.testng.internal.TestMethodWorker.invokeTestMethods(TestMethodWorker.java:129)
	at org.testng.internal.TestMethodWorker.run(TestMethodWorker.java:112)
	at org.testng.TestRunner.privateRun(TestRunner.java:782)
	at org.testng.TestRunner.run(TestRunner.java:632)
	at org.testng.SuiteRunner.runTest(SuiteRunner.java:366)
	at org.testng.SuiteRunner.runSequentially(SuiteRunner.java:361)
	at org.testng.SuiteRunner.privateRun(SuiteRunner.java:319)
	at org.testng.SuiteRunner.run(SuiteRunner.java:268)
	at org.testng.SuiteRunnerWorker.runSuite(SuiteRunnerWorker.java:52)
	at org.testng.SuiteRunnerWorker.run(SuiteRunnerWorker.java:86)
	at org.testng.TestNG.runSuitesSequentially(TestNG.java:1244)
	at org.testng.TestNG.runSuitesLocally(TestNG.java:1169)
	at org.testng.TestNG.run(TestNG.java:1064)
	at com.ibmwatsonhealth.devopsservices.swaggertestasset.swaggerParserUtility.SwaggerExecutionEngine.executeTestFramework(SwaggerExecutionEngine.java:36)
	at com.ibmwatsonhealth.devopsservices.swaggertestasset.swaggerParserUtility.SwaggerUtility.executeTestFramework(SwaggerUtility.java:2259)
	at com.ibmwatsonhealth.devopsservices.swaggertestasset.swaggerParserUtility.TestController.main(TestController.java:25)
</pre></div><a href='#' onClick='toggleBox("stack-trace1926027290", this, "Click to show all stack frames", "Click to hide stack frames")'>Click to show all stack frames</a>
<div class='stack-trace' id='stack-trace1926027290'><pre>java.lang.AssertionError: Mandatory Parameters not resolved successfully in Swagger Specification file for path: /store/order/{orderId} operation: delete
	at org.testng.Assert.fail(Assert.java:94)
	at com.ibmwatsonhealth.devopsservices.swaggertestasset.swaggerParserUtility.TestNGTestSuite.executeRestfulTest(TestNGTestSuite.java:317)
	at sun.reflect.GeneratedMethodAccessor43.invoke(Unknown Source)
	at sun.reflect.DelegatingMethodAccessorImpl.invoke(DelegatingMethodAccessorImpl.java:43)
	at java.lang.reflect.Method.invoke(Method.java:498)
	at org.testng.internal.MethodInvocationHelper.invokeMethod(MethodInvocationHelper.java:86)
	at org.testng.internal.Invoker.invokeMethod(Invoker.java:643)
	at org.testng.internal.Invoker.invokeTestMethod(Invoker.java:820)
	at org.testng.internal.Invoker.invokeTestMethods(Invoker.java:1128)
	at org.testng.internal.TestMethodWorker.invokeTestMethods(TestMethodWorker.java:129)
	at org.testng.internal.TestMethodWorker.run(TestMethodWorker.java:112)
	at org.testng.TestRunner.privateRun(TestRunner.java:782)
	at org.testng.TestRunner.run(TestRunner.java:632)
	at org.testng.SuiteRunner.runTest(SuiteRunner.java:366)
	at org.testng.SuiteRunner.runSequentially(SuiteRunner.java:361)
	at org.testng.SuiteRunner.privateRun(SuiteRunner.java:319)
	at org.testng.SuiteRunner.run(SuiteRunner.java:268)
	at org.testng.SuiteRunnerWorker.runSuite(SuiteRunnerWorker.java:52)
	at org.testng.SuiteRunnerWorker.run(SuiteRunnerWorker.java:86)
	at org.testng.TestNG.runSuitesSequentially(TestNG.java:1244)
	at org.testng.TestNG.runSuitesLocally(TestNG.java:1169)
	at org.testng.TestNG.run(TestNG.java:1064)
	at com.ibmwatsonhealth.devopsservices.swaggertestasset.swaggerParserUtility.SwaggerExecutionEngine.executeTestFramework(SwaggerExecutionEngine.java:36)
	at com.ibmwatsonhealth.devopsservices.swaggertestasset.swaggerParserUtility.SwaggerUtility.executeTestFramework(SwaggerUtility.java:2259)
	at com.ibmwatsonhealth.devopsservices.swaggertestasset.swaggerParserUtility.TestController.main(TestController.java:25)
</pre></div></td>
<td>0</td>
<td>com.ibmwatsonhealth.devopsservices.swaggertestasset.swaggerParserUtility.TestNGTestSuite@e73f9ac</td></tr>
<tr>
<td title='com.ibmwatsonhealth.devopsservices.swaggertestasset.swaggerParserUtility.TestNGTestSuite.executeRestfulTest()'><b>executeRestfulTest</b><br>Test class: com.ibmwatsonhealth.devopsservices.swaggertestasset.swaggerParserUtility.TestNGTestSuite (swaggerTestServiceConfigurationStatus)<br>Parameters: /user/{username},delete, {hasMandatoryParameterResolved=false, pathParameters={}, external=false, queryParameters={}, response={400=io.swagger.models.Response@932768de, 404=io.swagger.models.Response@9fe75e9f}, baseURI=http://petstore.swagger.io/v2, definition={Order=io.swagger.models.ModelImpl@42fe8e87, Category=io.swagger.models.ModelImpl@b616536a, User=io.swagger.models.ModelImpl@47191636, Tag=io.swagger.models.ModelImpl@99c7ebc6, Pet=io.swagger.models.ModelImpl@d9fea4dd, ApiResponse=io.swagger.models.ModelImpl@b94d6109}, skip=false}</td>
<td><div><pre>java.lang.AssertionError: Mandatory Parameters not resolved successfully in Swagger Specification file for path: /user/{username} operation: delete
	at org.testng.Assert.fail(Assert.java:94)
	at com.ibmwatsonhealth.devopsservices.swaggertestasset.swaggerParserUtility.TestNGTestSuite.executeRestfulTest(TestNGTestSuite.java:317)
	at sun.reflect.GeneratedMethodAccessor43.invoke(Unknown Source)
	at sun.reflect.DelegatingMethodAccessorImpl.invoke(DelegatingMethodAccessorImpl.java:43)
	at java.lang.reflect.Method.invoke(Method.java:498)
	at org.testng.internal.MethodInvocationHelper.invokeMethod(MethodInvocationHelper.java:86)
	at org.testng.internal.Invoker.invokeMethod(Invoker.java:643)
	at org.testng.internal.Invoker.invokeTestMethod(Invoker.java:820)
	at org.testng.internal.Invoker.invokeTestMethods(Invoker.java:1128)
	at org.testng.internal.TestMethodWorker.invokeTestMethods(TestMethodWorker.java:129)
	at org.testng.internal.TestMethodWorker.run(TestMethodWorker.java:112)
	at org.testng.TestRunner.privateRun(TestRunner.java:782)
	at org.testng.TestRunner.run(TestRunner.java:632)
	at org.testng.SuiteRunner.runTest(SuiteRunner.java:366)
	at org.testng.SuiteRunner.runSequentially(SuiteRunner.java:361)
	at org.testng.SuiteRunner.privateRun(SuiteRunner.java:319)
	at org.testng.SuiteRunner.run(SuiteRunner.java:268)
	at org.testng.SuiteRunnerWorker.runSuite(SuiteRunnerWorker.java:52)
	at org.testng.SuiteRunnerWorker.run(SuiteRunnerWorker.java:86)
	at org.testng.TestNG.runSuitesSequentially(TestNG.java:1244)
	at org.testng.TestNG.runSuitesLocally(TestNG.java:1169)
	at org.testng.TestNG.run(TestNG.java:1064)
	at com.ibmwatsonhealth.devopsservices.swaggertestasset.swaggerParserUtility.SwaggerExecutionEngine.executeTestFramework(SwaggerExecutionEngine.java:36)
	at com.ibmwatsonhealth.devopsservices.swaggertestasset.swaggerParserUtility.SwaggerUtility.executeTestFramework(SwaggerUtility.java:2259)
	at com.ibmwatsonhealth.devopsservices.swaggertestasset.swaggerParserUtility.TestController.main(TestController.java:25)
</pre></div><a href='#' onClick='toggleBox("stack-trace1690050988", this, "Click to show all stack frames", "Click to hide stack frames")'>Click to show all stack frames</a>
<div class='stack-trace' id='stack-trace1690050988'><pre>java.lang.AssertionError: Mandatory Parameters not resolved successfully in Swagger Specification file for path: /user/{username} operation: delete
	at org.testng.Assert.fail(Assert.java:94)
	at com.ibmwatsonhealth.devopsservices.swaggertestasset.swaggerParserUtility.TestNGTestSuite.executeRestfulTest(TestNGTestSuite.java:317)
	at sun.reflect.GeneratedMethodAccessor43.invoke(Unknown Source)
	at sun.reflect.DelegatingMethodAccessorImpl.invoke(DelegatingMethodAccessorImpl.java:43)
	at java.lang.reflect.Method.invoke(Method.java:498)
	at org.testng.internal.MethodInvocationHelper.invokeMethod(MethodInvocationHelper.java:86)
	at org.testng.internal.Invoker.invokeMethod(Invoker.java:643)
	at org.testng.internal.Invoker.invokeTestMethod(Invoker.java:820)
	at org.testng.internal.Invoker.invokeTestMethods(Invoker.java:1128)
	at org.testng.internal.TestMethodWorker.invokeTestMethods(TestMethodWorker.java:129)
	at org.testng.internal.TestMethodWorker.run(TestMethodWorker.java:112)
	at org.testng.TestRunner.privateRun(TestRunner.java:782)
	at org.testng.TestRunner.run(TestRunner.java:632)
	at org.testng.SuiteRunner.runTest(SuiteRunner.java:366)
	at org.testng.SuiteRunner.runSequentially(SuiteRunner.java:361)
	at org.testng.SuiteRunner.privateRun(SuiteRunner.java:319)
	at org.testng.SuiteRunner.run(SuiteRunner.java:268)
	at org.testng.SuiteRunnerWorker.runSuite(SuiteRunnerWorker.java:52)
	at org.testng.SuiteRunnerWorker.run(SuiteRunnerWorker.java:86)
	at org.testng.TestNG.runSuitesSequentially(TestNG.java:1244)
	at org.testng.TestNG.runSuitesLocally(TestNG.java:1169)
	at org.testng.TestNG.run(TestNG.java:1064)
	at com.ibmwatsonhealth.devopsservices.swaggertestasset.swaggerParserUtility.SwaggerExecutionEngine.executeTestFramework(SwaggerExecutionEngine.java:36)
	at com.ibmwatsonhealth.devopsservices.swaggertestasset.swaggerParserUtility.SwaggerUtility.executeTestFramework(SwaggerUtility.java:2259)
	at com.ibmwatsonhealth.devopsservices.swaggertestasset.swaggerParserUtility.TestController.main(TestController.java:25)
</pre></div></td>
<td>0</td>
<td>com.ibmwatsonhealth.devopsservices.swaggertestasset.swaggerParserUtility.TestNGTestSuite@e73f9ac</td></tr>
</table><p>
<table width='100%' border='1' class='invocation-passed'>
<tr><td colspan='4' align='center'><b>PASSED TESTS</b></td></tr>
<tr><td><b>Test method</b></td>
<td width="30%"><b>Exception</b></td>
<td width="10%"><b>Time (seconds)</b></td>
<td><b>Instance</b></td>
</tr>
<tr>
<td title='com.ibmwatsonhealth.devopsservices.swaggertestasset.swaggerParserUtility.TestNGTestSuite.executeRestfulTest()'><b>executeRestfulTest</b><br>Test class: com.ibmwatsonhealth.devopsservices.swaggertestasset.swaggerParserUtility.TestNGTestSuite (swaggerTestServiceConfigurationStatus)<br>Parameters: /pet,post, {hasMandatoryParameterResolved=true, pathParameters={}, external=false, queryParameters={}, invaliddata={schema=application/json, data=hello world}, response={405=io.swagger.models.Response@ce3cc860}, baseURI=http://petstore.swagger.io/v2, definition={Order=io.swagger.models.ModelImpl@42fe8e87, Category=io.swagger.models.ModelImpl@b616536a, User=io.swagger.models.ModelImpl@47191636, Tag=io.swagger.models.ModelImpl@99c7ebc6, Pet=io.swagger.models.ModelImpl@d9fea4dd, ApiResponse=io.swagger.models.ModelImpl@b94d6109}, skip=false, validdata={schema=application/json, data={
  "id" : 0,
  "category" : {
    "id" : 0,
    "name" : "string"
  },
  "name" : "doggie",
  "photoUrls" : [ "string" ],
  "tags" : [ {
    "id" : 0,
    "name" : "string"
  } ],
  "status" : "string"
}}}</td>
<td></td>
<td>1</td>
<td>com.ibmwatsonhealth.devopsservices.swaggertestasset.swaggerParserUtility.TestNGTestSuite@e73f9ac</td></tr>
<tr>
<td title='com.ibmwatsonhealth.devopsservices.swaggertestasset.swaggerParserUtility.TestNGTestSuite.executeRestfulTest()'><b>executeRestfulTest</b><br>Test class: com.ibmwatsonhealth.devopsservices.swaggertestasset.swaggerParserUtility.TestNGTestSuite (swaggerTestServiceConfigurationStatus)<br>Parameters: /pet,put, {hasMandatoryParameterResolved=true, pathParameters={}, external=false, queryParameters={}, invaliddata={schema=application/json, data=hello world}, response={400=io.swagger.models.Response@87f925f9, 404=io.swagger.models.Response@7f4c4b3, 405=io.swagger.models.Response@f93bc227}, baseURI=http://petstore.swagger.io/v2, definition={Order=io.swagger.models.ModelImpl@42fe8e87, Category=io.swagger.models.ModelImpl@b616536a, User=io.swagger.models.ModelImpl@47191636, Tag=io.swagger.models.ModelImpl@99c7ebc6, Pet=io.swagger.models.ModelImpl@d9fea4dd, ApiResponse=io.swagger.models.ModelImpl@b94d6109}, skip=false, validdata={schema=application/json, data={
  "id" : 0,
  "category" : {
    "id" : 0,
    "name" : "string"
  },
  "name" : "doggie",
  "photoUrls" : [ "string" ],
  "tags" : [ {
    "id" : 0,
    "name" : "string"
  } ],
  "status" : "string"
}}}</td>
<td></td>
<td>0</td>
<td>com.ibmwatsonhealth.devopsservices.swaggertestasset.swaggerParserUtility.TestNGTestSuite@e73f9ac</td></tr>
<tr>
<td title='com.ibmwatsonhealth.devopsservices.swaggertestasset.swaggerParserUtility.TestNGTestSuite.executeRestfulTest()'><b>executeRestfulTest</b><br>Test class: com.ibmwatsonhealth.devopsservices.swaggertestasset.swaggerParserUtility.TestNGTestSuite (swaggerTestServiceConfigurationStatus)<br>Parameters: /store/inventory,get, {hasMandatoryParameterResolved=true, pathParameters={}, external=false, queryParameters={}, response={200=io.swagger.models.Response@2503e437}, baseURI=http://petstore.swagger.io/v2, definition={Order=io.swagger.models.ModelImpl@42fe8e87, Category=io.swagger.models.ModelImpl@b616536a, User=io.swagger.models.ModelImpl@47191636, Tag=io.swagger.models.ModelImpl@99c7ebc6, Pet=io.swagger.models.ModelImpl@d9fea4dd, ApiResponse=io.swagger.models.ModelImpl@b94d6109}, skip=false}</td>
<td></td>
<td>0</td>
<td>com.ibmwatsonhealth.devopsservices.swaggertestasset.swaggerParserUtility.TestNGTestSuite@e73f9ac</td></tr>
<tr>
<td title='com.ibmwatsonhealth.devopsservices.swaggertestasset.swaggerParserUtility.TestNGTestSuite.executeRestfulTest()'><b>executeRestfulTest</b><br>Test class: com.ibmwatsonhealth.devopsservices.swaggertestasset.swaggerParserUtility.TestNGTestSuite (swaggerTestServiceConfigurationStatus)<br>Parameters: /user/logout,get, {hasMandatoryParameterResolved=true, pathParameters={}, external=false, queryParameters={}, response={default=io.swagger.models.Response@7cd3eb80}, baseURI=http://petstore.swagger.io/v2, definition={Order=io.swagger.models.ModelImpl@42fe8e87, Category=io.swagger.models.ModelImpl@b616536a, User=io.swagger.models.ModelImpl@47191636, Tag=io.swagger.models.ModelImpl@99c7ebc6, Pet=io.swagger.models.ModelImpl@d9fea4dd, ApiResponse=io.swagger.models.ModelImpl@b94d6109}, skip=false}</td>
<td></td>
<td>0</td>
<td>com.ibmwatsonhealth.devopsservices.swaggertestasset.swaggerParserUtility.TestNGTestSuite@e73f9ac</td></tr>
<tr>
<td title='com.ibmwatsonhealth.devopsservices.swaggertestasset.swaggerParserUtility.TestNGTestSuite.swaggerTestServiceConfigurationStatus()'><b>swaggerTestServiceConfigurationStatus</b><br>Test class: com.ibmwatsonhealth.devopsservices.swaggertestasset.swaggerParserUtility.TestNGTestSuite (swaggerTestServiceConfigurationStatus)</td>
<td></td>
<td>0</td>
<td>com.ibmwatsonhealth.devopsservices.swaggertestasset.swaggerParserUtility.TestNGTestSuite@e73f9ac</td></tr>
</table><p>
</body>
</html>