<?xml version="1.0" encoding="UTF-8"?>
<!-- Generated by org.testng.reporters.JUnitXMLReporter -->
<testsuite hostname="shreejits-mbp.cambridge.ibm.com" name="SwaggerTest" tests="21" failures="16" timestamp="13 Oct 2017 17:07:00 GMT" time="1.694" errors="0">
  <testcase name="/pet,post" time="1.001" classname="com.ibmwatsonhealth.devopsservices.swaggertestasset.swaggerParserUtility.TestNGTestSuite"/>
  <testcase name="/pet/{petId},post" time="0.0" classname="com.ibmwatsonhealth.devopsservices.swaggertestasset.swaggerParserUtility.TestNGTestSuite">
    <failure type="java.lang.AssertionError" message="Mandatory Parameters not resolved successfully in Swagger Specification file for path: /pet/{petId} operation: post">
      <![CDATA[java.lang.AssertionError: Mandatory Parameters not resolved successfully in Swagger Specification file for path: /pet/{petId} operation: post
	at org.testng.Assert.fail(Assert.java:94)
	at com.ibmwatsonhealth.devopsservices.swaggertestasset.swaggerParserUtility.TestNGTestSuite.executeRestfulTest(TestNGTestSuite.java:205)
	at sun.reflect.NativeMethodAccessorImpl.invoke0(Native Method)
	at sun.reflect.NativeMethodAccessorImpl.invoke(NativeMethodAccessorImpl.java:62)
	at sun.reflect.DelegatingMethodAccessorImpl.invoke(DelegatingMethodAccessorImpl.java:43)
	at java.lang.reflect.Method.invoke(Method.java:498)
	at org.testng.internal.MethodInvocationHelper.invokeMethod(MethodInvocationHelper.java:86)
	at org.testng.internal.Invoker.invokeMethod(Invoker.java:643)
	at org.testng.internal.Invoker.invokeTestMethod(Invoker.java:820)
	at org.testng.internal.Invoker.invokeTestMethods(Invoker.java:1128)
	at org.testng.internal.TestMethodWorker.invokeTestMethods(TestMethodWorker.java:129)
	at org.testng.internal.TestMethodWorker.run(TestMethodWorker.java:112)
	at org.testng.TestRunner.privateRun(TestRunner.java:782)
	at org.testng.TestRunner.run(TestRunner.java:632)
	at org.testng.SuiteRunner.runTest(SuiteRunner.java:366)
	at org.testng.SuiteRunner.runSequentially(SuiteRunner.java:361)
	at org.testng.SuiteRunner.privateRun(SuiteRunner.java:319)
	at org.testng.SuiteRunner.run(SuiteRunner.java:268)
	at org.testng.SuiteRunnerWorker.runSuite(SuiteRunnerWorker.java:52)
	at org.testng.SuiteRunnerWorker.run(SuiteRunnerWorker.java:86)
	at org.testng.TestNG.runSuitesSequentially(TestNG.java:1244)
	at org.testng.TestNG.runSuitesLocally(TestNG.java:1169)
	at org.testng.TestNG.run(TestNG.java:1064)
	at com.ibmwatsonhealth.devopsservices.swaggertestasset.swaggerParserUtility.SwaggerExecutionEngine.executeTestFramework(SwaggerExecutionEngine.java:36)
	at com.ibmwatsonhealth.devopsservices.swaggertestasset.swaggerParserUtility.SwaggerUtility.executeTestFramework(SwaggerUtility.java:2259)
	at com.ibmwatsonhealth.devopsservices.swaggertestasset.swaggerParserUtility.TestController.main(TestController.java:25)
]]>
    </failure>
  </testcase> <!-- /pet/{petId},post -->
  <testcase name="/pet/{petId}/uploadImage,post" time="0.0" classname="com.ibmwatsonhealth.devopsservices.swaggertestasset.swaggerParserUtility.TestNGTestSuite">
    <failure type="java.lang.AssertionError" message="Mandatory Parameters not resolved successfully in Swagger Specification file for path: /pet/{petId}/uploadImage operation: post">
      <![CDATA[java.lang.AssertionError: Mandatory Parameters not resolved successfully in Swagger Specification file for path: /pet/{petId}/uploadImage operation: post
	at org.testng.Assert.fail(Assert.java:94)
	at com.ibmwatsonhealth.devopsservices.swaggertestasset.swaggerParserUtility.TestNGTestSuite.executeRestfulTest(TestNGTestSuite.java:205)
	at sun.reflect.NativeMethodAccessorImpl.invoke0(Native Method)
	at sun.reflect.NativeMethodAccessorImpl.invoke(NativeMethodAccessorImpl.java:62)
	at sun.reflect.DelegatingMethodAccessorImpl.invoke(DelegatingMethodAccessorImpl.java:43)
	at java.lang.reflect.Method.invoke(Method.java:498)
	at org.testng.internal.MethodInvocationHelper.invokeMethod(MethodInvocationHelper.java:86)
	at org.testng.internal.Invoker.invokeMethod(Invoker.java:643)
	at org.testng.internal.Invoker.invokeTestMethod(Invoker.java:820)
	at org.testng.internal.Invoker.invokeTestMethods(Invoker.java:1128)
	at org.testng.internal.TestMethodWorker.invokeTestMethods(TestMethodWorker.java:129)
	at org.testng.internal.TestMethodWorker.run(TestMethodWorker.java:112)
	at org.testng.TestRunner.privateRun(TestRunner.java:782)
	at org.testng.TestRunner.run(TestRunner.java:632)
	at org.testng.SuiteRunner.runTest(SuiteRunner.java:366)
	at org.testng.SuiteRunner.runSequentially(SuiteRunner.java:361)
	at org.testng.SuiteRunner.privateRun(SuiteRunner.java:319)
	at org.testng.SuiteRunner.run(SuiteRunner.java:268)
	at org.testng.SuiteRunnerWorker.runSuite(SuiteRunnerWorker.java:52)
	at org.testng.SuiteRunnerWorker.run(SuiteRunnerWorker.java:86)
	at org.testng.TestNG.runSuitesSequentially(TestNG.java:1244)
	at org.testng.TestNG.runSuitesLocally(TestNG.java:1169)
	at org.testng.TestNG.run(TestNG.java:1064)
	at com.ibmwatsonhealth.devopsservices.swaggertestasset.swaggerParserUtility.SwaggerExecutionEngine.executeTestFramework(SwaggerExecutionEngine.java:36)
	at com.ibmwatsonhealth.devopsservices.swaggertestasset.swaggerParserUtility.SwaggerUtility.executeTestFramework(SwaggerUtility.java:2259)
	at com.ibmwatsonhealth.devopsservices.swaggertestasset.swaggerParserUtility.TestController.main(TestController.java:25)
]]>
    </failure>
  </testcase> <!-- /pet/{petId}/uploadImage,post -->
  <testcase name="/store/order,post" time="0.002" classname="com.ibmwatsonhealth.devopsservices.swaggertestasset.swaggerParserUtility.TestNGTestSuite">
    <failure type="java.lang.AssertionError" message="DOCUMENTATION FAILURE: Swagger specification is missing data format consumed by request">
      <![CDATA[java.lang.AssertionError: DOCUMENTATION FAILURE: Swagger specification is missing data format consumed by request
	at org.testng.Assert.fail(Assert.java:94)
	at com.ibmwatsonhealth.devopsservices.swaggertestasset.swaggerParserUtility.TestNGTestSuite.executeRestfulTest(TestNGTestSuite.java:331)
	at sun.reflect.NativeMethodAccessorImpl.invoke0(Native Method)
	at sun.reflect.NativeMethodAccessorImpl.invoke(NativeMethodAccessorImpl.java:62)
	at sun.reflect.DelegatingMethodAccessorImpl.invoke(DelegatingMethodAccessorImpl.java:43)
	at java.lang.reflect.Method.invoke(Method.java:498)
	at org.testng.internal.MethodInvocationHelper.invokeMethod(MethodInvocationHelper.java:86)
	at org.testng.internal.Invoker.invokeMethod(Invoker.java:643)
	at org.testng.internal.Invoker.invokeTestMethod(Invoker.java:820)
	at org.testng.internal.Invoker.invokeTestMethods(Invoker.java:1128)
	at org.testng.internal.TestMethodWorker.invokeTestMethods(TestMethodWorker.java:129)
	at org.testng.internal.TestMethodWorker.run(TestMethodWorker.java:112)
	at org.testng.TestRunner.privateRun(TestRunner.java:782)
	at org.testng.TestRunner.run(TestRunner.java:632)
	at org.testng.SuiteRunner.runTest(SuiteRunner.java:366)
	at org.testng.SuiteRunner.runSequentially(SuiteRunner.java:361)
	at org.testng.SuiteRunner.privateRun(SuiteRunner.java:319)
	at org.testng.SuiteRunner.run(SuiteRunner.java:268)
	at org.testng.SuiteRunnerWorker.runSuite(SuiteRunnerWorker.java:52)
	at org.testng.SuiteRunnerWorker.run(SuiteRunnerWorker.java:86)
	at org.testng.TestNG.runSuitesSequentially(TestNG.java:1244)
	at org.testng.TestNG.runSuitesLocally(TestNG.java:1169)
	at org.testng.TestNG.run(TestNG.java:1064)
	at com.ibmwatsonhealth.devopsservices.swaggertestasset.swaggerParserUtility.SwaggerExecutionEngine.executeTestFramework(SwaggerExecutionEngine.java:36)
	at com.ibmwatsonhealth.devopsservices.swaggertestasset.swaggerParserUtility.SwaggerUtility.executeTestFramework(SwaggerUtility.java:2259)
	at com.ibmwatsonhealth.devopsservices.swaggertestasset.swaggerParserUtility.TestController.main(TestController.java:25)
]]>
    </failure>
  </testcase> <!-- /store/order,post -->
  <testcase name="/user,post" time="0.001" classname="com.ibmwatsonhealth.devopsservices.swaggertestasset.swaggerParserUtility.TestNGTestSuite">
    <failure type="java.lang.AssertionError" message="DOCUMENTATION FAILURE: Swagger specification is missing data format consumed by request">
      <![CDATA[java.lang.AssertionError: DOCUMENTATION FAILURE: Swagger specification is missing data format consumed by request
	at org.testng.Assert.fail(Assert.java:94)
	at com.ibmwatsonhealth.devopsservices.swaggertestasset.swaggerParserUtility.TestNGTestSuite.executeRestfulTest(TestNGTestSuite.java:331)
	at sun.reflect.NativeMethodAccessorImpl.invoke0(Native Method)
	at sun.reflect.NativeMethodAccessorImpl.invoke(NativeMethodAccessorImpl.java:62)
	at sun.reflect.DelegatingMethodAccessorImpl.invoke(DelegatingMethodAccessorImpl.java:43)
	at java.lang.reflect.Method.invoke(Method.java:498)
	at org.testng.internal.MethodInvocationHelper.invokeMethod(MethodInvocationHelper.java:86)
	at org.testng.internal.Invoker.invokeMethod(Invoker.java:643)
	at org.testng.internal.Invoker.invokeTestMethod(Invoker.java:820)
	at org.testng.internal.Invoker.invokeTestMethods(Invoker.java:1128)
	at org.testng.internal.TestMethodWorker.invokeTestMethods(TestMethodWorker.java:129)
	at org.testng.internal.TestMethodWorker.run(TestMethodWorker.java:112)
	at org.testng.TestRunner.privateRun(TestRunner.java:782)
	at org.testng.TestRunner.run(TestRunner.java:632)
	at org.testng.SuiteRunner.runTest(SuiteRunner.java:366)
	at org.testng.SuiteRunner.runSequentially(SuiteRunner.java:361)
	at org.testng.SuiteRunner.privateRun(SuiteRunner.java:319)
	at org.testng.SuiteRunner.run(SuiteRunner.java:268)
	at org.testng.SuiteRunnerWorker.runSuite(SuiteRunnerWorker.java:52)
	at org.testng.SuiteRunnerWorker.run(SuiteRunnerWorker.java:86)
	at org.testng.TestNG.runSuitesSequentially(TestNG.java:1244)
	at org.testng.TestNG.runSuitesLocally(TestNG.java:1169)
	at org.testng.TestNG.run(TestNG.java:1064)
	at com.ibmwatsonhealth.devopsservices.swaggertestasset.swaggerParserUtility.SwaggerExecutionEngine.executeTestFramework(SwaggerExecutionEngine.java:36)
	at com.ibmwatsonhealth.devopsservices.swaggertestasset.swaggerParserUtility.SwaggerUtility.executeTestFramework(SwaggerUtility.java:2259)
	at com.ibmwatsonhealth.devopsservices.swaggertestasset.swaggerParserUtility.TestController.main(TestController.java:25)
]]>
    </failure>
  </testcase> <!-- /user,post -->
  <testcase name="/user/createWithArray,post" time="0.001" classname="com.ibmwatsonhealth.devopsservices.swaggertestasset.swaggerParserUtility.TestNGTestSuite">
    <failure type="java.lang.AssertionError" message="DOCUMENTATION FAILURE: Swagger specification is missing data format consumed by request">
      <![CDATA[java.lang.AssertionError: DOCUMENTATION FAILURE: Swagger specification is missing data format consumed by request
	at org.testng.Assert.fail(Assert.java:94)
	at com.ibmwatsonhealth.devopsservices.swaggertestasset.swaggerParserUtility.TestNGTestSuite.executeRestfulTest(TestNGTestSuite.java:331)
	at sun.reflect.NativeMethodAccessorImpl.invoke0(Native Method)
	at sun.reflect.NativeMethodAccessorImpl.invoke(NativeMethodAccessorImpl.java:62)
	at sun.reflect.DelegatingMethodAccessorImpl.invoke(DelegatingMethodAccessorImpl.java:43)
	at java.lang.reflect.Method.invoke(Method.java:498)
	at org.testng.internal.MethodInvocationHelper.invokeMethod(MethodInvocationHelper.java:86)
	at org.testng.internal.Invoker.invokeMethod(Invoker.java:643)
	at org.testng.internal.Invoker.invokeTestMethod(Invoker.java:820)
	at org.testng.internal.Invoker.invokeTestMethods(Invoker.java:1128)
	at org.testng.internal.TestMethodWorker.invokeTestMethods(TestMethodWorker.java:129)
	at org.testng.internal.TestMethodWorker.run(TestMethodWorker.java:112)
	at org.testng.TestRunner.privateRun(TestRunner.java:782)
	at org.testng.TestRunner.run(TestRunner.java:632)
	at org.testng.SuiteRunner.runTest(SuiteRunner.java:366)
	at org.testng.SuiteRunner.runSequentially(SuiteRunner.java:361)
	at org.testng.SuiteRunner.privateRun(SuiteRunner.java:319)
	at org.testng.SuiteRunner.run(SuiteRunner.java:268)
	at org.testng.SuiteRunnerWorker.runSuite(SuiteRunnerWorker.java:52)
	at org.testng.SuiteRunnerWorker.run(SuiteRunnerWorker.java:86)
	at org.testng.TestNG.runSuitesSequentially(TestNG.java:1244)
	at org.testng.TestNG.runSuitesLocally(TestNG.java:1169)
	at org.testng.TestNG.run(TestNG.java:1064)
	at com.ibmwatsonhealth.devopsservices.swaggertestasset.swaggerParserUtility.SwaggerExecutionEngine.executeTestFramework(SwaggerExecutionEngine.java:36)
	at com.ibmwatsonhealth.devopsservices.swaggertestasset.swaggerParserUtility.SwaggerUtility.executeTestFramework(SwaggerUtility.java:2259)
	at com.ibmwatsonhealth.devopsservices.swaggertestasset.swaggerParserUtility.TestController.main(TestController.java:25)
]]>
    </failure>
  </testcase> <!-- /user/createWithArray,post -->
  <testcase name="/user/createWithList,post" time="0.001" classname="com.ibmwatsonhealth.devopsservices.swaggertestasset.swaggerParserUtility.TestNGTestSuite">
    <failure type="java.lang.AssertionError" message="DOCUMENTATION FAILURE: Swagger specification is missing data format consumed by request">
      <![CDATA[java.lang.AssertionError: DOCUMENTATION FAILURE: Swagger specification is missing data format consumed by request
	at org.testng.Assert.fail(Assert.java:94)
	at com.ibmwatsonhealth.devopsservices.swaggertestasset.swaggerParserUtility.TestNGTestSuite.executeRestfulTest(TestNGTestSuite.java:331)
	at sun.reflect.NativeMethodAccessorImpl.invoke0(Native Method)
	at sun.reflect.NativeMethodAccessorImpl.invoke(NativeMethodAccessorImpl.java:62)
	at sun.reflect.DelegatingMethodAccessorImpl.invoke(DelegatingMethodAccessorImpl.java:43)
	at java.lang.reflect.Method.invoke(Method.java:498)
	at org.testng.internal.MethodInvocationHelper.invokeMethod(MethodInvocationHelper.java:86)
	at org.testng.internal.Invoker.invokeMethod(Invoker.java:643)
	at org.testng.internal.Invoker.invokeTestMethod(Invoker.java:820)
	at org.testng.internal.Invoker.invokeTestMethods(Invoker.java:1128)
	at org.testng.internal.TestMethodWorker.invokeTestMethods(TestMethodWorker.java:129)
	at org.testng.internal.TestMethodWorker.run(TestMethodWorker.java:112)
	at org.testng.TestRunner.privateRun(TestRunner.java:782)
	at org.testng.TestRunner.run(TestRunner.java:632)
	at org.testng.SuiteRunner.runTest(SuiteRunner.java:366)
	at org.testng.SuiteRunner.runSequentially(SuiteRunner.java:361)
	at org.testng.SuiteRunner.privateRun(SuiteRunner.java:319)
	at org.testng.SuiteRunner.run(SuiteRunner.java:268)
	at org.testng.SuiteRunnerWorker.runSuite(SuiteRunnerWorker.java:52)
	at org.testng.SuiteRunnerWorker.run(SuiteRunnerWorker.java:86)
	at org.testng.TestNG.runSuitesSequentially(TestNG.java:1244)
	at org.testng.TestNG.runSuitesLocally(TestNG.java:1169)
	at org.testng.TestNG.run(TestNG.java:1064)
	at com.ibmwatsonhealth.devopsservices.swaggertestasset.swaggerParserUtility.SwaggerExecutionEngine.executeTestFramework(SwaggerExecutionEngine.java:36)
	at com.ibmwatsonhealth.devopsservices.swaggertestasset.swaggerParserUtility.SwaggerUtility.executeTestFramework(SwaggerUtility.java:2259)
	at com.ibmwatsonhealth.devopsservices.swaggertestasset.swaggerParserUtility.TestController.main(TestController.java:25)
]]>
    </failure>
  </testcase> <!-- /user/createWithList,post -->
  <testcase name="/pet,put" time="0.102" classname="com.ibmwatsonhealth.devopsservices.swaggertestasset.swaggerParserUtility.TestNGTestSuite"/>
  <testcase name="/user/{username},put" time="0.0" classname="com.ibmwatsonhealth.devopsservices.swaggertestasset.swaggerParserUtility.TestNGTestSuite">
    <failure type="java.lang.AssertionError" message="Mandatory Parameters not resolved successfully in Swagger Specification file for path: /user/{username} operation: put">
      <![CDATA[java.lang.AssertionError: Mandatory Parameters not resolved successfully in Swagger Specification file for path: /user/{username} operation: put
	at org.testng.Assert.fail(Assert.java:94)
	at com.ibmwatsonhealth.devopsservices.swaggertestasset.swaggerParserUtility.TestNGTestSuite.executeRestfulTest(TestNGTestSuite.java:274)
	at sun.reflect.NativeMethodAccessorImpl.invoke0(Native Method)
	at sun.reflect.NativeMethodAccessorImpl.invoke(NativeMethodAccessorImpl.java:62)
	at sun.reflect.DelegatingMethodAccessorImpl.invoke(DelegatingMethodAccessorImpl.java:43)
	at java.lang.reflect.Method.invoke(Method.java:498)
	at org.testng.internal.MethodInvocationHelper.invokeMethod(MethodInvocationHelper.java:86)
	at org.testng.internal.Invoker.invokeMethod(Invoker.java:643)
	at org.testng.internal.Invoker.invokeTestMethod(Invoker.java:820)
	at org.testng.internal.Invoker.invokeTestMethods(Invoker.java:1128)
	at org.testng.internal.TestMethodWorker.invokeTestMethods(TestMethodWorker.java:129)
	at org.testng.internal.TestMethodWorker.run(TestMethodWorker.java:112)
	at org.testng.TestRunner.privateRun(TestRunner.java:782)
	at org.testng.TestRunner.run(TestRunner.java:632)
	at org.testng.SuiteRunner.runTest(SuiteRunner.java:366)
	at org.testng.SuiteRunner.runSequentially(SuiteRunner.java:361)
	at org.testng.SuiteRunner.privateRun(SuiteRunner.java:319)
	at org.testng.SuiteRunner.run(SuiteRunner.java:268)
	at org.testng.SuiteRunnerWorker.runSuite(SuiteRunnerWorker.java:52)
	at org.testng.SuiteRunnerWorker.run(SuiteRunnerWorker.java:86)
	at org.testng.TestNG.runSuitesSequentially(TestNG.java:1244)
	at org.testng.TestNG.runSuitesLocally(TestNG.java:1169)
	at org.testng.TestNG.run(TestNG.java:1064)
	at com.ibmwatsonhealth.devopsservices.swaggertestasset.swaggerParserUtility.SwaggerExecutionEngine.executeTestFramework(SwaggerExecutionEngine.java:36)
	at com.ibmwatsonhealth.devopsservices.swaggertestasset.swaggerParserUtility.SwaggerUtility.executeTestFramework(SwaggerUtility.java:2259)
	at com.ibmwatsonhealth.devopsservices.swaggertestasset.swaggerParserUtility.TestController.main(TestController.java:25)
]]>
    </failure>
  </testcase> <!-- /user/{username},put -->
  <testcase name="/pet/findByStatus,get" time="0.0" classname="com.ibmwatsonhealth.devopsservices.swaggertestasset.swaggerParserUtility.TestNGTestSuite">
    <failure type="java.lang.AssertionError" message="Mandatory Parameters not resolved successfully in Swagger Specification file for path: /pet/findByStatus operation: get">
      <![CDATA[java.lang.AssertionError: Mandatory Parameters not resolved successfully in Swagger Specification file for path: /pet/findByStatus operation: get
	at org.testng.Assert.fail(Assert.java:94)
	at com.ibmwatsonhealth.devopsservices.swaggertestasset.swaggerParserUtility.TestNGTestSuite.executeRestfulTest(TestNGTestSuite.java:126)
	at sun.reflect.NativeMethodAccessorImpl.invoke0(Native Method)
	at sun.reflect.NativeMethodAccessorImpl.invoke(NativeMethodAccessorImpl.java:62)
	at sun.reflect.DelegatingMethodAccessorImpl.invoke(DelegatingMethodAccessorImpl.java:43)
	at java.lang.reflect.Method.invoke(Method.java:498)
	at org.testng.internal.MethodInvocationHelper.invokeMethod(MethodInvocationHelper.java:86)
	at org.testng.internal.Invoker.invokeMethod(Invoker.java:643)
	at org.testng.internal.Invoker.invokeTestMethod(Invoker.java:820)
	at org.testng.internal.Invoker.invokeTestMethods(Invoker.java:1128)
	at org.testng.internal.TestMethodWorker.invokeTestMethods(TestMethodWorker.java:129)
	at org.testng.internal.TestMethodWorker.run(TestMethodWorker.java:112)
	at org.testng.TestRunner.privateRun(TestRunner.java:782)
	at org.testng.TestRunner.run(TestRunner.java:632)
	at org.testng.SuiteRunner.runTest(SuiteRunner.java:366)
	at org.testng.SuiteRunner.runSequentially(SuiteRunner.java:361)
	at org.testng.SuiteRunner.privateRun(SuiteRunner.java:319)
	at org.testng.SuiteRunner.run(SuiteRunner.java:268)
	at org.testng.SuiteRunnerWorker.runSuite(SuiteRunnerWorker.java:52)
	at org.testng.SuiteRunnerWorker.run(SuiteRunnerWorker.java:86)
	at org.testng.TestNG.runSuitesSequentially(TestNG.java:1244)
	at org.testng.TestNG.runSuitesLocally(TestNG.java:1169)
	at org.testng.TestNG.run(TestNG.java:1064)
	at com.ibmwatsonhealth.devopsservices.swaggertestasset.swaggerParserUtility.SwaggerExecutionEngine.executeTestFramework(SwaggerExecutionEngine.java:36)
	at com.ibmwatsonhealth.devopsservices.swaggertestasset.swaggerParserUtility.SwaggerUtility.executeTestFramework(SwaggerUtility.java:2259)
	at com.ibmwatsonhealth.devopsservices.swaggertestasset.swaggerParserUtility.TestController.main(TestController.java:25)
]]>
    </failure>
  </testcase> <!-- /pet/findByStatus,get -->
  <testcase name="/pet/findByTags,get" time="0.0" classname="com.ibmwatsonhealth.devopsservices.swaggertestasset.swaggerParserUtility.TestNGTestSuite">
    <failure type="java.lang.AssertionError" message="Mandatory Parameters not resolved successfully in Swagger Specification file for path: /pet/findByTags operation: get">
      <![CDATA[java.lang.AssertionError: Mandatory Parameters not resolved successfully in Swagger Specification file for path: /pet/findByTags operation: get
	at org.testng.Assert.fail(Assert.java:94)
	at com.ibmwatsonhealth.devopsservices.swaggertestasset.swaggerParserUtility.TestNGTestSuite.executeRestfulTest(TestNGTestSuite.java:126)
	at sun.reflect.NativeMethodAccessorImpl.invoke0(Native Method)
	at sun.reflect.NativeMethodAccessorImpl.invoke(NativeMethodAccessorImpl.java:62)
	at sun.reflect.DelegatingMethodAccessorImpl.invoke(DelegatingMethodAccessorImpl.java:43)
	at java.lang.reflect.Method.invoke(Method.java:498)
	at org.testng.internal.MethodInvocationHelper.invokeMethod(MethodInvocationHelper.java:86)
	at org.testng.internal.Invoker.invokeMethod(Invoker.java:643)
	at org.testng.internal.Invoker.invokeTestMethod(Invoker.java:820)
	at org.testng.internal.Invoker.invokeTestMethods(Invoker.java:1128)
	at org.testng.internal.TestMethodWorker.invokeTestMethods(TestMethodWorker.java:129)
	at org.testng.internal.TestMethodWorker.run(TestMethodWorker.java:112)
	at org.testng.TestRunner.privateRun(TestRunner.java:782)
	at org.testng.TestRunner.run(TestRunner.java:632)
	at org.testng.SuiteRunner.runTest(SuiteRunner.java:366)
	at org.testng.SuiteRunner.runSequentially(SuiteRunner.java:361)
	at org.testng.SuiteRunner.privateRun(SuiteRunner.java:319)
	at org.testng.SuiteRunner.run(SuiteRunner.java:268)
	at org.testng.SuiteRunnerWorker.runSuite(SuiteRunnerWorker.java:52)
	at org.testng.SuiteRunnerWorker.run(SuiteRunnerWorker.java:86)
	at org.testng.TestNG.runSuitesSequentially(TestNG.java:1244)
	at org.testng.TestNG.runSuitesLocally(TestNG.java:1169)
	at org.testng.TestNG.run(TestNG.java:1064)
	at com.ibmwatsonhealth.devopsservices.swaggertestasset.swaggerParserUtility.SwaggerExecutionEngine.executeTestFramework(SwaggerExecutionEngine.java:36)
	at com.ibmwatsonhealth.devopsservices.swaggertestasset.swaggerParserUtility.SwaggerUtility.executeTestFramework(SwaggerUtility.java:2259)
	at com.ibmwatsonhealth.devopsservices.swaggertestasset.swaggerParserUtility.TestController.main(TestController.java:25)
]]>
    </failure>
  </testcase> <!-- /pet/findByTags,get -->
  <testcase name="/pet/{petId},get" time="0.0" classname="com.ibmwatsonhealth.devopsservices.swaggertestasset.swaggerParserUtility.TestNGTestSuite">
    <failure type="java.lang.AssertionError" message="Mandatory Parameters not resolved successfully in Swagger Specification file for path: /pet/{petId} operation: get">
      <![CDATA[java.lang.AssertionError: Mandatory Parameters not resolved successfully in Swagger Specification file for path: /pet/{petId} operation: get
	at org.testng.Assert.fail(Assert.java:94)
	at com.ibmwatsonhealth.devopsservices.swaggertestasset.swaggerParserUtility.TestNGTestSuite.executeRestfulTest(TestNGTestSuite.java:126)
	at sun.reflect.NativeMethodAccessorImpl.invoke0(Native Method)
	at sun.reflect.NativeMethodAccessorImpl.invoke(NativeMethodAccessorImpl.java:62)
	at sun.reflect.DelegatingMethodAccessorImpl.invoke(DelegatingMethodAccessorImpl.java:43)
	at java.lang.reflect.Method.invoke(Method.java:498)
	at org.testng.internal.MethodInvocationHelper.invokeMethod(MethodInvocationHelper.java:86)
	at org.testng.internal.Invoker.invokeMethod(Invoker.java:643)
	at org.testng.internal.Invoker.invokeTestMethod(Invoker.java:820)
	at org.testng.internal.Invoker.invokeTestMethods(Invoker.java:1128)
	at org.testng.internal.TestMethodWorker.invokeTestMethods(TestMethodWorker.java:129)
	at org.testng.internal.TestMethodWorker.run(TestMethodWorker.java:112)
	at org.testng.TestRunner.privateRun(TestRunner.java:782)
	at org.testng.TestRunner.run(TestRunner.java:632)
	at org.testng.SuiteRunner.runTest(SuiteRunner.java:366)
	at org.testng.SuiteRunner.runSequentially(SuiteRunner.java:361)
	at org.testng.SuiteRunner.privateRun(SuiteRunner.java:319)
	at org.testng.SuiteRunner.run(SuiteRunner.java:268)
	at org.testng.SuiteRunnerWorker.runSuite(SuiteRunnerWorker.java:52)
	at org.testng.SuiteRunnerWorker.run(SuiteRunnerWorker.java:86)
	at org.testng.TestNG.runSuitesSequentially(TestNG.java:1244)
	at org.testng.TestNG.runSuitesLocally(TestNG.java:1169)
	at org.testng.TestNG.run(TestNG.java:1064)
	at com.ibmwatsonhealth.devopsservices.swaggertestasset.swaggerParserUtility.SwaggerExecutionEngine.executeTestFramework(SwaggerExecutionEngine.java:36)
	at com.ibmwatsonhealth.devopsservices.swaggertestasset.swaggerParserUtility.SwaggerUtility.executeTestFramework(SwaggerUtility.java:2259)
	at com.ibmwatsonhealth.devopsservices.swaggertestasset.swaggerParserUtility.TestController.main(TestController.java:25)
]]>
    </failure>
  </testcase> <!-- /pet/{petId},get -->
  <testcase name="/store/inventory,get" time="0.064" classname="com.ibmwatsonhealth.devopsservices.swaggertestasset.swaggerParserUtility.TestNGTestSuite"/>
  <testcase name="/store/order/{orderId},get" time="0.0" classname="com.ibmwatsonhealth.devopsservices.swaggertestasset.swaggerParserUtility.TestNGTestSuite">
    <failure type="java.lang.AssertionError" message="Mandatory Parameters not resolved successfully in Swagger Specification file for path: /store/order/{orderId} operation: get">
      <![CDATA[java.lang.AssertionError: Mandatory Parameters not resolved successfully in Swagger Specification file for path: /store/order/{orderId} operation: get
	at org.testng.Assert.fail(Assert.java:94)
	at com.ibmwatsonhealth.devopsservices.swaggertestasset.swaggerParserUtility.TestNGTestSuite.executeRestfulTest(TestNGTestSuite.java:126)
	at sun.reflect.NativeMethodAccessorImpl.invoke0(Native Method)
	at sun.reflect.NativeMethodAccessorImpl.invoke(NativeMethodAccessorImpl.java:62)
	at sun.reflect.DelegatingMethodAccessorImpl.invoke(DelegatingMethodAccessorImpl.java:43)
	at java.lang.reflect.Method.invoke(Method.java:498)
	at org.testng.internal.MethodInvocationHelper.invokeMethod(MethodInvocationHelper.java:86)
	at org.testng.internal.Invoker.invokeMethod(Invoker.java:643)
	at org.testng.internal.Invoker.invokeTestMethod(Invoker.java:820)
	at org.testng.internal.Invoker.invokeTestMethods(Invoker.java:1128)
	at org.testng.internal.TestMethodWorker.invokeTestMethods(TestMethodWorker.java:129)
	at org.testng.internal.TestMethodWorker.run(TestMethodWorker.java:112)
	at org.testng.TestRunner.privateRun(TestRunner.java:782)
	at org.testng.TestRunner.run(TestRunner.java:632)
	at org.testng.SuiteRunner.runTest(SuiteRunner.java:366)
	at org.testng.SuiteRunner.runSequentially(SuiteRunner.java:361)
	at org.testng.SuiteRunner.privateRun(SuiteRunner.java:319)
	at org.testng.SuiteRunner.run(SuiteRunner.java:268)
	at org.testng.SuiteRunnerWorker.runSuite(SuiteRunnerWorker.java:52)
	at org.testng.SuiteRunnerWorker.run(SuiteRunnerWorker.java:86)
	at org.testng.TestNG.runSuitesSequentially(TestNG.java:1244)
	at org.testng.TestNG.runSuitesLocally(TestNG.java:1169)
	at org.testng.TestNG.run(TestNG.java:1064)
	at com.ibmwatsonhealth.devopsservices.swaggertestasset.swaggerParserUtility.SwaggerExecutionEngine.executeTestFramework(SwaggerExecutionEngine.java:36)
	at com.ibmwatsonhealth.devopsservices.swaggertestasset.swaggerParserUtility.SwaggerUtility.executeTestFramework(SwaggerUtility.java:2259)
	at com.ibmwatsonhealth.devopsservices.swaggertestasset.swaggerParserUtility.TestController.main(TestController.java:25)
]]>
    </failure>
  </testcase> <!-- /store/order/{orderId},get -->
  <testcase name="/user/login,get" time="0.0" classname="com.ibmwatsonhealth.devopsservices.swaggertestasset.swaggerParserUtility.TestNGTestSuite">
    <failure type="java.lang.AssertionError" message="Mandatory Parameters not resolved successfully in Swagger Specification file for path: /user/login operation: get">
      <![CDATA[java.lang.AssertionError: Mandatory Parameters not resolved successfully in Swagger Specification file for path: /user/login operation: get
	at org.testng.Assert.fail(Assert.java:94)
	at com.ibmwatsonhealth.devopsservices.swaggertestasset.swaggerParserUtility.TestNGTestSuite.executeRestfulTest(TestNGTestSuite.java:126)
	at sun.reflect.NativeMethodAccessorImpl.invoke0(Native Method)
	at sun.reflect.NativeMethodAccessorImpl.invoke(NativeMethodAccessorImpl.java:62)
	at sun.reflect.DelegatingMethodAccessorImpl.invoke(DelegatingMethodAccessorImpl.java:43)
	at java.lang.reflect.Method.invoke(Method.java:498)
	at org.testng.internal.MethodInvocationHelper.invokeMethod(MethodInvocationHelper.java:86)
	at org.testng.internal.Invoker.invokeMethod(Invoker.java:643)
	at org.testng.internal.Invoker.invokeTestMethod(Invoker.java:820)
	at org.testng.internal.Invoker.invokeTestMethods(Invoker.java:1128)
	at org.testng.internal.TestMethodWorker.invokeTestMethods(TestMethodWorker.java:129)
	at org.testng.internal.TestMethodWorker.run(TestMethodWorker.java:112)
	at org.testng.TestRunner.privateRun(TestRunner.java:782)
	at org.testng.TestRunner.run(TestRunner.java:632)
	at org.testng.SuiteRunner.runTest(SuiteRunner.java:366)
	at org.testng.SuiteRunner.runSequentially(SuiteRunner.java:361)
	at org.testng.SuiteRunner.privateRun(SuiteRunner.java:319)
	at org.testng.SuiteRunner.run(SuiteRunner.java:268)
	at org.testng.SuiteRunnerWorker.runSuite(SuiteRunnerWorker.java:52)
	at org.testng.SuiteRunnerWorker.run(SuiteRunnerWorker.java:86)
	at org.testng.TestNG.runSuitesSequentially(TestNG.java:1244)
	at org.testng.TestNG.runSuitesLocally(TestNG.java:1169)
	at org.testng.TestNG.run(TestNG.java:1064)
	at com.ibmwatsonhealth.devopsservices.swaggertestasset.swaggerParserUtility.SwaggerExecutionEngine.executeTestFramework(SwaggerExecutionEngine.java:36)
	at com.ibmwatsonhealth.devopsservices.swaggertestasset.swaggerParserUtility.SwaggerUtility.executeTestFramework(SwaggerUtility.java:2259)
	at com.ibmwatsonhealth.devopsservices.swaggertestasset.swaggerParserUtility.TestController.main(TestController.java:25)
]]>
    </failure>
  </testcase> <!-- /user/login,get -->
  <testcase name="/user/logout,get" time="0.051" classname="com.ibmwatsonhealth.devopsservices.swaggertestasset.swaggerParserUtility.TestNGTestSuite"/>
  <testcase name="/user/{username},get" time="0.0" classname="com.ibmwatsonhealth.devopsservices.swaggertestasset.swaggerParserUtility.TestNGTestSuite">
    <failure type="java.lang.AssertionError" message="Mandatory Parameters not resolved successfully in Swagger Specification file for path: /user/{username} operation: get">
      <![CDATA[java.lang.AssertionError: Mandatory Parameters not resolved successfully in Swagger Specification file for path: /user/{username} operation: get
	at org.testng.Assert.fail(Assert.java:94)
	at com.ibmwatsonhealth.devopsservices.swaggertestasset.swaggerParserUtility.TestNGTestSuite.executeRestfulTest(TestNGTestSuite.java:126)
	at sun.reflect.GeneratedMethodAccessor43.invoke(Unknown Source)
	at sun.reflect.DelegatingMethodAccessorImpl.invoke(DelegatingMethodAccessorImpl.java:43)
	at java.lang.reflect.Method.invoke(Method.java:498)
	at org.testng.internal.MethodInvocationHelper.invokeMethod(MethodInvocationHelper.java:86)
	at org.testng.internal.Invoker.invokeMethod(Invoker.java:643)
	at org.testng.internal.Invoker.invokeTestMethod(Invoker.java:820)
	at org.testng.internal.Invoker.invokeTestMethods(Invoker.java:1128)
	at org.testng.internal.TestMethodWorker.invokeTestMethods(TestMethodWorker.java:129)
	at org.testng.internal.TestMethodWorker.run(TestMethodWorker.java:112)
	at org.testng.TestRunner.privateRun(TestRunner.java:782)
	at org.testng.TestRunner.run(TestRunner.java:632)
	at org.testng.SuiteRunner.runTest(SuiteRunner.java:366)
	at org.testng.SuiteRunner.runSequentially(SuiteRunner.java:361)
	at org.testng.SuiteRunner.privateRun(SuiteRunner.java:319)
	at org.testng.SuiteRunner.run(SuiteRunner.java:268)
	at org.testng.SuiteRunnerWorker.runSuite(SuiteRunnerWorker.java:52)
	at org.testng.SuiteRunnerWorker.run(SuiteRunnerWorker.java:86)
	at org.testng.TestNG.runSuitesSequentially(TestNG.java:1244)
	at org.testng.TestNG.runSuitesLocally(TestNG.java:1169)
	at org.testng.TestNG.run(TestNG.java:1064)
	at com.ibmwatsonhealth.devopsservices.swaggertestasset.swaggerParserUtility.SwaggerExecutionEngine.executeTestFramework(SwaggerExecutionEngine.java:36)
	at com.ibmwatsonhealth.devopsservices.swaggertestasset.swaggerParserUtility.SwaggerUtility.executeTestFramework(SwaggerUtility.java:2259)
	at com.ibmwatsonhealth.devopsservices.swaggertestasset.swaggerParserUtility.TestController.main(TestController.java:25)
]]>
    </failure>
  </testcase> <!-- /user/{username},get -->
  <testcase name="/pet/{petId},delete" time="0.0" classname="com.ibmwatsonhealth.devopsservices.swaggertestasset.swaggerParserUtility.TestNGTestSuite">
    <failure type="java.lang.AssertionError" message="Mandatory Parameters not resolved successfully in Swagger Specification file for path: /pet/{petId} operation: delete">
      <![CDATA[java.lang.AssertionError: Mandatory Parameters not resolved successfully in Swagger Specification file for path: /pet/{petId} operation: delete
	at org.testng.Assert.fail(Assert.java:94)
	at com.ibmwatsonhealth.devopsservices.swaggertestasset.swaggerParserUtility.TestNGTestSuite.executeRestfulTest(TestNGTestSuite.java:317)
	at sun.reflect.GeneratedMethodAccessor43.invoke(Unknown Source)
	at sun.reflect.DelegatingMethodAccessorImpl.invoke(DelegatingMethodAccessorImpl.java:43)
	at java.lang.reflect.Method.invoke(Method.java:498)
	at org.testng.internal.MethodInvocationHelper.invokeMethod(MethodInvocationHelper.java:86)
	at org.testng.internal.Invoker.invokeMethod(Invoker.java:643)
	at org.testng.internal.Invoker.invokeTestMethod(Invoker.java:820)
	at org.testng.internal.Invoker.invokeTestMethods(Invoker.java:1128)
	at org.testng.internal.TestMethodWorker.invokeTestMethods(TestMethodWorker.java:129)
	at org.testng.internal.TestMethodWorker.run(TestMethodWorker.java:112)
	at org.testng.TestRunner.privateRun(TestRunner.java:782)
	at org.testng.TestRunner.run(TestRunner.java:632)
	at org.testng.SuiteRunner.runTest(SuiteRunner.java:366)
	at org.testng.SuiteRunner.runSequentially(SuiteRunner.java:361)
	at org.testng.SuiteRunner.privateRun(SuiteRunner.java:319)
	at org.testng.SuiteRunner.run(SuiteRunner.java:268)
	at org.testng.SuiteRunnerWorker.runSuite(SuiteRunnerWorker.java:52)
	at org.testng.SuiteRunnerWorker.run(SuiteRunnerWorker.java:86)
	at org.testng.TestNG.runSuitesSequentially(TestNG.java:1244)
	at org.testng.TestNG.runSuitesLocally(TestNG.java:1169)
	at org.testng.TestNG.run(TestNG.java:1064)
	at com.ibmwatsonhealth.devopsservices.swaggertestasset.swaggerParserUtility.SwaggerExecutionEngine.executeTestFramework(SwaggerExecutionEngine.java:36)
	at com.ibmwatsonhealth.devopsservices.swaggertestasset.swaggerParserUtility.SwaggerUtility.executeTestFramework(SwaggerUtility.java:2259)
	at com.ibmwatsonhealth.devopsservices.swaggertestasset.swaggerParserUtility.TestController.main(TestController.java:25)
]]>
    </failure>
  </testcase> <!-- /pet/{petId},delete -->
  <testcase name="/store/order/{orderId},delete" time="0.0" classname="com.ibmwatsonhealth.devopsservices.swaggertestasset.swaggerParserUtility.TestNGTestSuite">
    <failure type="java.lang.AssertionError" message="Mandatory Parameters not resolved successfully in Swagger Specification file for path: /store/order/{orderId} operation: delete">
      <![CDATA[java.lang.AssertionError: Mandatory Parameters not resolved successfully in Swagger Specification file for path: /store/order/{orderId} operation: delete
	at org.testng.Assert.fail(Assert.java:94)
	at com.ibmwatsonhealth.devopsservices.swaggertestasset.swaggerParserUtility.TestNGTestSuite.executeRestfulTest(TestNGTestSuite.java:317)
	at sun.reflect.GeneratedMethodAccessor43.invoke(Unknown Source)
	at sun.reflect.DelegatingMethodAccessorImpl.invoke(DelegatingMethodAccessorImpl.java:43)
	at java.lang.reflect.Method.invoke(Method.java:498)
	at org.testng.internal.MethodInvocationHelper.invokeMethod(MethodInvocationHelper.java:86)
	at org.testng.internal.Invoker.invokeMethod(Invoker.java:643)
	at org.testng.internal.Invoker.invokeTestMethod(Invoker.java:820)
	at org.testng.internal.Invoker.invokeTestMethods(Invoker.java:1128)
	at org.testng.internal.TestMethodWorker.invokeTestMethods(TestMethodWorker.java:129)
	at org.testng.internal.TestMethodWorker.run(TestMethodWorker.java:112)
	at org.testng.TestRunner.privateRun(TestRunner.java:782)
	at org.testng.TestRunner.run(TestRunner.java:632)
	at org.testng.SuiteRunner.runTest(SuiteRunner.java:366)
	at org.testng.SuiteRunner.runSequentially(SuiteRunner.java:361)
	at org.testng.SuiteRunner.privateRun(SuiteRunner.java:319)
	at org.testng.SuiteRunner.run(SuiteRunner.java:268)
	at org.testng.SuiteRunnerWorker.runSuite(SuiteRunnerWorker.java:52)
	at org.testng.SuiteRunnerWorker.run(SuiteRunnerWorker.java:86)
	at org.testng.TestNG.runSuitesSequentially(TestNG.java:1244)
	at org.testng.TestNG.runSuitesLocally(TestNG.java:1169)
	at org.testng.TestNG.run(TestNG.java:1064)
	at com.ibmwatsonhealth.devopsservices.swaggertestasset.swaggerParserUtility.SwaggerExecutionEngine.executeTestFramework(SwaggerExecutionEngine.java:36)
	at com.ibmwatsonhealth.devopsservices.swaggertestasset.swaggerParserUtility.SwaggerUtility.executeTestFramework(SwaggerUtility.java:2259)
	at com.ibmwatsonhealth.devopsservices.swaggertestasset.swaggerParserUtility.TestController.main(TestController.java:25)
]]>
    </failure>
  </testcase> <!-- /store/order/{orderId},delete -->
  <testcase name="/user/{username},delete" time="0.0" classname="com.ibmwatsonhealth.devopsservices.swaggertestasset.swaggerParserUtility.TestNGTestSuite">
    <failure type="java.lang.AssertionError" message="Mandatory Parameters not resolved successfully in Swagger Specification file for path: /user/{username} operation: delete">
      <![CDATA[java.lang.AssertionError: Mandatory Parameters not resolved successfully in Swagger Specification file for path: /user/{username} operation: delete
	at org.testng.Assert.fail(Assert.java:94)
	at com.ibmwatsonhealth.devopsservices.swaggertestasset.swaggerParserUtility.TestNGTestSuite.executeRestfulTest(TestNGTestSuite.java:317)
	at sun.reflect.GeneratedMethodAccessor43.invoke(Unknown Source)
	at sun.reflect.DelegatingMethodAccessorImpl.invoke(DelegatingMethodAccessorImpl.java:43)
	at java.lang.reflect.Method.invoke(Method.java:498)
	at org.testng.internal.MethodInvocationHelper.invokeMethod(MethodInvocationHelper.java:86)
	at org.testng.internal.Invoker.invokeMethod(Invoker.java:643)
	at org.testng.internal.Invoker.invokeTestMethod(Invoker.java:820)
	at org.testng.internal.Invoker.invokeTestMethods(Invoker.java:1128)
	at org.testng.internal.TestMethodWorker.invokeTestMethods(TestMethodWorker.java:129)
	at org.testng.internal.TestMethodWorker.run(TestMethodWorker.java:112)
	at org.testng.TestRunner.privateRun(TestRunner.java:782)
	at org.testng.TestRunner.run(TestRunner.java:632)
	at org.testng.SuiteRunner.runTest(SuiteRunner.java:366)
	at org.testng.SuiteRunner.runSequentially(SuiteRunner.java:361)
	at org.testng.SuiteRunner.privateRun(SuiteRunner.java:319)
	at org.testng.SuiteRunner.run(SuiteRunner.java:268)
	at org.testng.SuiteRunnerWorker.runSuite(SuiteRunnerWorker.java:52)
	at org.testng.SuiteRunnerWorker.run(SuiteRunnerWorker.java:86)
	at org.testng.TestNG.runSuitesSequentially(TestNG.java:1244)
	at org.testng.TestNG.runSuitesLocally(TestNG.java:1169)
	at org.testng.TestNG.run(TestNG.java:1064)
	at com.ibmwatsonhealth.devopsservices.swaggertestasset.swaggerParserUtility.SwaggerExecutionEngine.executeTestFramework(SwaggerExecutionEngine.java:36)
	at com.ibmwatsonhealth.devopsservices.swaggertestasset.swaggerParserUtility.SwaggerUtility.executeTestFramework(SwaggerUtility.java:2259)
	at com.ibmwatsonhealth.devopsservices.swaggertestasset.swaggerParserUtility.TestController.main(TestController.java:25)
]]>
    </failure>
  </testcase> <!-- /user/{username},delete -->
  <testcase name="swaggerTestServiceConfigurationStatus" time="0.0" classname="com.ibmwatsonhealth.devopsservices.swaggertestasset.swaggerParserUtility.TestNGTestSuite"/>
</testsuite> <!-- SwaggerTest -->
