<?xml version="1.0" encoding="UTF-8"?>
<testng-results skipped="0" failed="1" total="1" passed="0">
  <reporter-output>
  </reporter-output>
  <suite name="Regression Suite" duration-ms="919" started-at="2017-11-29T15:54:07Z" finished-at="2017-11-29T15:54:08Z">
    <groups>
      <group name="cucumber">
        <method signature="TestRunner.feature(cucumber.api.testng.CucumberFeatureWrapper)[pri:0, instance:com.ibmwatsonhealth.devopsservices.swaggertestasset.swaggerParserUtility.runner.TestRunner@470e2030]" name="feature" class="com.ibmwatsonhealth.devopsservices.swaggertestasset.swaggerParserUtility.runner.TestRunner"/>
      </group> <!-- cucumber -->
    </groups>
    <test name="Test Feature" duration-ms="919" started-at="2017-11-29T15:54:07Z" finished-at="2017-11-29T15:54:08Z">
      <class name="com.ibmwatsonhealth.devopsservices.swaggertestasset.swaggerParserUtility.runner.TestRunner">
        <test-method status="PASS" signature="setUpClass(java.lang.String)[pri:0, instance:com.ibmwatsonhealth.devopsservices.swaggertestasset.swaggerParserUtility.runner.TestRunner@470e2030]" name="setUpClass" is-config="true" duration-ms="485" started-at="2017-11-29T10:54:07Z" finished-at="2017-11-29T10:54:08Z">
          <params>
            <param index="0">
              <value>
                <![CDATA[src/test/java/resources/features/Feature011_CreateSqlDataMartSchema.feature]]>
              </value>
            </param>
          </params>
          <reporter-output>
          </reporter-output>
        </test-method> <!-- setUpClass -->
        <test-method status="FAIL" signature="feature(cucumber.api.testng.CucumberFeatureWrapper)[pri:0, instance:com.ibmwatsonhealth.devopsservices.swaggertestasset.swaggerParserUtility.runner.TestRunner@470e2030]" name="feature" duration-ms="373" started-at="2017-11-29T10:54:08Z" description="Runs Cucumber Feature" data-provider="features" finished-at="2017-11-29T10:54:08Z">
          <params>
            <param index="0">
              <value>
                <![CDATA[DataMart SQL DDL Schema creation]]>
              </value>
            </param>
          </params>
          <exception class="cucumber.runtime.CucumberException">
            <message>
              <![CDATA[java.lang.IllegalArgumentException: SSL context may not be null]]>
            </message>
            <full-stacktrace>
              <![CDATA[cucumber.runtime.CucumberException: java.lang.IllegalArgumentException: SSL context may not be null
	at cucumber.api.testng.TestNGCucumberRunner.runCucumber(TestNGCucumberRunner.java:69)
	at com.ibmwatsonhealth.devopsservices.swaggertestasset.swaggerParserUtility.runner.TestRunner.feature(TestRunner.java:56)
	at sun.reflect.NativeMethodAccessorImpl.invoke0(Native Method)
	at sun.reflect.NativeMethodAccessorImpl.invoke(NativeMethodAccessorImpl.java:62)
	at sun.reflect.DelegatingMethodAccessorImpl.invoke(DelegatingMethodAccessorImpl.java:43)
	at java.lang.reflect.Method.invoke(Method.java:498)
	at org.testng.internal.MethodInvocationHelper.invokeMethod(MethodInvocationHelper.java:86)
	at org.testng.internal.Invoker.invokeMethod(Invoker.java:643)
	at org.testng.internal.Invoker.invokeTestMethod(Invoker.java:820)
	at org.testng.internal.Invoker.invokeTestMethods(Invoker.java:1128)
	at org.testng.internal.TestMethodWorker.invokeTestMethods(TestMethodWorker.java:129)
	at org.testng.internal.TestMethodWorker.run(TestMethodWorker.java:112)
	at org.testng.TestRunner.privateRun(TestRunner.java:782)
	at org.testng.TestRunner.run(TestRunner.java:632)
	at org.testng.SuiteRunner.runTest(SuiteRunner.java:366)
	at org.testng.SuiteRunner.runSequentially(SuiteRunner.java:361)
	at org.testng.SuiteRunner.privateRun(SuiteRunner.java:319)
	at org.testng.SuiteRunner.run(SuiteRunner.java:268)
	at org.testng.SuiteRunnerWorker.runSuite(SuiteRunnerWorker.java:52)
	at org.testng.SuiteRunnerWorker.run(SuiteRunnerWorker.java:86)
	at org.testng.TestNG.runSuitesSequentially(TestNG.java:1244)
	at org.testng.TestNG.runSuitesLocally(TestNG.java:1169)
	at org.testng.TestNG.run(TestNG.java:1064)
	at com.ibmwatsonhealth.devopsservices.swaggertestasset.swaggerParserUtility.runner.TestHarnessDriver.main(TestHarnessDriver.java:31)
Caused by: java.lang.IllegalArgumentException: SSL context may not be null
	at org.apache.http.util.Args.notNull(Args.java:54)
	at org.apache.http.conn.ssl.SSLSocketFactory.<init>(SSLSocketFactory.java:349)
	at com.ibmwatsonhealth.devopsservices.swaggertestasset.swaggerParserUtility.domain.RESTFactory.getSSLCert(RESTFactory.java:718)
	at com.ibmwatsonhealth.devopsservices.swaggertestasset.swaggerParserUtility.domain.RESTFactory.postRequest(RESTFactory.java:307)
	at com.ibmwatsonhealth.devopsservices.swaggertestasset.swaggerParserUtility.stepdefinitions.StepDefinitionsRestServices.user_sends_a_POST_request_to(StepDefinitionsRestServices.java:147)
	at âœ½.When user sends a POST request to "https://idmz-dp.ci41.lsf04.ibmwhc.net:9443/datamart/api/v1/"(src/test/java/resources/features/Feature011_CreateSqlDataMartSchema.feature:9)
]]>
            </full-stacktrace>
          </exception> <!-- cucumber.runtime.CucumberException -->
          <reporter-output>
          </reporter-output>
        </test-method> <!-- feature -->
        <test-method status="PASS" signature="tearDownClass()[pri:0, instance:com.ibmwatsonhealth.devopsservices.swaggertestasset.swaggerParserUtility.runner.TestRunner@470e2030]" name="tearDownClass" is-config="true" duration-ms="5" started-at="2017-11-29T10:54:08Z" finished-at="2017-11-29T10:54:08Z">
          <reporter-output>
          </reporter-output>
        </test-method> <!-- tearDownClass -->
      </class> <!-- com.ibmwatsonhealth.devopsservices.swaggertestasset.swaggerParserUtility.runner.TestRunner -->
    </test> <!-- Test Feature -->
  </suite> <!-- Regression Suite -->
</testng-results>
