<?xml version="1.0" encoding="UTF-8"?>
<!-- Generated by org.testng.reporters.JUnitReportReporter -->
<testsuite hostname="shreejits-mbp.cambridge.ibm.com" name="com.ibmwatsonhealth.devopsservices.swaggertestasset.swaggerParserUtility.runner.TestRunner" tests="1" failures="0" timestamp="29 Nov 2017 15:54:08 GMT" time="0.373" errors="1">
  <testcase name="feature" time="0.373" classname="com.ibmwatsonhealth.devopsservices.swaggertestasset.swaggerParserUtility.runner.TestRunner">
    <error type="cucumber.runtime.CucumberException" message="java.lang.IllegalArgumentException: SSL context may not be null">
      <![CDATA[cucumber.runtime.CucumberException: java.lang.IllegalArgumentException: SSL context may not be null
	at cucumber.api.testng.TestNGCucumberRunner.runCucumber(TestNGCucumberRunner.java:69)
	at com.ibmwatsonhealth.devopsservices.swaggertestasset.swaggerParserUtility.runner.TestRunner.feature(TestRunner.java:56)
	at sun.reflect.NativeMethodAccessorImpl.invoke0(Native Method)
	at sun.reflect.NativeMethodAccessorImpl.invoke(NativeMethodAccessorImpl.java:62)
	at sun.reflect.DelegatingMethodAccessorImpl.invoke(DelegatingMethodAccessorImpl.java:43)
	at java.lang.reflect.Method.invoke(Method.java:498)
	at org.testng.internal.MethodInvocationHelper.invokeMethod(MethodInvocationHelper.java:86)
	at org.testng.internal.Invoker.invokeMethod(Invoker.java:643)
	at org.testng.internal.Invoker.invokeTestMethod(Invoker.java:820)
	at org.testng.internal.Invoker.invokeTestMethods(Invoker.java:1128)
	at org.testng.internal.TestMethodWorker.invokeTestMethods(TestMethodWorker.java:129)
	at org.testng.internal.TestMethodWorker.run(TestMethodWorker.java:112)
	at org.testng.TestRunner.privateRun(TestRunner.java:782)
	at org.testng.TestRunner.run(TestRunner.java:632)
	at org.testng.SuiteRunner.runTest(SuiteRunner.java:366)
	at org.testng.SuiteRunner.runSequentially(SuiteRunner.java:361)
	at org.testng.SuiteRunner.privateRun(SuiteRunner.java:319)
	at org.testng.SuiteRunner.run(SuiteRunner.java:268)
	at org.testng.SuiteRunnerWorker.runSuite(SuiteRunnerWorker.java:52)
	at org.testng.SuiteRunnerWorker.run(SuiteRunnerWorker.java:86)
	at org.testng.TestNG.runSuitesSequentially(TestNG.java:1244)
	at org.testng.TestNG.runSuitesLocally(TestNG.java:1169)
	at org.testng.TestNG.run(TestNG.java:1064)
	at com.ibmwatsonhealth.devopsservices.swaggertestasset.swaggerParserUtility.runner.TestHarnessDriver.main(TestHarnessDriver.java:31)
Caused by: java.lang.IllegalArgumentException: SSL context may not be null
	at org.apache.http.util.Args.notNull(Args.java:54)
	at org.apache.http.conn.ssl.SSLSocketFactory.<init>(SSLSocketFactory.java:349)
	at com.ibmwatsonhealth.devopsservices.swaggertestasset.swaggerParserUtility.domain.RESTFactory.getSSLCert(RESTFactory.java:718)
	at com.ibmwatsonhealth.devopsservices.swaggertestasset.swaggerParserUtility.domain.RESTFactory.postRequest(RESTFactory.java:307)
	at com.ibmwatsonhealth.devopsservices.swaggertestasset.swaggerParserUtility.stepdefinitions.StepDefinitionsRestServices.user_sends_a_POST_request_to(StepDefinitionsRestServices.java:147)
	at âœ½.When user sends a POST request to "https://idmz-dp.ci41.lsf04.ibmwhc.net:9443/datamart/api/v1/"(src/test/java/resources/features/Feature011_CreateSqlDataMartSchema.feature:9)
]]>
    </error>
  </testcase> <!-- feature -->
</testsuite> <!-- com.ibmwatsonhealth.devopsservices.swaggertestasset.swaggerParserUtility.runner.TestRunner -->
