<!DOCTYPE html PUBLIC "-//W3C//DTD XHTML 1.1//EN" "http://www.w3.org/TR/xhtml11/DTD/xhtml11.dtd">
<html xmlns="http://www.w3.org/1999/xhtml"><head><title>TestNG Report</title><style type="text/css">table {margin-bottom:10px;border-collapse:collapse;empty-cells:show}th,td {border:1px solid #009;padding:.25em .5em}th {vertical-align:bottom}td {vertical-align:top}table a {font-weight:bold}.stripe td {background-color: #E6EBF9}.num {text-align:right}.passedodd td {background-color: #3F3}.passedeven td {background-color: #0A0}.skippedodd td {background-color: #DDD}.skippedeven td {background-color: #CCC}.failedodd td,.attn {background-color: #F33}.failedeven td,.stripe .attn {background-color: #D00}.stacktrace {white-space:pre;font-family:monospace}.totop {font-size:85%;text-align:center;border-bottom:2px solid #000}</style></head><body><table><tr><th>Test</th><th># Passed</th><th># Skipped</th><th># Failed</th><th>Time (ms)</th><th>Included Groups</th><th>Excluded Groups</th></tr><tr><th colspan="7">SwaggerSuite</th></tr><tr><td><a href="#t0">SwaggerTest</a></td><td class="num">5</td><td class="num">0</td><td class="num attn">16</td><td class="num">1,694</td><td></td><td></td></tr></table><table><thead><tr><th>Class</th><th>Method</th><th>Start</th><th>Time (ms)</th></tr></thead><tbody><tr><th colspan="4">SwaggerSuite</th></tr></tbody><tbody id="t0"><tr><th colspan="4">SwaggerTest &#8212; failed</th></tr><tr class="failedeven"><td rowspan="16">com.ibmwatsonhealth.devopsservices.swaggertestasset.swaggerParserUtility.TestNGTestSuite</td><td><a href="#m0">executeRestfulTest</a></td><td rowspan="16">1507914420239</td><td rowspan="16">1</td></tr><tr class="failedeven"><td><a href="#m1">executeRestfulTest</a></td></tr><tr class="failedeven"><td><a href="#m2">executeRestfulTest</a></td></tr><tr class="failedeven"><td><a href="#m3">executeRestfulTest</a></td></tr><tr class="failedeven"><td><a href="#m4">executeRestfulTest</a></td></tr><tr class="failedeven"><td><a href="#m5">executeRestfulTest</a></td></tr><tr class="failedeven"><td><a href="#m6">executeRestfulTest</a></td></tr><tr class="failedeven"><td><a href="#m7">executeRestfulTest</a></td></tr><tr class="failedeven"><td><a href="#m8">executeRestfulTest</a></td></tr><tr class="failedeven"><td><a href="#m9">executeRestfulTest</a></td></tr><tr class="failedeven"><td><a href="#m10">executeRestfulTest</a></td></tr><tr class="failedeven"><td><a href="#m11">executeRestfulTest</a></td></tr><tr class="failedeven"><td><a href="#m12">executeRestfulTest</a></td></tr><tr class="failedeven"><td><a href="#m13">executeRestfulTest</a></td></tr><tr class="failedeven"><td><a href="#m14">executeRestfulTest</a></td></tr><tr class="failedeven"><td><a href="#m15">executeRestfulTest</a></td></tr><tr><th colspan="4">SwaggerTest &#8212; passed</th></tr><tr class="passedeven"><td rowspan="5">com.ibmwatsonhealth.devopsservices.swaggertestasset.swaggerParserUtility.TestNGTestSuite</td><td><a href="#m16">executeRestfulTest</a></td><td rowspan="4">1507914419233</td><td rowspan="4">1001</td></tr><tr class="passedeven"><td><a href="#m17">executeRestfulTest</a></td></tr><tr class="passedeven"><td><a href="#m18">executeRestfulTest</a></td></tr><tr class="passedeven"><td><a href="#m19">executeRestfulTest</a></td></tr><tr class="passedeven"><td><a href="#m20">swaggerTestServiceConfigurationStatus</a></td><td rowspan="1">1507914420462</td><td rowspan="1">0</td></tr></tbody></table><h2>SwaggerTest</h2><h3 id="m0">com.ibmwatsonhealth.devopsservices.swaggertestasset.swaggerParserUtility.TestNGTestSuite#executeRestfulTest</h3><table class="result"><tr class="param"><th>Parameter #1</th><th>Parameter #2</th></tr><tr class="param stripe"><td>/user/createWithList,post</td><td>{hasMandatoryParameterResolved=true, pathParameters={}, external=false, queryParameters={}, response={default=io.swagger.models.Response@7cd3eb80}, baseURI=http://petstore.swagger.io/v2, definition={Order=io.swagger.models.ModelImpl@42fe8e87, Category=io.swagger.models.ModelImpl@b616536a, User=io.swagger.models.ModelImpl@47191636, Tag=io.swagger.models.ModelImpl@99c7ebc6, Pet=io.swagger.models.ModelImpl@d9fea4dd, ApiResponse=io.swagger.models.ModelImpl@b94d6109}, skip=false, validdata=null}</td></tr><tr><th colspan="2">Exception</th></tr><tr><td colspan="2"><div class="stacktrace">java.lang.AssertionError: DOCUMENTATION FAILURE: Swagger specification is missing data format consumed by request
	at org.testng.Assert.fail(Assert.java:94)
	at com.ibmwatsonhealth.devopsservices.swaggertestasset.swaggerParserUtility.TestNGTestSuite.executeRestfulTest(TestNGTestSuite.java:331)
	at sun.reflect.NativeMethodAccessorImpl.invoke0(Native Method)
	at sun.reflect.NativeMethodAccessorImpl.invoke(NativeMethodAccessorImpl.java:62)
	at sun.reflect.DelegatingMethodAccessorImpl.invoke(DelegatingMethodAccessorImpl.java:43)
	at java.lang.reflect.Method.invoke(Method.java:498)
	at org.testng.internal.MethodInvocationHelper.invokeMethod(MethodInvocationHelper.java:86)
	at org.testng.internal.Invoker.invokeMethod(Invoker.java:643)
	at org.testng.internal.Invoker.invokeTestMethod(Invoker.java:820)
	at org.testng.internal.Invoker.invokeTestMethods(Invoker.java:1128)
	at org.testng.internal.TestMethodWorker.invokeTestMethods(TestMethodWorker.java:129)
	at org.testng.internal.TestMethodWorker.run(TestMethodWorker.java:112)
	at org.testng.TestRunner.privateRun(TestRunner.java:782)
	at org.testng.TestRunner.run(TestRunner.java:632)
	at org.testng.SuiteRunner.runTest(SuiteRunner.java:366)
	at org.testng.SuiteRunner.runSequentially(SuiteRunner.java:361)
	at org.testng.SuiteRunner.privateRun(SuiteRunner.java:319)
	at org.testng.SuiteRunner.run(SuiteRunner.java:268)
	at org.testng.SuiteRunnerWorker.runSuite(SuiteRunnerWorker.java:52)
	at org.testng.SuiteRunnerWorker.run(SuiteRunnerWorker.java:86)
	at org.testng.TestNG.runSuitesSequentially(TestNG.java:1244)
	at org.testng.TestNG.runSuitesLocally(TestNG.java:1169)
	at org.testng.TestNG.run(TestNG.java:1064)
	at com.ibmwatsonhealth.devopsservices.swaggertestasset.swaggerParserUtility.SwaggerExecutionEngine.executeTestFramework(SwaggerExecutionEngine.java:36)
	at com.ibmwatsonhealth.devopsservices.swaggertestasset.swaggerParserUtility.SwaggerUtility.executeTestFramework(SwaggerUtility.java:2259)
	at com.ibmwatsonhealth.devopsservices.swaggertestasset.swaggerParserUtility.TestController.main(TestController.java:25)
</div></td></tr></table><p class="totop"><a href="#summary">back to summary</a></p><h3 id="m1">com.ibmwatsonhealth.devopsservices.swaggertestasset.swaggerParserUtility.TestNGTestSuite#executeRestfulTest</h3><table class="result"><tr class="param"><th>Parameter #1</th><th>Parameter #2</th></tr><tr class="param stripe"><td>/pet/{petId},post</td><td>{hasMandatoryParameterResolved=false, pathParameters={}, external=false, queryParameters={}, response={405=io.swagger.models.Response@ce3cc860}, baseURI=http://petstore.swagger.io/v2, definition={Order=io.swagger.models.ModelImpl@42fe8e87, Category=io.swagger.models.ModelImpl@b616536a, User=io.swagger.models.ModelImpl@47191636, Tag=io.swagger.models.ModelImpl@99c7ebc6, Pet=io.swagger.models.ModelImpl@d9fea4dd, ApiResponse=io.swagger.models.ModelImpl@b94d6109}, skip=false}</td></tr><tr><th colspan="2">Exception</th></tr><tr><td colspan="2"><div class="stacktrace">java.lang.AssertionError: Mandatory Parameters not resolved successfully in Swagger Specification file for path: /pet/{petId} operation: post
	at org.testng.Assert.fail(Assert.java:94)
	at com.ibmwatsonhealth.devopsservices.swaggertestasset.swaggerParserUtility.TestNGTestSuite.executeRestfulTest(TestNGTestSuite.java:205)
	at sun.reflect.NativeMethodAccessorImpl.invoke0(Native Method)
	at sun.reflect.NativeMethodAccessorImpl.invoke(NativeMethodAccessorImpl.java:62)
	at sun.reflect.DelegatingMethodAccessorImpl.invoke(DelegatingMethodAccessorImpl.java:43)
	at java.lang.reflect.Method.invoke(Method.java:498)
	at org.testng.internal.MethodInvocationHelper.invokeMethod(MethodInvocationHelper.java:86)
	at org.testng.internal.Invoker.invokeMethod(Invoker.java:643)
	at org.testng.internal.Invoker.invokeTestMethod(Invoker.java:820)
	at org.testng.internal.Invoker.invokeTestMethods(Invoker.java:1128)
	at org.testng.internal.TestMethodWorker.invokeTestMethods(TestMethodWorker.java:129)
	at org.testng.internal.TestMethodWorker.run(TestMethodWorker.java:112)
	at org.testng.TestRunner.privateRun(TestRunner.java:782)
	at org.testng.TestRunner.run(TestRunner.java:632)
	at org.testng.SuiteRunner.runTest(SuiteRunner.java:366)
	at org.testng.SuiteRunner.runSequentially(SuiteRunner.java:361)
	at org.testng.SuiteRunner.privateRun(SuiteRunner.java:319)
	at org.testng.SuiteRunner.run(SuiteRunner.java:268)
	at org.testng.SuiteRunnerWorker.runSuite(SuiteRunnerWorker.java:52)
	at org.testng.SuiteRunnerWorker.run(SuiteRunnerWorker.java:86)
	at org.testng.TestNG.runSuitesSequentially(TestNG.java:1244)
	at org.testng.TestNG.runSuitesLocally(TestNG.java:1169)
	at org.testng.TestNG.run(TestNG.java:1064)
	at com.ibmwatsonhealth.devopsservices.swaggertestasset.swaggerParserUtility.SwaggerExecutionEngine.executeTestFramework(SwaggerExecutionEngine.java:36)
	at com.ibmwatsonhealth.devopsservices.swaggertestasset.swaggerParserUtility.SwaggerUtility.executeTestFramework(SwaggerUtility.java:2259)
	at com.ibmwatsonhealth.devopsservices.swaggertestasset.swaggerParserUtility.TestController.main(TestController.java:25)
</div></td></tr></table><p class="totop"><a href="#summary">back to summary</a></p><h3 id="m2">com.ibmwatsonhealth.devopsservices.swaggertestasset.swaggerParserUtility.TestNGTestSuite#executeRestfulTest</h3><table class="result"><tr class="param"><th>Parameter #1</th><th>Parameter #2</th></tr><tr class="param stripe"><td>/user/{username},get</td><td>{hasMandatoryParameterResolved=false, pathParameters={}, external=false, queryParameters={}, response={200=io.swagger.models.Response@54dbdde5, 400=io.swagger.models.Response@932768de, 404=io.swagger.models.Response@9fe75e9f}, baseURI=http://petstore.swagger.io/v2, definition={Order=io.swagger.models.ModelImpl@42fe8e87, Category=io.swagger.models.ModelImpl@b616536a, User=io.swagger.models.ModelImpl@47191636, Tag=io.swagger.models.ModelImpl@99c7ebc6, Pet=io.swagger.models.ModelImpl@d9fea4dd, ApiResponse=io.swagger.models.ModelImpl@b94d6109}, skip=false}</td></tr><tr><th colspan="2">Exception</th></tr><tr><td colspan="2"><div class="stacktrace">java.lang.AssertionError: Mandatory Parameters not resolved successfully in Swagger Specification file for path: /user/{username} operation: get
	at org.testng.Assert.fail(Assert.java:94)
	at com.ibmwatsonhealth.devopsservices.swaggertestasset.swaggerParserUtility.TestNGTestSuite.executeRestfulTest(TestNGTestSuite.java:126)
	at sun.reflect.GeneratedMethodAccessor43.invoke(Unknown Source)
	at sun.reflect.DelegatingMethodAccessorImpl.invoke(DelegatingMethodAccessorImpl.java:43)
	at java.lang.reflect.Method.invoke(Method.java:498)
	at org.testng.internal.MethodInvocationHelper.invokeMethod(MethodInvocationHelper.java:86)
	at org.testng.internal.Invoker.invokeMethod(Invoker.java:643)
	at org.testng.internal.Invoker.invokeTestMethod(Invoker.java:820)
	at org.testng.internal.Invoker.invokeTestMethods(Invoker.java:1128)
	at org.testng.internal.TestMethodWorker.invokeTestMethods(TestMethodWorker.java:129)
	at org.testng.internal.TestMethodWorker.run(TestMethodWorker.java:112)
	at org.testng.TestRunner.privateRun(TestRunner.java:782)
	at org.testng.TestRunner.run(TestRunner.java:632)
	at org.testng.SuiteRunner.runTest(SuiteRunner.java:366)
	at org.testng.SuiteRunner.runSequentially(SuiteRunner.java:361)
	at org.testng.SuiteRunner.privateRun(SuiteRunner.java:319)
	at org.testng.SuiteRunner.run(SuiteRunner.java:268)
	at org.testng.SuiteRunnerWorker.runSuite(SuiteRunnerWorker.java:52)
	at org.testng.SuiteRunnerWorker.run(SuiteRunnerWorker.java:86)
	at org.testng.TestNG.runSuitesSequentially(TestNG.java:1244)
	at org.testng.TestNG.runSuitesLocally(TestNG.java:1169)
	at org.testng.TestNG.run(TestNG.java:1064)
	at com.ibmwatsonhealth.devopsservices.swaggertestasset.swaggerParserUtility.SwaggerExecutionEngine.executeTestFramework(SwaggerExecutionEngine.java:36)
	at com.ibmwatsonhealth.devopsservices.swaggertestasset.swaggerParserUtility.SwaggerUtility.executeTestFramework(SwaggerUtility.java:2259)
	at com.ibmwatsonhealth.devopsservices.swaggertestasset.swaggerParserUtility.TestController.main(TestController.java:25)
</div></td></tr></table><p class="totop"><a href="#summary">back to summary</a></p><h3 id="m3">com.ibmwatsonhealth.devopsservices.swaggertestasset.swaggerParserUtility.TestNGTestSuite#executeRestfulTest</h3><table class="result"><tr class="param"><th>Parameter #1</th><th>Parameter #2</th></tr><tr class="param stripe"><td>/pet/{petId}/uploadImage,post</td><td>{hasMandatoryParameterResolved=false, pathParameters={}, external=false, queryParameters={}, response={200=io.swagger.models.Response@107a79cf}, baseURI=http://petstore.swagger.io/v2, definition={Order=io.swagger.models.ModelImpl@42fe8e87, Category=io.swagger.models.ModelImpl@b616536a, User=io.swagger.models.ModelImpl@47191636, Tag=io.swagger.models.ModelImpl@99c7ebc6, Pet=io.swagger.models.ModelImpl@d9fea4dd, ApiResponse=io.swagger.models.ModelImpl@b94d6109}, skip=false}</td></tr><tr><th colspan="2">Exception</th></tr><tr><td colspan="2"><div class="stacktrace">java.lang.AssertionError: Mandatory Parameters not resolved successfully in Swagger Specification file for path: /pet/{petId}/uploadImage operation: post
	at org.testng.Assert.fail(Assert.java:94)
	at com.ibmwatsonhealth.devopsservices.swaggertestasset.swaggerParserUtility.TestNGTestSuite.executeRestfulTest(TestNGTestSuite.java:205)
	at sun.reflect.NativeMethodAccessorImpl.invoke0(Native Method)
	at sun.reflect.NativeMethodAccessorImpl.invoke(NativeMethodAccessorImpl.java:62)
	at sun.reflect.DelegatingMethodAccessorImpl.invoke(DelegatingMethodAccessorImpl.java:43)
	at java.lang.reflect.Method.invoke(Method.java:498)
	at org.testng.internal.MethodInvocationHelper.invokeMethod(MethodInvocationHelper.java:86)
	at org.testng.internal.Invoker.invokeMethod(Invoker.java:643)
	at org.testng.internal.Invoker.invokeTestMethod(Invoker.java:820)
	at org.testng.internal.Invoker.invokeTestMethods(Invoker.java:1128)
	at org.testng.internal.TestMethodWorker.invokeTestMethods(TestMethodWorker.java:129)
	at org.testng.internal.TestMethodWorker.run(TestMethodWorker.java:112)
	at org.testng.TestRunner.privateRun(TestRunner.java:782)
	at org.testng.TestRunner.run(TestRunner.java:632)
	at org.testng.SuiteRunner.runTest(SuiteRunner.java:366)
	at org.testng.SuiteRunner.runSequentially(SuiteRunner.java:361)
	at org.testng.SuiteRunner.privateRun(SuiteRunner.java:319)
	at org.testng.SuiteRunner.run(SuiteRunner.java:268)
	at org.testng.SuiteRunnerWorker.runSuite(SuiteRunnerWorker.java:52)
	at org.testng.SuiteRunnerWorker.run(SuiteRunnerWorker.java:86)
	at org.testng.TestNG.runSuitesSequentially(TestNG.java:1244)
	at org.testng.TestNG.runSuitesLocally(TestNG.java:1169)
	at org.testng.TestNG.run(TestNG.java:1064)
	at com.ibmwatsonhealth.devopsservices.swaggertestasset.swaggerParserUtility.SwaggerExecutionEngine.executeTestFramework(SwaggerExecutionEngine.java:36)
	at com.ibmwatsonhealth.devopsservices.swaggertestasset.swaggerParserUtility.SwaggerUtility.executeTestFramework(SwaggerUtility.java:2259)
	at com.ibmwatsonhealth.devopsservices.swaggertestasset.swaggerParserUtility.TestController.main(TestController.java:25)
</div></td></tr></table><p class="totop"><a href="#summary">back to summary</a></p><h3 id="m4">com.ibmwatsonhealth.devopsservices.swaggertestasset.swaggerParserUtility.TestNGTestSuite#executeRestfulTest</h3><table class="result"><tr class="param"><th>Parameter #1</th><th>Parameter #2</th></tr><tr class="param stripe"><td>/store/order,post</td><td>{hasMandatoryParameterResolved=true, pathParameters={}, external=false, queryParameters={}, response={200=io.swagger.models.Response@a6f0a32f, 400=io.swagger.models.Response@c899b5c4}, baseURI=http://petstore.swagger.io/v2, definition={Order=io.swagger.models.ModelImpl@42fe8e87, Category=io.swagger.models.ModelImpl@b616536a, User=io.swagger.models.ModelImpl@47191636, Tag=io.swagger.models.ModelImpl@99c7ebc6, Pet=io.swagger.models.ModelImpl@d9fea4dd, ApiResponse=io.swagger.models.ModelImpl@b94d6109}, skip=false, validdata=null}</td></tr><tr><th colspan="2">Exception</th></tr><tr><td colspan="2"><div class="stacktrace">java.lang.AssertionError: DOCUMENTATION FAILURE: Swagger specification is missing data format consumed by request
	at org.testng.Assert.fail(Assert.java:94)
	at com.ibmwatsonhealth.devopsservices.swaggertestasset.swaggerParserUtility.TestNGTestSuite.executeRestfulTest(TestNGTestSuite.java:331)
	at sun.reflect.NativeMethodAccessorImpl.invoke0(Native Method)
	at sun.reflect.NativeMethodAccessorImpl.invoke(NativeMethodAccessorImpl.java:62)
	at sun.reflect.DelegatingMethodAccessorImpl.invoke(DelegatingMethodAccessorImpl.java:43)
	at java.lang.reflect.Method.invoke(Method.java:498)
	at org.testng.internal.MethodInvocationHelper.invokeMethod(MethodInvocationHelper.java:86)
	at org.testng.internal.Invoker.invokeMethod(Invoker.java:643)
	at org.testng.internal.Invoker.invokeTestMethod(Invoker.java:820)
	at org.testng.internal.Invoker.invokeTestMethods(Invoker.java:1128)
	at org.testng.internal.TestMethodWorker.invokeTestMethods(TestMethodWorker.java:129)
	at org.testng.internal.TestMethodWorker.run(TestMethodWorker.java:112)
	at org.testng.TestRunner.privateRun(TestRunner.java:782)
	at org.testng.TestRunner.run(TestRunner.java:632)
	at org.testng.SuiteRunner.runTest(SuiteRunner.java:366)
	at org.testng.SuiteRunner.runSequentially(SuiteRunner.java:361)
	at org.testng.SuiteRunner.privateRun(SuiteRunner.java:319)
	at org.testng.SuiteRunner.run(SuiteRunner.java:268)
	at org.testng.SuiteRunnerWorker.runSuite(SuiteRunnerWorker.java:52)
	at org.testng.SuiteRunnerWorker.run(SuiteRunnerWorker.java:86)
	at org.testng.TestNG.runSuitesSequentially(TestNG.java:1244)
	at org.testng.TestNG.runSuitesLocally(TestNG.java:1169)
	at org.testng.TestNG.run(TestNG.java:1064)
	at com.ibmwatsonhealth.devopsservices.swaggertestasset.swaggerParserUtility.SwaggerExecutionEngine.executeTestFramework(SwaggerExecutionEngine.java:36)
	at com.ibmwatsonhealth.devopsservices.swaggertestasset.swaggerParserUtility.SwaggerUtility.executeTestFramework(SwaggerUtility.java:2259)
	at com.ibmwatsonhealth.devopsservices.swaggertestasset.swaggerParserUtility.TestController.main(TestController.java:25)
</div></td></tr></table><p class="totop"><a href="#summary">back to summary</a></p><h3 id="m5">com.ibmwatsonhealth.devopsservices.swaggertestasset.swaggerParserUtility.TestNGTestSuite#executeRestfulTest</h3><table class="result"><tr class="param"><th>Parameter #1</th><th>Parameter #2</th></tr><tr class="param stripe"><td>/user/createWithArray,post</td><td>{hasMandatoryParameterResolved=true, pathParameters={}, external=false, queryParameters={}, response={default=io.swagger.models.Response@7cd3eb80}, baseURI=http://petstore.swagger.io/v2, definition={Order=io.swagger.models.ModelImpl@42fe8e87, Category=io.swagger.models.ModelImpl@b616536a, User=io.swagger.models.ModelImpl@47191636, Tag=io.swagger.models.ModelImpl@99c7ebc6, Pet=io.swagger.models.ModelImpl@d9fea4dd, ApiResponse=io.swagger.models.ModelImpl@b94d6109}, skip=false, validdata=null}</td></tr><tr><th colspan="2">Exception</th></tr><tr><td colspan="2"><div class="stacktrace">java.lang.AssertionError: DOCUMENTATION FAILURE: Swagger specification is missing data format consumed by request
	at org.testng.Assert.fail(Assert.java:94)
	at com.ibmwatsonhealth.devopsservices.swaggertestasset.swaggerParserUtility.TestNGTestSuite.executeRestfulTest(TestNGTestSuite.java:331)
	at sun.reflect.NativeMethodAccessorImpl.invoke0(Native Method)
	at sun.reflect.NativeMethodAccessorImpl.invoke(NativeMethodAccessorImpl.java:62)
	at sun.reflect.DelegatingMethodAccessorImpl.invoke(DelegatingMethodAccessorImpl.java:43)
	at java.lang.reflect.Method.invoke(Method.java:498)
	at org.testng.internal.MethodInvocationHelper.invokeMethod(MethodInvocationHelper.java:86)
	at org.testng.internal.Invoker.invokeMethod(Invoker.java:643)
	at org.testng.internal.Invoker.invokeTestMethod(Invoker.java:820)
	at org.testng.internal.Invoker.invokeTestMethods(Invoker.java:1128)
	at org.testng.internal.TestMethodWorker.invokeTestMethods(TestMethodWorker.java:129)
	at org.testng.internal.TestMethodWorker.run(TestMethodWorker.java:112)
	at org.testng.TestRunner.privateRun(TestRunner.java:782)
	at org.testng.TestRunner.run(TestRunner.java:632)
	at org.testng.SuiteRunner.runTest(SuiteRunner.java:366)
	at org.testng.SuiteRunner.runSequentially(SuiteRunner.java:361)
	at org.testng.SuiteRunner.privateRun(SuiteRunner.java:319)
	at org.testng.SuiteRunner.run(SuiteRunner.java:268)
	at org.testng.SuiteRunnerWorker.runSuite(SuiteRunnerWorker.java:52)
	at org.testng.SuiteRunnerWorker.run(SuiteRunnerWorker.java:86)
	at org.testng.TestNG.runSuitesSequentially(TestNG.java:1244)
	at org.testng.TestNG.runSuitesLocally(TestNG.java:1169)
	at org.testng.TestNG.run(TestNG.java:1064)
	at com.ibmwatsonhealth.devopsservices.swaggertestasset.swaggerParserUtility.SwaggerExecutionEngine.executeTestFramework(SwaggerExecutionEngine.java:36)
	at com.ibmwatsonhealth.devopsservices.swaggertestasset.swaggerParserUtility.SwaggerUtility.executeTestFramework(SwaggerUtility.java:2259)
	at com.ibmwatsonhealth.devopsservices.swaggertestasset.swaggerParserUtility.TestController.main(TestController.java:25)
</div></td></tr></table><p class="totop"><a href="#summary">back to summary</a></p><h3 id="m6">com.ibmwatsonhealth.devopsservices.swaggertestasset.swaggerParserUtility.TestNGTestSuite#executeRestfulTest</h3><table class="result"><tr class="param"><th>Parameter #1</th><th>Parameter #2</th></tr><tr class="param stripe"><td>/user,post</td><td>{hasMandatoryParameterResolved=true, pathParameters={}, external=false, queryParameters={}, response={default=io.swagger.models.Response@7cd3eb80}, baseURI=http://petstore.swagger.io/v2, definition={Order=io.swagger.models.ModelImpl@42fe8e87, Category=io.swagger.models.ModelImpl@b616536a, User=io.swagger.models.ModelImpl@47191636, Tag=io.swagger.models.ModelImpl@99c7ebc6, Pet=io.swagger.models.ModelImpl@d9fea4dd, ApiResponse=io.swagger.models.ModelImpl@b94d6109}, skip=false, validdata=null}</td></tr><tr><th colspan="2">Exception</th></tr><tr><td colspan="2"><div class="stacktrace">java.lang.AssertionError: DOCUMENTATION FAILURE: Swagger specification is missing data format consumed by request
	at org.testng.Assert.fail(Assert.java:94)
	at com.ibmwatsonhealth.devopsservices.swaggertestasset.swaggerParserUtility.TestNGTestSuite.executeRestfulTest(TestNGTestSuite.java:331)
	at sun.reflect.NativeMethodAccessorImpl.invoke0(Native Method)
	at sun.reflect.NativeMethodAccessorImpl.invoke(NativeMethodAccessorImpl.java:62)
	at sun.reflect.DelegatingMethodAccessorImpl.invoke(DelegatingMethodAccessorImpl.java:43)
	at java.lang.reflect.Method.invoke(Method.java:498)
	at org.testng.internal.MethodInvocationHelper.invokeMethod(MethodInvocationHelper.java:86)
	at org.testng.internal.Invoker.invokeMethod(Invoker.java:643)
	at org.testng.internal.Invoker.invokeTestMethod(Invoker.java:820)
	at org.testng.internal.Invoker.invokeTestMethods(Invoker.java:1128)
	at org.testng.internal.TestMethodWorker.invokeTestMethods(TestMethodWorker.java:129)
	at org.testng.internal.TestMethodWorker.run(TestMethodWorker.java:112)
	at org.testng.TestRunner.privateRun(TestRunner.java:782)
	at org.testng.TestRunner.run(TestRunner.java:632)
	at org.testng.SuiteRunner.runTest(SuiteRunner.java:366)
	at org.testng.SuiteRunner.runSequentially(SuiteRunner.java:361)
	at org.testng.SuiteRunner.privateRun(SuiteRunner.java:319)
	at org.testng.SuiteRunner.run(SuiteRunner.java:268)
	at org.testng.SuiteRunnerWorker.runSuite(SuiteRunnerWorker.java:52)
	at org.testng.SuiteRunnerWorker.run(SuiteRunnerWorker.java:86)
	at org.testng.TestNG.runSuitesSequentially(TestNG.java:1244)
	at org.testng.TestNG.runSuitesLocally(TestNG.java:1169)
	at org.testng.TestNG.run(TestNG.java:1064)
	at com.ibmwatsonhealth.devopsservices.swaggertestasset.swaggerParserUtility.SwaggerExecutionEngine.executeTestFramework(SwaggerExecutionEngine.java:36)
	at com.ibmwatsonhealth.devopsservices.swaggertestasset.swaggerParserUtility.SwaggerUtility.executeTestFramework(SwaggerUtility.java:2259)
	at com.ibmwatsonhealth.devopsservices.swaggertestasset.swaggerParserUtility.TestController.main(TestController.java:25)
</div></td></tr></table><p class="totop"><a href="#summary">back to summary</a></p><h3 id="m7">com.ibmwatsonhealth.devopsservices.swaggertestasset.swaggerParserUtility.TestNGTestSuite#executeRestfulTest</h3><table class="result"><tr class="param"><th>Parameter #1</th><th>Parameter #2</th></tr><tr class="param stripe"><td>/store/order/{orderId},get</td><td>{hasMandatoryParameterResolved=false, pathParameters={}, external=false, queryParameters={}, response={200=io.swagger.models.Response@a6f0a32f, 400=io.swagger.models.Response@87f925f9, 404=io.swagger.models.Response@a20e24a2}, baseURI=http://petstore.swagger.io/v2, definition={Order=io.swagger.models.ModelImpl@42fe8e87, Category=io.swagger.models.ModelImpl@b616536a, User=io.swagger.models.ModelImpl@47191636, Tag=io.swagger.models.ModelImpl@99c7ebc6, Pet=io.swagger.models.ModelImpl@d9fea4dd, ApiResponse=io.swagger.models.ModelImpl@b94d6109}, skip=false}</td></tr><tr><th colspan="2">Exception</th></tr><tr><td colspan="2"><div class="stacktrace">java.lang.AssertionError: Mandatory Parameters not resolved successfully in Swagger Specification file for path: /store/order/{orderId} operation: get
	at org.testng.Assert.fail(Assert.java:94)
	at com.ibmwatsonhealth.devopsservices.swaggertestasset.swaggerParserUtility.TestNGTestSuite.executeRestfulTest(TestNGTestSuite.java:126)
	at sun.reflect.NativeMethodAccessorImpl.invoke0(Native Method)
	at sun.reflect.NativeMethodAccessorImpl.invoke(NativeMethodAccessorImpl.java:62)
	at sun.reflect.DelegatingMethodAccessorImpl.invoke(DelegatingMethodAccessorImpl.java:43)
	at java.lang.reflect.Method.invoke(Method.java:498)
	at org.testng.internal.MethodInvocationHelper.invokeMethod(MethodInvocationHelper.java:86)
	at org.testng.internal.Invoker.invokeMethod(Invoker.java:643)
	at org.testng.internal.Invoker.invokeTestMethod(Invoker.java:820)
	at org.testng.internal.Invoker.invokeTestMethods(Invoker.java:1128)
	at org.testng.internal.TestMethodWorker.invokeTestMethods(TestMethodWorker.java:129)
	at org.testng.internal.TestMethodWorker.run(TestMethodWorker.java:112)
	at org.testng.TestRunner.privateRun(TestRunner.java:782)
	at org.testng.TestRunner.run(TestRunner.java:632)
	at org.testng.SuiteRunner.runTest(SuiteRunner.java:366)
	at org.testng.SuiteRunner.runSequentially(SuiteRunner.java:361)
	at org.testng.SuiteRunner.privateRun(SuiteRunner.java:319)
	at org.testng.SuiteRunner.run(SuiteRunner.java:268)
	at org.testng.SuiteRunnerWorker.runSuite(SuiteRunnerWorker.java:52)
	at org.testng.SuiteRunnerWorker.run(SuiteRunnerWorker.java:86)
	at org.testng.TestNG.runSuitesSequentially(TestNG.java:1244)
	at org.testng.TestNG.runSuitesLocally(TestNG.java:1169)
	at org.testng.TestNG.run(TestNG.java:1064)
	at com.ibmwatsonhealth.devopsservices.swaggertestasset.swaggerParserUtility.SwaggerExecutionEngine.executeTestFramework(SwaggerExecutionEngine.java:36)
	at com.ibmwatsonhealth.devopsservices.swaggertestasset.swaggerParserUtility.SwaggerUtility.executeTestFramework(SwaggerUtility.java:2259)
	at com.ibmwatsonhealth.devopsservices.swaggertestasset.swaggerParserUtility.TestController.main(TestController.java:25)
</div></td></tr></table><p class="totop"><a href="#summary">back to summary</a></p><h3 id="m8">com.ibmwatsonhealth.devopsservices.swaggertestasset.swaggerParserUtility.TestNGTestSuite#executeRestfulTest</h3><table class="result"><tr class="param"><th>Parameter #1</th><th>Parameter #2</th></tr><tr class="param stripe"><td>/user/{username},put</td><td>{hasMandatoryParameterResolved=false, pathParameters={}, external=false, queryParameters={}, response={400=io.swagger.models.Response@e3ed0f89, 404=io.swagger.models.Response@9fe75e9f}, baseURI=http://petstore.swagger.io/v2, definition={Order=io.swagger.models.ModelImpl@42fe8e87, Category=io.swagger.models.ModelImpl@b616536a, User=io.swagger.models.ModelImpl@47191636, Tag=io.swagger.models.ModelImpl@99c7ebc6, Pet=io.swagger.models.ModelImpl@d9fea4dd, ApiResponse=io.swagger.models.ModelImpl@b94d6109}, skip=false, validdata=null}</td></tr><tr><th colspan="2">Exception</th></tr><tr><td colspan="2"><div class="stacktrace">java.lang.AssertionError: Mandatory Parameters not resolved successfully in Swagger Specification file for path: /user/{username} operation: put
	at org.testng.Assert.fail(Assert.java:94)
	at com.ibmwatsonhealth.devopsservices.swaggertestasset.swaggerParserUtility.TestNGTestSuite.executeRestfulTest(TestNGTestSuite.java:274)
	at sun.reflect.NativeMethodAccessorImpl.invoke0(Native Method)
	at sun.reflect.NativeMethodAccessorImpl.invoke(NativeMethodAccessorImpl.java:62)
	at sun.reflect.DelegatingMethodAccessorImpl.invoke(DelegatingMethodAccessorImpl.java:43)
	at java.lang.reflect.Method.invoke(Method.java:498)
	at org.testng.internal.MethodInvocationHelper.invokeMethod(MethodInvocationHelper.java:86)
	at org.testng.internal.Invoker.invokeMethod(Invoker.java:643)
	at org.testng.internal.Invoker.invokeTestMethod(Invoker.java:820)
	at org.testng.internal.Invoker.invokeTestMethods(Invoker.java:1128)
	at org.testng.internal.TestMethodWorker.invokeTestMethods(TestMethodWorker.java:129)
	at org.testng.internal.TestMethodWorker.run(TestMethodWorker.java:112)
	at org.testng.TestRunner.privateRun(TestRunner.java:782)
	at org.testng.TestRunner.run(TestRunner.java:632)
	at org.testng.SuiteRunner.runTest(SuiteRunner.java:366)
	at org.testng.SuiteRunner.runSequentially(SuiteRunner.java:361)
	at org.testng.SuiteRunner.privateRun(SuiteRunner.java:319)
	at org.testng.SuiteRunner.run(SuiteRunner.java:268)
	at org.testng.SuiteRunnerWorker.runSuite(SuiteRunnerWorker.java:52)
	at org.testng.SuiteRunnerWorker.run(SuiteRunnerWorker.java:86)
	at org.testng.TestNG.runSuitesSequentially(TestNG.java:1244)
	at org.testng.TestNG.runSuitesLocally(TestNG.java:1169)
	at org.testng.TestNG.run(TestNG.java:1064)
	at com.ibmwatsonhealth.devopsservices.swaggertestasset.swaggerParserUtility.SwaggerExecutionEngine.executeTestFramework(SwaggerExecutionEngine.java:36)
	at com.ibmwatsonhealth.devopsservices.swaggertestasset.swaggerParserUtility.SwaggerUtility.executeTestFramework(SwaggerUtility.java:2259)
	at com.ibmwatsonhealth.devopsservices.swaggertestasset.swaggerParserUtility.TestController.main(TestController.java:25)
</div></td></tr></table><p class="totop"><a href="#summary">back to summary</a></p><h3 id="m9">com.ibmwatsonhealth.devopsservices.swaggertestasset.swaggerParserUtility.TestNGTestSuite#executeRestfulTest</h3><table class="result"><tr class="param"><th>Parameter #1</th><th>Parameter #2</th></tr><tr class="param stripe"><td>/pet/findByTags,get</td><td>{hasMandatoryParameterResolved=false, pathParameters={}, external=false, queryParameters={}, response={200=io.swagger.models.Response@d02f0ac2, 400=io.swagger.models.Response@8bae2e01}, baseURI=http://petstore.swagger.io/v2, definition={Order=io.swagger.models.ModelImpl@42fe8e87, Category=io.swagger.models.ModelImpl@b616536a, User=io.swagger.models.ModelImpl@47191636, Tag=io.swagger.models.ModelImpl@99c7ebc6, Pet=io.swagger.models.ModelImpl@d9fea4dd, ApiResponse=io.swagger.models.ModelImpl@b94d6109}, skip=false}</td></tr><tr><th colspan="2">Exception</th></tr><tr><td colspan="2"><div class="stacktrace">java.lang.AssertionError: Mandatory Parameters not resolved successfully in Swagger Specification file for path: /pet/findByTags operation: get
	at org.testng.Assert.fail(Assert.java:94)
	at com.ibmwatsonhealth.devopsservices.swaggertestasset.swaggerParserUtility.TestNGTestSuite.executeRestfulTest(TestNGTestSuite.java:126)
	at sun.reflect.NativeMethodAccessorImpl.invoke0(Native Method)
	at sun.reflect.NativeMethodAccessorImpl.invoke(NativeMethodAccessorImpl.java:62)
	at sun.reflect.DelegatingMethodAccessorImpl.invoke(DelegatingMethodAccessorImpl.java:43)
	at java.lang.reflect.Method.invoke(Method.java:498)
	at org.testng.internal.MethodInvocationHelper.invokeMethod(MethodInvocationHelper.java:86)
	at org.testng.internal.Invoker.invokeMethod(Invoker.java:643)
	at org.testng.internal.Invoker.invokeTestMethod(Invoker.java:820)
	at org.testng.internal.Invoker.invokeTestMethods(Invoker.java:1128)
	at org.testng.internal.TestMethodWorker.invokeTestMethods(TestMethodWorker.java:129)
	at org.testng.internal.TestMethodWorker.run(TestMethodWorker.java:112)
	at org.testng.TestRunner.privateRun(TestRunner.java:782)
	at org.testng.TestRunner.run(TestRunner.java:632)
	at org.testng.SuiteRunner.runTest(SuiteRunner.java:366)
	at org.testng.SuiteRunner.runSequentially(SuiteRunner.java:361)
	at org.testng.SuiteRunner.privateRun(SuiteRunner.java:319)
	at org.testng.SuiteRunner.run(SuiteRunner.java:268)
	at org.testng.SuiteRunnerWorker.runSuite(SuiteRunnerWorker.java:52)
	at org.testng.SuiteRunnerWorker.run(SuiteRunnerWorker.java:86)
	at org.testng.TestNG.runSuitesSequentially(TestNG.java:1244)
	at org.testng.TestNG.runSuitesLocally(TestNG.java:1169)
	at org.testng.TestNG.run(TestNG.java:1064)
	at com.ibmwatsonhealth.devopsservices.swaggertestasset.swaggerParserUtility.SwaggerExecutionEngine.executeTestFramework(SwaggerExecutionEngine.java:36)
	at com.ibmwatsonhealth.devopsservices.swaggertestasset.swaggerParserUtility.SwaggerUtility.executeTestFramework(SwaggerUtility.java:2259)
	at com.ibmwatsonhealth.devopsservices.swaggertestasset.swaggerParserUtility.TestController.main(TestController.java:25)
</div></td></tr></table><p class="totop"><a href="#summary">back to summary</a></p><h3 id="m10">com.ibmwatsonhealth.devopsservices.swaggertestasset.swaggerParserUtility.TestNGTestSuite#executeRestfulTest</h3><table class="result"><tr class="param"><th>Parameter #1</th><th>Parameter #2</th></tr><tr class="param stripe"><td>/pet/{petId},delete</td><td>{hasMandatoryParameterResolved=false, pathParameters={}, external=false, queryParameters={}, response={400=io.swagger.models.Response@87f925f9, 404=io.swagger.models.Response@7f4c4b3}, baseURI=http://petstore.swagger.io/v2, definition={Order=io.swagger.models.ModelImpl@42fe8e87, Category=io.swagger.models.ModelImpl@b616536a, User=io.swagger.models.ModelImpl@47191636, Tag=io.swagger.models.ModelImpl@99c7ebc6, Pet=io.swagger.models.ModelImpl@d9fea4dd, ApiResponse=io.swagger.models.ModelImpl@b94d6109}, skip=false}</td></tr><tr><th colspan="2">Exception</th></tr><tr><td colspan="2"><div class="stacktrace">java.lang.AssertionError: Mandatory Parameters not resolved successfully in Swagger Specification file for path: /pet/{petId} operation: delete
	at org.testng.Assert.fail(Assert.java:94)
	at com.ibmwatsonhealth.devopsservices.swaggertestasset.swaggerParserUtility.TestNGTestSuite.executeRestfulTest(TestNGTestSuite.java:317)
	at sun.reflect.GeneratedMethodAccessor43.invoke(Unknown Source)
	at sun.reflect.DelegatingMethodAccessorImpl.invoke(DelegatingMethodAccessorImpl.java:43)
	at java.lang.reflect.Method.invoke(Method.java:498)
	at org.testng.internal.MethodInvocationHelper.invokeMethod(MethodInvocationHelper.java:86)
	at org.testng.internal.Invoker.invokeMethod(Invoker.java:643)
	at org.testng.internal.Invoker.invokeTestMethod(Invoker.java:820)
	at org.testng.internal.Invoker.invokeTestMethods(Invoker.java:1128)
	at org.testng.internal.TestMethodWorker.invokeTestMethods(TestMethodWorker.java:129)
	at org.testng.internal.TestMethodWorker.run(TestMethodWorker.java:112)
	at org.testng.TestRunner.privateRun(TestRunner.java:782)
	at org.testng.TestRunner.run(TestRunner.java:632)
	at org.testng.SuiteRunner.runTest(SuiteRunner.java:366)
	at org.testng.SuiteRunner.runSequentially(SuiteRunner.java:361)
	at org.testng.SuiteRunner.privateRun(SuiteRunner.java:319)
	at org.testng.SuiteRunner.run(SuiteRunner.java:268)
	at org.testng.SuiteRunnerWorker.runSuite(SuiteRunnerWorker.java:52)
	at org.testng.SuiteRunnerWorker.run(SuiteRunnerWorker.java:86)
	at org.testng.TestNG.runSuitesSequentially(TestNG.java:1244)
	at org.testng.TestNG.runSuitesLocally(TestNG.java:1169)
	at org.testng.TestNG.run(TestNG.java:1064)
	at com.ibmwatsonhealth.devopsservices.swaggertestasset.swaggerParserUtility.SwaggerExecutionEngine.executeTestFramework(SwaggerExecutionEngine.java:36)
	at com.ibmwatsonhealth.devopsservices.swaggertestasset.swaggerParserUtility.SwaggerUtility.executeTestFramework(SwaggerUtility.java:2259)
	at com.ibmwatsonhealth.devopsservices.swaggertestasset.swaggerParserUtility.TestController.main(TestController.java:25)
</div></td></tr></table><p class="totop"><a href="#summary">back to summary</a></p><h3 id="m11">com.ibmwatsonhealth.devopsservices.swaggertestasset.swaggerParserUtility.TestNGTestSuite#executeRestfulTest</h3><table class="result"><tr class="param"><th>Parameter #1</th><th>Parameter #2</th></tr><tr class="param stripe"><td>/user/{username},delete</td><td>{hasMandatoryParameterResolved=false, pathParameters={}, external=false, queryParameters={}, response={400=io.swagger.models.Response@932768de, 404=io.swagger.models.Response@9fe75e9f}, baseURI=http://petstore.swagger.io/v2, definition={Order=io.swagger.models.ModelImpl@42fe8e87, Category=io.swagger.models.ModelImpl@b616536a, User=io.swagger.models.ModelImpl@47191636, Tag=io.swagger.models.ModelImpl@99c7ebc6, Pet=io.swagger.models.ModelImpl@d9fea4dd, ApiResponse=io.swagger.models.ModelImpl@b94d6109}, skip=false}</td></tr><tr><th colspan="2">Exception</th></tr><tr><td colspan="2"><div class="stacktrace">java.lang.AssertionError: Mandatory Parameters not resolved successfully in Swagger Specification file for path: /user/{username} operation: delete
	at org.testng.Assert.fail(Assert.java:94)
	at com.ibmwatsonhealth.devopsservices.swaggertestasset.swaggerParserUtility.TestNGTestSuite.executeRestfulTest(TestNGTestSuite.java:317)
	at sun.reflect.GeneratedMethodAccessor43.invoke(Unknown Source)
	at sun.reflect.DelegatingMethodAccessorImpl.invoke(DelegatingMethodAccessorImpl.java:43)
	at java.lang.reflect.Method.invoke(Method.java:498)
	at org.testng.internal.MethodInvocationHelper.invokeMethod(MethodInvocationHelper.java:86)
	at org.testng.internal.Invoker.invokeMethod(Invoker.java:643)
	at org.testng.internal.Invoker.invokeTestMethod(Invoker.java:820)
	at org.testng.internal.Invoker.invokeTestMethods(Invoker.java:1128)
	at org.testng.internal.TestMethodWorker.invokeTestMethods(TestMethodWorker.java:129)
	at org.testng.internal.TestMethodWorker.run(TestMethodWorker.java:112)
	at org.testng.TestRunner.privateRun(TestRunner.java:782)
	at org.testng.TestRunner.run(TestRunner.java:632)
	at org.testng.SuiteRunner.runTest(SuiteRunner.java:366)
	at org.testng.SuiteRunner.runSequentially(SuiteRunner.java:361)
	at org.testng.SuiteRunner.privateRun(SuiteRunner.java:319)
	at org.testng.SuiteRunner.run(SuiteRunner.java:268)
	at org.testng.SuiteRunnerWorker.runSuite(SuiteRunnerWorker.java:52)
	at org.testng.SuiteRunnerWorker.run(SuiteRunnerWorker.java:86)
	at org.testng.TestNG.runSuitesSequentially(TestNG.java:1244)
	at org.testng.TestNG.runSuitesLocally(TestNG.java:1169)
	at org.testng.TestNG.run(TestNG.java:1064)
	at com.ibmwatsonhealth.devopsservices.swaggertestasset.swaggerParserUtility.SwaggerExecutionEngine.executeTestFramework(SwaggerExecutionEngine.java:36)
	at com.ibmwatsonhealth.devopsservices.swaggertestasset.swaggerParserUtility.SwaggerUtility.executeTestFramework(SwaggerUtility.java:2259)
	at com.ibmwatsonhealth.devopsservices.swaggertestasset.swaggerParserUtility.TestController.main(TestController.java:25)
</div></td></tr></table><p class="totop"><a href="#summary">back to summary</a></p><h3 id="m12">com.ibmwatsonhealth.devopsservices.swaggertestasset.swaggerParserUtility.TestNGTestSuite#executeRestfulTest</h3><table class="result"><tr class="param"><th>Parameter #1</th><th>Parameter #2</th></tr><tr class="param stripe"><td>/pet/findByStatus,get</td><td>{hasMandatoryParameterResolved=false, pathParameters={}, external=false, queryParameters={}, response={200=io.swagger.models.Response@d02f0ac2, 400=io.swagger.models.Response@ef1ab60b}, baseURI=http://petstore.swagger.io/v2, definition={Order=io.swagger.models.ModelImpl@42fe8e87, Category=io.swagger.models.ModelImpl@b616536a, User=io.swagger.models.ModelImpl@47191636, Tag=io.swagger.models.ModelImpl@99c7ebc6, Pet=io.swagger.models.ModelImpl@d9fea4dd, ApiResponse=io.swagger.models.ModelImpl@b94d6109}, skip=false}</td></tr><tr><th colspan="2">Exception</th></tr><tr><td colspan="2"><div class="stacktrace">java.lang.AssertionError: Mandatory Parameters not resolved successfully in Swagger Specification file for path: /pet/findByStatus operation: get
	at org.testng.Assert.fail(Assert.java:94)
	at com.ibmwatsonhealth.devopsservices.swaggertestasset.swaggerParserUtility.TestNGTestSuite.executeRestfulTest(TestNGTestSuite.java:126)
	at sun.reflect.NativeMethodAccessorImpl.invoke0(Native Method)
	at sun.reflect.NativeMethodAccessorImpl.invoke(NativeMethodAccessorImpl.java:62)
	at sun.reflect.DelegatingMethodAccessorImpl.invoke(DelegatingMethodAccessorImpl.java:43)
	at java.lang.reflect.Method.invoke(Method.java:498)
	at org.testng.internal.MethodInvocationHelper.invokeMethod(MethodInvocationHelper.java:86)
	at org.testng.internal.Invoker.invokeMethod(Invoker.java:643)
	at org.testng.internal.Invoker.invokeTestMethod(Invoker.java:820)
	at org.testng.internal.Invoker.invokeTestMethods(Invoker.java:1128)
	at org.testng.internal.TestMethodWorker.invokeTestMethods(TestMethodWorker.java:129)
	at org.testng.internal.TestMethodWorker.run(TestMethodWorker.java:112)
	at org.testng.TestRunner.privateRun(TestRunner.java:782)
	at org.testng.TestRunner.run(TestRunner.java:632)
	at org.testng.SuiteRunner.runTest(SuiteRunner.java:366)
	at org.testng.SuiteRunner.runSequentially(SuiteRunner.java:361)
	at org.testng.SuiteRunner.privateRun(SuiteRunner.java:319)
	at org.testng.SuiteRunner.run(SuiteRunner.java:268)
	at org.testng.SuiteRunnerWorker.runSuite(SuiteRunnerWorker.java:52)
	at org.testng.SuiteRunnerWorker.run(SuiteRunnerWorker.java:86)
	at org.testng.TestNG.runSuitesSequentially(TestNG.java:1244)
	at org.testng.TestNG.runSuitesLocally(TestNG.java:1169)
	at org.testng.TestNG.run(TestNG.java:1064)
	at com.ibmwatsonhealth.devopsservices.swaggertestasset.swaggerParserUtility.SwaggerExecutionEngine.executeTestFramework(SwaggerExecutionEngine.java:36)
	at com.ibmwatsonhealth.devopsservices.swaggertestasset.swaggerParserUtility.SwaggerUtility.executeTestFramework(SwaggerUtility.java:2259)
	at com.ibmwatsonhealth.devopsservices.swaggertestasset.swaggerParserUtility.TestController.main(TestController.java:25)
</div></td></tr></table><p class="totop"><a href="#summary">back to summary</a></p><h3 id="m13">com.ibmwatsonhealth.devopsservices.swaggertestasset.swaggerParserUtility.TestNGTestSuite#executeRestfulTest</h3><table class="result"><tr class="param"><th>Parameter #1</th><th>Parameter #2</th></tr><tr class="param stripe"><td>/user/login,get</td><td>{hasMandatoryParameterResolved=false, pathParameters={}, external=false, queryParameters={}, response={200=io.swagger.models.Response@d8e751ba, 400=io.swagger.models.Response@503c17b2}, baseURI=http://petstore.swagger.io/v2, definition={Order=io.swagger.models.ModelImpl@42fe8e87, Category=io.swagger.models.ModelImpl@b616536a, User=io.swagger.models.ModelImpl@47191636, Tag=io.swagger.models.ModelImpl@99c7ebc6, Pet=io.swagger.models.ModelImpl@d9fea4dd, ApiResponse=io.swagger.models.ModelImpl@b94d6109}, skip=false}</td></tr><tr><th colspan="2">Exception</th></tr><tr><td colspan="2"><div class="stacktrace">java.lang.AssertionError: Mandatory Parameters not resolved successfully in Swagger Specification file for path: /user/login operation: get
	at org.testng.Assert.fail(Assert.java:94)
	at com.ibmwatsonhealth.devopsservices.swaggertestasset.swaggerParserUtility.TestNGTestSuite.executeRestfulTest(TestNGTestSuite.java:126)
	at sun.reflect.NativeMethodAccessorImpl.invoke0(Native Method)
	at sun.reflect.NativeMethodAccessorImpl.invoke(NativeMethodAccessorImpl.java:62)
	at sun.reflect.DelegatingMethodAccessorImpl.invoke(DelegatingMethodAccessorImpl.java:43)
	at java.lang.reflect.Method.invoke(Method.java:498)
	at org.testng.internal.MethodInvocationHelper.invokeMethod(MethodInvocationHelper.java:86)
	at org.testng.internal.Invoker.invokeMethod(Invoker.java:643)
	at org.testng.internal.Invoker.invokeTestMethod(Invoker.java:820)
	at org.testng.internal.Invoker.invokeTestMethods(Invoker.java:1128)
	at org.testng.internal.TestMethodWorker.invokeTestMethods(TestMethodWorker.java:129)
	at org.testng.internal.TestMethodWorker.run(TestMethodWorker.java:112)
	at org.testng.TestRunner.privateRun(TestRunner.java:782)
	at org.testng.TestRunner.run(TestRunner.java:632)
	at org.testng.SuiteRunner.runTest(SuiteRunner.java:366)
	at org.testng.SuiteRunner.runSequentially(SuiteRunner.java:361)
	at org.testng.SuiteRunner.privateRun(SuiteRunner.java:319)
	at org.testng.SuiteRunner.run(SuiteRunner.java:268)
	at org.testng.SuiteRunnerWorker.runSuite(SuiteRunnerWorker.java:52)
	at org.testng.SuiteRunnerWorker.run(SuiteRunnerWorker.java:86)
	at org.testng.TestNG.runSuitesSequentially(TestNG.java:1244)
	at org.testng.TestNG.runSuitesLocally(TestNG.java:1169)
	at org.testng.TestNG.run(TestNG.java:1064)
	at com.ibmwatsonhealth.devopsservices.swaggertestasset.swaggerParserUtility.SwaggerExecutionEngine.executeTestFramework(SwaggerExecutionEngine.java:36)
	at com.ibmwatsonhealth.devopsservices.swaggertestasset.swaggerParserUtility.SwaggerUtility.executeTestFramework(SwaggerUtility.java:2259)
	at com.ibmwatsonhealth.devopsservices.swaggertestasset.swaggerParserUtility.TestController.main(TestController.java:25)
</div></td></tr></table><p class="totop"><a href="#summary">back to summary</a></p><h3 id="m14">com.ibmwatsonhealth.devopsservices.swaggertestasset.swaggerParserUtility.TestNGTestSuite#executeRestfulTest</h3><table class="result"><tr class="param"><th>Parameter #1</th><th>Parameter #2</th></tr><tr class="param stripe"><td>/store/order/{orderId},delete</td><td>{hasMandatoryParameterResolved=false, pathParameters={}, external=false, queryParameters={}, response={400=io.swagger.models.Response@87f925f9, 404=io.swagger.models.Response@a20e24a2}, baseURI=http://petstore.swagger.io/v2, definition={Order=io.swagger.models.ModelImpl@42fe8e87, Category=io.swagger.models.ModelImpl@b616536a, User=io.swagger.models.ModelImpl@47191636, Tag=io.swagger.models.ModelImpl@99c7ebc6, Pet=io.swagger.models.ModelImpl@d9fea4dd, ApiResponse=io.swagger.models.ModelImpl@b94d6109}, skip=false}</td></tr><tr><th colspan="2">Exception</th></tr><tr><td colspan="2"><div class="stacktrace">java.lang.AssertionError: Mandatory Parameters not resolved successfully in Swagger Specification file for path: /store/order/{orderId} operation: delete
	at org.testng.Assert.fail(Assert.java:94)
	at com.ibmwatsonhealth.devopsservices.swaggertestasset.swaggerParserUtility.TestNGTestSuite.executeRestfulTest(TestNGTestSuite.java:317)
	at sun.reflect.GeneratedMethodAccessor43.invoke(Unknown Source)
	at sun.reflect.DelegatingMethodAccessorImpl.invoke(DelegatingMethodAccessorImpl.java:43)
	at java.lang.reflect.Method.invoke(Method.java:498)
	at org.testng.internal.MethodInvocationHelper.invokeMethod(MethodInvocationHelper.java:86)
	at org.testng.internal.Invoker.invokeMethod(Invoker.java:643)
	at org.testng.internal.Invoker.invokeTestMethod(Invoker.java:820)
	at org.testng.internal.Invoker.invokeTestMethods(Invoker.java:1128)
	at org.testng.internal.TestMethodWorker.invokeTestMethods(TestMethodWorker.java:129)
	at org.testng.internal.TestMethodWorker.run(TestMethodWorker.java:112)
	at org.testng.TestRunner.privateRun(TestRunner.java:782)
	at org.testng.TestRunner.run(TestRunner.java:632)
	at org.testng.SuiteRunner.runTest(SuiteRunner.java:366)
	at org.testng.SuiteRunner.runSequentially(SuiteRunner.java:361)
	at org.testng.SuiteRunner.privateRun(SuiteRunner.java:319)
	at org.testng.SuiteRunner.run(SuiteRunner.java:268)
	at org.testng.SuiteRunnerWorker.runSuite(SuiteRunnerWorker.java:52)
	at org.testng.SuiteRunnerWorker.run(SuiteRunnerWorker.java:86)
	at org.testng.TestNG.runSuitesSequentially(TestNG.java:1244)
	at org.testng.TestNG.runSuitesLocally(TestNG.java:1169)
	at org.testng.TestNG.run(TestNG.java:1064)
	at com.ibmwatsonhealth.devopsservices.swaggertestasset.swaggerParserUtility.SwaggerExecutionEngine.executeTestFramework(SwaggerExecutionEngine.java:36)
	at com.ibmwatsonhealth.devopsservices.swaggertestasset.swaggerParserUtility.SwaggerUtility.executeTestFramework(SwaggerUtility.java:2259)
	at com.ibmwatsonhealth.devopsservices.swaggertestasset.swaggerParserUtility.TestController.main(TestController.java:25)
</div></td></tr></table><p class="totop"><a href="#summary">back to summary</a></p><h3 id="m15">com.ibmwatsonhealth.devopsservices.swaggertestasset.swaggerParserUtility.TestNGTestSuite#executeRestfulTest</h3><table class="result"><tr class="param"><th>Parameter #1</th><th>Parameter #2</th></tr><tr class="param stripe"><td>/pet/{petId},get</td><td>{hasMandatoryParameterResolved=false, pathParameters={}, external=false, queryParameters={}, response={200=io.swagger.models.Response@fcf38a4f, 400=io.swagger.models.Response@87f925f9, 404=io.swagger.models.Response@7f4c4b3}, baseURI=http://petstore.swagger.io/v2, definition={Order=io.swagger.models.ModelImpl@42fe8e87, Category=io.swagger.models.ModelImpl@b616536a, User=io.swagger.models.ModelImpl@47191636, Tag=io.swagger.models.ModelImpl@99c7ebc6, Pet=io.swagger.models.ModelImpl@d9fea4dd, ApiResponse=io.swagger.models.ModelImpl@b94d6109}, skip=false}</td></tr><tr><th colspan="2">Exception</th></tr><tr><td colspan="2"><div class="stacktrace">java.lang.AssertionError: Mandatory Parameters not resolved successfully in Swagger Specification file for path: /pet/{petId} operation: get
	at org.testng.Assert.fail(Assert.java:94)
	at com.ibmwatsonhealth.devopsservices.swaggertestasset.swaggerParserUtility.TestNGTestSuite.executeRestfulTest(TestNGTestSuite.java:126)
	at sun.reflect.NativeMethodAccessorImpl.invoke0(Native Method)
	at sun.reflect.NativeMethodAccessorImpl.invoke(NativeMethodAccessorImpl.java:62)
	at sun.reflect.DelegatingMethodAccessorImpl.invoke(DelegatingMethodAccessorImpl.java:43)
	at java.lang.reflect.Method.invoke(Method.java:498)
	at org.testng.internal.MethodInvocationHelper.invokeMethod(MethodInvocationHelper.java:86)
	at org.testng.internal.Invoker.invokeMethod(Invoker.java:643)
	at org.testng.internal.Invoker.invokeTestMethod(Invoker.java:820)
	at org.testng.internal.Invoker.invokeTestMethods(Invoker.java:1128)
	at org.testng.internal.TestMethodWorker.invokeTestMethods(TestMethodWorker.java:129)
	at org.testng.internal.TestMethodWorker.run(TestMethodWorker.java:112)
	at org.testng.TestRunner.privateRun(TestRunner.java:782)
	at org.testng.TestRunner.run(TestRunner.java:632)
	at org.testng.SuiteRunner.runTest(SuiteRunner.java:366)
	at org.testng.SuiteRunner.runSequentially(SuiteRunner.java:361)
	at org.testng.SuiteRunner.privateRun(SuiteRunner.java:319)
	at org.testng.SuiteRunner.run(SuiteRunner.java:268)
	at org.testng.SuiteRunnerWorker.runSuite(SuiteRunnerWorker.java:52)
	at org.testng.SuiteRunnerWorker.run(SuiteRunnerWorker.java:86)
	at org.testng.TestNG.runSuitesSequentially(TestNG.java:1244)
	at org.testng.TestNG.runSuitesLocally(TestNG.java:1169)
	at org.testng.TestNG.run(TestNG.java:1064)
	at com.ibmwatsonhealth.devopsservices.swaggertestasset.swaggerParserUtility.SwaggerExecutionEngine.executeTestFramework(SwaggerExecutionEngine.java:36)
	at com.ibmwatsonhealth.devopsservices.swaggertestasset.swaggerParserUtility.SwaggerUtility.executeTestFramework(SwaggerUtility.java:2259)
	at com.ibmwatsonhealth.devopsservices.swaggertestasset.swaggerParserUtility.TestController.main(TestController.java:25)
</div></td></tr></table><p class="totop"><a href="#summary">back to summary</a></p><h3 id="m16">com.ibmwatsonhealth.devopsservices.swaggertestasset.swaggerParserUtility.TestNGTestSuite#executeRestfulTest</h3><table class="result"><tr class="param"><th>Parameter #1</th><th>Parameter #2</th></tr><tr class="param stripe"><td>/pet,post</td><td>{hasMandatoryParameterResolved=true, pathParameters={}, external=false, queryParameters={}, invaliddata={schema=application/json, data=hello world}, response={405=io.swagger.models.Response@ce3cc860}, baseURI=http://petstore.swagger.io/v2, definition={Order=io.swagger.models.ModelImpl@42fe8e87, Category=io.swagger.models.ModelImpl@b616536a, User=io.swagger.models.ModelImpl@47191636, Tag=io.swagger.models.ModelImpl@99c7ebc6, Pet=io.swagger.models.ModelImpl@d9fea4dd, ApiResponse=io.swagger.models.ModelImpl@b94d6109}, skip=false, validdata={schema=application/json, data={
  &quot;id&quot; : 0,
  &quot;category&quot; : {
    &quot;id&quot; : 0,
    &quot;name&quot; : &quot;string&quot;
  },
  &quot;name&quot; : &quot;doggie&quot;,
  &quot;photoUrls&quot; : [ &quot;string&quot; ],
  &quot;tags&quot; : [ {
    &quot;id&quot; : 0,
    &quot;name&quot; : &quot;string&quot;
  } ],
  &quot;status&quot; : &quot;string&quot;
}}}</td></tr></table><p class="totop"><a href="#summary">back to summary</a></p><h3 id="m17">com.ibmwatsonhealth.devopsservices.swaggertestasset.swaggerParserUtility.TestNGTestSuite#executeRestfulTest</h3><table class="result"><tr class="param"><th>Parameter #1</th><th>Parameter #2</th></tr><tr class="param stripe"><td>/user/logout,get</td><td>{hasMandatoryParameterResolved=true, pathParameters={}, external=false, queryParameters={}, response={default=io.swagger.models.Response@7cd3eb80}, baseURI=http://petstore.swagger.io/v2, definition={Order=io.swagger.models.ModelImpl@42fe8e87, Category=io.swagger.models.ModelImpl@b616536a, User=io.swagger.models.ModelImpl@47191636, Tag=io.swagger.models.ModelImpl@99c7ebc6, Pet=io.swagger.models.ModelImpl@d9fea4dd, ApiResponse=io.swagger.models.ModelImpl@b94d6109}, skip=false}</td></tr></table><p class="totop"><a href="#summary">back to summary</a></p><h3 id="m18">com.ibmwatsonhealth.devopsservices.swaggertestasset.swaggerParserUtility.TestNGTestSuite#executeRestfulTest</h3><table class="result"><tr class="param"><th>Parameter #1</th><th>Parameter #2</th></tr><tr class="param stripe"><td>/pet,put</td><td>{hasMandatoryParameterResolved=true, pathParameters={}, external=false, queryParameters={}, invaliddata={schema=application/json, data=hello world}, response={400=io.swagger.models.Response@87f925f9, 404=io.swagger.models.Response@7f4c4b3, 405=io.swagger.models.Response@f93bc227}, baseURI=http://petstore.swagger.io/v2, definition={Order=io.swagger.models.ModelImpl@42fe8e87, Category=io.swagger.models.ModelImpl@b616536a, User=io.swagger.models.ModelImpl@47191636, Tag=io.swagger.models.ModelImpl@99c7ebc6, Pet=io.swagger.models.ModelImpl@d9fea4dd, ApiResponse=io.swagger.models.ModelImpl@b94d6109}, skip=false, validdata={schema=application/json, data={
  &quot;id&quot; : 0,
  &quot;category&quot; : {
    &quot;id&quot; : 0,
    &quot;name&quot; : &quot;string&quot;
  },
  &quot;name&quot; : &quot;doggie&quot;,
  &quot;photoUrls&quot; : [ &quot;string&quot; ],
  &quot;tags&quot; : [ {
    &quot;id&quot; : 0,
    &quot;name&quot; : &quot;string&quot;
  } ],
  &quot;status&quot; : &quot;string&quot;
}}}</td></tr></table><p class="totop"><a href="#summary">back to summary</a></p><h3 id="m19">com.ibmwatsonhealth.devopsservices.swaggertestasset.swaggerParserUtility.TestNGTestSuite#executeRestfulTest</h3><table class="result"><tr class="param"><th>Parameter #1</th><th>Parameter #2</th></tr><tr class="param stripe"><td>/store/inventory,get</td><td>{hasMandatoryParameterResolved=true, pathParameters={}, external=false, queryParameters={}, response={200=io.swagger.models.Response@2503e437}, baseURI=http://petstore.swagger.io/v2, definition={Order=io.swagger.models.ModelImpl@42fe8e87, Category=io.swagger.models.ModelImpl@b616536a, User=io.swagger.models.ModelImpl@47191636, Tag=io.swagger.models.ModelImpl@99c7ebc6, Pet=io.swagger.models.ModelImpl@d9fea4dd, ApiResponse=io.swagger.models.ModelImpl@b94d6109}, skip=false}</td></tr></table><p class="totop"><a href="#summary">back to summary</a></p><h3 id="m20">com.ibmwatsonhealth.devopsservices.swaggertestasset.swaggerParserUtility.TestNGTestSuite#swaggerTestServiceConfigurationStatus</h3><table class="result"></table><p class="totop"><a href="#summary">back to summary</a></p></body></html>