<!DOCTYPE html>

<html>
  <head>
  <meta charset='utf-8'>
  <title>TestNG reports</title>

    <link type="text/css" href="testng-reports.css" rel="stylesheet" />  
    <script type="text/javascript" src="jquery-1.7.1.min.js"></script>
    <script type="text/javascript" src="testng-reports.js"></script>
    <script type="text/javascript" src="https://www.google.com/jsapi"></script>
    <script type='text/javascript'>
      google.load('visualization', '1', {packages:['table']});
      google.setOnLoadCallback(drawTable);
      var suiteTableInitFunctions = new Array();
      var suiteTableData = new Array();
    </script>
    <!--
      <script type="text/javascript" src="jquery-ui/js/jquery-ui-1.8.16.custom.min.js"></script>
     -->
  </head>

  <body>
    <div class="top-banner-root">
      <span class="top-banner-title-font">Test results</span>
      <br/>
      <span class="top-banner-font-1">1 suite, 16 failed tests</span>
    </div> <!-- top-banner-root -->
    <div class="navigator-root">
      <div class="navigator-suite-header">
        <span>All suites</span>
        <a href="#" class="collapse-all-link" title="Collapse/expand all the suites">
          <img class="collapse-all-icon" src="collapseall.gif">
          </img> <!-- collapse-all-icon -->
        </a> <!-- collapse-all-link -->
      </div> <!-- navigator-suite-header -->
      <div class="suite">
        <div class="rounded-window">
          <div class="suite-header light-rounded-window-top">
            <a href="#" class="navigator-link" panel-name="suite-SwaggerSuite">
              <span class="suite-name border-failed">SwaggerSuite</span>
            </a> <!-- navigator-link -->
          </div> <!-- suite-header light-rounded-window-top -->
          <div class="navigator-suite-content">
            <div class="suite-section-title">
              <span>Info</span>
            </div> <!-- suite-section-title -->
            <div class="suite-section-content">
              <ul>
                <li>
                  <a href="#" class="navigator-link " panel-name="test-xml-SwaggerSuite">
                    <span>[unset file name]</span>
                  </a> <!-- navigator-link  -->
                </li>
                <li>
                  <a href="#" class="navigator-link " panel-name="testlist-SwaggerSuite">
                    <span class="test-stats">1 test</span>
                  </a> <!-- navigator-link  -->
                </li>
                <li>
                  <a href="#" class="navigator-link " panel-name="group-SwaggerSuite">
                    <span>0 groups</span>
                  </a> <!-- navigator-link  -->
                </li>
                <li>
                  <a href="#" class="navigator-link " panel-name="times-SwaggerSuite">
                    <span>Times</span>
                  </a> <!-- navigator-link  -->
                </li>
                <li>
                  <a href="#" class="navigator-link " panel-name="reporter-SwaggerSuite">
                    <span>Reporter output</span>
                  </a> <!-- navigator-link  -->
                </li>
                <li>
                  <a href="#" class="navigator-link " panel-name="ignored-methods-SwaggerSuite">
                    <span>Ignored methods</span>
                  </a> <!-- navigator-link  -->
                </li>
                <li>
                  <a href="#" class="navigator-link " panel-name="chronological-SwaggerSuite">
                    <span>Chronological view</span>
                  </a> <!-- navigator-link  -->
                </li>
              </ul>
            </div> <!-- suite-section-content -->
            <div class="result-section">
              <div class="suite-section-title">
                <span>Results</span>
              </div> <!-- suite-section-title -->
              <div class="suite-section-content">
                <ul>
                  <li>
                    <span class="method-stats">21 methods, 16 failed,   5 passed</span>
                  </li>
                  <li>
                    <span class="method-list-title failed">Failed methods</span>
                    <span class="show-or-hide-methods failed">
                      <a href="#" panel-name="suite-SwaggerSuite" class="hide-methods failed suite-SwaggerSuite"> (hide)</a> <!-- hide-methods failed suite-SwaggerSuite -->
                      <a href="#" panel-name="suite-SwaggerSuite" class="show-methods failed suite-SwaggerSuite"> (show)</a> <!-- show-methods failed suite-SwaggerSuite -->
                    </span>
                    <div class="method-list-content failed suite-SwaggerSuite">
                      <span>
                        <img width="3%" src="failed.png"/>
                        <a href="#" class="method navigator-link" panel-name="suite-SwaggerSuite" title="com.ibmwatsonhealth.devopsservices.swaggertestasset.swaggerParserUtility.TestNGTestSuite" hash-for-method="executeRestfulTest(/user/createWithList,post, {hasMandatoryParameterResolved=true, pathParameters={}, external=false, q...)">executeRestfulTest(/user/createWithList,post, {hasMandatoryParameterResolved=true, pathParameters={}, external=false, q...)</a> <!-- method navigator-link -->
                      </span>
                      <br/>
                      <span>
                        <img width="3%" src="failed.png"/>
                        <a href="#" class="method navigator-link" panel-name="suite-SwaggerSuite" title="com.ibmwatsonhealth.devopsservices.swaggertestasset.swaggerParserUtility.TestNGTestSuite" hash-for-method="executeRestfulTest(/pet/{petId},post, {hasMandatoryParameterResolved=false, pathParameters={}, external=false, queryPar...)">executeRestfulTest(/pet/{petId},post, {hasMandatoryParameterResolved=false, pathParameters={}, external=false, queryPar...)</a> <!-- method navigator-link -->
                      </span>
                      <br/>
                      <span>
                        <img width="3%" src="failed.png"/>
                        <a href="#" class="method navigator-link" panel-name="suite-SwaggerSuite" title="com.ibmwatsonhealth.devopsservices.swaggertestasset.swaggerParserUtility.TestNGTestSuite" hash-for-method="executeRestfulTest(/user/{username},get, {hasMandatoryParameterResolved=false, pathParameters={}, external=false, query...)">executeRestfulTest(/user/{username},get, {hasMandatoryParameterResolved=false, pathParameters={}, external=false, query...)</a> <!-- method navigator-link -->
                      </span>
                      <br/>
                      <span>
                        <img width="3%" src="failed.png"/>
                        <a href="#" class="method navigator-link" panel-name="suite-SwaggerSuite" title="com.ibmwatsonhealth.devopsservices.swaggertestasset.swaggerParserUtility.TestNGTestSuite" hash-for-method="executeRestfulTest(/pet/{petId}/uploadImage,post, {hasMandatoryParameterResolved=false, pathParameters={}, external=fal...)">executeRestfulTest(/pet/{petId}/uploadImage,post, {hasMandatoryParameterResolved=false, pathParameters={}, external=fal...)</a> <!-- method navigator-link -->
                      </span>
                      <br/>
                      <span>
                        <img width="3%" src="failed.png"/>
                        <a href="#" class="method navigator-link" panel-name="suite-SwaggerSuite" title="com.ibmwatsonhealth.devopsservices.swaggertestasset.swaggerParserUtility.TestNGTestSuite" hash-for-method="executeRestfulTest(/store/order,post, {hasMandatoryParameterResolved=true, pathParameters={}, external=false, queryPara...)">executeRestfulTest(/store/order,post, {hasMandatoryParameterResolved=true, pathParameters={}, external=false, queryPara...)</a> <!-- method navigator-link -->
                      </span>
                      <br/>
                      <span>
                        <img width="3%" src="failed.png"/>
                        <a href="#" class="method navigator-link" panel-name="suite-SwaggerSuite" title="com.ibmwatsonhealth.devopsservices.swaggertestasset.swaggerParserUtility.TestNGTestSuite" hash-for-method="executeRestfulTest(/user/createWithArray,post, {hasMandatoryParameterResolved=true, pathParameters={}, external=false, ...)">executeRestfulTest(/user/createWithArray,post, {hasMandatoryParameterResolved=true, pathParameters={}, external=false, ...)</a> <!-- method navigator-link -->
                      </span>
                      <br/>
                      <span>
                        <img width="3%" src="failed.png"/>
                        <a href="#" class="method navigator-link" panel-name="suite-SwaggerSuite" title="com.ibmwatsonhealth.devopsservices.swaggertestasset.swaggerParserUtility.TestNGTestSuite" hash-for-method="executeRestfulTest(/user,post, {hasMandatoryParameterResolved=true, pathParameters={}, external=false, queryParameters=...)">executeRestfulTest(/user,post, {hasMandatoryParameterResolved=true, pathParameters={}, external=false, queryParameters=...)</a> <!-- method navigator-link -->
                      </span>
                      <br/>
                      <span>
                        <img width="3%" src="failed.png"/>
                        <a href="#" class="method navigator-link" panel-name="suite-SwaggerSuite" title="com.ibmwatsonhealth.devopsservices.swaggertestasset.swaggerParserUtility.TestNGTestSuite" hash-for-method="executeRestfulTest(/store/order/{orderId},get, {hasMandatoryParameterResolved=false, pathParameters={}, external=false,...)">executeRestfulTest(/store/order/{orderId},get, {hasMandatoryParameterResolved=false, pathParameters={}, external=false,...)</a> <!-- method navigator-link -->
                      </span>
                      <br/>
                      <span>
                        <img width="3%" src="failed.png"/>
                        <a href="#" class="method navigator-link" panel-name="suite-SwaggerSuite" title="com.ibmwatsonhealth.devopsservices.swaggertestasset.swaggerParserUtility.TestNGTestSuite" hash-for-method="executeRestfulTest(/user/{username},put, {hasMandatoryParameterResolved=false, pathParameters={}, external=false, query...)">executeRestfulTest(/user/{username},put, {hasMandatoryParameterResolved=false, pathParameters={}, external=false, query...)</a> <!-- method navigator-link -->
                      </span>
                      <br/>
                      <span>
                        <img width="3%" src="failed.png"/>
                        <a href="#" class="method navigator-link" panel-name="suite-SwaggerSuite" title="com.ibmwatsonhealth.devopsservices.swaggertestasset.swaggerParserUtility.TestNGTestSuite" hash-for-method="executeRestfulTest(/pet/findByTags,get, {hasMandatoryParameterResolved=false, pathParameters={}, external=false, queryP...)">executeRestfulTest(/pet/findByTags,get, {hasMandatoryParameterResolved=false, pathParameters={}, external=false, queryP...)</a> <!-- method navigator-link -->
                      </span>
                      <br/>
                      <span>
                        <img width="3%" src="failed.png"/>
                        <a href="#" class="method navigator-link" panel-name="suite-SwaggerSuite" title="com.ibmwatsonhealth.devopsservices.swaggertestasset.swaggerParserUtility.TestNGTestSuite" hash-for-method="executeRestfulTest(/pet/{petId},delete, {hasMandatoryParameterResolved=false, pathParameters={}, external=false, queryP...)">executeRestfulTest(/pet/{petId},delete, {hasMandatoryParameterResolved=false, pathParameters={}, external=false, queryP...)</a> <!-- method navigator-link -->
                      </span>
                      <br/>
                      <span>
                        <img width="3%" src="failed.png"/>
                        <a href="#" class="method navigator-link" panel-name="suite-SwaggerSuite" title="com.ibmwatsonhealth.devopsservices.swaggertestasset.swaggerParserUtility.TestNGTestSuite" hash-for-method="executeRestfulTest(/user/{username},delete, {hasMandatoryParameterResolved=false, pathParameters={}, external=false, qu...)">executeRestfulTest(/user/{username},delete, {hasMandatoryParameterResolved=false, pathParameters={}, external=false, qu...)</a> <!-- method navigator-link -->
                      </span>
                      <br/>
                      <span>
                        <img width="3%" src="failed.png"/>
                        <a href="#" class="method navigator-link" panel-name="suite-SwaggerSuite" title="com.ibmwatsonhealth.devopsservices.swaggertestasset.swaggerParserUtility.TestNGTestSuite" hash-for-method="executeRestfulTest(/pet/findByStatus,get, {hasMandatoryParameterResolved=false, pathParameters={}, external=false, quer...)">executeRestfulTest(/pet/findByStatus,get, {hasMandatoryParameterResolved=false, pathParameters={}, external=false, quer...)</a> <!-- method navigator-link -->
                      </span>
                      <br/>
                      <span>
                        <img width="3%" src="failed.png"/>
                        <a href="#" class="method navigator-link" panel-name="suite-SwaggerSuite" title="com.ibmwatsonhealth.devopsservices.swaggertestasset.swaggerParserUtility.TestNGTestSuite" hash-for-method="executeRestfulTest(/user/login,get, {hasMandatoryParameterResolved=false, pathParameters={}, external=false, queryParam...)">executeRestfulTest(/user/login,get, {hasMandatoryParameterResolved=false, pathParameters={}, external=false, queryParam...)</a> <!-- method navigator-link -->
                      </span>
                      <br/>
                      <span>
                        <img width="3%" src="failed.png"/>
                        <a href="#" class="method navigator-link" panel-name="suite-SwaggerSuite" title="com.ibmwatsonhealth.devopsservices.swaggertestasset.swaggerParserUtility.TestNGTestSuite" hash-for-method="executeRestfulTest(/store/order/{orderId},delete, {hasMandatoryParameterResolved=false, pathParameters={}, external=fal...)">executeRestfulTest(/store/order/{orderId},delete, {hasMandatoryParameterResolved=false, pathParameters={}, external=fal...)</a> <!-- method navigator-link -->
                      </span>
                      <br/>
                      <span>
                        <img width="3%" src="failed.png"/>
                        <a href="#" class="method navigator-link" panel-name="suite-SwaggerSuite" title="com.ibmwatsonhealth.devopsservices.swaggertestasset.swaggerParserUtility.TestNGTestSuite" hash-for-method="executeRestfulTest(/pet/{petId},get, {hasMandatoryParameterResolved=false, pathParameters={}, external=false, queryPara...)">executeRestfulTest(/pet/{petId},get, {hasMandatoryParameterResolved=false, pathParameters={}, external=false, queryPara...)</a> <!-- method navigator-link -->
                      </span>
                      <br/>
                    </div> <!-- method-list-content failed suite-SwaggerSuite -->
                  </li>
                  <li>
                    <span class="method-list-title passed">Passed methods</span>
                    <span class="show-or-hide-methods passed">
                      <a href="#" panel-name="suite-SwaggerSuite" class="hide-methods passed suite-SwaggerSuite"> (hide)</a> <!-- hide-methods passed suite-SwaggerSuite -->
                      <a href="#" panel-name="suite-SwaggerSuite" class="show-methods passed suite-SwaggerSuite"> (show)</a> <!-- show-methods passed suite-SwaggerSuite -->
                    </span>
                    <div class="method-list-content passed suite-SwaggerSuite">
                      <span>
                        <img width="3%" src="passed.png"/>
                        <a href="#" class="method navigator-link" panel-name="suite-SwaggerSuite" title="com.ibmwatsonhealth.devopsservices.swaggertestasset.swaggerParserUtility.TestNGTestSuite" hash-for-method="executeRestfulTest(/pet,post, {hasMandatoryParameterResolved=true, pathParameters={}, external=false, queryParameters={...)">executeRestfulTest(/pet,post, {hasMandatoryParameterResolved=true, pathParameters={}, external=false, queryParameters={...)</a> <!-- method navigator-link -->
                      </span>
                      <br/>
                      <span>
                        <img width="3%" src="passed.png"/>
                        <a href="#" class="method navigator-link" panel-name="suite-SwaggerSuite" title="com.ibmwatsonhealth.devopsservices.swaggertestasset.swaggerParserUtility.TestNGTestSuite" hash-for-method="executeRestfulTest(/user/logout,get, {hasMandatoryParameterResolved=true, pathParameters={}, external=false, queryParam...)">executeRestfulTest(/user/logout,get, {hasMandatoryParameterResolved=true, pathParameters={}, external=false, queryParam...)</a> <!-- method navigator-link -->
                      </span>
                      <br/>
                      <span>
                        <img width="3%" src="passed.png"/>
                        <a href="#" class="method navigator-link" panel-name="suite-SwaggerSuite" title="com.ibmwatsonhealth.devopsservices.swaggertestasset.swaggerParserUtility.TestNGTestSuite" hash-for-method="executeRestfulTest(/pet,put, {hasMandatoryParameterResolved=true, pathParameters={}, external=false, queryParameters={}...)">executeRestfulTest(/pet,put, {hasMandatoryParameterResolved=true, pathParameters={}, external=false, queryParameters={}...)</a> <!-- method navigator-link -->
                      </span>
                      <br/>
                      <span>
                        <img width="3%" src="passed.png"/>
                        <a href="#" class="method navigator-link" panel-name="suite-SwaggerSuite" title="com.ibmwatsonhealth.devopsservices.swaggertestasset.swaggerParserUtility.TestNGTestSuite" hash-for-method="executeRestfulTest(/store/inventory,get, {hasMandatoryParameterResolved=true, pathParameters={}, external=false, queryP...)">executeRestfulTest(/store/inventory,get, {hasMandatoryParameterResolved=true, pathParameters={}, external=false, queryP...)</a> <!-- method navigator-link -->
                      </span>
                      <br/>
                      <span>
                        <img width="3%" src="passed.png"/>
                        <a href="#" class="method navigator-link" panel-name="suite-SwaggerSuite" title="com.ibmwatsonhealth.devopsservices.swaggertestasset.swaggerParserUtility.TestNGTestSuite" hash-for-method="swaggerTestServiceConfigurationStatus">swaggerTestServiceConfigurationStatus</a> <!-- method navigator-link -->
                      </span>
                      <br/>
                    </div> <!-- method-list-content passed suite-SwaggerSuite -->
                  </li>
                </ul>
              </div> <!-- suite-section-content -->
            </div> <!-- result-section -->
          </div> <!-- navigator-suite-content -->
        </div> <!-- rounded-window -->
      </div> <!-- suite -->
    </div> <!-- navigator-root -->
    <div class="wrapper">
      <div class="main-panel-root">
        <div panel-name="suite-SwaggerSuite" class="panel SwaggerSuite">
          <div class="suite-SwaggerSuite-class-failed">
            <div class="main-panel-header rounded-window-top">
              <img src="failed.png"/>
              <span class="class-name">com.ibmwatsonhealth.devopsservices.swaggertestasset.swaggerParserUtility.TestNGTestSuite</span>
            </div> <!-- main-panel-header rounded-window-top -->
            <div class="main-panel-content rounded-window-bottom">
              <div class="method">
                <div class="method-content">
                  <a name="executeRestfulTest(/user/createWithList,post, {hasMandatoryParameterResolved=true, pathParameters={}, external=false, q...)">
                  </a> <!-- executeRestfulTest(/user/createWithList,post, {hasMandatoryParameterResolved=true, pathParameters={}, external=false, q...) -->
                  <span class="method-name">executeRestfulTest</span>
                  <span class="parameters">(/user/createWithList,post, {hasMandatoryParameterResolved=true, pathParameters={}, external=false, queryParameters={}, response={default=io.swagger.models.Response@7cd3eb80}, baseURI=http://petstore.swagger.io/v2, definition={Order=io.swagger.models.ModelImpl@42fe8e87, Category=io.swagger.models.ModelImpl@b616536a, User=io.swagger.models.ModelImpl@47191636, Tag=io.swagger.models.ModelImpl@99c7ebc6, Pet=io.swagger.models.ModelImpl@d9fea4dd, ApiResponse=io.swagger.models.ModelImpl@b94d6109}, skip=false, validdata=null})</span>
                  <div class="stack-trace">java.lang.AssertionError: DOCUMENTATION FAILURE: Swagger specification is missing data format consumed by request
	at org.testng.Assert.fail(Assert.java:94)
	at com.ibmwatsonhealth.devopsservices.swaggertestasset.swaggerParserUtility.TestNGTestSuite.executeRestfulTest(TestNGTestSuite.java:331)
	at sun.reflect.NativeMethodAccessorImpl.invoke0(Native Method)
	at sun.reflect.NativeMethodAccessorImpl.invoke(NativeMethodAccessorImpl.java:62)
	at sun.reflect.DelegatingMethodAccessorImpl.invoke(DelegatingMethodAccessorImpl.java:43)
	at java.lang.reflect.Method.invoke(Method.java:498)
	at org.testng.internal.MethodInvocationHelper.invokeMethod(MethodInvocationHelper.java:86)
	at org.testng.internal.Invoker.invokeMethod(Invoker.java:643)
	at org.testng.internal.Invoker.invokeTestMethod(Invoker.java:820)
	at org.testng.internal.Invoker.invokeTestMethods(Invoker.java:1128)
	at org.testng.internal.TestMethodWorker.invokeTestMethods(TestMethodWorker.java:129)
	at org.testng.internal.TestMethodWorker.run(TestMethodWorker.java:112)
	at org.testng.TestRunner.privateRun(TestRunner.java:782)
	at org.testng.TestRunner.run(TestRunner.java:632)
	at org.testng.SuiteRunner.runTest(SuiteRunner.java:366)
	at org.testng.SuiteRunner.runSequentially(SuiteRunner.java:361)
	at org.testng.SuiteRunner.privateRun(SuiteRunner.java:319)
	at org.testng.SuiteRunner.run(SuiteRunner.java:268)
	at org.testng.SuiteRunnerWorker.runSuite(SuiteRunnerWorker.java:52)
	at org.testng.SuiteRunnerWorker.run(SuiteRunnerWorker.java:86)
	at org.testng.TestNG.runSuitesSequentially(TestNG.java:1244)
	at org.testng.TestNG.runSuitesLocally(TestNG.java:1169)
	at org.testng.TestNG.run(TestNG.java:1064)
	at com.ibmwatsonhealth.devopsservices.swaggertestasset.swaggerParserUtility.SwaggerExecutionEngine.executeTestFramework(SwaggerExecutionEngine.java:36)
	at com.ibmwatsonhealth.devopsservices.swaggertestasset.swaggerParserUtility.SwaggerUtility.executeTestFramework(SwaggerUtility.java:2259)
	at com.ibmwatsonhealth.devopsservices.swaggertestasset.swaggerParserUtility.TestController.main(TestController.java:25)

</div> <!-- stack-trace -->
                </div> <!-- method-content -->
              </div> <!-- method -->
              <div class="method">
                <div class="method-content">
                  <a name="executeRestfulTest(/pet/{petId},post, {hasMandatoryParameterResolved=false, pathParameters={}, external=false, queryPar...)">
                  </a> <!-- executeRestfulTest(/pet/{petId},post, {hasMandatoryParameterResolved=false, pathParameters={}, external=false, queryPar...) -->
                  <span class="method-name">executeRestfulTest</span>
                  <span class="parameters">(/pet/{petId},post, {hasMandatoryParameterResolved=false, pathParameters={}, external=false, queryParameters={}, response={405=io.swagger.models.Response@ce3cc860}, baseURI=http://petstore.swagger.io/v2, definition={Order=io.swagger.models.ModelImpl@42fe8e87, Category=io.swagger.models.ModelImpl@b616536a, User=io.swagger.models.ModelImpl@47191636, Tag=io.swagger.models.ModelImpl@99c7ebc6, Pet=io.swagger.models.ModelImpl@d9fea4dd, ApiResponse=io.swagger.models.ModelImpl@b94d6109}, skip=false})</span>
                  <div class="stack-trace">java.lang.AssertionError: Mandatory Parameters not resolved successfully in Swagger Specification file for path: /pet/{petId} operation: post
	at org.testng.Assert.fail(Assert.java:94)
	at com.ibmwatsonhealth.devopsservices.swaggertestasset.swaggerParserUtility.TestNGTestSuite.executeRestfulTest(TestNGTestSuite.java:205)
	at sun.reflect.NativeMethodAccessorImpl.invoke0(Native Method)
	at sun.reflect.NativeMethodAccessorImpl.invoke(NativeMethodAccessorImpl.java:62)
	at sun.reflect.DelegatingMethodAccessorImpl.invoke(DelegatingMethodAccessorImpl.java:43)
	at java.lang.reflect.Method.invoke(Method.java:498)
	at org.testng.internal.MethodInvocationHelper.invokeMethod(MethodInvocationHelper.java:86)
	at org.testng.internal.Invoker.invokeMethod(Invoker.java:643)
	at org.testng.internal.Invoker.invokeTestMethod(Invoker.java:820)
	at org.testng.internal.Invoker.invokeTestMethods(Invoker.java:1128)
	at org.testng.internal.TestMethodWorker.invokeTestMethods(TestMethodWorker.java:129)
	at org.testng.internal.TestMethodWorker.run(TestMethodWorker.java:112)
	at org.testng.TestRunner.privateRun(TestRunner.java:782)
	at org.testng.TestRunner.run(TestRunner.java:632)
	at org.testng.SuiteRunner.runTest(SuiteRunner.java:366)
	at org.testng.SuiteRunner.runSequentially(SuiteRunner.java:361)
	at org.testng.SuiteRunner.privateRun(SuiteRunner.java:319)
	at org.testng.SuiteRunner.run(SuiteRunner.java:268)
	at org.testng.SuiteRunnerWorker.runSuite(SuiteRunnerWorker.java:52)
	at org.testng.SuiteRunnerWorker.run(SuiteRunnerWorker.java:86)
	at org.testng.TestNG.runSuitesSequentially(TestNG.java:1244)
	at org.testng.TestNG.runSuitesLocally(TestNG.java:1169)
	at org.testng.TestNG.run(TestNG.java:1064)
	at com.ibmwatsonhealth.devopsservices.swaggertestasset.swaggerParserUtility.SwaggerExecutionEngine.executeTestFramework(SwaggerExecutionEngine.java:36)
	at com.ibmwatsonhealth.devopsservices.swaggertestasset.swaggerParserUtility.SwaggerUtility.executeTestFramework(SwaggerUtility.java:2259)
	at com.ibmwatsonhealth.devopsservices.swaggertestasset.swaggerParserUtility.TestController.main(TestController.java:25)

</div> <!-- stack-trace -->
                </div> <!-- method-content -->
              </div> <!-- method -->
              <div class="method">
                <div class="method-content">
                  <a name="executeRestfulTest(/user/{username},get, {hasMandatoryParameterResolved=false, pathParameters={}, external=false, query...)">
                  </a> <!-- executeRestfulTest(/user/{username},get, {hasMandatoryParameterResolved=false, pathParameters={}, external=false, query...) -->
                  <span class="method-name">executeRestfulTest</span>
                  <span class="parameters">(/user/{username},get, {hasMandatoryParameterResolved=false, pathParameters={}, external=false, queryParameters={}, response={200=io.swagger.models.Response@54dbdde5, 400=io.swagger.models.Response@932768de, 404=io.swagger.models.Response@9fe75e9f}, baseURI=http://petstore.swagger.io/v2, definition={Order=io.swagger.models.ModelImpl@42fe8e87, Category=io.swagger.models.ModelImpl@b616536a, User=io.swagger.models.ModelImpl@47191636, Tag=io.swagger.models.ModelImpl@99c7ebc6, Pet=io.swagger.models.ModelImpl@d9fea4dd, ApiResponse=io.swagger.models.ModelImpl@b94d6109}, skip=false})</span>
                  <div class="stack-trace">java.lang.AssertionError: Mandatory Parameters not resolved successfully in Swagger Specification file for path: /user/{username} operation: get
	at org.testng.Assert.fail(Assert.java:94)
	at com.ibmwatsonhealth.devopsservices.swaggertestasset.swaggerParserUtility.TestNGTestSuite.executeRestfulTest(TestNGTestSuite.java:126)
	at sun.reflect.GeneratedMethodAccessor43.invoke(Unknown Source)
	at sun.reflect.DelegatingMethodAccessorImpl.invoke(DelegatingMethodAccessorImpl.java:43)
	at java.lang.reflect.Method.invoke(Method.java:498)
	at org.testng.internal.MethodInvocationHelper.invokeMethod(MethodInvocationHelper.java:86)
	at org.testng.internal.Invoker.invokeMethod(Invoker.java:643)
	at org.testng.internal.Invoker.invokeTestMethod(Invoker.java:820)
	at org.testng.internal.Invoker.invokeTestMethods(Invoker.java:1128)
	at org.testng.internal.TestMethodWorker.invokeTestMethods(TestMethodWorker.java:129)
	at org.testng.internal.TestMethodWorker.run(TestMethodWorker.java:112)
	at org.testng.TestRunner.privateRun(TestRunner.java:782)
	at org.testng.TestRunner.run(TestRunner.java:632)
	at org.testng.SuiteRunner.runTest(SuiteRunner.java:366)
	at org.testng.SuiteRunner.runSequentially(SuiteRunner.java:361)
	at org.testng.SuiteRunner.privateRun(SuiteRunner.java:319)
	at org.testng.SuiteRunner.run(SuiteRunner.java:268)
	at org.testng.SuiteRunnerWorker.runSuite(SuiteRunnerWorker.java:52)
	at org.testng.SuiteRunnerWorker.run(SuiteRunnerWorker.java:86)
	at org.testng.TestNG.runSuitesSequentially(TestNG.java:1244)
	at org.testng.TestNG.runSuitesLocally(TestNG.java:1169)
	at org.testng.TestNG.run(TestNG.java:1064)
	at com.ibmwatsonhealth.devopsservices.swaggertestasset.swaggerParserUtility.SwaggerExecutionEngine.executeTestFramework(SwaggerExecutionEngine.java:36)
	at com.ibmwatsonhealth.devopsservices.swaggertestasset.swaggerParserUtility.SwaggerUtility.executeTestFramework(SwaggerUtility.java:2259)
	at com.ibmwatsonhealth.devopsservices.swaggertestasset.swaggerParserUtility.TestController.main(TestController.java:25)

</div> <!-- stack-trace -->
                </div> <!-- method-content -->
              </div> <!-- method -->
              <div class="method">
                <div class="method-content">
                  <a name="executeRestfulTest(/pet/{petId}/uploadImage,post, {hasMandatoryParameterResolved=false, pathParameters={}, external=fal...)">
                  </a> <!-- executeRestfulTest(/pet/{petId}/uploadImage,post, {hasMandatoryParameterResolved=false, pathParameters={}, external=fal...) -->
                  <span class="method-name">executeRestfulTest</span>
                  <span class="parameters">(/pet/{petId}/uploadImage,post, {hasMandatoryParameterResolved=false, pathParameters={}, external=false, queryParameters={}, response={200=io.swagger.models.Response@107a79cf}, baseURI=http://petstore.swagger.io/v2, definition={Order=io.swagger.models.ModelImpl@42fe8e87, Category=io.swagger.models.ModelImpl@b616536a, User=io.swagger.models.ModelImpl@47191636, Tag=io.swagger.models.ModelImpl@99c7ebc6, Pet=io.swagger.models.ModelImpl@d9fea4dd, ApiResponse=io.swagger.models.ModelImpl@b94d6109}, skip=false})</span>
                  <div class="stack-trace">java.lang.AssertionError: Mandatory Parameters not resolved successfully in Swagger Specification file for path: /pet/{petId}/uploadImage operation: post
	at org.testng.Assert.fail(Assert.java:94)
	at com.ibmwatsonhealth.devopsservices.swaggertestasset.swaggerParserUtility.TestNGTestSuite.executeRestfulTest(TestNGTestSuite.java:205)
	at sun.reflect.NativeMethodAccessorImpl.invoke0(Native Method)
	at sun.reflect.NativeMethodAccessorImpl.invoke(NativeMethodAccessorImpl.java:62)
	at sun.reflect.DelegatingMethodAccessorImpl.invoke(DelegatingMethodAccessorImpl.java:43)
	at java.lang.reflect.Method.invoke(Method.java:498)
	at org.testng.internal.MethodInvocationHelper.invokeMethod(MethodInvocationHelper.java:86)
	at org.testng.internal.Invoker.invokeMethod(Invoker.java:643)
	at org.testng.internal.Invoker.invokeTestMethod(Invoker.java:820)
	at org.testng.internal.Invoker.invokeTestMethods(Invoker.java:1128)
	at org.testng.internal.TestMethodWorker.invokeTestMethods(TestMethodWorker.java:129)
	at org.testng.internal.TestMethodWorker.run(TestMethodWorker.java:112)
	at org.testng.TestRunner.privateRun(TestRunner.java:782)
	at org.testng.TestRunner.run(TestRunner.java:632)
	at org.testng.SuiteRunner.runTest(SuiteRunner.java:366)
	at org.testng.SuiteRunner.runSequentially(SuiteRunner.java:361)
	at org.testng.SuiteRunner.privateRun(SuiteRunner.java:319)
	at org.testng.SuiteRunner.run(SuiteRunner.java:268)
	at org.testng.SuiteRunnerWorker.runSuite(SuiteRunnerWorker.java:52)
	at org.testng.SuiteRunnerWorker.run(SuiteRunnerWorker.java:86)
	at org.testng.TestNG.runSuitesSequentially(TestNG.java:1244)
	at org.testng.TestNG.runSuitesLocally(TestNG.java:1169)
	at org.testng.TestNG.run(TestNG.java:1064)
	at com.ibmwatsonhealth.devopsservices.swaggertestasset.swaggerParserUtility.SwaggerExecutionEngine.executeTestFramework(SwaggerExecutionEngine.java:36)
	at com.ibmwatsonhealth.devopsservices.swaggertestasset.swaggerParserUtility.SwaggerUtility.executeTestFramework(SwaggerUtility.java:2259)
	at com.ibmwatsonhealth.devopsservices.swaggertestasset.swaggerParserUtility.TestController.main(TestController.java:25)

</div> <!-- stack-trace -->
                </div> <!-- method-content -->
              </div> <!-- method -->
              <div class="method">
                <div class="method-content">
                  <a name="executeRestfulTest(/store/order,post, {hasMandatoryParameterResolved=true, pathParameters={}, external=false, queryPara...)">
                  </a> <!-- executeRestfulTest(/store/order,post, {hasMandatoryParameterResolved=true, pathParameters={}, external=false, queryPara...) -->
                  <span class="method-name">executeRestfulTest</span>
                  <span class="parameters">(/store/order,post, {hasMandatoryParameterResolved=true, pathParameters={}, external=false, queryParameters={}, response={200=io.swagger.models.Response@a6f0a32f, 400=io.swagger.models.Response@c899b5c4}, baseURI=http://petstore.swagger.io/v2, definition={Order=io.swagger.models.ModelImpl@42fe8e87, Category=io.swagger.models.ModelImpl@b616536a, User=io.swagger.models.ModelImpl@47191636, Tag=io.swagger.models.ModelImpl@99c7ebc6, Pet=io.swagger.models.ModelImpl@d9fea4dd, ApiResponse=io.swagger.models.ModelImpl@b94d6109}, skip=false, validdata=null})</span>
                  <div class="stack-trace">java.lang.AssertionError: DOCUMENTATION FAILURE: Swagger specification is missing data format consumed by request
	at org.testng.Assert.fail(Assert.java:94)
	at com.ibmwatsonhealth.devopsservices.swaggertestasset.swaggerParserUtility.TestNGTestSuite.executeRestfulTest(TestNGTestSuite.java:331)
	at sun.reflect.NativeMethodAccessorImpl.invoke0(Native Method)
	at sun.reflect.NativeMethodAccessorImpl.invoke(NativeMethodAccessorImpl.java:62)
	at sun.reflect.DelegatingMethodAccessorImpl.invoke(DelegatingMethodAccessorImpl.java:43)
	at java.lang.reflect.Method.invoke(Method.java:498)
	at org.testng.internal.MethodInvocationHelper.invokeMethod(MethodInvocationHelper.java:86)
	at org.testng.internal.Invoker.invokeMethod(Invoker.java:643)
	at org.testng.internal.Invoker.invokeTestMethod(Invoker.java:820)
	at org.testng.internal.Invoker.invokeTestMethods(Invoker.java:1128)
	at org.testng.internal.TestMethodWorker.invokeTestMethods(TestMethodWorker.java:129)
	at org.testng.internal.TestMethodWorker.run(TestMethodWorker.java:112)
	at org.testng.TestRunner.privateRun(TestRunner.java:782)
	at org.testng.TestRunner.run(TestRunner.java:632)
	at org.testng.SuiteRunner.runTest(SuiteRunner.java:366)
	at org.testng.SuiteRunner.runSequentially(SuiteRunner.java:361)
	at org.testng.SuiteRunner.privateRun(SuiteRunner.java:319)
	at org.testng.SuiteRunner.run(SuiteRunner.java:268)
	at org.testng.SuiteRunnerWorker.runSuite(SuiteRunnerWorker.java:52)
	at org.testng.SuiteRunnerWorker.run(SuiteRunnerWorker.java:86)
	at org.testng.TestNG.runSuitesSequentially(TestNG.java:1244)
	at org.testng.TestNG.runSuitesLocally(TestNG.java:1169)
	at org.testng.TestNG.run(TestNG.java:1064)
	at com.ibmwatsonhealth.devopsservices.swaggertestasset.swaggerParserUtility.SwaggerExecutionEngine.executeTestFramework(SwaggerExecutionEngine.java:36)
	at com.ibmwatsonhealth.devopsservices.swaggertestasset.swaggerParserUtility.SwaggerUtility.executeTestFramework(SwaggerUtility.java:2259)
	at com.ibmwatsonhealth.devopsservices.swaggertestasset.swaggerParserUtility.TestController.main(TestController.java:25)

</div> <!-- stack-trace -->
                </div> <!-- method-content -->
              </div> <!-- method -->
              <div class="method">
                <div class="method-content">
                  <a name="executeRestfulTest(/user/createWithArray,post, {hasMandatoryParameterResolved=true, pathParameters={}, external=false, ...)">
                  </a> <!-- executeRestfulTest(/user/createWithArray,post, {hasMandatoryParameterResolved=true, pathParameters={}, external=false, ...) -->
                  <span class="method-name">executeRestfulTest</span>
                  <span class="parameters">(/user/createWithArray,post, {hasMandatoryParameterResolved=true, pathParameters={}, external=false, queryParameters={}, response={default=io.swagger.models.Response@7cd3eb80}, baseURI=http://petstore.swagger.io/v2, definition={Order=io.swagger.models.ModelImpl@42fe8e87, Category=io.swagger.models.ModelImpl@b616536a, User=io.swagger.models.ModelImpl@47191636, Tag=io.swagger.models.ModelImpl@99c7ebc6, Pet=io.swagger.models.ModelImpl@d9fea4dd, ApiResponse=io.swagger.models.ModelImpl@b94d6109}, skip=false, validdata=null})</span>
                  <div class="stack-trace">java.lang.AssertionError: DOCUMENTATION FAILURE: Swagger specification is missing data format consumed by request
	at org.testng.Assert.fail(Assert.java:94)
	at com.ibmwatsonhealth.devopsservices.swaggertestasset.swaggerParserUtility.TestNGTestSuite.executeRestfulTest(TestNGTestSuite.java:331)
	at sun.reflect.NativeMethodAccessorImpl.invoke0(Native Method)
	at sun.reflect.NativeMethodAccessorImpl.invoke(NativeMethodAccessorImpl.java:62)
	at sun.reflect.DelegatingMethodAccessorImpl.invoke(DelegatingMethodAccessorImpl.java:43)
	at java.lang.reflect.Method.invoke(Method.java:498)
	at org.testng.internal.MethodInvocationHelper.invokeMethod(MethodInvocationHelper.java:86)
	at org.testng.internal.Invoker.invokeMethod(Invoker.java:643)
	at org.testng.internal.Invoker.invokeTestMethod(Invoker.java:820)
	at org.testng.internal.Invoker.invokeTestMethods(Invoker.java:1128)
	at org.testng.internal.TestMethodWorker.invokeTestMethods(TestMethodWorker.java:129)
	at org.testng.internal.TestMethodWorker.run(TestMethodWorker.java:112)
	at org.testng.TestRunner.privateRun(TestRunner.java:782)
	at org.testng.TestRunner.run(TestRunner.java:632)
	at org.testng.SuiteRunner.runTest(SuiteRunner.java:366)
	at org.testng.SuiteRunner.runSequentially(SuiteRunner.java:361)
	at org.testng.SuiteRunner.privateRun(SuiteRunner.java:319)
	at org.testng.SuiteRunner.run(SuiteRunner.java:268)
	at org.testng.SuiteRunnerWorker.runSuite(SuiteRunnerWorker.java:52)
	at org.testng.SuiteRunnerWorker.run(SuiteRunnerWorker.java:86)
	at org.testng.TestNG.runSuitesSequentially(TestNG.java:1244)
	at org.testng.TestNG.runSuitesLocally(TestNG.java:1169)
	at org.testng.TestNG.run(TestNG.java:1064)
	at com.ibmwatsonhealth.devopsservices.swaggertestasset.swaggerParserUtility.SwaggerExecutionEngine.executeTestFramework(SwaggerExecutionEngine.java:36)
	at com.ibmwatsonhealth.devopsservices.swaggertestasset.swaggerParserUtility.SwaggerUtility.executeTestFramework(SwaggerUtility.java:2259)
	at com.ibmwatsonhealth.devopsservices.swaggertestasset.swaggerParserUtility.TestController.main(TestController.java:25)

</div> <!-- stack-trace -->
                </div> <!-- method-content -->
              </div> <!-- method -->
              <div class="method">
                <div class="method-content">
                  <a name="executeRestfulTest(/user,post, {hasMandatoryParameterResolved=true, pathParameters={}, external=false, queryParameters=...)">
                  </a> <!-- executeRestfulTest(/user,post, {hasMandatoryParameterResolved=true, pathParameters={}, external=false, queryParameters=...) -->
                  <span class="method-name">executeRestfulTest</span>
                  <span class="parameters">(/user,post, {hasMandatoryParameterResolved=true, pathParameters={}, external=false, queryParameters={}, response={default=io.swagger.models.Response@7cd3eb80}, baseURI=http://petstore.swagger.io/v2, definition={Order=io.swagger.models.ModelImpl@42fe8e87, Category=io.swagger.models.ModelImpl@b616536a, User=io.swagger.models.ModelImpl@47191636, Tag=io.swagger.models.ModelImpl@99c7ebc6, Pet=io.swagger.models.ModelImpl@d9fea4dd, ApiResponse=io.swagger.models.ModelImpl@b94d6109}, skip=false, validdata=null})</span>
                  <div class="stack-trace">java.lang.AssertionError: DOCUMENTATION FAILURE: Swagger specification is missing data format consumed by request
	at org.testng.Assert.fail(Assert.java:94)
	at com.ibmwatsonhealth.devopsservices.swaggertestasset.swaggerParserUtility.TestNGTestSuite.executeRestfulTest(TestNGTestSuite.java:331)
	at sun.reflect.NativeMethodAccessorImpl.invoke0(Native Method)
	at sun.reflect.NativeMethodAccessorImpl.invoke(NativeMethodAccessorImpl.java:62)
	at sun.reflect.DelegatingMethodAccessorImpl.invoke(DelegatingMethodAccessorImpl.java:43)
	at java.lang.reflect.Method.invoke(Method.java:498)
	at org.testng.internal.MethodInvocationHelper.invokeMethod(MethodInvocationHelper.java:86)
	at org.testng.internal.Invoker.invokeMethod(Invoker.java:643)
	at org.testng.internal.Invoker.invokeTestMethod(Invoker.java:820)
	at org.testng.internal.Invoker.invokeTestMethods(Invoker.java:1128)
	at org.testng.internal.TestMethodWorker.invokeTestMethods(TestMethodWorker.java:129)
	at org.testng.internal.TestMethodWorker.run(TestMethodWorker.java:112)
	at org.testng.TestRunner.privateRun(TestRunner.java:782)
	at org.testng.TestRunner.run(TestRunner.java:632)
	at org.testng.SuiteRunner.runTest(SuiteRunner.java:366)
	at org.testng.SuiteRunner.runSequentially(SuiteRunner.java:361)
	at org.testng.SuiteRunner.privateRun(SuiteRunner.java:319)
	at org.testng.SuiteRunner.run(SuiteRunner.java:268)
	at org.testng.SuiteRunnerWorker.runSuite(SuiteRunnerWorker.java:52)
	at org.testng.SuiteRunnerWorker.run(SuiteRunnerWorker.java:86)
	at org.testng.TestNG.runSuitesSequentially(TestNG.java:1244)
	at org.testng.TestNG.runSuitesLocally(TestNG.java:1169)
	at org.testng.TestNG.run(TestNG.java:1064)
	at com.ibmwatsonhealth.devopsservices.swaggertestasset.swaggerParserUtility.SwaggerExecutionEngine.executeTestFramework(SwaggerExecutionEngine.java:36)
	at com.ibmwatsonhealth.devopsservices.swaggertestasset.swaggerParserUtility.SwaggerUtility.executeTestFramework(SwaggerUtility.java:2259)
	at com.ibmwatsonhealth.devopsservices.swaggertestasset.swaggerParserUtility.TestController.main(TestController.java:25)

</div> <!-- stack-trace -->
                </div> <!-- method-content -->
              </div> <!-- method -->
              <div class="method">
                <div class="method-content">
                  <a name="executeRestfulTest(/store/order/{orderId},get, {hasMandatoryParameterResolved=false, pathParameters={}, external=false,...)">
                  </a> <!-- executeRestfulTest(/store/order/{orderId},get, {hasMandatoryParameterResolved=false, pathParameters={}, external=false,...) -->
                  <span class="method-name">executeRestfulTest</span>
                  <span class="parameters">(/store/order/{orderId},get, {hasMandatoryParameterResolved=false, pathParameters={}, external=false, queryParameters={}, response={200=io.swagger.models.Response@a6f0a32f, 400=io.swagger.models.Response@87f925f9, 404=io.swagger.models.Response@a20e24a2}, baseURI=http://petstore.swagger.io/v2, definition={Order=io.swagger.models.ModelImpl@42fe8e87, Category=io.swagger.models.ModelImpl@b616536a, User=io.swagger.models.ModelImpl@47191636, Tag=io.swagger.models.ModelImpl@99c7ebc6, Pet=io.swagger.models.ModelImpl@d9fea4dd, ApiResponse=io.swagger.models.ModelImpl@b94d6109}, skip=false})</span>
                  <div class="stack-trace">java.lang.AssertionError: Mandatory Parameters not resolved successfully in Swagger Specification file for path: /store/order/{orderId} operation: get
	at org.testng.Assert.fail(Assert.java:94)
	at com.ibmwatsonhealth.devopsservices.swaggertestasset.swaggerParserUtility.TestNGTestSuite.executeRestfulTest(TestNGTestSuite.java:126)
	at sun.reflect.NativeMethodAccessorImpl.invoke0(Native Method)
	at sun.reflect.NativeMethodAccessorImpl.invoke(NativeMethodAccessorImpl.java:62)
	at sun.reflect.DelegatingMethodAccessorImpl.invoke(DelegatingMethodAccessorImpl.java:43)
	at java.lang.reflect.Method.invoke(Method.java:498)
	at org.testng.internal.MethodInvocationHelper.invokeMethod(MethodInvocationHelper.java:86)
	at org.testng.internal.Invoker.invokeMethod(Invoker.java:643)
	at org.testng.internal.Invoker.invokeTestMethod(Invoker.java:820)
	at org.testng.internal.Invoker.invokeTestMethods(Invoker.java:1128)
	at org.testng.internal.TestMethodWorker.invokeTestMethods(TestMethodWorker.java:129)
	at org.testng.internal.TestMethodWorker.run(TestMethodWorker.java:112)
	at org.testng.TestRunner.privateRun(TestRunner.java:782)
	at org.testng.TestRunner.run(TestRunner.java:632)
	at org.testng.SuiteRunner.runTest(SuiteRunner.java:366)
	at org.testng.SuiteRunner.runSequentially(SuiteRunner.java:361)
	at org.testng.SuiteRunner.privateRun(SuiteRunner.java:319)
	at org.testng.SuiteRunner.run(SuiteRunner.java:268)
	at org.testng.SuiteRunnerWorker.runSuite(SuiteRunnerWorker.java:52)
	at org.testng.SuiteRunnerWorker.run(SuiteRunnerWorker.java:86)
	at org.testng.TestNG.runSuitesSequentially(TestNG.java:1244)
	at org.testng.TestNG.runSuitesLocally(TestNG.java:1169)
	at org.testng.TestNG.run(TestNG.java:1064)
	at com.ibmwatsonhealth.devopsservices.swaggertestasset.swaggerParserUtility.SwaggerExecutionEngine.executeTestFramework(SwaggerExecutionEngine.java:36)
	at com.ibmwatsonhealth.devopsservices.swaggertestasset.swaggerParserUtility.SwaggerUtility.executeTestFramework(SwaggerUtility.java:2259)
	at com.ibmwatsonhealth.devopsservices.swaggertestasset.swaggerParserUtility.TestController.main(TestController.java:25)

</div> <!-- stack-trace -->
                </div> <!-- method-content -->
              </div> <!-- method -->
              <div class="method">
                <div class="method-content">
                  <a name="executeRestfulTest(/user/{username},put, {hasMandatoryParameterResolved=false, pathParameters={}, external=false, query...)">
                  </a> <!-- executeRestfulTest(/user/{username},put, {hasMandatoryParameterResolved=false, pathParameters={}, external=false, query...) -->
                  <span class="method-name">executeRestfulTest</span>
                  <span class="parameters">(/user/{username},put, {hasMandatoryParameterResolved=false, pathParameters={}, external=false, queryParameters={}, response={400=io.swagger.models.Response@e3ed0f89, 404=io.swagger.models.Response@9fe75e9f}, baseURI=http://petstore.swagger.io/v2, definition={Order=io.swagger.models.ModelImpl@42fe8e87, Category=io.swagger.models.ModelImpl@b616536a, User=io.swagger.models.ModelImpl@47191636, Tag=io.swagger.models.ModelImpl@99c7ebc6, Pet=io.swagger.models.ModelImpl@d9fea4dd, ApiResponse=io.swagger.models.ModelImpl@b94d6109}, skip=false, validdata=null})</span>
                  <div class="stack-trace">java.lang.AssertionError: Mandatory Parameters not resolved successfully in Swagger Specification file for path: /user/{username} operation: put
	at org.testng.Assert.fail(Assert.java:94)
	at com.ibmwatsonhealth.devopsservices.swaggertestasset.swaggerParserUtility.TestNGTestSuite.executeRestfulTest(TestNGTestSuite.java:274)
	at sun.reflect.NativeMethodAccessorImpl.invoke0(Native Method)
	at sun.reflect.NativeMethodAccessorImpl.invoke(NativeMethodAccessorImpl.java:62)
	at sun.reflect.DelegatingMethodAccessorImpl.invoke(DelegatingMethodAccessorImpl.java:43)
	at java.lang.reflect.Method.invoke(Method.java:498)
	at org.testng.internal.MethodInvocationHelper.invokeMethod(MethodInvocationHelper.java:86)
	at org.testng.internal.Invoker.invokeMethod(Invoker.java:643)
	at org.testng.internal.Invoker.invokeTestMethod(Invoker.java:820)
	at org.testng.internal.Invoker.invokeTestMethods(Invoker.java:1128)
	at org.testng.internal.TestMethodWorker.invokeTestMethods(TestMethodWorker.java:129)
	at org.testng.internal.TestMethodWorker.run(TestMethodWorker.java:112)
	at org.testng.TestRunner.privateRun(TestRunner.java:782)
	at org.testng.TestRunner.run(TestRunner.java:632)
	at org.testng.SuiteRunner.runTest(SuiteRunner.java:366)
	at org.testng.SuiteRunner.runSequentially(SuiteRunner.java:361)
	at org.testng.SuiteRunner.privateRun(SuiteRunner.java:319)
	at org.testng.SuiteRunner.run(SuiteRunner.java:268)
	at org.testng.SuiteRunnerWorker.runSuite(SuiteRunnerWorker.java:52)
	at org.testng.SuiteRunnerWorker.run(SuiteRunnerWorker.java:86)
	at org.testng.TestNG.runSuitesSequentially(TestNG.java:1244)
	at org.testng.TestNG.runSuitesLocally(TestNG.java:1169)
	at org.testng.TestNG.run(TestNG.java:1064)
	at com.ibmwatsonhealth.devopsservices.swaggertestasset.swaggerParserUtility.SwaggerExecutionEngine.executeTestFramework(SwaggerExecutionEngine.java:36)
	at com.ibmwatsonhealth.devopsservices.swaggertestasset.swaggerParserUtility.SwaggerUtility.executeTestFramework(SwaggerUtility.java:2259)
	at com.ibmwatsonhealth.devopsservices.swaggertestasset.swaggerParserUtility.TestController.main(TestController.java:25)

</div> <!-- stack-trace -->
                </div> <!-- method-content -->
              </div> <!-- method -->
              <div class="method">
                <div class="method-content">
                  <a name="executeRestfulTest(/pet/findByTags,get, {hasMandatoryParameterResolved=false, pathParameters={}, external=false, queryP...)">
                  </a> <!-- executeRestfulTest(/pet/findByTags,get, {hasMandatoryParameterResolved=false, pathParameters={}, external=false, queryP...) -->
                  <span class="method-name">executeRestfulTest</span>
                  <span class="parameters">(/pet/findByTags,get, {hasMandatoryParameterResolved=false, pathParameters={}, external=false, queryParameters={}, response={200=io.swagger.models.Response@d02f0ac2, 400=io.swagger.models.Response@8bae2e01}, baseURI=http://petstore.swagger.io/v2, definition={Order=io.swagger.models.ModelImpl@42fe8e87, Category=io.swagger.models.ModelImpl@b616536a, User=io.swagger.models.ModelImpl@47191636, Tag=io.swagger.models.ModelImpl@99c7ebc6, Pet=io.swagger.models.ModelImpl@d9fea4dd, ApiResponse=io.swagger.models.ModelImpl@b94d6109}, skip=false})</span>
                  <div class="stack-trace">java.lang.AssertionError: Mandatory Parameters not resolved successfully in Swagger Specification file for path: /pet/findByTags operation: get
	at org.testng.Assert.fail(Assert.java:94)
	at com.ibmwatsonhealth.devopsservices.swaggertestasset.swaggerParserUtility.TestNGTestSuite.executeRestfulTest(TestNGTestSuite.java:126)
	at sun.reflect.NativeMethodAccessorImpl.invoke0(Native Method)
	at sun.reflect.NativeMethodAccessorImpl.invoke(NativeMethodAccessorImpl.java:62)
	at sun.reflect.DelegatingMethodAccessorImpl.invoke(DelegatingMethodAccessorImpl.java:43)
	at java.lang.reflect.Method.invoke(Method.java:498)
	at org.testng.internal.MethodInvocationHelper.invokeMethod(MethodInvocationHelper.java:86)
	at org.testng.internal.Invoker.invokeMethod(Invoker.java:643)
	at org.testng.internal.Invoker.invokeTestMethod(Invoker.java:820)
	at org.testng.internal.Invoker.invokeTestMethods(Invoker.java:1128)
	at org.testng.internal.TestMethodWorker.invokeTestMethods(TestMethodWorker.java:129)
	at org.testng.internal.TestMethodWorker.run(TestMethodWorker.java:112)
	at org.testng.TestRunner.privateRun(TestRunner.java:782)
	at org.testng.TestRunner.run(TestRunner.java:632)
	at org.testng.SuiteRunner.runTest(SuiteRunner.java:366)
	at org.testng.SuiteRunner.runSequentially(SuiteRunner.java:361)
	at org.testng.SuiteRunner.privateRun(SuiteRunner.java:319)
	at org.testng.SuiteRunner.run(SuiteRunner.java:268)
	at org.testng.SuiteRunnerWorker.runSuite(SuiteRunnerWorker.java:52)
	at org.testng.SuiteRunnerWorker.run(SuiteRunnerWorker.java:86)
	at org.testng.TestNG.runSuitesSequentially(TestNG.java:1244)
	at org.testng.TestNG.runSuitesLocally(TestNG.java:1169)
	at org.testng.TestNG.run(TestNG.java:1064)
	at com.ibmwatsonhealth.devopsservices.swaggertestasset.swaggerParserUtility.SwaggerExecutionEngine.executeTestFramework(SwaggerExecutionEngine.java:36)
	at com.ibmwatsonhealth.devopsservices.swaggertestasset.swaggerParserUtility.SwaggerUtility.executeTestFramework(SwaggerUtility.java:2259)
	at com.ibmwatsonhealth.devopsservices.swaggertestasset.swaggerParserUtility.TestController.main(TestController.java:25)

</div> <!-- stack-trace -->
                </div> <!-- method-content -->
              </div> <!-- method -->
              <div class="method">
                <div class="method-content">
                  <a name="executeRestfulTest(/pet/{petId},delete, {hasMandatoryParameterResolved=false, pathParameters={}, external=false, queryP...)">
                  </a> <!-- executeRestfulTest(/pet/{petId},delete, {hasMandatoryParameterResolved=false, pathParameters={}, external=false, queryP...) -->
                  <span class="method-name">executeRestfulTest</span>
                  <span class="parameters">(/pet/{petId},delete, {hasMandatoryParameterResolved=false, pathParameters={}, external=false, queryParameters={}, response={400=io.swagger.models.Response@87f925f9, 404=io.swagger.models.Response@7f4c4b3}, baseURI=http://petstore.swagger.io/v2, definition={Order=io.swagger.models.ModelImpl@42fe8e87, Category=io.swagger.models.ModelImpl@b616536a, User=io.swagger.models.ModelImpl@47191636, Tag=io.swagger.models.ModelImpl@99c7ebc6, Pet=io.swagger.models.ModelImpl@d9fea4dd, ApiResponse=io.swagger.models.ModelImpl@b94d6109}, skip=false})</span>
                  <div class="stack-trace">java.lang.AssertionError: Mandatory Parameters not resolved successfully in Swagger Specification file for path: /pet/{petId} operation: delete
	at org.testng.Assert.fail(Assert.java:94)
	at com.ibmwatsonhealth.devopsservices.swaggertestasset.swaggerParserUtility.TestNGTestSuite.executeRestfulTest(TestNGTestSuite.java:317)
	at sun.reflect.GeneratedMethodAccessor43.invoke(Unknown Source)
	at sun.reflect.DelegatingMethodAccessorImpl.invoke(DelegatingMethodAccessorImpl.java:43)
	at java.lang.reflect.Method.invoke(Method.java:498)
	at org.testng.internal.MethodInvocationHelper.invokeMethod(MethodInvocationHelper.java:86)
	at org.testng.internal.Invoker.invokeMethod(Invoker.java:643)
	at org.testng.internal.Invoker.invokeTestMethod(Invoker.java:820)
	at org.testng.internal.Invoker.invokeTestMethods(Invoker.java:1128)
	at org.testng.internal.TestMethodWorker.invokeTestMethods(TestMethodWorker.java:129)
	at org.testng.internal.TestMethodWorker.run(TestMethodWorker.java:112)
	at org.testng.TestRunner.privateRun(TestRunner.java:782)
	at org.testng.TestRunner.run(TestRunner.java:632)
	at org.testng.SuiteRunner.runTest(SuiteRunner.java:366)
	at org.testng.SuiteRunner.runSequentially(SuiteRunner.java:361)
	at org.testng.SuiteRunner.privateRun(SuiteRunner.java:319)
	at org.testng.SuiteRunner.run(SuiteRunner.java:268)
	at org.testng.SuiteRunnerWorker.runSuite(SuiteRunnerWorker.java:52)
	at org.testng.SuiteRunnerWorker.run(SuiteRunnerWorker.java:86)
	at org.testng.TestNG.runSuitesSequentially(TestNG.java:1244)
	at org.testng.TestNG.runSuitesLocally(TestNG.java:1169)
	at org.testng.TestNG.run(TestNG.java:1064)
	at com.ibmwatsonhealth.devopsservices.swaggertestasset.swaggerParserUtility.SwaggerExecutionEngine.executeTestFramework(SwaggerExecutionEngine.java:36)
	at com.ibmwatsonhealth.devopsservices.swaggertestasset.swaggerParserUtility.SwaggerUtility.executeTestFramework(SwaggerUtility.java:2259)
	at com.ibmwatsonhealth.devopsservices.swaggertestasset.swaggerParserUtility.TestController.main(TestController.java:25)

</div> <!-- stack-trace -->
                </div> <!-- method-content -->
              </div> <!-- method -->
              <div class="method">
                <div class="method-content">
                  <a name="executeRestfulTest(/user/{username},delete, {hasMandatoryParameterResolved=false, pathParameters={}, external=false, qu...)">
                  </a> <!-- executeRestfulTest(/user/{username},delete, {hasMandatoryParameterResolved=false, pathParameters={}, external=false, qu...) -->
                  <span class="method-name">executeRestfulTest</span>
                  <span class="parameters">(/user/{username},delete, {hasMandatoryParameterResolved=false, pathParameters={}, external=false, queryParameters={}, response={400=io.swagger.models.Response@932768de, 404=io.swagger.models.Response@9fe75e9f}, baseURI=http://petstore.swagger.io/v2, definition={Order=io.swagger.models.ModelImpl@42fe8e87, Category=io.swagger.models.ModelImpl@b616536a, User=io.swagger.models.ModelImpl@47191636, Tag=io.swagger.models.ModelImpl@99c7ebc6, Pet=io.swagger.models.ModelImpl@d9fea4dd, ApiResponse=io.swagger.models.ModelImpl@b94d6109}, skip=false})</span>
                  <div class="stack-trace">java.lang.AssertionError: Mandatory Parameters not resolved successfully in Swagger Specification file for path: /user/{username} operation: delete
	at org.testng.Assert.fail(Assert.java:94)
	at com.ibmwatsonhealth.devopsservices.swaggertestasset.swaggerParserUtility.TestNGTestSuite.executeRestfulTest(TestNGTestSuite.java:317)
	at sun.reflect.GeneratedMethodAccessor43.invoke(Unknown Source)
	at sun.reflect.DelegatingMethodAccessorImpl.invoke(DelegatingMethodAccessorImpl.java:43)
	at java.lang.reflect.Method.invoke(Method.java:498)
	at org.testng.internal.MethodInvocationHelper.invokeMethod(MethodInvocationHelper.java:86)
	at org.testng.internal.Invoker.invokeMethod(Invoker.java:643)
	at org.testng.internal.Invoker.invokeTestMethod(Invoker.java:820)
	at org.testng.internal.Invoker.invokeTestMethods(Invoker.java:1128)
	at org.testng.internal.TestMethodWorker.invokeTestMethods(TestMethodWorker.java:129)
	at org.testng.internal.TestMethodWorker.run(TestMethodWorker.java:112)
	at org.testng.TestRunner.privateRun(TestRunner.java:782)
	at org.testng.TestRunner.run(TestRunner.java:632)
	at org.testng.SuiteRunner.runTest(SuiteRunner.java:366)
	at org.testng.SuiteRunner.runSequentially(SuiteRunner.java:361)
	at org.testng.SuiteRunner.privateRun(SuiteRunner.java:319)
	at org.testng.SuiteRunner.run(SuiteRunner.java:268)
	at org.testng.SuiteRunnerWorker.runSuite(SuiteRunnerWorker.java:52)
	at org.testng.SuiteRunnerWorker.run(SuiteRunnerWorker.java:86)
	at org.testng.TestNG.runSuitesSequentially(TestNG.java:1244)
	at org.testng.TestNG.runSuitesLocally(TestNG.java:1169)
	at org.testng.TestNG.run(TestNG.java:1064)
	at com.ibmwatsonhealth.devopsservices.swaggertestasset.swaggerParserUtility.SwaggerExecutionEngine.executeTestFramework(SwaggerExecutionEngine.java:36)
	at com.ibmwatsonhealth.devopsservices.swaggertestasset.swaggerParserUtility.SwaggerUtility.executeTestFramework(SwaggerUtility.java:2259)
	at com.ibmwatsonhealth.devopsservices.swaggertestasset.swaggerParserUtility.TestController.main(TestController.java:25)

</div> <!-- stack-trace -->
                </div> <!-- method-content -->
              </div> <!-- method -->
              <div class="method">
                <div class="method-content">
                  <a name="executeRestfulTest(/pet/findByStatus,get, {hasMandatoryParameterResolved=false, pathParameters={}, external=false, quer...)">
                  </a> <!-- executeRestfulTest(/pet/findByStatus,get, {hasMandatoryParameterResolved=false, pathParameters={}, external=false, quer...) -->
                  <span class="method-name">executeRestfulTest</span>
                  <span class="parameters">(/pet/findByStatus,get, {hasMandatoryParameterResolved=false, pathParameters={}, external=false, queryParameters={}, response={200=io.swagger.models.Response@d02f0ac2, 400=io.swagger.models.Response@ef1ab60b}, baseURI=http://petstore.swagger.io/v2, definition={Order=io.swagger.models.ModelImpl@42fe8e87, Category=io.swagger.models.ModelImpl@b616536a, User=io.swagger.models.ModelImpl@47191636, Tag=io.swagger.models.ModelImpl@99c7ebc6, Pet=io.swagger.models.ModelImpl@d9fea4dd, ApiResponse=io.swagger.models.ModelImpl@b94d6109}, skip=false})</span>
                  <div class="stack-trace">java.lang.AssertionError: Mandatory Parameters not resolved successfully in Swagger Specification file for path: /pet/findByStatus operation: get
	at org.testng.Assert.fail(Assert.java:94)
	at com.ibmwatsonhealth.devopsservices.swaggertestasset.swaggerParserUtility.TestNGTestSuite.executeRestfulTest(TestNGTestSuite.java:126)
	at sun.reflect.NativeMethodAccessorImpl.invoke0(Native Method)
	at sun.reflect.NativeMethodAccessorImpl.invoke(NativeMethodAccessorImpl.java:62)
	at sun.reflect.DelegatingMethodAccessorImpl.invoke(DelegatingMethodAccessorImpl.java:43)
	at java.lang.reflect.Method.invoke(Method.java:498)
	at org.testng.internal.MethodInvocationHelper.invokeMethod(MethodInvocationHelper.java:86)
	at org.testng.internal.Invoker.invokeMethod(Invoker.java:643)
	at org.testng.internal.Invoker.invokeTestMethod(Invoker.java:820)
	at org.testng.internal.Invoker.invokeTestMethods(Invoker.java:1128)
	at org.testng.internal.TestMethodWorker.invokeTestMethods(TestMethodWorker.java:129)
	at org.testng.internal.TestMethodWorker.run(TestMethodWorker.java:112)
	at org.testng.TestRunner.privateRun(TestRunner.java:782)
	at org.testng.TestRunner.run(TestRunner.java:632)
	at org.testng.SuiteRunner.runTest(SuiteRunner.java:366)
	at org.testng.SuiteRunner.runSequentially(SuiteRunner.java:361)
	at org.testng.SuiteRunner.privateRun(SuiteRunner.java:319)
	at org.testng.SuiteRunner.run(SuiteRunner.java:268)
	at org.testng.SuiteRunnerWorker.runSuite(SuiteRunnerWorker.java:52)
	at org.testng.SuiteRunnerWorker.run(SuiteRunnerWorker.java:86)
	at org.testng.TestNG.runSuitesSequentially(TestNG.java:1244)
	at org.testng.TestNG.runSuitesLocally(TestNG.java:1169)
	at org.testng.TestNG.run(TestNG.java:1064)
	at com.ibmwatsonhealth.devopsservices.swaggertestasset.swaggerParserUtility.SwaggerExecutionEngine.executeTestFramework(SwaggerExecutionEngine.java:36)
	at com.ibmwatsonhealth.devopsservices.swaggertestasset.swaggerParserUtility.SwaggerUtility.executeTestFramework(SwaggerUtility.java:2259)
	at com.ibmwatsonhealth.devopsservices.swaggertestasset.swaggerParserUtility.TestController.main(TestController.java:25)

</div> <!-- stack-trace -->
                </div> <!-- method-content -->
              </div> <!-- method -->
              <div class="method">
                <div class="method-content">
                  <a name="executeRestfulTest(/user/login,get, {hasMandatoryParameterResolved=false, pathParameters={}, external=false, queryParam...)">
                  </a> <!-- executeRestfulTest(/user/login,get, {hasMandatoryParameterResolved=false, pathParameters={}, external=false, queryParam...) -->
                  <span class="method-name">executeRestfulTest</span>
                  <span class="parameters">(/user/login,get, {hasMandatoryParameterResolved=false, pathParameters={}, external=false, queryParameters={}, response={200=io.swagger.models.Response@d8e751ba, 400=io.swagger.models.Response@503c17b2}, baseURI=http://petstore.swagger.io/v2, definition={Order=io.swagger.models.ModelImpl@42fe8e87, Category=io.swagger.models.ModelImpl@b616536a, User=io.swagger.models.ModelImpl@47191636, Tag=io.swagger.models.ModelImpl@99c7ebc6, Pet=io.swagger.models.ModelImpl@d9fea4dd, ApiResponse=io.swagger.models.ModelImpl@b94d6109}, skip=false})</span>
                  <div class="stack-trace">java.lang.AssertionError: Mandatory Parameters not resolved successfully in Swagger Specification file for path: /user/login operation: get
	at org.testng.Assert.fail(Assert.java:94)
	at com.ibmwatsonhealth.devopsservices.swaggertestasset.swaggerParserUtility.TestNGTestSuite.executeRestfulTest(TestNGTestSuite.java:126)
	at sun.reflect.NativeMethodAccessorImpl.invoke0(Native Method)
	at sun.reflect.NativeMethodAccessorImpl.invoke(NativeMethodAccessorImpl.java:62)
	at sun.reflect.DelegatingMethodAccessorImpl.invoke(DelegatingMethodAccessorImpl.java:43)
	at java.lang.reflect.Method.invoke(Method.java:498)
	at org.testng.internal.MethodInvocationHelper.invokeMethod(MethodInvocationHelper.java:86)
	at org.testng.internal.Invoker.invokeMethod(Invoker.java:643)
	at org.testng.internal.Invoker.invokeTestMethod(Invoker.java:820)
	at org.testng.internal.Invoker.invokeTestMethods(Invoker.java:1128)
	at org.testng.internal.TestMethodWorker.invokeTestMethods(TestMethodWorker.java:129)
	at org.testng.internal.TestMethodWorker.run(TestMethodWorker.java:112)
	at org.testng.TestRunner.privateRun(TestRunner.java:782)
	at org.testng.TestRunner.run(TestRunner.java:632)
	at org.testng.SuiteRunner.runTest(SuiteRunner.java:366)
	at org.testng.SuiteRunner.runSequentially(SuiteRunner.java:361)
	at org.testng.SuiteRunner.privateRun(SuiteRunner.java:319)
	at org.testng.SuiteRunner.run(SuiteRunner.java:268)
	at org.testng.SuiteRunnerWorker.runSuite(SuiteRunnerWorker.java:52)
	at org.testng.SuiteRunnerWorker.run(SuiteRunnerWorker.java:86)
	at org.testng.TestNG.runSuitesSequentially(TestNG.java:1244)
	at org.testng.TestNG.runSuitesLocally(TestNG.java:1169)
	at org.testng.TestNG.run(TestNG.java:1064)
	at com.ibmwatsonhealth.devopsservices.swaggertestasset.swaggerParserUtility.SwaggerExecutionEngine.executeTestFramework(SwaggerExecutionEngine.java:36)
	at com.ibmwatsonhealth.devopsservices.swaggertestasset.swaggerParserUtility.SwaggerUtility.executeTestFramework(SwaggerUtility.java:2259)
	at com.ibmwatsonhealth.devopsservices.swaggertestasset.swaggerParserUtility.TestController.main(TestController.java:25)

</div> <!-- stack-trace -->
                </div> <!-- method-content -->
              </div> <!-- method -->
              <div class="method">
                <div class="method-content">
                  <a name="executeRestfulTest(/store/order/{orderId},delete, {hasMandatoryParameterResolved=false, pathParameters={}, external=fal...)">
                  </a> <!-- executeRestfulTest(/store/order/{orderId},delete, {hasMandatoryParameterResolved=false, pathParameters={}, external=fal...) -->
                  <span class="method-name">executeRestfulTest</span>
                  <span class="parameters">(/store/order/{orderId},delete, {hasMandatoryParameterResolved=false, pathParameters={}, external=false, queryParameters={}, response={400=io.swagger.models.Response@87f925f9, 404=io.swagger.models.Response@a20e24a2}, baseURI=http://petstore.swagger.io/v2, definition={Order=io.swagger.models.ModelImpl@42fe8e87, Category=io.swagger.models.ModelImpl@b616536a, User=io.swagger.models.ModelImpl@47191636, Tag=io.swagger.models.ModelImpl@99c7ebc6, Pet=io.swagger.models.ModelImpl@d9fea4dd, ApiResponse=io.swagger.models.ModelImpl@b94d6109}, skip=false})</span>
                  <div class="stack-trace">java.lang.AssertionError: Mandatory Parameters not resolved successfully in Swagger Specification file for path: /store/order/{orderId} operation: delete
	at org.testng.Assert.fail(Assert.java:94)
	at com.ibmwatsonhealth.devopsservices.swaggertestasset.swaggerParserUtility.TestNGTestSuite.executeRestfulTest(TestNGTestSuite.java:317)
	at sun.reflect.GeneratedMethodAccessor43.invoke(Unknown Source)
	at sun.reflect.DelegatingMethodAccessorImpl.invoke(DelegatingMethodAccessorImpl.java:43)
	at java.lang.reflect.Method.invoke(Method.java:498)
	at org.testng.internal.MethodInvocationHelper.invokeMethod(MethodInvocationHelper.java:86)
	at org.testng.internal.Invoker.invokeMethod(Invoker.java:643)
	at org.testng.internal.Invoker.invokeTestMethod(Invoker.java:820)
	at org.testng.internal.Invoker.invokeTestMethods(Invoker.java:1128)
	at org.testng.internal.TestMethodWorker.invokeTestMethods(TestMethodWorker.java:129)
	at org.testng.internal.TestMethodWorker.run(TestMethodWorker.java:112)
	at org.testng.TestRunner.privateRun(TestRunner.java:782)
	at org.testng.TestRunner.run(TestRunner.java:632)
	at org.testng.SuiteRunner.runTest(SuiteRunner.java:366)
	at org.testng.SuiteRunner.runSequentially(SuiteRunner.java:361)
	at org.testng.SuiteRunner.privateRun(SuiteRunner.java:319)
	at org.testng.SuiteRunner.run(SuiteRunner.java:268)
	at org.testng.SuiteRunnerWorker.runSuite(SuiteRunnerWorker.java:52)
	at org.testng.SuiteRunnerWorker.run(SuiteRunnerWorker.java:86)
	at org.testng.TestNG.runSuitesSequentially(TestNG.java:1244)
	at org.testng.TestNG.runSuitesLocally(TestNG.java:1169)
	at org.testng.TestNG.run(TestNG.java:1064)
	at com.ibmwatsonhealth.devopsservices.swaggertestasset.swaggerParserUtility.SwaggerExecutionEngine.executeTestFramework(SwaggerExecutionEngine.java:36)
	at com.ibmwatsonhealth.devopsservices.swaggertestasset.swaggerParserUtility.SwaggerUtility.executeTestFramework(SwaggerUtility.java:2259)
	at com.ibmwatsonhealth.devopsservices.swaggertestasset.swaggerParserUtility.TestController.main(TestController.java:25)

</div> <!-- stack-trace -->
                </div> <!-- method-content -->
              </div> <!-- method -->
              <div class="method">
                <div class="method-content">
                  <a name="executeRestfulTest(/pet/{petId},get, {hasMandatoryParameterResolved=false, pathParameters={}, external=false, queryPara...)">
                  </a> <!-- executeRestfulTest(/pet/{petId},get, {hasMandatoryParameterResolved=false, pathParameters={}, external=false, queryPara...) -->
                  <span class="method-name">executeRestfulTest</span>
                  <span class="parameters">(/pet/{petId},get, {hasMandatoryParameterResolved=false, pathParameters={}, external=false, queryParameters={}, response={200=io.swagger.models.Response@fcf38a4f, 400=io.swagger.models.Response@87f925f9, 404=io.swagger.models.Response@7f4c4b3}, baseURI=http://petstore.swagger.io/v2, definition={Order=io.swagger.models.ModelImpl@42fe8e87, Category=io.swagger.models.ModelImpl@b616536a, User=io.swagger.models.ModelImpl@47191636, Tag=io.swagger.models.ModelImpl@99c7ebc6, Pet=io.swagger.models.ModelImpl@d9fea4dd, ApiResponse=io.swagger.models.ModelImpl@b94d6109}, skip=false})</span>
                  <div class="stack-trace">java.lang.AssertionError: Mandatory Parameters not resolved successfully in Swagger Specification file for path: /pet/{petId} operation: get
	at org.testng.Assert.fail(Assert.java:94)
	at com.ibmwatsonhealth.devopsservices.swaggertestasset.swaggerParserUtility.TestNGTestSuite.executeRestfulTest(TestNGTestSuite.java:126)
	at sun.reflect.NativeMethodAccessorImpl.invoke0(Native Method)
	at sun.reflect.NativeMethodAccessorImpl.invoke(NativeMethodAccessorImpl.java:62)
	at sun.reflect.DelegatingMethodAccessorImpl.invoke(DelegatingMethodAccessorImpl.java:43)
	at java.lang.reflect.Method.invoke(Method.java:498)
	at org.testng.internal.MethodInvocationHelper.invokeMethod(MethodInvocationHelper.java:86)
	at org.testng.internal.Invoker.invokeMethod(Invoker.java:643)
	at org.testng.internal.Invoker.invokeTestMethod(Invoker.java:820)
	at org.testng.internal.Invoker.invokeTestMethods(Invoker.java:1128)
	at org.testng.internal.TestMethodWorker.invokeTestMethods(TestMethodWorker.java:129)
	at org.testng.internal.TestMethodWorker.run(TestMethodWorker.java:112)
	at org.testng.TestRunner.privateRun(TestRunner.java:782)
	at org.testng.TestRunner.run(TestRunner.java:632)
	at org.testng.SuiteRunner.runTest(SuiteRunner.java:366)
	at org.testng.SuiteRunner.runSequentially(SuiteRunner.java:361)
	at org.testng.SuiteRunner.privateRun(SuiteRunner.java:319)
	at org.testng.SuiteRunner.run(SuiteRunner.java:268)
	at org.testng.SuiteRunnerWorker.runSuite(SuiteRunnerWorker.java:52)
	at org.testng.SuiteRunnerWorker.run(SuiteRunnerWorker.java:86)
	at org.testng.TestNG.runSuitesSequentially(TestNG.java:1244)
	at org.testng.TestNG.runSuitesLocally(TestNG.java:1169)
	at org.testng.TestNG.run(TestNG.java:1064)
	at com.ibmwatsonhealth.devopsservices.swaggertestasset.swaggerParserUtility.SwaggerExecutionEngine.executeTestFramework(SwaggerExecutionEngine.java:36)
	at com.ibmwatsonhealth.devopsservices.swaggertestasset.swaggerParserUtility.SwaggerUtility.executeTestFramework(SwaggerUtility.java:2259)
	at com.ibmwatsonhealth.devopsservices.swaggertestasset.swaggerParserUtility.TestController.main(TestController.java:25)

</div> <!-- stack-trace -->
                </div> <!-- method-content -->
              </div> <!-- method -->
            </div> <!-- main-panel-content rounded-window-bottom -->
          </div> <!-- suite-SwaggerSuite-class-failed -->
          <div class="suite-SwaggerSuite-class-passed">
            <div class="main-panel-header rounded-window-top">
              <img src="passed.png"/>
              <span class="class-name">com.ibmwatsonhealth.devopsservices.swaggertestasset.swaggerParserUtility.TestNGTestSuite</span>
            </div> <!-- main-panel-header rounded-window-top -->
            <div class="main-panel-content rounded-window-bottom">
              <div class="method">
                <div class="method-content">
                  <a name="executeRestfulTest(/pet,post, {hasMandatoryParameterResolved=true, pathParameters={}, external=false, queryParameters={...)">
                  </a> <!-- executeRestfulTest(/pet,post, {hasMandatoryParameterResolved=true, pathParameters={}, external=false, queryParameters={...) -->
                  <span class="method-name">executeRestfulTest</span>
                  <span class="parameters">(/pet,post, {hasMandatoryParameterResolved=true, pathParameters={}, external=false, queryParameters={}, invaliddata={schema=application/json, data=hello world}, response={405=io.swagger.models.Response@ce3cc860}, baseURI=http://petstore.swagger.io/v2, definition={Order=io.swagger.models.ModelImpl@42fe8e87, Category=io.swagger.models.ModelImpl@b616536a, User=io.swagger.models.ModelImpl@47191636, Tag=io.swagger.models.ModelImpl@99c7ebc6, Pet=io.swagger.models.ModelImpl@d9fea4dd, ApiResponse=io.swagger.models.ModelImpl@b94d6109}, skip=false, validdata={schema=application/json, data={
  "id" : 0,
  "category" : {
    "id" : 0,
    "name" : "string"
  },
  "name" : "doggie",
  "photoUrls" : [ "string" ],
  "tags" : [ {
    "id" : 0,
    "name" : "string"
  } ],
  "status" : "string"
}}})</span>
                </div> <!-- method-content -->
              </div> <!-- method -->
              <div class="method">
                <div class="method-content">
                  <a name="executeRestfulTest(/user/logout,get, {hasMandatoryParameterResolved=true, pathParameters={}, external=false, queryParam...)">
                  </a> <!-- executeRestfulTest(/user/logout,get, {hasMandatoryParameterResolved=true, pathParameters={}, external=false, queryParam...) -->
                  <span class="method-name">executeRestfulTest</span>
                  <span class="parameters">(/user/logout,get, {hasMandatoryParameterResolved=true, pathParameters={}, external=false, queryParameters={}, response={default=io.swagger.models.Response@7cd3eb80}, baseURI=http://petstore.swagger.io/v2, definition={Order=io.swagger.models.ModelImpl@42fe8e87, Category=io.swagger.models.ModelImpl@b616536a, User=io.swagger.models.ModelImpl@47191636, Tag=io.swagger.models.ModelImpl@99c7ebc6, Pet=io.swagger.models.ModelImpl@d9fea4dd, ApiResponse=io.swagger.models.ModelImpl@b94d6109}, skip=false})</span>
                </div> <!-- method-content -->
              </div> <!-- method -->
              <div class="method">
                <div class="method-content">
                  <a name="executeRestfulTest(/pet,put, {hasMandatoryParameterResolved=true, pathParameters={}, external=false, queryParameters={}...)">
                  </a> <!-- executeRestfulTest(/pet,put, {hasMandatoryParameterResolved=true, pathParameters={}, external=false, queryParameters={}...) -->
                  <span class="method-name">executeRestfulTest</span>
                  <span class="parameters">(/pet,put, {hasMandatoryParameterResolved=true, pathParameters={}, external=false, queryParameters={}, invaliddata={schema=application/json, data=hello world}, response={400=io.swagger.models.Response@87f925f9, 404=io.swagger.models.Response@7f4c4b3, 405=io.swagger.models.Response@f93bc227}, baseURI=http://petstore.swagger.io/v2, definition={Order=io.swagger.models.ModelImpl@42fe8e87, Category=io.swagger.models.ModelImpl@b616536a, User=io.swagger.models.ModelImpl@47191636, Tag=io.swagger.models.ModelImpl@99c7ebc6, Pet=io.swagger.models.ModelImpl@d9fea4dd, ApiResponse=io.swagger.models.ModelImpl@b94d6109}, skip=false, validdata={schema=application/json, data={
  "id" : 0,
  "category" : {
    "id" : 0,
    "name" : "string"
  },
  "name" : "doggie",
  "photoUrls" : [ "string" ],
  "tags" : [ {
    "id" : 0,
    "name" : "string"
  } ],
  "status" : "string"
}}})</span>
                </div> <!-- method-content -->
              </div> <!-- method -->
              <div class="method">
                <div class="method-content">
                  <a name="executeRestfulTest(/store/inventory,get, {hasMandatoryParameterResolved=true, pathParameters={}, external=false, queryP...)">
                  </a> <!-- executeRestfulTest(/store/inventory,get, {hasMandatoryParameterResolved=true, pathParameters={}, external=false, queryP...) -->
                  <span class="method-name">executeRestfulTest</span>
                  <span class="parameters">(/store/inventory,get, {hasMandatoryParameterResolved=true, pathParameters={}, external=false, queryParameters={}, response={200=io.swagger.models.Response@2503e437}, baseURI=http://petstore.swagger.io/v2, definition={Order=io.swagger.models.ModelImpl@42fe8e87, Category=io.swagger.models.ModelImpl@b616536a, User=io.swagger.models.ModelImpl@47191636, Tag=io.swagger.models.ModelImpl@99c7ebc6, Pet=io.swagger.models.ModelImpl@d9fea4dd, ApiResponse=io.swagger.models.ModelImpl@b94d6109}, skip=false})</span>
                </div> <!-- method-content -->
              </div> <!-- method -->
              <div class="method">
                <div class="method-content">
                  <a name="swaggerTestServiceConfigurationStatus">
                  </a> <!-- swaggerTestServiceConfigurationStatus -->
                  <span class="method-name">swaggerTestServiceConfigurationStatus</span>
                </div> <!-- method-content -->
              </div> <!-- method -->
            </div> <!-- main-panel-content rounded-window-bottom -->
          </div> <!-- suite-SwaggerSuite-class-passed -->
        </div> <!-- panel SwaggerSuite -->
        <div panel-name="test-xml-SwaggerSuite" class="panel">
          <div class="main-panel-header rounded-window-top">
          </div> <!-- main-panel-header rounded-window-top -->
          <div class="main-panel-content rounded-window-bottom">
            <pre>
&lt;?xml version=&quot;1.0&quot; encoding=&quot;UTF-8&quot;?&gt;
&lt;!DOCTYPE suite SYSTEM &quot;http://testng.org/testng-1.0.dtd&quot;&gt;
&lt;suite verbose=&quot;3&quot; name=&quot;SwaggerSuite&quot;&gt;
  &lt;test name=&quot;SwaggerTest&quot;&gt;
    &lt;parameter name=&quot;swaggerPath&quot; value=&quot;http://petstore.swagger.io/v2/swagger.json&quot;/&gt;
    &lt;classes&gt;
      &lt;class name=&quot;com.ibmwatsonhealth.devopsservices.swaggertestasset.swaggerParserUtility.TestNGTestSuite&quot;/&gt;
    &lt;/classes&gt;
  &lt;/test&gt; &lt;!-- SwaggerTest --&gt;
&lt;/suite&gt; &lt;!-- SwaggerSuite --&gt;
            </pre>
          </div> <!-- main-panel-content rounded-window-bottom -->
        </div> <!-- panel -->
        <div panel-name="testlist-SwaggerSuite" class="panel">
          <div class="main-panel-header rounded-window-top">
            <span class="header-content">Tests for SwaggerSuite</span>
          </div> <!-- main-panel-header rounded-window-top -->
          <div class="main-panel-content rounded-window-bottom">
            <ul>
              <li>
                <span class="test-name">SwaggerTest (1 class)</span>
              </li>
            </ul>
          </div> <!-- main-panel-content rounded-window-bottom -->
        </div> <!-- panel -->
        <div panel-name="group-SwaggerSuite" class="panel">
          <div class="main-panel-header rounded-window-top">
            <span class="header-content">Groups for SwaggerSuite</span>
          </div> <!-- main-panel-header rounded-window-top -->
          <div class="main-panel-content rounded-window-bottom">
          </div> <!-- main-panel-content rounded-window-bottom -->
        </div> <!-- panel -->
        <div panel-name="times-SwaggerSuite" class="panel">
          <div class="main-panel-header rounded-window-top">
            <span class="header-content">Times for SwaggerSuite</span>
          </div> <!-- main-panel-header rounded-window-top -->
          <div class="main-panel-content rounded-window-bottom">
            <div class="times-div">
              <script type="text/javascript">
suiteTableInitFunctions.push('tableData_SwaggerSuite');
function tableData_SwaggerSuite() {
var data = new google.visualization.DataTable();
data.addColumn('number', 'Number');
data.addColumn('string', 'Method');
data.addColumn('string', 'Class');
data.addColumn('number', 'Time (ms)');
data.addRows(21);
data.setCell(0, 0, 0)
data.setCell(0, 1, 'executeRestfulTest')
data.setCell(0, 2, 'com.ibmwatsonhealth.devopsservices.swaggertestasset.swaggerParserUtility.TestNGTestSuite')
data.setCell(0, 3, 1001);
data.setCell(1, 0, 1)
data.setCell(1, 1, 'executeRestfulTest')
data.setCell(1, 2, 'com.ibmwatsonhealth.devopsservices.swaggertestasset.swaggerParserUtility.TestNGTestSuite')
data.setCell(1, 3, 102);
data.setCell(2, 0, 2)
data.setCell(2, 1, 'executeRestfulTest')
data.setCell(2, 2, 'com.ibmwatsonhealth.devopsservices.swaggertestasset.swaggerParserUtility.TestNGTestSuite')
data.setCell(2, 3, 64);
data.setCell(3, 0, 3)
data.setCell(3, 1, 'executeRestfulTest')
data.setCell(3, 2, 'com.ibmwatsonhealth.devopsservices.swaggertestasset.swaggerParserUtility.TestNGTestSuite')
data.setCell(3, 3, 51);
data.setCell(4, 0, 4)
data.setCell(4, 1, 'executeRestfulTest')
data.setCell(4, 2, 'com.ibmwatsonhealth.devopsservices.swaggertestasset.swaggerParserUtility.TestNGTestSuite')
data.setCell(4, 3, 2);
data.setCell(5, 0, 5)
data.setCell(5, 1, 'executeRestfulTest')
data.setCell(5, 2, 'com.ibmwatsonhealth.devopsservices.swaggertestasset.swaggerParserUtility.TestNGTestSuite')
data.setCell(5, 3, 1);
data.setCell(6, 0, 6)
data.setCell(6, 1, 'executeRestfulTest')
data.setCell(6, 2, 'com.ibmwatsonhealth.devopsservices.swaggertestasset.swaggerParserUtility.TestNGTestSuite')
data.setCell(6, 3, 1);
data.setCell(7, 0, 7)
data.setCell(7, 1, 'executeRestfulTest')
data.setCell(7, 2, 'com.ibmwatsonhealth.devopsservices.swaggertestasset.swaggerParserUtility.TestNGTestSuite')
data.setCell(7, 3, 1);
data.setCell(8, 0, 8)
data.setCell(8, 1, 'swaggerTestServiceConfigurationStatus')
data.setCell(8, 2, 'com.ibmwatsonhealth.devopsservices.swaggertestasset.swaggerParserUtility.TestNGTestSuite')
data.setCell(8, 3, 0);
data.setCell(9, 0, 9)
data.setCell(9, 1, 'executeRestfulTest')
data.setCell(9, 2, 'com.ibmwatsonhealth.devopsservices.swaggertestasset.swaggerParserUtility.TestNGTestSuite')
data.setCell(9, 3, 0);
data.setCell(10, 0, 10)
data.setCell(10, 1, 'executeRestfulTest')
data.setCell(10, 2, 'com.ibmwatsonhealth.devopsservices.swaggertestasset.swaggerParserUtility.TestNGTestSuite')
data.setCell(10, 3, 0);
data.setCell(11, 0, 11)
data.setCell(11, 1, 'executeRestfulTest')
data.setCell(11, 2, 'com.ibmwatsonhealth.devopsservices.swaggertestasset.swaggerParserUtility.TestNGTestSuite')
data.setCell(11, 3, 0);
data.setCell(12, 0, 12)
data.setCell(12, 1, 'executeRestfulTest')
data.setCell(12, 2, 'com.ibmwatsonhealth.devopsservices.swaggertestasset.swaggerParserUtility.TestNGTestSuite')
data.setCell(12, 3, 0);
data.setCell(13, 0, 13)
data.setCell(13, 1, 'executeRestfulTest')
data.setCell(13, 2, 'com.ibmwatsonhealth.devopsservices.swaggertestasset.swaggerParserUtility.TestNGTestSuite')
data.setCell(13, 3, 0);
data.setCell(14, 0, 14)
data.setCell(14, 1, 'executeRestfulTest')
data.setCell(14, 2, 'com.ibmwatsonhealth.devopsservices.swaggertestasset.swaggerParserUtility.TestNGTestSuite')
data.setCell(14, 3, 0);
data.setCell(15, 0, 15)
data.setCell(15, 1, 'executeRestfulTest')
data.setCell(15, 2, 'com.ibmwatsonhealth.devopsservices.swaggertestasset.swaggerParserUtility.TestNGTestSuite')
data.setCell(15, 3, 0);
data.setCell(16, 0, 16)
data.setCell(16, 1, 'executeRestfulTest')
data.setCell(16, 2, 'com.ibmwatsonhealth.devopsservices.swaggertestasset.swaggerParserUtility.TestNGTestSuite')
data.setCell(16, 3, 0);
data.setCell(17, 0, 17)
data.setCell(17, 1, 'executeRestfulTest')
data.setCell(17, 2, 'com.ibmwatsonhealth.devopsservices.swaggertestasset.swaggerParserUtility.TestNGTestSuite')
data.setCell(17, 3, 0);
data.setCell(18, 0, 18)
data.setCell(18, 1, 'executeRestfulTest')
data.setCell(18, 2, 'com.ibmwatsonhealth.devopsservices.swaggertestasset.swaggerParserUtility.TestNGTestSuite')
data.setCell(18, 3, 0);
data.setCell(19, 0, 19)
data.setCell(19, 1, 'executeRestfulTest')
data.setCell(19, 2, 'com.ibmwatsonhealth.devopsservices.swaggertestasset.swaggerParserUtility.TestNGTestSuite')
data.setCell(19, 3, 0);
data.setCell(20, 0, 20)
data.setCell(20, 1, 'executeRestfulTest')
data.setCell(20, 2, 'com.ibmwatsonhealth.devopsservices.swaggertestasset.swaggerParserUtility.TestNGTestSuite')
data.setCell(20, 3, 0);
window.suiteTableData['SwaggerSuite']= { tableData: data, tableDiv: 'times-div-SwaggerSuite'}
return data;
}
              </script>
              <span class="suite-total-time">Total running time: 1 seconds</span>
              <div id="times-div-SwaggerSuite">
              </div> <!-- times-div-SwaggerSuite -->
            </div> <!-- times-div -->
          </div> <!-- main-panel-content rounded-window-bottom -->
        </div> <!-- panel -->
        <div panel-name="reporter-SwaggerSuite" class="panel">
          <div class="main-panel-header rounded-window-top">
            <span class="header-content">Reporter output for SwaggerSuite</span>
          </div> <!-- main-panel-header rounded-window-top -->
          <div class="main-panel-content rounded-window-bottom">
          </div> <!-- main-panel-content rounded-window-bottom -->
        </div> <!-- panel -->
        <div panel-name="ignored-methods-SwaggerSuite" class="panel">
          <div class="main-panel-header rounded-window-top">
            <span class="header-content">0 ignored methods</span>
          </div> <!-- main-panel-header rounded-window-top -->
          <div class="main-panel-content rounded-window-bottom">
          </div> <!-- main-panel-content rounded-window-bottom -->
        </div> <!-- panel -->
        <div panel-name="chronological-SwaggerSuite" class="panel">
          <div class="main-panel-header rounded-window-top">
            <span class="header-content">Methods in chronological order</span>
          </div> <!-- main-panel-header rounded-window-top -->
          <div class="main-panel-content rounded-window-bottom">
            <div class="chronological-class">
              <div class="chronological-class-name">com.ibmwatsonhealth.devopsservices.swaggertestasset.swaggerParserUtility.TestNGTestSuite</div> <!-- chronological-class-name -->
              <div class="configuration-method before">
                <span class="method-name">testData(public void com.ibmwatsonhealth.devopsservices.swaggertestasset.swaggerParserUtility.TestNGTestSuite...)</span>
                <span class="method-start">0 ms</span>
              </div> <!-- configuration-method before -->
              <div class="test-method">
                <span class="method-name">executeRestfulTest(/pet,post, {hasMandatoryParameterResolved=true, pathParameters={}, external=false, queryParameters={...)</span>
                <span class="method-start">3 ms</span>
              </div> <!-- test-method -->
              <div class="configuration-method before">
                <span class="method-name">testData(public void com.ibmwatsonhealth.devopsservices.swaggertestasset.swaggerParserUtility.TestNGTestSuite...)</span>
                <span class="method-start">1004 ms</span>
              </div> <!-- configuration-method before -->
              <div class="test-method">
                <img src="failed.png">
                </img>
                <span class="method-name">executeRestfulTest(/pet/{petId},post, {hasMandatoryParameterResolved=false, pathParameters={}, external=false, queryPar...)</span>
                <span class="method-start">1004 ms</span>
              </div> <!-- test-method -->
              <div class="configuration-method before">
                <span class="method-name">testData(public void com.ibmwatsonhealth.devopsservices.swaggertestasset.swaggerParserUtility.TestNGTestSuite...)</span>
                <span class="method-start">1005 ms</span>
              </div> <!-- configuration-method before -->
              <div class="test-method">
                <img src="failed.png">
                </img>
                <span class="method-name">executeRestfulTest(/pet/{petId}/uploadImage,post, {hasMandatoryParameterResolved=false, pathParameters={}, external=fal...)</span>
                <span class="method-start">1005 ms</span>
              </div> <!-- test-method -->
              <div class="configuration-method before">
                <span class="method-name">testData(public void com.ibmwatsonhealth.devopsservices.swaggertestasset.swaggerParserUtility.TestNGTestSuite...)</span>
                <span class="method-start">1005 ms</span>
              </div> <!-- configuration-method before -->
              <div class="test-method">
                <img src="failed.png">
                </img>
                <span class="method-name">executeRestfulTest(/store/order,post, {hasMandatoryParameterResolved=true, pathParameters={}, external=false, queryPara...)</span>
                <span class="method-start">1005 ms</span>
              </div> <!-- test-method -->
              <div class="configuration-method before">
                <span class="method-name">testData(public void com.ibmwatsonhealth.devopsservices.swaggertestasset.swaggerParserUtility.TestNGTestSuite...)</span>
                <span class="method-start">1007 ms</span>
              </div> <!-- configuration-method before -->
              <div class="test-method">
                <img src="failed.png">
                </img>
                <span class="method-name">executeRestfulTest(/user,post, {hasMandatoryParameterResolved=true, pathParameters={}, external=false, queryParameters=...)</span>
                <span class="method-start">1007 ms</span>
              </div> <!-- test-method -->
              <div class="configuration-method before">
                <span class="method-name">testData(public void com.ibmwatsonhealth.devopsservices.swaggertestasset.swaggerParserUtility.TestNGTestSuite...)</span>
                <span class="method-start">1008 ms</span>
              </div> <!-- configuration-method before -->
              <div class="test-method">
                <img src="failed.png">
                </img>
                <span class="method-name">executeRestfulTest(/user/createWithArray,post, {hasMandatoryParameterResolved=true, pathParameters={}, external=false, ...)</span>
                <span class="method-start">1008 ms</span>
              </div> <!-- test-method -->
              <div class="configuration-method before">
                <span class="method-name">testData(public void com.ibmwatsonhealth.devopsservices.swaggertestasset.swaggerParserUtility.TestNGTestSuite...)</span>
                <span class="method-start">1009 ms</span>
              </div> <!-- configuration-method before -->
              <div class="test-method">
                <img src="failed.png">
                </img>
                <span class="method-name">executeRestfulTest(/user/createWithList,post, {hasMandatoryParameterResolved=true, pathParameters={}, external=false, q...)</span>
                <span class="method-start">1009 ms</span>
              </div> <!-- test-method -->
              <div class="configuration-method before">
                <span class="method-name">testData(public void com.ibmwatsonhealth.devopsservices.swaggertestasset.swaggerParserUtility.TestNGTestSuite...)</span>
                <span class="method-start">1010 ms</span>
              </div> <!-- configuration-method before -->
              <div class="test-method">
                <span class="method-name">executeRestfulTest(/pet,put, {hasMandatoryParameterResolved=true, pathParameters={}, external=false, queryParameters={}...)</span>
                <span class="method-start">1010 ms</span>
              </div> <!-- test-method -->
              <div class="configuration-method before">
                <span class="method-name">testData(public void com.ibmwatsonhealth.devopsservices.swaggertestasset.swaggerParserUtility.TestNGTestSuite...)</span>
                <span class="method-start">1113 ms</span>
              </div> <!-- configuration-method before -->
              <div class="test-method">
                <img src="failed.png">
                </img>
                <span class="method-name">executeRestfulTest(/user/{username},put, {hasMandatoryParameterResolved=false, pathParameters={}, external=false, query...)</span>
                <span class="method-start">1113 ms</span>
              </div> <!-- test-method -->
              <div class="configuration-method before">
                <span class="method-name">testData(public void com.ibmwatsonhealth.devopsservices.swaggertestasset.swaggerParserUtility.TestNGTestSuite...)</span>
                <span class="method-start">1113 ms</span>
              </div> <!-- configuration-method before -->
              <div class="test-method">
                <img src="failed.png">
                </img>
                <span class="method-name">executeRestfulTest(/pet/findByStatus,get, {hasMandatoryParameterResolved=false, pathParameters={}, external=false, quer...)</span>
                <span class="method-start">1113 ms</span>
              </div> <!-- test-method -->
              <div class="configuration-method before">
                <span class="method-name">testData(public void com.ibmwatsonhealth.devopsservices.swaggertestasset.swaggerParserUtility.TestNGTestSuite...)</span>
                <span class="method-start">1113 ms</span>
              </div> <!-- configuration-method before -->
              <div class="test-method">
                <img src="failed.png">
                </img>
                <span class="method-name">executeRestfulTest(/pet/findByTags,get, {hasMandatoryParameterResolved=false, pathParameters={}, external=false, queryP...)</span>
                <span class="method-start">1114 ms</span>
              </div> <!-- test-method -->
              <div class="configuration-method before">
                <span class="method-name">testData(public void com.ibmwatsonhealth.devopsservices.swaggertestasset.swaggerParserUtility.TestNGTestSuite...)</span>
                <span class="method-start">1114 ms</span>
              </div> <!-- configuration-method before -->
              <div class="test-method">
                <img src="failed.png">
                </img>
                <span class="method-name">executeRestfulTest(/pet/{petId},get, {hasMandatoryParameterResolved=false, pathParameters={}, external=false, queryPara...)</span>
                <span class="method-start">1114 ms</span>
              </div> <!-- test-method -->
              <div class="configuration-method before">
                <span class="method-name">testData(public void com.ibmwatsonhealth.devopsservices.swaggertestasset.swaggerParserUtility.TestNGTestSuite...)</span>
                <span class="method-start">1114 ms</span>
              </div> <!-- configuration-method before -->
              <div class="test-method">
                <span class="method-name">executeRestfulTest(/store/inventory,get, {hasMandatoryParameterResolved=true, pathParameters={}, external=false, queryP...)</span>
                <span class="method-start">1114 ms</span>
              </div> <!-- test-method -->
              <div class="configuration-method before">
                <span class="method-name">testData(public void com.ibmwatsonhealth.devopsservices.swaggertestasset.swaggerParserUtility.TestNGTestSuite...)</span>
                <span class="method-start">1178 ms</span>
              </div> <!-- configuration-method before -->
              <div class="test-method">
                <img src="failed.png">
                </img>
                <span class="method-name">executeRestfulTest(/store/order/{orderId},get, {hasMandatoryParameterResolved=false, pathParameters={}, external=false,...)</span>
                <span class="method-start">1178 ms</span>
              </div> <!-- test-method -->
              <div class="configuration-method before">
                <span class="method-name">testData(public void com.ibmwatsonhealth.devopsservices.swaggertestasset.swaggerParserUtility.TestNGTestSuite...)</span>
                <span class="method-start">1178 ms</span>
              </div> <!-- configuration-method before -->
              <div class="test-method">
                <img src="failed.png">
                </img>
                <span class="method-name">executeRestfulTest(/user/login,get, {hasMandatoryParameterResolved=false, pathParameters={}, external=false, queryParam...)</span>
                <span class="method-start">1178 ms</span>
              </div> <!-- test-method -->
              <div class="configuration-method before">
                <span class="method-name">testData(public void com.ibmwatsonhealth.devopsservices.swaggertestasset.swaggerParserUtility.TestNGTestSuite...)</span>
                <span class="method-start">1178 ms</span>
              </div> <!-- configuration-method before -->
              <div class="test-method">
                <span class="method-name">executeRestfulTest(/user/logout,get, {hasMandatoryParameterResolved=true, pathParameters={}, external=false, queryParam...)</span>
                <span class="method-start">1179 ms</span>
              </div> <!-- test-method -->
              <div class="configuration-method before">
                <span class="method-name">testData(public void com.ibmwatsonhealth.devopsservices.swaggertestasset.swaggerParserUtility.TestNGTestSuite...)</span>
                <span class="method-start">1230 ms</span>
              </div> <!-- configuration-method before -->
              <div class="test-method">
                <img src="failed.png">
                </img>
                <span class="method-name">executeRestfulTest(/user/{username},get, {hasMandatoryParameterResolved=false, pathParameters={}, external=false, query...)</span>
                <span class="method-start">1231 ms</span>
              </div> <!-- test-method -->
              <div class="configuration-method before">
                <span class="method-name">testData(public void com.ibmwatsonhealth.devopsservices.swaggertestasset.swaggerParserUtility.TestNGTestSuite...)</span>
                <span class="method-start">1231 ms</span>
              </div> <!-- configuration-method before -->
              <div class="test-method">
                <img src="failed.png">
                </img>
                <span class="method-name">executeRestfulTest(/pet/{petId},delete, {hasMandatoryParameterResolved=false, pathParameters={}, external=false, queryP...)</span>
                <span class="method-start">1231 ms</span>
              </div> <!-- test-method -->
              <div class="configuration-method before">
                <span class="method-name">testData(public void com.ibmwatsonhealth.devopsservices.swaggertestasset.swaggerParserUtility.TestNGTestSuite...)</span>
                <span class="method-start">1231 ms</span>
              </div> <!-- configuration-method before -->
              <div class="test-method">
                <img src="failed.png">
                </img>
                <span class="method-name">executeRestfulTest(/store/order/{orderId},delete, {hasMandatoryParameterResolved=false, pathParameters={}, external=fal...)</span>
                <span class="method-start">1231 ms</span>
              </div> <!-- test-method -->
              <div class="configuration-method before">
                <span class="method-name">testData(public void com.ibmwatsonhealth.devopsservices.swaggertestasset.swaggerParserUtility.TestNGTestSuite...)</span>
                <span class="method-start">1232 ms</span>
              </div> <!-- configuration-method before -->
              <div class="test-method">
                <img src="failed.png">
                </img>
                <span class="method-name">executeRestfulTest(/user/{username},delete, {hasMandatoryParameterResolved=false, pathParameters={}, external=false, qu...)</span>
                <span class="method-start">1232 ms</span>
              </div> <!-- test-method -->
              <div class="configuration-method before">
                <span class="method-name">testData(public void com.ibmwatsonhealth.devopsservices.swaggertestasset.swaggerParserUtility.TestNGTestSuite...)</span>
                <span class="method-start">1232 ms</span>
              </div> <!-- configuration-method before -->
              <div class="test-method">
                <span class="method-name">swaggerTestServiceConfigurationStatus</span>
                <span class="method-start">1232 ms</span>
              </div> <!-- test-method -->
          </div> <!-- main-panel-content rounded-window-bottom -->
        </div> <!-- panel -->
      </div> <!-- main-panel-root -->
    </div> <!-- wrapper -->
  </body>
</html>
