<?xml version="1.0" encoding="UTF-8"?>
<testng-results skipped="0" failed="16" total="21" passed="5">
  <reporter-output>
  </reporter-output>
  <suite name="SwaggerSuite" duration-ms="1694" started-at="2017-10-13T17:06:58Z" finished-at="2017-10-13T17:07:00Z">
    <groups>
    </groups>
    <test name="SwaggerTest" duration-ms="1694" started-at="2017-10-13T17:06:58Z" finished-at="2017-10-13T17:07:00Z">
      <class name="com.ibmwatsonhealth.devopsservices.swaggertestasset.swaggerParserUtility.TestNGTestSuite">
        <test-method status="PASS" signature="testData(java.lang.reflect.Method, [Ljava.lang.Object;)[pri:0, instance:com.ibmwatsonhealth.devopsservices.swaggertestasset.swaggerParserUtility.TestNGTestSuite@e73f9ac]" test-instance-name="swaggerTestServiceConfigurationStatus" name="testData" is-config="true" duration-ms="3" started-at="2017-10-13T13:06:59Z" finished-at="2017-10-13T13:06:59Z">
          <params>
            <param index="0">
              <value>
                <![CDATA[public void com.ibmwatsonhealth.devopsservices.swaggertestasset.swaggerParserUtility.TestNGTestSuite.executeRestfulTest(java.lang.String,java.lang.Object)]]>
              </value>
            </param>
            <param index="1">
              <value>
                <![CDATA[[Ljava.lang.Object;@7c041b41]]>
              </value>
            </param>
          </params>
          <reporter-output>
          </reporter-output>
        </test-method> <!-- testData -->
        <test-method status="PASS" signature="executeRestfulTest(java.lang.String, java.lang.Object)[pri:0, instance:com.ibmwatsonhealth.devopsservices.swaggertestasset.swaggerParserUtility.TestNGTestSuite@e73f9ac]" test-instance-name="swaggerTestServiceConfigurationStatus" name="executeRestfulTest" duration-ms="1001" started-at="2017-10-13T13:06:59Z" data-provider="dbconfig" finished-at="2017-10-13T13:07:00Z">
          <params>
            <param index="0">
              <value>
                <![CDATA[/pet,post]]>
              </value>
            </param>
            <param index="1">
              <value>
                <![CDATA[{hasMandatoryParameterResolved=true, pathParameters={}, external=false, queryParameters={}, invaliddata={schema=application/json, data=hello world}, response={405=io.swagger.models.Response@ce3cc860}, baseURI=http://petstore.swagger.io/v2, definition={Order=io.swagger.models.ModelImpl@42fe8e87, Category=io.swagger.models.ModelImpl@b616536a, User=io.swagger.models.ModelImpl@47191636, Tag=io.swagger.models.ModelImpl@99c7ebc6, Pet=io.swagger.models.ModelImpl@d9fea4dd, ApiResponse=io.swagger.models.ModelImpl@b94d6109}, skip=false, validdata={schema=application/json, data={
  "id" : 0,
  "category" : {
    "id" : 0,
    "name" : "string"
  },
  "name" : "doggie",
  "photoUrls" : [ "string" ],
  "tags" : [ {
    "id" : 0,
    "name" : "string"
  } ],
  "status" : "string"
}}}]]>
              </value>
            </param>
          </params>
          <reporter-output>
          </reporter-output>
        </test-method> <!-- executeRestfulTest -->
        <test-method status="FAIL" signature="executeRestfulTest(java.lang.String, java.lang.Object)[pri:0, instance:com.ibmwatsonhealth.devopsservices.swaggertestasset.swaggerParserUtility.TestNGTestSuite@e73f9ac]" test-instance-name="swaggerTestServiceConfigurationStatus" name="executeRestfulTest" duration-ms="0" started-at="2017-10-13T13:07:00Z" data-provider="dbconfig" finished-at="2017-10-13T13:07:00Z">
          <params>
            <param index="0">
              <value>
                <![CDATA[/pet/{petId},post]]>
              </value>
            </param>
            <param index="1">
              <value>
                <![CDATA[{hasMandatoryParameterResolved=false, pathParameters={}, external=false, queryParameters={}, response={405=io.swagger.models.Response@ce3cc860}, baseURI=http://petstore.swagger.io/v2, definition={Order=io.swagger.models.ModelImpl@42fe8e87, Category=io.swagger.models.ModelImpl@b616536a, User=io.swagger.models.ModelImpl@47191636, Tag=io.swagger.models.ModelImpl@99c7ebc6, Pet=io.swagger.models.ModelImpl@d9fea4dd, ApiResponse=io.swagger.models.ModelImpl@b94d6109}, skip=false}]]>
              </value>
            </param>
          </params>
          <exception class="java.lang.AssertionError">
            <message>
              <![CDATA[Mandatory Parameters not resolved successfully in Swagger Specification file for path: /pet/{petId} operation: post]]>
            </message>
            <full-stacktrace>
              <![CDATA[java.lang.AssertionError: Mandatory Parameters not resolved successfully in Swagger Specification file for path: /pet/{petId} operation: post
	at org.testng.Assert.fail(Assert.java:94)
	at com.ibmwatsonhealth.devopsservices.swaggertestasset.swaggerParserUtility.TestNGTestSuite.executeRestfulTest(TestNGTestSuite.java:205)
	at sun.reflect.NativeMethodAccessorImpl.invoke0(Native Method)
	at sun.reflect.NativeMethodAccessorImpl.invoke(NativeMethodAccessorImpl.java:62)
	at sun.reflect.DelegatingMethodAccessorImpl.invoke(DelegatingMethodAccessorImpl.java:43)
	at java.lang.reflect.Method.invoke(Method.java:498)
	at org.testng.internal.MethodInvocationHelper.invokeMethod(MethodInvocationHelper.java:86)
	at org.testng.internal.Invoker.invokeMethod(Invoker.java:643)
	at org.testng.internal.Invoker.invokeTestMethod(Invoker.java:820)
	at org.testng.internal.Invoker.invokeTestMethods(Invoker.java:1128)
	at org.testng.internal.TestMethodWorker.invokeTestMethods(TestMethodWorker.java:129)
	at org.testng.internal.TestMethodWorker.run(TestMethodWorker.java:112)
	at org.testng.TestRunner.privateRun(TestRunner.java:782)
	at org.testng.TestRunner.run(TestRunner.java:632)
	at org.testng.SuiteRunner.runTest(SuiteRunner.java:366)
	at org.testng.SuiteRunner.runSequentially(SuiteRunner.java:361)
	at org.testng.SuiteRunner.privateRun(SuiteRunner.java:319)
	at org.testng.SuiteRunner.run(SuiteRunner.java:268)
	at org.testng.SuiteRunnerWorker.runSuite(SuiteRunnerWorker.java:52)
	at org.testng.SuiteRunnerWorker.run(SuiteRunnerWorker.java:86)
	at org.testng.TestNG.runSuitesSequentially(TestNG.java:1244)
	at org.testng.TestNG.runSuitesLocally(TestNG.java:1169)
	at org.testng.TestNG.run(TestNG.java:1064)
	at com.ibmwatsonhealth.devopsservices.swaggertestasset.swaggerParserUtility.SwaggerExecutionEngine.executeTestFramework(SwaggerExecutionEngine.java:36)
	at com.ibmwatsonhealth.devopsservices.swaggertestasset.swaggerParserUtility.SwaggerUtility.executeTestFramework(SwaggerUtility.java:2259)
	at com.ibmwatsonhealth.devopsservices.swaggertestasset.swaggerParserUtility.TestController.main(TestController.java:25)
]]>
            </full-stacktrace>
          </exception> <!-- java.lang.AssertionError -->
          <reporter-output>
          </reporter-output>
        </test-method> <!-- executeRestfulTest -->
        <test-method status="PASS" signature="testData(java.lang.reflect.Method, [Ljava.lang.Object;)[pri:0, instance:com.ibmwatsonhealth.devopsservices.swaggertestasset.swaggerParserUtility.TestNGTestSuite@e73f9ac]" test-instance-name="swaggerTestServiceConfigurationStatus" name="testData" is-config="true" duration-ms="0" started-at="2017-10-13T13:07:00Z" finished-at="2017-10-13T13:07:00Z">
          <params>
            <param index="0">
              <value>
                <![CDATA[public void com.ibmwatsonhealth.devopsservices.swaggertestasset.swaggerParserUtility.TestNGTestSuite.executeRestfulTest(java.lang.String,java.lang.Object)]]>
              </value>
            </param>
            <param index="1">
              <value>
                <![CDATA[[Ljava.lang.Object;@1cb3ec38]]>
              </value>
            </param>
          </params>
          <reporter-output>
          </reporter-output>
        </test-method> <!-- testData -->
        <test-method status="PASS" signature="testData(java.lang.reflect.Method, [Ljava.lang.Object;)[pri:0, instance:com.ibmwatsonhealth.devopsservices.swaggertestasset.swaggerParserUtility.TestNGTestSuite@e73f9ac]" test-instance-name="swaggerTestServiceConfigurationStatus" name="testData" is-config="true" duration-ms="0" started-at="2017-10-13T13:07:00Z" finished-at="2017-10-13T13:07:00Z">
          <params>
            <param index="0">
              <value>
                <![CDATA[public void com.ibmwatsonhealth.devopsservices.swaggertestasset.swaggerParserUtility.TestNGTestSuite.executeRestfulTest(java.lang.String,java.lang.Object)]]>
              </value>
            </param>
            <param index="1">
              <value>
                <![CDATA[[Ljava.lang.Object;@71c5b236]]>
              </value>
            </param>
          </params>
          <reporter-output>
          </reporter-output>
        </test-method> <!-- testData -->
        <test-method status="FAIL" signature="executeRestfulTest(java.lang.String, java.lang.Object)[pri:0, instance:com.ibmwatsonhealth.devopsservices.swaggertestasset.swaggerParserUtility.TestNGTestSuite@e73f9ac]" test-instance-name="swaggerTestServiceConfigurationStatus" name="executeRestfulTest" duration-ms="0" started-at="2017-10-13T13:07:00Z" data-provider="dbconfig" finished-at="2017-10-13T13:07:00Z">
          <params>
            <param index="0">
              <value>
                <![CDATA[/pet/{petId}/uploadImage,post]]>
              </value>
            </param>
            <param index="1">
              <value>
                <![CDATA[{hasMandatoryParameterResolved=false, pathParameters={}, external=false, queryParameters={}, response={200=io.swagger.models.Response@107a79cf}, baseURI=http://petstore.swagger.io/v2, definition={Order=io.swagger.models.ModelImpl@42fe8e87, Category=io.swagger.models.ModelImpl@b616536a, User=io.swagger.models.ModelImpl@47191636, Tag=io.swagger.models.ModelImpl@99c7ebc6, Pet=io.swagger.models.ModelImpl@d9fea4dd, ApiResponse=io.swagger.models.ModelImpl@b94d6109}, skip=false}]]>
              </value>
            </param>
          </params>
          <exception class="java.lang.AssertionError">
            <message>
              <![CDATA[Mandatory Parameters not resolved successfully in Swagger Specification file for path: /pet/{petId}/uploadImage operation: post]]>
            </message>
            <full-stacktrace>
              <![CDATA[java.lang.AssertionError: Mandatory Parameters not resolved successfully in Swagger Specification file for path: /pet/{petId}/uploadImage operation: post
	at org.testng.Assert.fail(Assert.java:94)
	at com.ibmwatsonhealth.devopsservices.swaggertestasset.swaggerParserUtility.TestNGTestSuite.executeRestfulTest(TestNGTestSuite.java:205)
	at sun.reflect.NativeMethodAccessorImpl.invoke0(Native Method)
	at sun.reflect.NativeMethodAccessorImpl.invoke(NativeMethodAccessorImpl.java:62)
	at sun.reflect.DelegatingMethodAccessorImpl.invoke(DelegatingMethodAccessorImpl.java:43)
	at java.lang.reflect.Method.invoke(Method.java:498)
	at org.testng.internal.MethodInvocationHelper.invokeMethod(MethodInvocationHelper.java:86)
	at org.testng.internal.Invoker.invokeMethod(Invoker.java:643)
	at org.testng.internal.Invoker.invokeTestMethod(Invoker.java:820)
	at org.testng.internal.Invoker.invokeTestMethods(Invoker.java:1128)
	at org.testng.internal.TestMethodWorker.invokeTestMethods(TestMethodWorker.java:129)
	at org.testng.internal.TestMethodWorker.run(TestMethodWorker.java:112)
	at org.testng.TestRunner.privateRun(TestRunner.java:782)
	at org.testng.TestRunner.run(TestRunner.java:632)
	at org.testng.SuiteRunner.runTest(SuiteRunner.java:366)
	at org.testng.SuiteRunner.runSequentially(SuiteRunner.java:361)
	at org.testng.SuiteRunner.privateRun(SuiteRunner.java:319)
	at org.testng.SuiteRunner.run(SuiteRunner.java:268)
	at org.testng.SuiteRunnerWorker.runSuite(SuiteRunnerWorker.java:52)
	at org.testng.SuiteRunnerWorker.run(SuiteRunnerWorker.java:86)
	at org.testng.TestNG.runSuitesSequentially(TestNG.java:1244)
	at org.testng.TestNG.runSuitesLocally(TestNG.java:1169)
	at org.testng.TestNG.run(TestNG.java:1064)
	at com.ibmwatsonhealth.devopsservices.swaggertestasset.swaggerParserUtility.SwaggerExecutionEngine.executeTestFramework(SwaggerExecutionEngine.java:36)
	at com.ibmwatsonhealth.devopsservices.swaggertestasset.swaggerParserUtility.SwaggerUtility.executeTestFramework(SwaggerUtility.java:2259)
	at com.ibmwatsonhealth.devopsservices.swaggertestasset.swaggerParserUtility.TestController.main(TestController.java:25)
]]>
            </full-stacktrace>
          </exception> <!-- java.lang.AssertionError -->
          <reporter-output>
          </reporter-output>
        </test-method> <!-- executeRestfulTest -->
        <test-method status="FAIL" signature="executeRestfulTest(java.lang.String, java.lang.Object)[pri:0, instance:com.ibmwatsonhealth.devopsservices.swaggertestasset.swaggerParserUtility.TestNGTestSuite@e73f9ac]" test-instance-name="swaggerTestServiceConfigurationStatus" name="executeRestfulTest" duration-ms="2" started-at="2017-10-13T13:07:00Z" data-provider="dbconfig" finished-at="2017-10-13T13:07:00Z">
          <params>
            <param index="0">
              <value>
                <![CDATA[/store/order,post]]>
              </value>
            </param>
            <param index="1">
              <value>
                <![CDATA[{hasMandatoryParameterResolved=true, pathParameters={}, external=false, queryParameters={}, response={200=io.swagger.models.Response@a6f0a32f, 400=io.swagger.models.Response@c899b5c4}, baseURI=http://petstore.swagger.io/v2, definition={Order=io.swagger.models.ModelImpl@42fe8e87, Category=io.swagger.models.ModelImpl@b616536a, User=io.swagger.models.ModelImpl@47191636, Tag=io.swagger.models.ModelImpl@99c7ebc6, Pet=io.swagger.models.ModelImpl@d9fea4dd, ApiResponse=io.swagger.models.ModelImpl@b94d6109}, skip=false, validdata=null}]]>
              </value>
            </param>
          </params>
          <exception class="java.lang.AssertionError">
            <message>
              <![CDATA[DOCUMENTATION FAILURE: Swagger specification is missing data format consumed by request]]>
            </message>
            <full-stacktrace>
              <![CDATA[java.lang.AssertionError: DOCUMENTATION FAILURE: Swagger specification is missing data format consumed by request
	at org.testng.Assert.fail(Assert.java:94)
	at com.ibmwatsonhealth.devopsservices.swaggertestasset.swaggerParserUtility.TestNGTestSuite.executeRestfulTest(TestNGTestSuite.java:331)
	at sun.reflect.NativeMethodAccessorImpl.invoke0(Native Method)
	at sun.reflect.NativeMethodAccessorImpl.invoke(NativeMethodAccessorImpl.java:62)
	at sun.reflect.DelegatingMethodAccessorImpl.invoke(DelegatingMethodAccessorImpl.java:43)
	at java.lang.reflect.Method.invoke(Method.java:498)
	at org.testng.internal.MethodInvocationHelper.invokeMethod(MethodInvocationHelper.java:86)
	at org.testng.internal.Invoker.invokeMethod(Invoker.java:643)
	at org.testng.internal.Invoker.invokeTestMethod(Invoker.java:820)
	at org.testng.internal.Invoker.invokeTestMethods(Invoker.java:1128)
	at org.testng.internal.TestMethodWorker.invokeTestMethods(TestMethodWorker.java:129)
	at org.testng.internal.TestMethodWorker.run(TestMethodWorker.java:112)
	at org.testng.TestRunner.privateRun(TestRunner.java:782)
	at org.testng.TestRunner.run(TestRunner.java:632)
	at org.testng.SuiteRunner.runTest(SuiteRunner.java:366)
	at org.testng.SuiteRunner.runSequentially(SuiteRunner.java:361)
	at org.testng.SuiteRunner.privateRun(SuiteRunner.java:319)
	at org.testng.SuiteRunner.run(SuiteRunner.java:268)
	at org.testng.SuiteRunnerWorker.runSuite(SuiteRunnerWorker.java:52)
	at org.testng.SuiteRunnerWorker.run(SuiteRunnerWorker.java:86)
	at org.testng.TestNG.runSuitesSequentially(TestNG.java:1244)
	at org.testng.TestNG.runSuitesLocally(TestNG.java:1169)
	at org.testng.TestNG.run(TestNG.java:1064)
	at com.ibmwatsonhealth.devopsservices.swaggertestasset.swaggerParserUtility.SwaggerExecutionEngine.executeTestFramework(SwaggerExecutionEngine.java:36)
	at com.ibmwatsonhealth.devopsservices.swaggertestasset.swaggerParserUtility.SwaggerUtility.executeTestFramework(SwaggerUtility.java:2259)
	at com.ibmwatsonhealth.devopsservices.swaggertestasset.swaggerParserUtility.TestController.main(TestController.java:25)
]]>
            </full-stacktrace>
          </exception> <!-- java.lang.AssertionError -->
          <reporter-output>
          </reporter-output>
        </test-method> <!-- executeRestfulTest -->
        <test-method status="PASS" signature="testData(java.lang.reflect.Method, [Ljava.lang.Object;)[pri:0, instance:com.ibmwatsonhealth.devopsservices.swaggertestasset.swaggerParserUtility.TestNGTestSuite@e73f9ac]" test-instance-name="swaggerTestServiceConfigurationStatus" name="testData" is-config="true" duration-ms="0" started-at="2017-10-13T13:07:00Z" finished-at="2017-10-13T13:07:00Z">
          <params>
            <param index="0">
              <value>
                <![CDATA[public void com.ibmwatsonhealth.devopsservices.swaggertestasset.swaggerParserUtility.TestNGTestSuite.executeRestfulTest(java.lang.String,java.lang.Object)]]>
              </value>
            </param>
            <param index="1">
              <value>
                <![CDATA[[Ljava.lang.Object;@403132fc]]>
              </value>
            </param>
          </params>
          <reporter-output>
          </reporter-output>
        </test-method> <!-- testData -->
        <test-method status="PASS" signature="testData(java.lang.reflect.Method, [Ljava.lang.Object;)[pri:0, instance:com.ibmwatsonhealth.devopsservices.swaggertestasset.swaggerParserUtility.TestNGTestSuite@e73f9ac]" test-instance-name="swaggerTestServiceConfigurationStatus" name="testData" is-config="true" duration-ms="0" started-at="2017-10-13T13:07:00Z" finished-at="2017-10-13T13:07:00Z">
          <params>
            <param index="0">
              <value>
                <![CDATA[public void com.ibmwatsonhealth.devopsservices.swaggertestasset.swaggerParserUtility.TestNGTestSuite.executeRestfulTest(java.lang.String,java.lang.Object)]]>
              </value>
            </param>
            <param index="1">
              <value>
                <![CDATA[[Ljava.lang.Object;@2cab9998]]>
              </value>
            </param>
          </params>
          <reporter-output>
          </reporter-output>
        </test-method> <!-- testData -->
        <test-method status="FAIL" signature="executeRestfulTest(java.lang.String, java.lang.Object)[pri:0, instance:com.ibmwatsonhealth.devopsservices.swaggertestasset.swaggerParserUtility.TestNGTestSuite@e73f9ac]" test-instance-name="swaggerTestServiceConfigurationStatus" name="executeRestfulTest" duration-ms="1" started-at="2017-10-13T13:07:00Z" data-provider="dbconfig" finished-at="2017-10-13T13:07:00Z">
          <params>
            <param index="0">
              <value>
                <![CDATA[/user,post]]>
              </value>
            </param>
            <param index="1">
              <value>
                <![CDATA[{hasMandatoryParameterResolved=true, pathParameters={}, external=false, queryParameters={}, response={default=io.swagger.models.Response@7cd3eb80}, baseURI=http://petstore.swagger.io/v2, definition={Order=io.swagger.models.ModelImpl@42fe8e87, Category=io.swagger.models.ModelImpl@b616536a, User=io.swagger.models.ModelImpl@47191636, Tag=io.swagger.models.ModelImpl@99c7ebc6, Pet=io.swagger.models.ModelImpl@d9fea4dd, ApiResponse=io.swagger.models.ModelImpl@b94d6109}, skip=false, validdata=null}]]>
              </value>
            </param>
          </params>
          <exception class="java.lang.AssertionError">
            <message>
              <![CDATA[DOCUMENTATION FAILURE: Swagger specification is missing data format consumed by request]]>
            </message>
            <full-stacktrace>
              <![CDATA[java.lang.AssertionError: DOCUMENTATION FAILURE: Swagger specification is missing data format consumed by request
	at org.testng.Assert.fail(Assert.java:94)
	at com.ibmwatsonhealth.devopsservices.swaggertestasset.swaggerParserUtility.TestNGTestSuite.executeRestfulTest(TestNGTestSuite.java:331)
	at sun.reflect.NativeMethodAccessorImpl.invoke0(Native Method)
	at sun.reflect.NativeMethodAccessorImpl.invoke(NativeMethodAccessorImpl.java:62)
	at sun.reflect.DelegatingMethodAccessorImpl.invoke(DelegatingMethodAccessorImpl.java:43)
	at java.lang.reflect.Method.invoke(Method.java:498)
	at org.testng.internal.MethodInvocationHelper.invokeMethod(MethodInvocationHelper.java:86)
	at org.testng.internal.Invoker.invokeMethod(Invoker.java:643)
	at org.testng.internal.Invoker.invokeTestMethod(Invoker.java:820)
	at org.testng.internal.Invoker.invokeTestMethods(Invoker.java:1128)
	at org.testng.internal.TestMethodWorker.invokeTestMethods(TestMethodWorker.java:129)
	at org.testng.internal.TestMethodWorker.run(TestMethodWorker.java:112)
	at org.testng.TestRunner.privateRun(TestRunner.java:782)
	at org.testng.TestRunner.run(TestRunner.java:632)
	at org.testng.SuiteRunner.runTest(SuiteRunner.java:366)
	at org.testng.SuiteRunner.runSequentially(SuiteRunner.java:361)
	at org.testng.SuiteRunner.privateRun(SuiteRunner.java:319)
	at org.testng.SuiteRunner.run(SuiteRunner.java:268)
	at org.testng.SuiteRunnerWorker.runSuite(SuiteRunnerWorker.java:52)
	at org.testng.SuiteRunnerWorker.run(SuiteRunnerWorker.java:86)
	at org.testng.TestNG.runSuitesSequentially(TestNG.java:1244)
	at org.testng.TestNG.runSuitesLocally(TestNG.java:1169)
	at org.testng.TestNG.run(TestNG.java:1064)
	at com.ibmwatsonhealth.devopsservices.swaggertestasset.swaggerParserUtility.SwaggerExecutionEngine.executeTestFramework(SwaggerExecutionEngine.java:36)
	at com.ibmwatsonhealth.devopsservices.swaggertestasset.swaggerParserUtility.SwaggerUtility.executeTestFramework(SwaggerUtility.java:2259)
	at com.ibmwatsonhealth.devopsservices.swaggertestasset.swaggerParserUtility.TestController.main(TestController.java:25)
]]>
            </full-stacktrace>
          </exception> <!-- java.lang.AssertionError -->
          <reporter-output>
          </reporter-output>
        </test-method> <!-- executeRestfulTest -->
        <test-method status="PASS" signature="testData(java.lang.reflect.Method, [Ljava.lang.Object;)[pri:0, instance:com.ibmwatsonhealth.devopsservices.swaggertestasset.swaggerParserUtility.TestNGTestSuite@e73f9ac]" test-instance-name="swaggerTestServiceConfigurationStatus" name="testData" is-config="true" duration-ms="0" started-at="2017-10-13T13:07:00Z" finished-at="2017-10-13T13:07:00Z">
          <params>
            <param index="0">
              <value>
                <![CDATA[public void com.ibmwatsonhealth.devopsservices.swaggertestasset.swaggerParserUtility.TestNGTestSuite.executeRestfulTest(java.lang.String,java.lang.Object)]]>
              </value>
            </param>
            <param index="1">
              <value>
                <![CDATA[[Ljava.lang.Object;@2f7a7219]]>
              </value>
            </param>
          </params>
          <reporter-output>
          </reporter-output>
        </test-method> <!-- testData -->
        <test-method status="FAIL" signature="executeRestfulTest(java.lang.String, java.lang.Object)[pri:0, instance:com.ibmwatsonhealth.devopsservices.swaggertestasset.swaggerParserUtility.TestNGTestSuite@e73f9ac]" test-instance-name="swaggerTestServiceConfigurationStatus" name="executeRestfulTest" duration-ms="1" started-at="2017-10-13T13:07:00Z" data-provider="dbconfig" finished-at="2017-10-13T13:07:00Z">
          <params>
            <param index="0">
              <value>
                <![CDATA[/user/createWithArray,post]]>
              </value>
            </param>
            <param index="1">
              <value>
                <![CDATA[{hasMandatoryParameterResolved=true, pathParameters={}, external=false, queryParameters={}, response={default=io.swagger.models.Response@7cd3eb80}, baseURI=http://petstore.swagger.io/v2, definition={Order=io.swagger.models.ModelImpl@42fe8e87, Category=io.swagger.models.ModelImpl@b616536a, User=io.swagger.models.ModelImpl@47191636, Tag=io.swagger.models.ModelImpl@99c7ebc6, Pet=io.swagger.models.ModelImpl@d9fea4dd, ApiResponse=io.swagger.models.ModelImpl@b94d6109}, skip=false, validdata=null}]]>
              </value>
            </param>
          </params>
          <exception class="java.lang.AssertionError">
            <message>
              <![CDATA[DOCUMENTATION FAILURE: Swagger specification is missing data format consumed by request]]>
            </message>
            <full-stacktrace>
              <![CDATA[java.lang.AssertionError: DOCUMENTATION FAILURE: Swagger specification is missing data format consumed by request
	at org.testng.Assert.fail(Assert.java:94)
	at com.ibmwatsonhealth.devopsservices.swaggertestasset.swaggerParserUtility.TestNGTestSuite.executeRestfulTest(TestNGTestSuite.java:331)
	at sun.reflect.NativeMethodAccessorImpl.invoke0(Native Method)
	at sun.reflect.NativeMethodAccessorImpl.invoke(NativeMethodAccessorImpl.java:62)
	at sun.reflect.DelegatingMethodAccessorImpl.invoke(DelegatingMethodAccessorImpl.java:43)
	at java.lang.reflect.Method.invoke(Method.java:498)
	at org.testng.internal.MethodInvocationHelper.invokeMethod(MethodInvocationHelper.java:86)
	at org.testng.internal.Invoker.invokeMethod(Invoker.java:643)
	at org.testng.internal.Invoker.invokeTestMethod(Invoker.java:820)
	at org.testng.internal.Invoker.invokeTestMethods(Invoker.java:1128)
	at org.testng.internal.TestMethodWorker.invokeTestMethods(TestMethodWorker.java:129)
	at org.testng.internal.TestMethodWorker.run(TestMethodWorker.java:112)
	at org.testng.TestRunner.privateRun(TestRunner.java:782)
	at org.testng.TestRunner.run(TestRunner.java:632)
	at org.testng.SuiteRunner.runTest(SuiteRunner.java:366)
	at org.testng.SuiteRunner.runSequentially(SuiteRunner.java:361)
	at org.testng.SuiteRunner.privateRun(SuiteRunner.java:319)
	at org.testng.SuiteRunner.run(SuiteRunner.java:268)
	at org.testng.SuiteRunnerWorker.runSuite(SuiteRunnerWorker.java:52)
	at org.testng.SuiteRunnerWorker.run(SuiteRunnerWorker.java:86)
	at org.testng.TestNG.runSuitesSequentially(TestNG.java:1244)
	at org.testng.TestNG.runSuitesLocally(TestNG.java:1169)
	at org.testng.TestNG.run(TestNG.java:1064)
	at com.ibmwatsonhealth.devopsservices.swaggertestasset.swaggerParserUtility.SwaggerExecutionEngine.executeTestFramework(SwaggerExecutionEngine.java:36)
	at com.ibmwatsonhealth.devopsservices.swaggertestasset.swaggerParserUtility.SwaggerUtility.executeTestFramework(SwaggerUtility.java:2259)
	at com.ibmwatsonhealth.devopsservices.swaggertestasset.swaggerParserUtility.TestController.main(TestController.java:25)
]]>
            </full-stacktrace>
          </exception> <!-- java.lang.AssertionError -->
          <reporter-output>
          </reporter-output>
        </test-method> <!-- executeRestfulTest -->
        <test-method status="FAIL" signature="executeRestfulTest(java.lang.String, java.lang.Object)[pri:0, instance:com.ibmwatsonhealth.devopsservices.swaggertestasset.swaggerParserUtility.TestNGTestSuite@e73f9ac]" test-instance-name="swaggerTestServiceConfigurationStatus" name="executeRestfulTest" duration-ms="1" started-at="2017-10-13T13:07:00Z" data-provider="dbconfig" finished-at="2017-10-13T13:07:00Z">
          <params>
            <param index="0">
              <value>
                <![CDATA[/user/createWithList,post]]>
              </value>
            </param>
            <param index="1">
              <value>
                <![CDATA[{hasMandatoryParameterResolved=true, pathParameters={}, external=false, queryParameters={}, response={default=io.swagger.models.Response@7cd3eb80}, baseURI=http://petstore.swagger.io/v2, definition={Order=io.swagger.models.ModelImpl@42fe8e87, Category=io.swagger.models.ModelImpl@b616536a, User=io.swagger.models.ModelImpl@47191636, Tag=io.swagger.models.ModelImpl@99c7ebc6, Pet=io.swagger.models.ModelImpl@d9fea4dd, ApiResponse=io.swagger.models.ModelImpl@b94d6109}, skip=false, validdata=null}]]>
              </value>
            </param>
          </params>
          <exception class="java.lang.AssertionError">
            <message>
              <![CDATA[DOCUMENTATION FAILURE: Swagger specification is missing data format consumed by request]]>
            </message>
            <full-stacktrace>
              <![CDATA[java.lang.AssertionError: DOCUMENTATION FAILURE: Swagger specification is missing data format consumed by request
	at org.testng.Assert.fail(Assert.java:94)
	at com.ibmwatsonhealth.devopsservices.swaggertestasset.swaggerParserUtility.TestNGTestSuite.executeRestfulTest(TestNGTestSuite.java:331)
	at sun.reflect.NativeMethodAccessorImpl.invoke0(Native Method)
	at sun.reflect.NativeMethodAccessorImpl.invoke(NativeMethodAccessorImpl.java:62)
	at sun.reflect.DelegatingMethodAccessorImpl.invoke(DelegatingMethodAccessorImpl.java:43)
	at java.lang.reflect.Method.invoke(Method.java:498)
	at org.testng.internal.MethodInvocationHelper.invokeMethod(MethodInvocationHelper.java:86)
	at org.testng.internal.Invoker.invokeMethod(Invoker.java:643)
	at org.testng.internal.Invoker.invokeTestMethod(Invoker.java:820)
	at org.testng.internal.Invoker.invokeTestMethods(Invoker.java:1128)
	at org.testng.internal.TestMethodWorker.invokeTestMethods(TestMethodWorker.java:129)
	at org.testng.internal.TestMethodWorker.run(TestMethodWorker.java:112)
	at org.testng.TestRunner.privateRun(TestRunner.java:782)
	at org.testng.TestRunner.run(TestRunner.java:632)
	at org.testng.SuiteRunner.runTest(SuiteRunner.java:366)
	at org.testng.SuiteRunner.runSequentially(SuiteRunner.java:361)
	at org.testng.SuiteRunner.privateRun(SuiteRunner.java:319)
	at org.testng.SuiteRunner.run(SuiteRunner.java:268)
	at org.testng.SuiteRunnerWorker.runSuite(SuiteRunnerWorker.java:52)
	at org.testng.SuiteRunnerWorker.run(SuiteRunnerWorker.java:86)
	at org.testng.TestNG.runSuitesSequentially(TestNG.java:1244)
	at org.testng.TestNG.runSuitesLocally(TestNG.java:1169)
	at org.testng.TestNG.run(TestNG.java:1064)
	at com.ibmwatsonhealth.devopsservices.swaggertestasset.swaggerParserUtility.SwaggerExecutionEngine.executeTestFramework(SwaggerExecutionEngine.java:36)
	at com.ibmwatsonhealth.devopsservices.swaggertestasset.swaggerParserUtility.SwaggerUtility.executeTestFramework(SwaggerUtility.java:2259)
	at com.ibmwatsonhealth.devopsservices.swaggertestasset.swaggerParserUtility.TestController.main(TestController.java:25)
]]>
            </full-stacktrace>
          </exception> <!-- java.lang.AssertionError -->
          <reporter-output>
          </reporter-output>
        </test-method> <!-- executeRestfulTest -->
        <test-method status="PASS" signature="testData(java.lang.reflect.Method, [Ljava.lang.Object;)[pri:0, instance:com.ibmwatsonhealth.devopsservices.swaggertestasset.swaggerParserUtility.TestNGTestSuite@e73f9ac]" test-instance-name="swaggerTestServiceConfigurationStatus" name="testData" is-config="true" duration-ms="0" started-at="2017-10-13T13:07:00Z" finished-at="2017-10-13T13:07:00Z">
          <params>
            <param index="0">
              <value>
                <![CDATA[public void com.ibmwatsonhealth.devopsservices.swaggertestasset.swaggerParserUtility.TestNGTestSuite.executeRestfulTest(java.lang.String,java.lang.Object)]]>
              </value>
            </param>
            <param index="1">
              <value>
                <![CDATA[[Ljava.lang.Object;@669513d8]]>
              </value>
            </param>
          </params>
          <reporter-output>
          </reporter-output>
        </test-method> <!-- testData -->
        <test-method status="PASS" signature="testData(java.lang.reflect.Method, [Ljava.lang.Object;)[pri:0, instance:com.ibmwatsonhealth.devopsservices.swaggertestasset.swaggerParserUtility.TestNGTestSuite@e73f9ac]" test-instance-name="swaggerTestServiceConfigurationStatus" name="testData" is-config="true" duration-ms="0" started-at="2017-10-13T13:07:00Z" finished-at="2017-10-13T13:07:00Z">
          <params>
            <param index="0">
              <value>
                <![CDATA[public void com.ibmwatsonhealth.devopsservices.swaggertestasset.swaggerParserUtility.TestNGTestSuite.executeRestfulTest(java.lang.String,java.lang.Object)]]>
              </value>
            </param>
            <param index="1">
              <value>
                <![CDATA[[Ljava.lang.Object;@3a1d593e]]>
              </value>
            </param>
          </params>
          <reporter-output>
          </reporter-output>
        </test-method> <!-- testData -->
        <test-method status="PASS" signature="executeRestfulTest(java.lang.String, java.lang.Object)[pri:0, instance:com.ibmwatsonhealth.devopsservices.swaggertestasset.swaggerParserUtility.TestNGTestSuite@e73f9ac]" test-instance-name="swaggerTestServiceConfigurationStatus" name="executeRestfulTest" duration-ms="102" started-at="2017-10-13T13:07:00Z" data-provider="dbconfig" finished-at="2017-10-13T13:07:00Z">
          <params>
            <param index="0">
              <value>
                <![CDATA[/pet,put]]>
              </value>
            </param>
            <param index="1">
              <value>
                <![CDATA[{hasMandatoryParameterResolved=true, pathParameters={}, external=false, queryParameters={}, invaliddata={schema=application/json, data=hello world}, response={400=io.swagger.models.Response@87f925f9, 404=io.swagger.models.Response@7f4c4b3, 405=io.swagger.models.Response@f93bc227}, baseURI=http://petstore.swagger.io/v2, definition={Order=io.swagger.models.ModelImpl@42fe8e87, Category=io.swagger.models.ModelImpl@b616536a, User=io.swagger.models.ModelImpl@47191636, Tag=io.swagger.models.ModelImpl@99c7ebc6, Pet=io.swagger.models.ModelImpl@d9fea4dd, ApiResponse=io.swagger.models.ModelImpl@b94d6109}, skip=false, validdata={schema=application/json, data={
  "id" : 0,
  "category" : {
    "id" : 0,
    "name" : "string"
  },
  "name" : "doggie",
  "photoUrls" : [ "string" ],
  "tags" : [ {
    "id" : 0,
    "name" : "string"
  } ],
  "status" : "string"
}}}]]>
              </value>
            </param>
          </params>
          <reporter-output>
          </reporter-output>
        </test-method> <!-- executeRestfulTest -->
        <test-method status="PASS" signature="testData(java.lang.reflect.Method, [Ljava.lang.Object;)[pri:0, instance:com.ibmwatsonhealth.devopsservices.swaggertestasset.swaggerParserUtility.TestNGTestSuite@e73f9ac]" test-instance-name="swaggerTestServiceConfigurationStatus" name="testData" is-config="true" duration-ms="0" started-at="2017-10-13T13:07:00Z" finished-at="2017-10-13T13:07:00Z">
          <params>
            <param index="0">
              <value>
                <![CDATA[public void com.ibmwatsonhealth.devopsservices.swaggertestasset.swaggerParserUtility.TestNGTestSuite.executeRestfulTest(java.lang.String,java.lang.Object)]]>
              </value>
            </param>
            <param index="1">
              <value>
                <![CDATA[[Ljava.lang.Object;@361c294e]]>
              </value>
            </param>
          </params>
          <reporter-output>
          </reporter-output>
        </test-method> <!-- testData -->
        <test-method status="PASS" signature="testData(java.lang.reflect.Method, [Ljava.lang.Object;)[pri:0, instance:com.ibmwatsonhealth.devopsservices.swaggertestasset.swaggerParserUtility.TestNGTestSuite@e73f9ac]" test-instance-name="swaggerTestServiceConfigurationStatus" name="testData" is-config="true" duration-ms="0" started-at="2017-10-13T13:07:00Z" finished-at="2017-10-13T13:07:00Z">
          <params>
            <param index="0">
              <value>
                <![CDATA[public void com.ibmwatsonhealth.devopsservices.swaggertestasset.swaggerParserUtility.TestNGTestSuite.executeRestfulTest(java.lang.String,java.lang.Object)]]>
              </value>
            </param>
            <param index="1">
              <value>
                <![CDATA[[Ljava.lang.Object;@4a8a60bc]]>
              </value>
            </param>
          </params>
          <reporter-output>
          </reporter-output>
        </test-method> <!-- testData -->
        <test-method status="FAIL" signature="executeRestfulTest(java.lang.String, java.lang.Object)[pri:0, instance:com.ibmwatsonhealth.devopsservices.swaggertestasset.swaggerParserUtility.TestNGTestSuite@e73f9ac]" test-instance-name="swaggerTestServiceConfigurationStatus" name="executeRestfulTest" duration-ms="0" started-at="2017-10-13T13:07:00Z" data-provider="dbconfig" finished-at="2017-10-13T13:07:00Z">
          <params>
            <param index="0">
              <value>
                <![CDATA[/user/{username},put]]>
              </value>
            </param>
            <param index="1">
              <value>
                <![CDATA[{hasMandatoryParameterResolved=false, pathParameters={}, external=false, queryParameters={}, response={400=io.swagger.models.Response@e3ed0f89, 404=io.swagger.models.Response@9fe75e9f}, baseURI=http://petstore.swagger.io/v2, definition={Order=io.swagger.models.ModelImpl@42fe8e87, Category=io.swagger.models.ModelImpl@b616536a, User=io.swagger.models.ModelImpl@47191636, Tag=io.swagger.models.ModelImpl@99c7ebc6, Pet=io.swagger.models.ModelImpl@d9fea4dd, ApiResponse=io.swagger.models.ModelImpl@b94d6109}, skip=false, validdata=null}]]>
              </value>
            </param>
          </params>
          <exception class="java.lang.AssertionError">
            <message>
              <![CDATA[Mandatory Parameters not resolved successfully in Swagger Specification file for path: /user/{username} operation: put]]>
            </message>
            <full-stacktrace>
              <![CDATA[java.lang.AssertionError: Mandatory Parameters not resolved successfully in Swagger Specification file for path: /user/{username} operation: put
	at org.testng.Assert.fail(Assert.java:94)
	at com.ibmwatsonhealth.devopsservices.swaggertestasset.swaggerParserUtility.TestNGTestSuite.executeRestfulTest(TestNGTestSuite.java:274)
	at sun.reflect.NativeMethodAccessorImpl.invoke0(Native Method)
	at sun.reflect.NativeMethodAccessorImpl.invoke(NativeMethodAccessorImpl.java:62)
	at sun.reflect.DelegatingMethodAccessorImpl.invoke(DelegatingMethodAccessorImpl.java:43)
	at java.lang.reflect.Method.invoke(Method.java:498)
	at org.testng.internal.MethodInvocationHelper.invokeMethod(MethodInvocationHelper.java:86)
	at org.testng.internal.Invoker.invokeMethod(Invoker.java:643)
	at org.testng.internal.Invoker.invokeTestMethod(Invoker.java:820)
	at org.testng.internal.Invoker.invokeTestMethods(Invoker.java:1128)
	at org.testng.internal.TestMethodWorker.invokeTestMethods(TestMethodWorker.java:129)
	at org.testng.internal.TestMethodWorker.run(TestMethodWorker.java:112)
	at org.testng.TestRunner.privateRun(TestRunner.java:782)
	at org.testng.TestRunner.run(TestRunner.java:632)
	at org.testng.SuiteRunner.runTest(SuiteRunner.java:366)
	at org.testng.SuiteRunner.runSequentially(SuiteRunner.java:361)
	at org.testng.SuiteRunner.privateRun(SuiteRunner.java:319)
	at org.testng.SuiteRunner.run(SuiteRunner.java:268)
	at org.testng.SuiteRunnerWorker.runSuite(SuiteRunnerWorker.java:52)
	at org.testng.SuiteRunnerWorker.run(SuiteRunnerWorker.java:86)
	at org.testng.TestNG.runSuitesSequentially(TestNG.java:1244)
	at org.testng.TestNG.runSuitesLocally(TestNG.java:1169)
	at org.testng.TestNG.run(TestNG.java:1064)
	at com.ibmwatsonhealth.devopsservices.swaggertestasset.swaggerParserUtility.SwaggerExecutionEngine.executeTestFramework(SwaggerExecutionEngine.java:36)
	at com.ibmwatsonhealth.devopsservices.swaggertestasset.swaggerParserUtility.SwaggerUtility.executeTestFramework(SwaggerUtility.java:2259)
	at com.ibmwatsonhealth.devopsservices.swaggertestasset.swaggerParserUtility.TestController.main(TestController.java:25)
]]>
            </full-stacktrace>
          </exception> <!-- java.lang.AssertionError -->
          <reporter-output>
          </reporter-output>
        </test-method> <!-- executeRestfulTest -->
        <test-method status="PASS" signature="testData(java.lang.reflect.Method, [Ljava.lang.Object;)[pri:0, instance:com.ibmwatsonhealth.devopsservices.swaggertestasset.swaggerParserUtility.TestNGTestSuite@e73f9ac]" test-instance-name="swaggerTestServiceConfigurationStatus" name="testData" is-config="true" duration-ms="1" started-at="2017-10-13T13:07:00Z" finished-at="2017-10-13T13:07:00Z">
          <params>
            <param index="0">
              <value>
                <![CDATA[public void com.ibmwatsonhealth.devopsservices.swaggertestasset.swaggerParserUtility.TestNGTestSuite.executeRestfulTest(java.lang.String,java.lang.Object)]]>
              </value>
            </param>
            <param index="1">
              <value>
                <![CDATA[[Ljava.lang.Object;@7859e786]]>
              </value>
            </param>
          </params>
          <reporter-output>
          </reporter-output>
        </test-method> <!-- testData -->
        <test-method status="FAIL" signature="executeRestfulTest(java.lang.String, java.lang.Object)[pri:0, instance:com.ibmwatsonhealth.devopsservices.swaggertestasset.swaggerParserUtility.TestNGTestSuite@e73f9ac]" test-instance-name="swaggerTestServiceConfigurationStatus" name="executeRestfulTest" duration-ms="0" started-at="2017-10-13T13:07:00Z" data-provider="dbconfig" finished-at="2017-10-13T13:07:00Z">
          <params>
            <param index="0">
              <value>
                <![CDATA[/pet/findByStatus,get]]>
              </value>
            </param>
            <param index="1">
              <value>
                <![CDATA[{hasMandatoryParameterResolved=false, pathParameters={}, external=false, queryParameters={}, response={200=io.swagger.models.Response@d02f0ac2, 400=io.swagger.models.Response@ef1ab60b}, baseURI=http://petstore.swagger.io/v2, definition={Order=io.swagger.models.ModelImpl@42fe8e87, Category=io.swagger.models.ModelImpl@b616536a, User=io.swagger.models.ModelImpl@47191636, Tag=io.swagger.models.ModelImpl@99c7ebc6, Pet=io.swagger.models.ModelImpl@d9fea4dd, ApiResponse=io.swagger.models.ModelImpl@b94d6109}, skip=false}]]>
              </value>
            </param>
          </params>
          <exception class="java.lang.AssertionError">
            <message>
              <![CDATA[Mandatory Parameters not resolved successfully in Swagger Specification file for path: /pet/findByStatus operation: get]]>
            </message>
            <full-stacktrace>
              <![CDATA[java.lang.AssertionError: Mandatory Parameters not resolved successfully in Swagger Specification file for path: /pet/findByStatus operation: get
	at org.testng.Assert.fail(Assert.java:94)
	at com.ibmwatsonhealth.devopsservices.swaggertestasset.swaggerParserUtility.TestNGTestSuite.executeRestfulTest(TestNGTestSuite.java:126)
	at sun.reflect.NativeMethodAccessorImpl.invoke0(Native Method)
	at sun.reflect.NativeMethodAccessorImpl.invoke(NativeMethodAccessorImpl.java:62)
	at sun.reflect.DelegatingMethodAccessorImpl.invoke(DelegatingMethodAccessorImpl.java:43)
	at java.lang.reflect.Method.invoke(Method.java:498)
	at org.testng.internal.MethodInvocationHelper.invokeMethod(MethodInvocationHelper.java:86)
	at org.testng.internal.Invoker.invokeMethod(Invoker.java:643)
	at org.testng.internal.Invoker.invokeTestMethod(Invoker.java:820)
	at org.testng.internal.Invoker.invokeTestMethods(Invoker.java:1128)
	at org.testng.internal.TestMethodWorker.invokeTestMethods(TestMethodWorker.java:129)
	at org.testng.internal.TestMethodWorker.run(TestMethodWorker.java:112)
	at org.testng.TestRunner.privateRun(TestRunner.java:782)
	at org.testng.TestRunner.run(TestRunner.java:632)
	at org.testng.SuiteRunner.runTest(SuiteRunner.java:366)
	at org.testng.SuiteRunner.runSequentially(SuiteRunner.java:361)
	at org.testng.SuiteRunner.privateRun(SuiteRunner.java:319)
	at org.testng.SuiteRunner.run(SuiteRunner.java:268)
	at org.testng.SuiteRunnerWorker.runSuite(SuiteRunnerWorker.java:52)
	at org.testng.SuiteRunnerWorker.run(SuiteRunnerWorker.java:86)
	at org.testng.TestNG.runSuitesSequentially(TestNG.java:1244)
	at org.testng.TestNG.runSuitesLocally(TestNG.java:1169)
	at org.testng.TestNG.run(TestNG.java:1064)
	at com.ibmwatsonhealth.devopsservices.swaggertestasset.swaggerParserUtility.SwaggerExecutionEngine.executeTestFramework(SwaggerExecutionEngine.java:36)
	at com.ibmwatsonhealth.devopsservices.swaggertestasset.swaggerParserUtility.SwaggerUtility.executeTestFramework(SwaggerUtility.java:2259)
	at com.ibmwatsonhealth.devopsservices.swaggertestasset.swaggerParserUtility.TestController.main(TestController.java:25)
]]>
            </full-stacktrace>
          </exception> <!-- java.lang.AssertionError -->
          <reporter-output>
          </reporter-output>
        </test-method> <!-- executeRestfulTest -->
        <test-method status="PASS" signature="executeRestfulTest(java.lang.String, java.lang.Object)[pri:0, instance:com.ibmwatsonhealth.devopsservices.swaggertestasset.swaggerParserUtility.TestNGTestSuite@e73f9ac]" test-instance-name="swaggerTestServiceConfigurationStatus" name="executeRestfulTest" duration-ms="64" started-at="2017-10-13T13:07:00Z" data-provider="dbconfig" finished-at="2017-10-13T13:07:00Z">
          <params>
            <param index="0">
              <value>
                <![CDATA[/store/inventory,get]]>
              </value>
            </param>
            <param index="1">
              <value>
                <![CDATA[{hasMandatoryParameterResolved=true, pathParameters={}, external=false, queryParameters={}, response={200=io.swagger.models.Response@2503e437}, baseURI=http://petstore.swagger.io/v2, definition={Order=io.swagger.models.ModelImpl@42fe8e87, Category=io.swagger.models.ModelImpl@b616536a, User=io.swagger.models.ModelImpl@47191636, Tag=io.swagger.models.ModelImpl@99c7ebc6, Pet=io.swagger.models.ModelImpl@d9fea4dd, ApiResponse=io.swagger.models.ModelImpl@b94d6109}, skip=false}]]>
              </value>
            </param>
          </params>
          <reporter-output>
          </reporter-output>
        </test-method> <!-- executeRestfulTest -->
        <test-method status="PASS" signature="testData(java.lang.reflect.Method, [Ljava.lang.Object;)[pri:0, instance:com.ibmwatsonhealth.devopsservices.swaggertestasset.swaggerParserUtility.TestNGTestSuite@e73f9ac]" test-instance-name="swaggerTestServiceConfigurationStatus" name="testData" is-config="true" duration-ms="0" started-at="2017-10-13T13:07:00Z" finished-at="2017-10-13T13:07:00Z">
          <params>
            <param index="0">
              <value>
                <![CDATA[public void com.ibmwatsonhealth.devopsservices.swaggertestasset.swaggerParserUtility.TestNGTestSuite.executeRestfulTest(java.lang.String,java.lang.Object)]]>
              </value>
            </param>
            <param index="1">
              <value>
                <![CDATA[[Ljava.lang.Object;@285d851a]]>
              </value>
            </param>
          </params>
          <reporter-output>
          </reporter-output>
        </test-method> <!-- testData -->
        <test-method status="FAIL" signature="executeRestfulTest(java.lang.String, java.lang.Object)[pri:0, instance:com.ibmwatsonhealth.devopsservices.swaggertestasset.swaggerParserUtility.TestNGTestSuite@e73f9ac]" test-instance-name="swaggerTestServiceConfigurationStatus" name="executeRestfulTest" duration-ms="0" started-at="2017-10-13T13:07:00Z" data-provider="dbconfig" finished-at="2017-10-13T13:07:00Z">
          <params>
            <param index="0">
              <value>
                <![CDATA[/pet/findByTags,get]]>
              </value>
            </param>
            <param index="1">
              <value>
                <![CDATA[{hasMandatoryParameterResolved=false, pathParameters={}, external=false, queryParameters={}, response={200=io.swagger.models.Response@d02f0ac2, 400=io.swagger.models.Response@8bae2e01}, baseURI=http://petstore.swagger.io/v2, definition={Order=io.swagger.models.ModelImpl@42fe8e87, Category=io.swagger.models.ModelImpl@b616536a, User=io.swagger.models.ModelImpl@47191636, Tag=io.swagger.models.ModelImpl@99c7ebc6, Pet=io.swagger.models.ModelImpl@d9fea4dd, ApiResponse=io.swagger.models.ModelImpl@b94d6109}, skip=false}]]>
              </value>
            </param>
          </params>
          <exception class="java.lang.AssertionError">
            <message>
              <![CDATA[Mandatory Parameters not resolved successfully in Swagger Specification file for path: /pet/findByTags operation: get]]>
            </message>
            <full-stacktrace>
              <![CDATA[java.lang.AssertionError: Mandatory Parameters not resolved successfully in Swagger Specification file for path: /pet/findByTags operation: get
	at org.testng.Assert.fail(Assert.java:94)
	at com.ibmwatsonhealth.devopsservices.swaggertestasset.swaggerParserUtility.TestNGTestSuite.executeRestfulTest(TestNGTestSuite.java:126)
	at sun.reflect.NativeMethodAccessorImpl.invoke0(Native Method)
	at sun.reflect.NativeMethodAccessorImpl.invoke(NativeMethodAccessorImpl.java:62)
	at sun.reflect.DelegatingMethodAccessorImpl.invoke(DelegatingMethodAccessorImpl.java:43)
	at java.lang.reflect.Method.invoke(Method.java:498)
	at org.testng.internal.MethodInvocationHelper.invokeMethod(MethodInvocationHelper.java:86)
	at org.testng.internal.Invoker.invokeMethod(Invoker.java:643)
	at org.testng.internal.Invoker.invokeTestMethod(Invoker.java:820)
	at org.testng.internal.Invoker.invokeTestMethods(Invoker.java:1128)
	at org.testng.internal.TestMethodWorker.invokeTestMethods(TestMethodWorker.java:129)
	at org.testng.internal.TestMethodWorker.run(TestMethodWorker.java:112)
	at org.testng.TestRunner.privateRun(TestRunner.java:782)
	at org.testng.TestRunner.run(TestRunner.java:632)
	at org.testng.SuiteRunner.runTest(SuiteRunner.java:366)
	at org.testng.SuiteRunner.runSequentially(SuiteRunner.java:361)
	at org.testng.SuiteRunner.privateRun(SuiteRunner.java:319)
	at org.testng.SuiteRunner.run(SuiteRunner.java:268)
	at org.testng.SuiteRunnerWorker.runSuite(SuiteRunnerWorker.java:52)
	at org.testng.SuiteRunnerWorker.run(SuiteRunnerWorker.java:86)
	at org.testng.TestNG.runSuitesSequentially(TestNG.java:1244)
	at org.testng.TestNG.runSuitesLocally(TestNG.java:1169)
	at org.testng.TestNG.run(TestNG.java:1064)
	at com.ibmwatsonhealth.devopsservices.swaggertestasset.swaggerParserUtility.SwaggerExecutionEngine.executeTestFramework(SwaggerExecutionEngine.java:36)
	at com.ibmwatsonhealth.devopsservices.swaggertestasset.swaggerParserUtility.SwaggerUtility.executeTestFramework(SwaggerUtility.java:2259)
	at com.ibmwatsonhealth.devopsservices.swaggertestasset.swaggerParserUtility.TestController.main(TestController.java:25)
]]>
            </full-stacktrace>
          </exception> <!-- java.lang.AssertionError -->
          <reporter-output>
          </reporter-output>
        </test-method> <!-- executeRestfulTest -->
        <test-method status="PASS" signature="testData(java.lang.reflect.Method, [Ljava.lang.Object;)[pri:0, instance:com.ibmwatsonhealth.devopsservices.swaggertestasset.swaggerParserUtility.TestNGTestSuite@e73f9ac]" test-instance-name="swaggerTestServiceConfigurationStatus" name="testData" is-config="true" duration-ms="0" started-at="2017-10-13T13:07:00Z" finished-at="2017-10-13T13:07:00Z">
          <params>
            <param index="0">
              <value>
                <![CDATA[public void com.ibmwatsonhealth.devopsservices.swaggertestasset.swaggerParserUtility.TestNGTestSuite.executeRestfulTest(java.lang.String,java.lang.Object)]]>
              </value>
            </param>
            <param index="1">
              <value>
                <![CDATA[[Ljava.lang.Object;@314b8f2d]]>
              </value>
            </param>
          </params>
          <reporter-output>
          </reporter-output>
        </test-method> <!-- testData -->
        <test-method status="FAIL" signature="executeRestfulTest(java.lang.String, java.lang.Object)[pri:0, instance:com.ibmwatsonhealth.devopsservices.swaggertestasset.swaggerParserUtility.TestNGTestSuite@e73f9ac]" test-instance-name="swaggerTestServiceConfigurationStatus" name="executeRestfulTest" duration-ms="0" started-at="2017-10-13T13:07:00Z" data-provider="dbconfig" finished-at="2017-10-13T13:07:00Z">
          <params>
            <param index="0">
              <value>
                <![CDATA[/pet/{petId},get]]>
              </value>
            </param>
            <param index="1">
              <value>
                <![CDATA[{hasMandatoryParameterResolved=false, pathParameters={}, external=false, queryParameters={}, response={200=io.swagger.models.Response@fcf38a4f, 400=io.swagger.models.Response@87f925f9, 404=io.swagger.models.Response@7f4c4b3}, baseURI=http://petstore.swagger.io/v2, definition={Order=io.swagger.models.ModelImpl@42fe8e87, Category=io.swagger.models.ModelImpl@b616536a, User=io.swagger.models.ModelImpl@47191636, Tag=io.swagger.models.ModelImpl@99c7ebc6, Pet=io.swagger.models.ModelImpl@d9fea4dd, ApiResponse=io.swagger.models.ModelImpl@b94d6109}, skip=false}]]>
              </value>
            </param>
          </params>
          <exception class="java.lang.AssertionError">
            <message>
              <![CDATA[Mandatory Parameters not resolved successfully in Swagger Specification file for path: /pet/{petId} operation: get]]>
            </message>
            <full-stacktrace>
              <![CDATA[java.lang.AssertionError: Mandatory Parameters not resolved successfully in Swagger Specification file for path: /pet/{petId} operation: get
	at org.testng.Assert.fail(Assert.java:94)
	at com.ibmwatsonhealth.devopsservices.swaggertestasset.swaggerParserUtility.TestNGTestSuite.executeRestfulTest(TestNGTestSuite.java:126)
	at sun.reflect.NativeMethodAccessorImpl.invoke0(Native Method)
	at sun.reflect.NativeMethodAccessorImpl.invoke(NativeMethodAccessorImpl.java:62)
	at sun.reflect.DelegatingMethodAccessorImpl.invoke(DelegatingMethodAccessorImpl.java:43)
	at java.lang.reflect.Method.invoke(Method.java:498)
	at org.testng.internal.MethodInvocationHelper.invokeMethod(MethodInvocationHelper.java:86)
	at org.testng.internal.Invoker.invokeMethod(Invoker.java:643)
	at org.testng.internal.Invoker.invokeTestMethod(Invoker.java:820)
	at org.testng.internal.Invoker.invokeTestMethods(Invoker.java:1128)
	at org.testng.internal.TestMethodWorker.invokeTestMethods(TestMethodWorker.java:129)
	at org.testng.internal.TestMethodWorker.run(TestMethodWorker.java:112)
	at org.testng.TestRunner.privateRun(TestRunner.java:782)
	at org.testng.TestRunner.run(TestRunner.java:632)
	at org.testng.SuiteRunner.runTest(SuiteRunner.java:366)
	at org.testng.SuiteRunner.runSequentially(SuiteRunner.java:361)
	at org.testng.SuiteRunner.privateRun(SuiteRunner.java:319)
	at org.testng.SuiteRunner.run(SuiteRunner.java:268)
	at org.testng.SuiteRunnerWorker.runSuite(SuiteRunnerWorker.java:52)
	at org.testng.SuiteRunnerWorker.run(SuiteRunnerWorker.java:86)
	at org.testng.TestNG.runSuitesSequentially(TestNG.java:1244)
	at org.testng.TestNG.runSuitesLocally(TestNG.java:1169)
	at org.testng.TestNG.run(TestNG.java:1064)
	at com.ibmwatsonhealth.devopsservices.swaggertestasset.swaggerParserUtility.SwaggerExecutionEngine.executeTestFramework(SwaggerExecutionEngine.java:36)
	at com.ibmwatsonhealth.devopsservices.swaggertestasset.swaggerParserUtility.SwaggerUtility.executeTestFramework(SwaggerUtility.java:2259)
	at com.ibmwatsonhealth.devopsservices.swaggertestasset.swaggerParserUtility.TestController.main(TestController.java:25)
]]>
            </full-stacktrace>
          </exception> <!-- java.lang.AssertionError -->
          <reporter-output>
          </reporter-output>
        </test-method> <!-- executeRestfulTest -->
        <test-method status="PASS" signature="testData(java.lang.reflect.Method, [Ljava.lang.Object;)[pri:0, instance:com.ibmwatsonhealth.devopsservices.swaggertestasset.swaggerParserUtility.TestNGTestSuite@e73f9ac]" test-instance-name="swaggerTestServiceConfigurationStatus" name="testData" is-config="true" duration-ms="1" started-at="2017-10-13T13:07:00Z" finished-at="2017-10-13T13:07:00Z">
          <params>
            <param index="0">
              <value>
                <![CDATA[public void com.ibmwatsonhealth.devopsservices.swaggertestasset.swaggerParserUtility.TestNGTestSuite.executeRestfulTest(java.lang.String,java.lang.Object)]]>
              </value>
            </param>
            <param index="1">
              <value>
                <![CDATA[[Ljava.lang.Object;@15a902e7]]>
              </value>
            </param>
          </params>
          <reporter-output>
          </reporter-output>
        </test-method> <!-- testData -->
        <test-method status="PASS" signature="testData(java.lang.reflect.Method, [Ljava.lang.Object;)[pri:0, instance:com.ibmwatsonhealth.devopsservices.swaggertestasset.swaggerParserUtility.TestNGTestSuite@e73f9ac]" test-instance-name="swaggerTestServiceConfigurationStatus" name="testData" is-config="true" duration-ms="0" started-at="2017-10-13T13:07:00Z" finished-at="2017-10-13T13:07:00Z">
          <params>
            <param index="0">
              <value>
                <![CDATA[public void com.ibmwatsonhealth.devopsservices.swaggertestasset.swaggerParserUtility.TestNGTestSuite.executeRestfulTest(java.lang.String,java.lang.Object)]]>
              </value>
            </param>
            <param index="1">
              <value>
                <![CDATA[[Ljava.lang.Object;@5118388b]]>
              </value>
            </param>
          </params>
          <reporter-output>
          </reporter-output>
        </test-method> <!-- testData -->
        <test-method status="FAIL" signature="executeRestfulTest(java.lang.String, java.lang.Object)[pri:0, instance:com.ibmwatsonhealth.devopsservices.swaggertestasset.swaggerParserUtility.TestNGTestSuite@e73f9ac]" test-instance-name="swaggerTestServiceConfigurationStatus" name="executeRestfulTest" duration-ms="0" started-at="2017-10-13T13:07:00Z" data-provider="dbconfig" finished-at="2017-10-13T13:07:00Z">
          <params>
            <param index="0">
              <value>
                <![CDATA[/store/order/{orderId},get]]>
              </value>
            </param>
            <param index="1">
              <value>
                <![CDATA[{hasMandatoryParameterResolved=false, pathParameters={}, external=false, queryParameters={}, response={200=io.swagger.models.Response@a6f0a32f, 400=io.swagger.models.Response@87f925f9, 404=io.swagger.models.Response@a20e24a2}, baseURI=http://petstore.swagger.io/v2, definition={Order=io.swagger.models.ModelImpl@42fe8e87, Category=io.swagger.models.ModelImpl@b616536a, User=io.swagger.models.ModelImpl@47191636, Tag=io.swagger.models.ModelImpl@99c7ebc6, Pet=io.swagger.models.ModelImpl@d9fea4dd, ApiResponse=io.swagger.models.ModelImpl@b94d6109}, skip=false}]]>
              </value>
            </param>
          </params>
          <exception class="java.lang.AssertionError">
            <message>
              <![CDATA[Mandatory Parameters not resolved successfully in Swagger Specification file for path: /store/order/{orderId} operation: get]]>
            </message>
            <full-stacktrace>
              <![CDATA[java.lang.AssertionError: Mandatory Parameters not resolved successfully in Swagger Specification file for path: /store/order/{orderId} operation: get
	at org.testng.Assert.fail(Assert.java:94)
	at com.ibmwatsonhealth.devopsservices.swaggertestasset.swaggerParserUtility.TestNGTestSuite.executeRestfulTest(TestNGTestSuite.java:126)
	at sun.reflect.NativeMethodAccessorImpl.invoke0(Native Method)
	at sun.reflect.NativeMethodAccessorImpl.invoke(NativeMethodAccessorImpl.java:62)
	at sun.reflect.DelegatingMethodAccessorImpl.invoke(DelegatingMethodAccessorImpl.java:43)
	at java.lang.reflect.Method.invoke(Method.java:498)
	at org.testng.internal.MethodInvocationHelper.invokeMethod(MethodInvocationHelper.java:86)
	at org.testng.internal.Invoker.invokeMethod(Invoker.java:643)
	at org.testng.internal.Invoker.invokeTestMethod(Invoker.java:820)
	at org.testng.internal.Invoker.invokeTestMethods(Invoker.java:1128)
	at org.testng.internal.TestMethodWorker.invokeTestMethods(TestMethodWorker.java:129)
	at org.testng.internal.TestMethodWorker.run(TestMethodWorker.java:112)
	at org.testng.TestRunner.privateRun(TestRunner.java:782)
	at org.testng.TestRunner.run(TestRunner.java:632)
	at org.testng.SuiteRunner.runTest(SuiteRunner.java:366)
	at org.testng.SuiteRunner.runSequentially(SuiteRunner.java:361)
	at org.testng.SuiteRunner.privateRun(SuiteRunner.java:319)
	at org.testng.SuiteRunner.run(SuiteRunner.java:268)
	at org.testng.SuiteRunnerWorker.runSuite(SuiteRunnerWorker.java:52)
	at org.testng.SuiteRunnerWorker.run(SuiteRunnerWorker.java:86)
	at org.testng.TestNG.runSuitesSequentially(TestNG.java:1244)
	at org.testng.TestNG.runSuitesLocally(TestNG.java:1169)
	at org.testng.TestNG.run(TestNG.java:1064)
	at com.ibmwatsonhealth.devopsservices.swaggertestasset.swaggerParserUtility.SwaggerExecutionEngine.executeTestFramework(SwaggerExecutionEngine.java:36)
	at com.ibmwatsonhealth.devopsservices.swaggertestasset.swaggerParserUtility.SwaggerUtility.executeTestFramework(SwaggerUtility.java:2259)
	at com.ibmwatsonhealth.devopsservices.swaggertestasset.swaggerParserUtility.TestController.main(TestController.java:25)
]]>
            </full-stacktrace>
          </exception> <!-- java.lang.AssertionError -->
          <reporter-output>
          </reporter-output>
        </test-method> <!-- executeRestfulTest -->
        <test-method status="PASS" signature="testData(java.lang.reflect.Method, [Ljava.lang.Object;)[pri:0, instance:com.ibmwatsonhealth.devopsservices.swaggertestasset.swaggerParserUtility.TestNGTestSuite@e73f9ac]" test-instance-name="swaggerTestServiceConfigurationStatus" name="testData" is-config="true" duration-ms="0" started-at="2017-10-13T13:07:00Z" finished-at="2017-10-13T13:07:00Z">
          <params>
            <param index="0">
              <value>
                <![CDATA[public void com.ibmwatsonhealth.devopsservices.swaggertestasset.swaggerParserUtility.TestNGTestSuite.executeRestfulTest(java.lang.String,java.lang.Object)]]>
              </value>
            </param>
            <param index="1">
              <value>
                <![CDATA[[Ljava.lang.Object;@664a9613]]>
              </value>
            </param>
          </params>
          <reporter-output>
          </reporter-output>
        </test-method> <!-- testData -->
        <test-method status="FAIL" signature="executeRestfulTest(java.lang.String, java.lang.Object)[pri:0, instance:com.ibmwatsonhealth.devopsservices.swaggertestasset.swaggerParserUtility.TestNGTestSuite@e73f9ac]" test-instance-name="swaggerTestServiceConfigurationStatus" name="executeRestfulTest" duration-ms="0" started-at="2017-10-13T13:07:00Z" data-provider="dbconfig" finished-at="2017-10-13T13:07:00Z">
          <params>
            <param index="0">
              <value>
                <![CDATA[/user/login,get]]>
              </value>
            </param>
            <param index="1">
              <value>
                <![CDATA[{hasMandatoryParameterResolved=false, pathParameters={}, external=false, queryParameters={}, response={200=io.swagger.models.Response@d8e751ba, 400=io.swagger.models.Response@503c17b2}, baseURI=http://petstore.swagger.io/v2, definition={Order=io.swagger.models.ModelImpl@42fe8e87, Category=io.swagger.models.ModelImpl@b616536a, User=io.swagger.models.ModelImpl@47191636, Tag=io.swagger.models.ModelImpl@99c7ebc6, Pet=io.swagger.models.ModelImpl@d9fea4dd, ApiResponse=io.swagger.models.ModelImpl@b94d6109}, skip=false}]]>
              </value>
            </param>
          </params>
          <exception class="java.lang.AssertionError">
            <message>
              <![CDATA[Mandatory Parameters not resolved successfully in Swagger Specification file for path: /user/login operation: get]]>
            </message>
            <full-stacktrace>
              <![CDATA[java.lang.AssertionError: Mandatory Parameters not resolved successfully in Swagger Specification file for path: /user/login operation: get
	at org.testng.Assert.fail(Assert.java:94)
	at com.ibmwatsonhealth.devopsservices.swaggertestasset.swaggerParserUtility.TestNGTestSuite.executeRestfulTest(TestNGTestSuite.java:126)
	at sun.reflect.NativeMethodAccessorImpl.invoke0(Native Method)
	at sun.reflect.NativeMethodAccessorImpl.invoke(NativeMethodAccessorImpl.java:62)
	at sun.reflect.DelegatingMethodAccessorImpl.invoke(DelegatingMethodAccessorImpl.java:43)
	at java.lang.reflect.Method.invoke(Method.java:498)
	at org.testng.internal.MethodInvocationHelper.invokeMethod(MethodInvocationHelper.java:86)
	at org.testng.internal.Invoker.invokeMethod(Invoker.java:643)
	at org.testng.internal.Invoker.invokeTestMethod(Invoker.java:820)
	at org.testng.internal.Invoker.invokeTestMethods(Invoker.java:1128)
	at org.testng.internal.TestMethodWorker.invokeTestMethods(TestMethodWorker.java:129)
	at org.testng.internal.TestMethodWorker.run(TestMethodWorker.java:112)
	at org.testng.TestRunner.privateRun(TestRunner.java:782)
	at org.testng.TestRunner.run(TestRunner.java:632)
	at org.testng.SuiteRunner.runTest(SuiteRunner.java:366)
	at org.testng.SuiteRunner.runSequentially(SuiteRunner.java:361)
	at org.testng.SuiteRunner.privateRun(SuiteRunner.java:319)
	at org.testng.SuiteRunner.run(SuiteRunner.java:268)
	at org.testng.SuiteRunnerWorker.runSuite(SuiteRunnerWorker.java:52)
	at org.testng.SuiteRunnerWorker.run(SuiteRunnerWorker.java:86)
	at org.testng.TestNG.runSuitesSequentially(TestNG.java:1244)
	at org.testng.TestNG.runSuitesLocally(TestNG.java:1169)
	at org.testng.TestNG.run(TestNG.java:1064)
	at com.ibmwatsonhealth.devopsservices.swaggertestasset.swaggerParserUtility.SwaggerExecutionEngine.executeTestFramework(SwaggerExecutionEngine.java:36)
	at com.ibmwatsonhealth.devopsservices.swaggertestasset.swaggerParserUtility.SwaggerUtility.executeTestFramework(SwaggerUtility.java:2259)
	at com.ibmwatsonhealth.devopsservices.swaggertestasset.swaggerParserUtility.TestController.main(TestController.java:25)
]]>
            </full-stacktrace>
          </exception> <!-- java.lang.AssertionError -->
          <reporter-output>
          </reporter-output>
        </test-method> <!-- executeRestfulTest -->
        <test-method status="PASS" signature="executeRestfulTest(java.lang.String, java.lang.Object)[pri:0, instance:com.ibmwatsonhealth.devopsservices.swaggertestasset.swaggerParserUtility.TestNGTestSuite@e73f9ac]" test-instance-name="swaggerTestServiceConfigurationStatus" name="executeRestfulTest" duration-ms="51" started-at="2017-10-13T13:07:00Z" data-provider="dbconfig" finished-at="2017-10-13T13:07:00Z">
          <params>
            <param index="0">
              <value>
                <![CDATA[/user/logout,get]]>
              </value>
            </param>
            <param index="1">
              <value>
                <![CDATA[{hasMandatoryParameterResolved=true, pathParameters={}, external=false, queryParameters={}, response={default=io.swagger.models.Response@7cd3eb80}, baseURI=http://petstore.swagger.io/v2, definition={Order=io.swagger.models.ModelImpl@42fe8e87, Category=io.swagger.models.ModelImpl@b616536a, User=io.swagger.models.ModelImpl@47191636, Tag=io.swagger.models.ModelImpl@99c7ebc6, Pet=io.swagger.models.ModelImpl@d9fea4dd, ApiResponse=io.swagger.models.ModelImpl@b94d6109}, skip=false}]]>
              </value>
            </param>
          </params>
          <reporter-output>
          </reporter-output>
        </test-method> <!-- executeRestfulTest -->
        <test-method status="PASS" signature="testData(java.lang.reflect.Method, [Ljava.lang.Object;)[pri:0, instance:com.ibmwatsonhealth.devopsservices.swaggertestasset.swaggerParserUtility.TestNGTestSuite@e73f9ac]" test-instance-name="swaggerTestServiceConfigurationStatus" name="testData" is-config="true" duration-ms="1" started-at="2017-10-13T13:07:00Z" finished-at="2017-10-13T13:07:00Z">
          <params>
            <param index="0">
              <value>
                <![CDATA[public void com.ibmwatsonhealth.devopsservices.swaggertestasset.swaggerParserUtility.TestNGTestSuite.executeRestfulTest(java.lang.String,java.lang.Object)]]>
              </value>
            </param>
            <param index="1">
              <value>
                <![CDATA[[Ljava.lang.Object;@7876d598]]>
              </value>
            </param>
          </params>
          <reporter-output>
          </reporter-output>
        </test-method> <!-- testData -->
        <test-method status="FAIL" signature="executeRestfulTest(java.lang.String, java.lang.Object)[pri:0, instance:com.ibmwatsonhealth.devopsservices.swaggertestasset.swaggerParserUtility.TestNGTestSuite@e73f9ac]" test-instance-name="swaggerTestServiceConfigurationStatus" name="executeRestfulTest" duration-ms="0" started-at="2017-10-13T13:07:00Z" data-provider="dbconfig" finished-at="2017-10-13T13:07:00Z">
          <params>
            <param index="0">
              <value>
                <![CDATA[/pet/{petId},delete]]>
              </value>
            </param>
            <param index="1">
              <value>
                <![CDATA[{hasMandatoryParameterResolved=false, pathParameters={}, external=false, queryParameters={}, response={400=io.swagger.models.Response@87f925f9, 404=io.swagger.models.Response@7f4c4b3}, baseURI=http://petstore.swagger.io/v2, definition={Order=io.swagger.models.ModelImpl@42fe8e87, Category=io.swagger.models.ModelImpl@b616536a, User=io.swagger.models.ModelImpl@47191636, Tag=io.swagger.models.ModelImpl@99c7ebc6, Pet=io.swagger.models.ModelImpl@d9fea4dd, ApiResponse=io.swagger.models.ModelImpl@b94d6109}, skip=false}]]>
              </value>
            </param>
          </params>
          <exception class="java.lang.AssertionError">
            <message>
              <![CDATA[Mandatory Parameters not resolved successfully in Swagger Specification file for path: /pet/{petId} operation: delete]]>
            </message>
            <full-stacktrace>
              <![CDATA[java.lang.AssertionError: Mandatory Parameters not resolved successfully in Swagger Specification file for path: /pet/{petId} operation: delete
	at org.testng.Assert.fail(Assert.java:94)
	at com.ibmwatsonhealth.devopsservices.swaggertestasset.swaggerParserUtility.TestNGTestSuite.executeRestfulTest(TestNGTestSuite.java:317)
	at sun.reflect.GeneratedMethodAccessor43.invoke(Unknown Source)
	at sun.reflect.DelegatingMethodAccessorImpl.invoke(DelegatingMethodAccessorImpl.java:43)
	at java.lang.reflect.Method.invoke(Method.java:498)
	at org.testng.internal.MethodInvocationHelper.invokeMethod(MethodInvocationHelper.java:86)
	at org.testng.internal.Invoker.invokeMethod(Invoker.java:643)
	at org.testng.internal.Invoker.invokeTestMethod(Invoker.java:820)
	at org.testng.internal.Invoker.invokeTestMethods(Invoker.java:1128)
	at org.testng.internal.TestMethodWorker.invokeTestMethods(TestMethodWorker.java:129)
	at org.testng.internal.TestMethodWorker.run(TestMethodWorker.java:112)
	at org.testng.TestRunner.privateRun(TestRunner.java:782)
	at org.testng.TestRunner.run(TestRunner.java:632)
	at org.testng.SuiteRunner.runTest(SuiteRunner.java:366)
	at org.testng.SuiteRunner.runSequentially(SuiteRunner.java:361)
	at org.testng.SuiteRunner.privateRun(SuiteRunner.java:319)
	at org.testng.SuiteRunner.run(SuiteRunner.java:268)
	at org.testng.SuiteRunnerWorker.runSuite(SuiteRunnerWorker.java:52)
	at org.testng.SuiteRunnerWorker.run(SuiteRunnerWorker.java:86)
	at org.testng.TestNG.runSuitesSequentially(TestNG.java:1244)
	at org.testng.TestNG.runSuitesLocally(TestNG.java:1169)
	at org.testng.TestNG.run(TestNG.java:1064)
	at com.ibmwatsonhealth.devopsservices.swaggertestasset.swaggerParserUtility.SwaggerExecutionEngine.executeTestFramework(SwaggerExecutionEngine.java:36)
	at com.ibmwatsonhealth.devopsservices.swaggertestasset.swaggerParserUtility.SwaggerUtility.executeTestFramework(SwaggerUtility.java:2259)
	at com.ibmwatsonhealth.devopsservices.swaggertestasset.swaggerParserUtility.TestController.main(TestController.java:25)
]]>
            </full-stacktrace>
          </exception> <!-- java.lang.AssertionError -->
          <reporter-output>
          </reporter-output>
        </test-method> <!-- executeRestfulTest -->
        <test-method status="FAIL" signature="executeRestfulTest(java.lang.String, java.lang.Object)[pri:0, instance:com.ibmwatsonhealth.devopsservices.swaggertestasset.swaggerParserUtility.TestNGTestSuite@e73f9ac]" test-instance-name="swaggerTestServiceConfigurationStatus" name="executeRestfulTest" duration-ms="0" started-at="2017-10-13T13:07:00Z" data-provider="dbconfig" finished-at="2017-10-13T13:07:00Z">
          <params>
            <param index="0">
              <value>
                <![CDATA[/store/order/{orderId},delete]]>
              </value>
            </param>
            <param index="1">
              <value>
                <![CDATA[{hasMandatoryParameterResolved=false, pathParameters={}, external=false, queryParameters={}, response={400=io.swagger.models.Response@87f925f9, 404=io.swagger.models.Response@a20e24a2}, baseURI=http://petstore.swagger.io/v2, definition={Order=io.swagger.models.ModelImpl@42fe8e87, Category=io.swagger.models.ModelImpl@b616536a, User=io.swagger.models.ModelImpl@47191636, Tag=io.swagger.models.ModelImpl@99c7ebc6, Pet=io.swagger.models.ModelImpl@d9fea4dd, ApiResponse=io.swagger.models.ModelImpl@b94d6109}, skip=false}]]>
              </value>
            </param>
          </params>
          <exception class="java.lang.AssertionError">
            <message>
              <![CDATA[Mandatory Parameters not resolved successfully in Swagger Specification file for path: /store/order/{orderId} operation: delete]]>
            </message>
            <full-stacktrace>
              <![CDATA[java.lang.AssertionError: Mandatory Parameters not resolved successfully in Swagger Specification file for path: /store/order/{orderId} operation: delete
	at org.testng.Assert.fail(Assert.java:94)
	at com.ibmwatsonhealth.devopsservices.swaggertestasset.swaggerParserUtility.TestNGTestSuite.executeRestfulTest(TestNGTestSuite.java:317)
	at sun.reflect.GeneratedMethodAccessor43.invoke(Unknown Source)
	at sun.reflect.DelegatingMethodAccessorImpl.invoke(DelegatingMethodAccessorImpl.java:43)
	at java.lang.reflect.Method.invoke(Method.java:498)
	at org.testng.internal.MethodInvocationHelper.invokeMethod(MethodInvocationHelper.java:86)
	at org.testng.internal.Invoker.invokeMethod(Invoker.java:643)
	at org.testng.internal.Invoker.invokeTestMethod(Invoker.java:820)
	at org.testng.internal.Invoker.invokeTestMethods(Invoker.java:1128)
	at org.testng.internal.TestMethodWorker.invokeTestMethods(TestMethodWorker.java:129)
	at org.testng.internal.TestMethodWorker.run(TestMethodWorker.java:112)
	at org.testng.TestRunner.privateRun(TestRunner.java:782)
	at org.testng.TestRunner.run(TestRunner.java:632)
	at org.testng.SuiteRunner.runTest(SuiteRunner.java:366)
	at org.testng.SuiteRunner.runSequentially(SuiteRunner.java:361)
	at org.testng.SuiteRunner.privateRun(SuiteRunner.java:319)
	at org.testng.SuiteRunner.run(SuiteRunner.java:268)
	at org.testng.SuiteRunnerWorker.runSuite(SuiteRunnerWorker.java:52)
	at org.testng.SuiteRunnerWorker.run(SuiteRunnerWorker.java:86)
	at org.testng.TestNG.runSuitesSequentially(TestNG.java:1244)
	at org.testng.TestNG.runSuitesLocally(TestNG.java:1169)
	at org.testng.TestNG.run(TestNG.java:1064)
	at com.ibmwatsonhealth.devopsservices.swaggertestasset.swaggerParserUtility.SwaggerExecutionEngine.executeTestFramework(SwaggerExecutionEngine.java:36)
	at com.ibmwatsonhealth.devopsservices.swaggertestasset.swaggerParserUtility.SwaggerUtility.executeTestFramework(SwaggerUtility.java:2259)
	at com.ibmwatsonhealth.devopsservices.swaggertestasset.swaggerParserUtility.TestController.main(TestController.java:25)
]]>
            </full-stacktrace>
          </exception> <!-- java.lang.AssertionError -->
          <reporter-output>
          </reporter-output>
        </test-method> <!-- executeRestfulTest -->
        <test-method status="PASS" signature="testData(java.lang.reflect.Method, [Ljava.lang.Object;)[pri:0, instance:com.ibmwatsonhealth.devopsservices.swaggertestasset.swaggerParserUtility.TestNGTestSuite@e73f9ac]" test-instance-name="swaggerTestServiceConfigurationStatus" name="testData" is-config="true" duration-ms="0" started-at="2017-10-13T13:07:00Z" finished-at="2017-10-13T13:07:00Z">
          <params>
            <param index="0">
              <value>
                <![CDATA[public void com.ibmwatsonhealth.devopsservices.swaggertestasset.swaggerParserUtility.TestNGTestSuite.executeRestfulTest(java.lang.String,java.lang.Object)]]>
              </value>
            </param>
            <param index="1">
              <value>
                <![CDATA[[Ljava.lang.Object;@4a3e3e8b]]>
              </value>
            </param>
          </params>
          <reporter-output>
          </reporter-output>
        </test-method> <!-- testData -->
        <test-method status="FAIL" signature="executeRestfulTest(java.lang.String, java.lang.Object)[pri:0, instance:com.ibmwatsonhealth.devopsservices.swaggertestasset.swaggerParserUtility.TestNGTestSuite@e73f9ac]" test-instance-name="swaggerTestServiceConfigurationStatus" name="executeRestfulTest" duration-ms="0" started-at="2017-10-13T13:07:00Z" data-provider="dbconfig" finished-at="2017-10-13T13:07:00Z">
          <params>
            <param index="0">
              <value>
                <![CDATA[/user/{username},get]]>
              </value>
            </param>
            <param index="1">
              <value>
                <![CDATA[{hasMandatoryParameterResolved=false, pathParameters={}, external=false, queryParameters={}, response={200=io.swagger.models.Response@54dbdde5, 400=io.swagger.models.Response@932768de, 404=io.swagger.models.Response@9fe75e9f}, baseURI=http://petstore.swagger.io/v2, definition={Order=io.swagger.models.ModelImpl@42fe8e87, Category=io.swagger.models.ModelImpl@b616536a, User=io.swagger.models.ModelImpl@47191636, Tag=io.swagger.models.ModelImpl@99c7ebc6, Pet=io.swagger.models.ModelImpl@d9fea4dd, ApiResponse=io.swagger.models.ModelImpl@b94d6109}, skip=false}]]>
              </value>
            </param>
          </params>
          <exception class="java.lang.AssertionError">
            <message>
              <![CDATA[Mandatory Parameters not resolved successfully in Swagger Specification file for path: /user/{username} operation: get]]>
            </message>
            <full-stacktrace>
              <![CDATA[java.lang.AssertionError: Mandatory Parameters not resolved successfully in Swagger Specification file for path: /user/{username} operation: get
	at org.testng.Assert.fail(Assert.java:94)
	at com.ibmwatsonhealth.devopsservices.swaggertestasset.swaggerParserUtility.TestNGTestSuite.executeRestfulTest(TestNGTestSuite.java:126)
	at sun.reflect.GeneratedMethodAccessor43.invoke(Unknown Source)
	at sun.reflect.DelegatingMethodAccessorImpl.invoke(DelegatingMethodAccessorImpl.java:43)
	at java.lang.reflect.Method.invoke(Method.java:498)
	at org.testng.internal.MethodInvocationHelper.invokeMethod(MethodInvocationHelper.java:86)
	at org.testng.internal.Invoker.invokeMethod(Invoker.java:643)
	at org.testng.internal.Invoker.invokeTestMethod(Invoker.java:820)
	at org.testng.internal.Invoker.invokeTestMethods(Invoker.java:1128)
	at org.testng.internal.TestMethodWorker.invokeTestMethods(TestMethodWorker.java:129)
	at org.testng.internal.TestMethodWorker.run(TestMethodWorker.java:112)
	at org.testng.TestRunner.privateRun(TestRunner.java:782)
	at org.testng.TestRunner.run(TestRunner.java:632)
	at org.testng.SuiteRunner.runTest(SuiteRunner.java:366)
	at org.testng.SuiteRunner.runSequentially(SuiteRunner.java:361)
	at org.testng.SuiteRunner.privateRun(SuiteRunner.java:319)
	at org.testng.SuiteRunner.run(SuiteRunner.java:268)
	at org.testng.SuiteRunnerWorker.runSuite(SuiteRunnerWorker.java:52)
	at org.testng.SuiteRunnerWorker.run(SuiteRunnerWorker.java:86)
	at org.testng.TestNG.runSuitesSequentially(TestNG.java:1244)
	at org.testng.TestNG.runSuitesLocally(TestNG.java:1169)
	at org.testng.TestNG.run(TestNG.java:1064)
	at com.ibmwatsonhealth.devopsservices.swaggertestasset.swaggerParserUtility.SwaggerExecutionEngine.executeTestFramework(SwaggerExecutionEngine.java:36)
	at com.ibmwatsonhealth.devopsservices.swaggertestasset.swaggerParserUtility.SwaggerUtility.executeTestFramework(SwaggerUtility.java:2259)
	at com.ibmwatsonhealth.devopsservices.swaggertestasset.swaggerParserUtility.TestController.main(TestController.java:25)
]]>
            </full-stacktrace>
          </exception> <!-- java.lang.AssertionError -->
          <reporter-output>
          </reporter-output>
        </test-method> <!-- executeRestfulTest -->
        <test-method status="PASS" signature="testData(java.lang.reflect.Method, [Ljava.lang.Object;)[pri:0, instance:com.ibmwatsonhealth.devopsservices.swaggertestasset.swaggerParserUtility.TestNGTestSuite@e73f9ac]" test-instance-name="swaggerTestServiceConfigurationStatus" name="testData" is-config="true" duration-ms="0" started-at="2017-10-13T13:07:00Z" finished-at="2017-10-13T13:07:00Z">
          <params>
            <param index="0">
              <value>
                <![CDATA[public void com.ibmwatsonhealth.devopsservices.swaggertestasset.swaggerParserUtility.TestNGTestSuite.executeRestfulTest(java.lang.String,java.lang.Object)]]>
              </value>
            </param>
            <param index="1">
              <value>
                <![CDATA[[Ljava.lang.Object;@5af28b27]]>
              </value>
            </param>
          </params>
          <reporter-output>
          </reporter-output>
        </test-method> <!-- testData -->
        <test-method status="FAIL" signature="executeRestfulTest(java.lang.String, java.lang.Object)[pri:0, instance:com.ibmwatsonhealth.devopsservices.swaggertestasset.swaggerParserUtility.TestNGTestSuite@e73f9ac]" test-instance-name="swaggerTestServiceConfigurationStatus" name="executeRestfulTest" duration-ms="0" started-at="2017-10-13T13:07:00Z" data-provider="dbconfig" finished-at="2017-10-13T13:07:00Z">
          <params>
            <param index="0">
              <value>
                <![CDATA[/user/{username},delete]]>
              </value>
            </param>
            <param index="1">
              <value>
                <![CDATA[{hasMandatoryParameterResolved=false, pathParameters={}, external=false, queryParameters={}, response={400=io.swagger.models.Response@932768de, 404=io.swagger.models.Response@9fe75e9f}, baseURI=http://petstore.swagger.io/v2, definition={Order=io.swagger.models.ModelImpl@42fe8e87, Category=io.swagger.models.ModelImpl@b616536a, User=io.swagger.models.ModelImpl@47191636, Tag=io.swagger.models.ModelImpl@99c7ebc6, Pet=io.swagger.models.ModelImpl@d9fea4dd, ApiResponse=io.swagger.models.ModelImpl@b94d6109}, skip=false}]]>
              </value>
            </param>
          </params>
          <exception class="java.lang.AssertionError">
            <message>
              <![CDATA[Mandatory Parameters not resolved successfully in Swagger Specification file for path: /user/{username} operation: delete]]>
            </message>
            <full-stacktrace>
              <![CDATA[java.lang.AssertionError: Mandatory Parameters not resolved successfully in Swagger Specification file for path: /user/{username} operation: delete
	at org.testng.Assert.fail(Assert.java:94)
	at com.ibmwatsonhealth.devopsservices.swaggertestasset.swaggerParserUtility.TestNGTestSuite.executeRestfulTest(TestNGTestSuite.java:317)
	at sun.reflect.GeneratedMethodAccessor43.invoke(Unknown Source)
	at sun.reflect.DelegatingMethodAccessorImpl.invoke(DelegatingMethodAccessorImpl.java:43)
	at java.lang.reflect.Method.invoke(Method.java:498)
	at org.testng.internal.MethodInvocationHelper.invokeMethod(MethodInvocationHelper.java:86)
	at org.testng.internal.Invoker.invokeMethod(Invoker.java:643)
	at org.testng.internal.Invoker.invokeTestMethod(Invoker.java:820)
	at org.testng.internal.Invoker.invokeTestMethods(Invoker.java:1128)
	at org.testng.internal.TestMethodWorker.invokeTestMethods(TestMethodWorker.java:129)
	at org.testng.internal.TestMethodWorker.run(TestMethodWorker.java:112)
	at org.testng.TestRunner.privateRun(TestRunner.java:782)
	at org.testng.TestRunner.run(TestRunner.java:632)
	at org.testng.SuiteRunner.runTest(SuiteRunner.java:366)
	at org.testng.SuiteRunner.runSequentially(SuiteRunner.java:361)
	at org.testng.SuiteRunner.privateRun(SuiteRunner.java:319)
	at org.testng.SuiteRunner.run(SuiteRunner.java:268)
	at org.testng.SuiteRunnerWorker.runSuite(SuiteRunnerWorker.java:52)
	at org.testng.SuiteRunnerWorker.run(SuiteRunnerWorker.java:86)
	at org.testng.TestNG.runSuitesSequentially(TestNG.java:1244)
	at org.testng.TestNG.runSuitesLocally(TestNG.java:1169)
	at org.testng.TestNG.run(TestNG.java:1064)
	at com.ibmwatsonhealth.devopsservices.swaggertestasset.swaggerParserUtility.SwaggerExecutionEngine.executeTestFramework(SwaggerExecutionEngine.java:36)
	at com.ibmwatsonhealth.devopsservices.swaggertestasset.swaggerParserUtility.SwaggerUtility.executeTestFramework(SwaggerUtility.java:2259)
	at com.ibmwatsonhealth.devopsservices.swaggertestasset.swaggerParserUtility.TestController.main(TestController.java:25)
]]>
            </full-stacktrace>
          </exception> <!-- java.lang.AssertionError -->
          <reporter-output>
          </reporter-output>
        </test-method> <!-- executeRestfulTest -->
        <test-method status="PASS" signature="testData(java.lang.reflect.Method, [Ljava.lang.Object;)[pri:0, instance:com.ibmwatsonhealth.devopsservices.swaggertestasset.swaggerParserUtility.TestNGTestSuite@e73f9ac]" test-instance-name="swaggerTestServiceConfigurationStatus" name="testData" is-config="true" duration-ms="0" started-at="2017-10-13T13:07:00Z" finished-at="2017-10-13T13:07:00Z">
          <params>
            <param index="0">
              <value>
                <![CDATA[public void com.ibmwatsonhealth.devopsservices.swaggertestasset.swaggerParserUtility.TestNGTestSuite.executeRestfulTest(java.lang.String,java.lang.Object)]]>
              </value>
            </param>
            <param index="1">
              <value>
                <![CDATA[[Ljava.lang.Object;@71104a4]]>
              </value>
            </param>
          </params>
          <reporter-output>
          </reporter-output>
        </test-method> <!-- testData -->
        <test-method status="PASS" signature="swaggerTestServiceConfigurationStatus()[pri:0, instance:com.ibmwatsonhealth.devopsservices.swaggertestasset.swaggerParserUtility.TestNGTestSuite@e73f9ac]" test-instance-name="swaggerTestServiceConfigurationStatus" name="swaggerTestServiceConfigurationStatus" duration-ms="0" started-at="2017-10-13T13:07:00Z" finished-at="2017-10-13T13:07:00Z">
          <reporter-output>
          </reporter-output>
        </test-method> <!-- swaggerTestServiceConfigurationStatus -->
        <test-method status="PASS" signature="testData(java.lang.reflect.Method, [Ljava.lang.Object;)[pri:0, instance:com.ibmwatsonhealth.devopsservices.swaggertestasset.swaggerParserUtility.TestNGTestSuite@e73f9ac]" test-instance-name="swaggerTestServiceConfigurationStatus" name="testData" is-config="true" duration-ms="0" started-at="2017-10-13T13:07:00Z" finished-at="2017-10-13T13:07:00Z">
          <params>
            <param index="0">
              <value>
                <![CDATA[public void com.ibmwatsonhealth.devopsservices.swaggertestasset.swaggerParserUtility.TestNGTestSuite.swaggerTestServiceConfigurationStatus()]]>
              </value>
            </param>
            <param index="1">
              <value>
                <![CDATA[[Ljava.lang.Object;@4985cbcb]]>
              </value>
            </param>
          </params>
          <reporter-output>
          </reporter-output>
        </test-method> <!-- testData -->
      </class> <!-- com.ibmwatsonhealth.devopsservices.swaggertestasset.swaggerParserUtility.TestNGTestSuite -->
    </test> <!-- SwaggerTest -->
  </suite> <!-- SwaggerSuite -->
</testng-results>
